<span class="irc-date">[0:01]</span> <span class="irc-green">* BetaWaffle (n=andrew@c-98-251-0-224.hsd1.ga.comcast.net) has joined #ioke</span><br />
<span class="irc-date">[0:01]</span> <span class="irc-black">&lt;BetaWaffle&gt; hi</span><br />
<span class="irc-date">[0:18]</span> <span class="irc-green">* thewolt (n=thewolt@ip-54.net-89-3-183.rev.numericable.fr) has joined #ioke</span><br />
<span class="irc-date">[0:56]</span> <span class="irc-navy">* vixey (n=e@amcant.demon.co.uk) Quit ("Stupid me, Stupid Machine.")</span><br />
<span class="irc-date">[1:03]</span> <span class="irc-navy">* BetaWaffle (n=andrew@c-98-251-0-224.hsd1.ga.comcast.net) Quit (lindbohm.freenode.net irc.freenode.net)</span><br />
<span class="irc-date">[1:03]</span> <span class="irc-navy">* IokeHurricane (n=IokeHurr@8.12.35.212) Quit (lindbohm.freenode.net irc.freenode.net)</span><br />
<span class="irc-date">[1:03]</span> <span class="irc-navy">* CIA-8 (n=CIA@208.69.182.149.simpli.biz) Quit (lindbohm.freenode.net irc.freenode.net)</span><br />
<span class="irc-date">[1:03]</span> <span class="irc-navy">* andreaja (n=sodoff@65.111.170.77) Quit (lindbohm.freenode.net irc.freenode.net)</span><br />
<span class="irc-date">[1:03]</span> <span class="irc-navy">* thewolt (n=thewolt@ip-54.net-89-3-183.rev.numericable.fr) Quit (lindbohm.freenode.net irc.freenode.net)</span><br />
<span class="irc-date">[1:16]</span> <span class="irc-navy">* Disconnected.</span><br />
<span class="irc-date">[1:34]</span> <span class="irc-red">[freenode-connect VERSION]</span><br />
<span class="irc-date">[16:38]</span> <span class="irc-green">* IokeStormBot (n=PircBot@8.12.35.212) has joined #ioke</span><br />
<span class="irc-date">[16:38]</span> <span class="irc-green">* Topic is 'Ioke - a dynamic programming language for the JVM | <a href="http://ioke.org">http://ioke.org</a> | Logs <a href="http://ioke.org/irc/logs'">http://ioke.org/irc/logs'</a></span><br />
<span class="irc-date">[16:38]</span> <span class="irc-green">* Set by olabini on Thu Jan 22 13:02:32 GMT 2009</span><br />
<span class="irc-date">[16:38]</span> <span class="irc-red">[freenode-connect VERSION]</span><br />
<span class="irc-date">[16:48]</span> <span class="irc-navy">* olabini` (n=ola@93-97-45-26.zone5.bethere.co.uk) Quit (Read error: 113 (No route to host))</span><br />
<span class="irc-date">[17:33]</span> <span class="irc-green">* martido (n=martin@dslb-088-066-204-055.pools.arcor-ip.net) has joined #ioke</span><br />
<span class="irc-date">[18:24]</span> <span class="irc-black">&lt;BetaWaffle&gt; martido: is there a way to do static typing</span><br />
<span class="irc-date">[18:24]</span> <span class="irc-black">&lt;BetaWaffle&gt; like for java:lang:Callable</span><br />
<span class="irc-date">[18:36]</span> <span class="irc-black">&lt;martido&gt; BetaWaffle: you mean regarding the type parameter? no you can't do that afaik</span><br />
<span class="irc-date">[18:36]</span> <span class="irc-black">&lt;BetaWaffle&gt; :(</span><br />
<span class="irc-date">[18:36]</span> <span class="irc-black">&lt;martido&gt; what are you trying to achieve?</span><br />
<span class="irc-date">[18:44]</span> <span class="irc-black">&lt;BetaWaffle&gt; i don't really know</span><br />
<span class="irc-date">[18:46]</span> <span class="irc-black">&lt;martido&gt; lol =)</span><br />
<span class="irc-date">[19:22]</span> <span class="irc-green">* basu (i=8b93666a@gateway/web/ajax/mibbit.com/x-53d3201091c8fe91) has joined #ioke</span><br />
<span class="irc-date">[19:54]</span> <span class="irc-black">&lt;basu&gt; Hi all</span><br />
<span class="irc-date">[20:11]</span> <span class="irc-navy">* basu (i=8b93666a@gateway/web/ajax/mibbit.com/x-53d3201091c8fe91) Quit ("<a href="http://www.mibbit.com">http://www.mibbit.com</a> ajax IRC Client")</span><br />
<span class="irc-date">[20:21]</span> <span class="irc-green">* naeu (n=sam@dhcp-077-248-060-144.chello.nl) has joined #ioke</span><br />
<span class="irc-date">[20:29]</span> <span class="irc-navy">* martido (n=martin@dslb-088-066-204-055.pools.arcor-ip.net) Quit ()</span><br />
<span class="irc-date">[20:42]</span> <span class="irc-navy">* naeu (n=sam@dhcp-077-248-060-144.chello.nl) Quit ()</span><br />
<span class="irc-date">[21:44]</span> <span class="irc-navy">* chr1s (i=chris@punt.slashpunt.org) Quit (leguin.freenode.net irc.freenode.net)</span><br />
<span class="irc-date">[21:44]</span> <span class="irc-navy">* BetaWaffle (n=andrew@c-98-251-0-224.hsd1.ga.comcast.net) Quit (leguin.freenode.net irc.freenode.net)</span><br />
<span class="irc-date">[21:44]</span> <span class="irc-navy">* mozinator (n=mozinato@195-241-109-215.ip.telfort.nl) Quit (leguin.freenode.net irc.freenode.net)</span><br />
<span class="irc-date">[21:44]</span> <span class="irc-navy">* IokeHurricane (n=IokeHurr@8.12.35.212) Quit (leguin.freenode.net irc.freenode.net)</span><br />
<span class="irc-date">[21:44]</span> <span class="irc-navy">* CIA-8 (n=CIA@208.69.182.149.simpli.biz) Quit (leguin.freenode.net irc.freenode.net)</span><br />
<span class="irc-date">[21:44]</span> <span class="irc-navy">* andreaja (n=sodoff@65.111.170.77) Quit (leguin.freenode.net irc.freenode.net)</span><br />
<span class="irc-date">[21:44]</span> <span class="irc-navy">* thewolt (n=thewolt@ip-54.net-89-3-183.rev.numericable.fr) Quit (leguin.freenode.net irc.freenode.net)</span><br />
<span class="irc-date">[21:45]</span> <span class="irc-green">* IokeHurricane (n=IokeHurr@8.12.35.212) has joined #ioke</span><br />
<span class="irc-date">[21:45]</span> <span class="irc-green">* BetaWaffle (n=andrew@c-98-251-0-224.hsd1.ga.comcast.net) has joined #ioke</span><br />
<span class="irc-date">[21:45]</span> <span class="irc-green">* mozinator (n=mozinato@195-241-109-215.ip.telfort.nl) has joined #ioke</span><br />
<span class="irc-date">[21:45]</span> <span class="irc-green">* chr1s (i=chris@punt.slashpunt.org) has joined #ioke</span><br />
<span class="irc-date">[21:45]</span> <span class="irc-green">* CIA-8 (n=CIA@208.69.182.149.simpli.biz) has joined #ioke</span><br />
<span class="irc-date">[21:45]</span> <span class="irc-green">* andreaja (n=sodoff@65.111.170.77) has joined #ioke</span><br />
<span class="irc-date">[21:45]</span> <span class="irc-green">* thewolt (n=thewolt@ip-54.net-89-3-183.rev.numericable.fr) has joined #ioke</span><br />
<span class="irc-date">[21:46]</span> <span class="irc-red">[freenode-connect VERSION]</span><br />
