<span class="irc-date">[2:38]</span> <span class="irc-green">* cgrubb (n=cgrubb@vpn.yellowpages.com) has joined #ioke</span><br />
<span class="irc-date">[2:42]</span> <span class="irc-navy">* cgrubb (n=cgrubb@vpn.yellowpages.com) Quit (Client Quit)</span><br />
<span class="irc-date">[3:17]</span> <span class="irc-navy">* CarlFK (n=carl@c-98-228-196-102.hsd1.il.comcast.net) Quit (No route to host)</span><br />
<span class="irc-date">[3:23]</span> <span class="irc-navy">* olabini (n=ola@c-9f4ce155.1110-8-64736c13.cust.bredbandsbolaget.se) Quit (Read error: 110 (Connection timed out))</span><br />
<span class="irc-date">[3:27]</span> <span class="irc-green">* martint-t (n=Adium@98.207.158.82) has joined #ioke</span><br />
<span class="irc-date">[5:42]</span> <span class="irc-green">* naeu (n=sam@dhcp-077-248-060-144.chello.nl) has joined #ioke</span><br />
<span class="irc-date">[5:48]</span> <span class="irc-navy">* naeu (n=sam@dhcp-077-248-060-144.chello.nl) Quit ()</span><br />
<span class="irc-date">[6:04]</span> <span class="irc-green">* naeu (n=sam@dhcp-077-248-060-144.chello.nl) has joined #ioke</span><br />
<span class="irc-date">[6:25]</span> <span class="irc-navy">* naeu (n=sam@dhcp-077-248-060-144.chello.nl) Quit ()</span><br />
<span class="irc-date">[6:40]</span> <span class="irc-green">* naeu (n=sam@dhcp-077-248-060-144.chello.nl) has joined #ioke</span><br />
<span class="irc-date">[6:40]</span> <span class="irc-green">* CarlFK (n=carl@c-98-228-196-102.hsd1.il.comcast.net) has joined #ioke</span><br />
<span class="irc-date">[6:42]</span> <span class="irc-green">* kar8nga (n=kar8nga@e-28.vc-graz.ac.at) has joined #ioke</span><br />
<span class="irc-date">[6:59]</span> <span class="irc-navy">* martint-t (n=Adium@98.207.158.82) Quit ("Leaving.")</span><br />
<span class="irc-date">[8:00]</span> <span class="irc-navy">* naeu (n=sam@dhcp-077-248-060-144.chello.nl) Quit ()</span><br />
<span class="irc-date">[8:06]</span> <span class="irc-green">* naeu (n=sam@dhcp-077-248-060-144.chello.nl) has joined #ioke</span><br />
<span class="irc-date">[8:12]</span> <span class="irc-navy">* naeu (n=sam@dhcp-077-248-060-144.chello.nl) Quit ()</span><br />
<span class="irc-date">[9:19]</span> <span class="irc-navy">* CarlFK (n=carl@c-98-228-196-102.hsd1.il.comcast.net) Quit (No route to host)</span><br />
<span class="irc-date">[9:33]</span> <span class="irc-green">* CarlFK (n=carl@c-98-228-196-102.hsd1.il.comcast.net) has joined #ioke</span><br />
<span class="irc-date">[9:43]</span> <span class="irc-navy">* delitescere (n=JoshG@68.79.254.47) Quit (Read error: 113 (No route to host))</span><br />
<span class="irc-date">[10:29]</span> <span class="irc-green">* naeu (n=sam@dhcp-077-248-060-144.chello.nl) has joined #ioke</span><br />
<span class="irc-date">[11:03]</span> <span class="irc-green">* naeu_ (n=sam@dhcp-077-248-060-144.chello.nl) has joined #ioke</span><br />
<span class="irc-date">[11:14]</span> <span class="irc-navy">* naeu (n=sam@dhcp-077-248-060-144.chello.nl) Quit (Read error: 110 (Connection timed out))</span><br />
<span class="irc-date">[12:37]</span> <span class="irc-navy">* kar8nga (n=kar8nga@e-28.vc-graz.ac.at) Quit (Read error: 110 (Connection timed out))</span><br />
<span class="irc-date">[15:11]</span> <span class="irc-green">* kar8nga (n=kar8nga@a-215.vc-graz.ac.at) has joined #ioke</span><br />
<span class="irc-date">[16:09]</span> <span class="irc-navy">* naeu_ (n=sam@dhcp-077-248-060-144.chello.nl) Quit ()</span><br />
<span class="irc-date">[17:02]</span> <span class="irc-navy">* kar8nga (n=kar8nga@a-215.vc-graz.ac.at) Quit (Read error: 104 (Connection reset by peer))</span><br />
<span class="irc-date">[18:00]</span> <span class="irc-navy">* CarlFK (n=carl@c-98-228-196-102.hsd1.il.comcast.net) Quit (No route to host)</span><br />
<span class="irc-date">[18:45]</span> <span class="irc-green">* CarlFK (n=carl@c-98-228-196-102.hsd1.il.comcast.net) has joined #ioke</span><br />
<span class="irc-date">[18:49]</span> <span class="irc-green">* kar8nga (n=kar8nga@e-45.vc-graz.ac.at) has joined #ioke</span><br />
<span class="irc-date">[18:56]</span> <span class="irc-green">* naeu (n=sam@dhcp-077-248-060-144.chello.nl) has joined #ioke</span><br />
<span class="irc-date">[20:12]</span> <span class="irc-green">* melwin (n=soup@ua-83-227-215-81.cust.bredbandsbolaget.se) has joined #ioke</span><br />
<span class="irc-date">[20:30]</span> <span class="irc-navy">* melwin (n=soup@ua-83-227-215-81.cust.bredbandsbolaget.se) Quit ("Leaving")</span><br />
<span class="irc-date">[20:38]</span> <span class="irc-navy">* naeu (n=sam@dhcp-077-248-060-144.chello.nl) Quit ()</span><br />
<span class="irc-date">[20:46]</span> <span class="irc-navy">* kar8nga (n=kar8nga@e-45.vc-graz.ac.at) Quit (Remote closed the connection)</span><br />
<span class="irc-date">[21:01]</span> <span class="irc-green">* skanev (n=aquarius@85-91-158-88.spectrumnet.bg) has joined #ioke</span><br />
<span class="irc-date">[22:27]</span> <span class="irc-navy">* skanev (n=aquarius@85-91-158-88.spectrumnet.bg) Quit ()</span><br />
