<span class="irc-date">[0:57]</span> <span class="irc-navy">* naeu (n=sam@dhcp-077-248-060-144.chello.nl) Quit ()</span><br />
<span class="irc-date">[2:56]</span> <span class="irc-green">* hsuh (n=user@c925a569.virtua.com.br) has joined #ioke</span><br />
<span class="irc-date">[3:37]</span> <span class="irc-navy">* hsuh (n=user@c925a569.virtua.com.br) Quit (Read error: 104 (Connection reset by peer))</span><br />
<span class="irc-date">[4:07]</span> <span class="irc-black">&lt;olabini&gt; Google releases Java on App Engine</span><br />
<span class="irc-date">[4:07]</span> <span class="irc-black">&lt;olabini&gt; Sadly, Ioke doesn't work yet</span><br />
<span class="irc-date">[5:36]</span> <span class="irc-green">* mkrauskopf (n=mkrausko@195.47.79.66) has joined #ioke</span><br />
<span class="irc-date">[5:49]</span> <span class="irc-navy">* olabini (n=ola@c-9f4ce155.1110-8-64736c13.cust.bredbandsbolaget.se) Quit (Read error: 110 (Connection timed out))</span><br />
<span class="irc-date">[6:03]</span> <span class="irc-green">* mkrauskopf_ (n=mkrausko@nat/sun/x-fc90a69c8747e1fe) has joined #ioke</span><br />
<span class="irc-date">[6:03]</span> <span class="irc-navy">* mkrauskopf (n=mkrausko@195.47.79.66) Quit (Read error: 110 (Connection timed out))</span><br />
<span class="irc-date">[6:15]</span> <span class="irc-navy">* mkrauskopf_ (n=mkrausko@nat/sun/x-fc90a69c8747e1fe) Quit ("Leaving")</span><br />
<span class="irc-date">[6:16]</span> <span class="irc-green">* mkrauskopf (n=mkrausko@nat/sun/x-e5e6495726a5a338) has joined #ioke</span><br />
<span class="irc-date">[7:16]</span> <span class="irc-green">* naeu (n=sam@dhcp-077-248-060-144.chello.nl) has joined #ioke</span><br />
<span class="irc-date">[7:52]</span> <span class="irc-green">* olabini (n=ola@c-398de155.234-1-64736c10.cust.bredbandsbolaget.se) has joined #ioke</span><br />
<span class="irc-date">[7:52]</span> <span class="irc-green">* ChanServ sets mode +o olabini </span><br />
<span class="irc-date">[8:03]</span> <span class="irc-navy">* naeu (n=sam@dhcp-077-248-060-144.chello.nl) Quit ()</span><br />
<span class="irc-date">[8:38]</span> <span class="irc-green">* naeu (n=sam@h36036.upc-h.chello.nl) has joined #ioke</span><br />
<span class="irc-date">[8:38]</span> <span class="irc-black">&lt;olabini&gt; this is fun.</span><br />
<span class="irc-date">[8:52]</span> <span class="irc-navy">* mkrauskopf (n=mkrausko@nat/sun/x-e5e6495726a5a338) Quit (Read error: 113 (No route to host))</span><br />
<span class="irc-date">[8:54]</span> <span class="irc-green">* mkrauskopf (n=mkrausko@195.47.79.66) has joined #ioke</span><br />
<span class="irc-date">[9:17]</span> <span class="irc-navy">* melwin (n=soup@ua-83-227-215-81.cust.bredbandsbolaget.se) Quit ("Leaving")</span><br />
<span class="irc-date">[9:28]</span> <span class="irc-navy">* naeu (n=sam@h36036.upc-h.chello.nl) Quit ()</span><br />
<span class="irc-date">[9:54]</span> <span class="irc-green">* naeu (n=sam@h36036.upc-h.chello.nl) has joined #ioke</span><br />
<span class="irc-date">[9:57]</span> <span class="irc-black">&lt;naeu&gt; hello there</span><br />
<span class="irc-date">[10:22]</span> <span class="irc-navy">* mkrauskopf (n=mkrausko@195.47.79.66) Quit (Remote closed the connection)</span><br />
<span class="irc-date">[10:27]</span> <span class="irc-green">* mkrauskopf (n=mkrausko@195.47.79.66) has joined #ioke</span><br />
<span class="irc-date">[10:56]</span> <span class="irc-black">&lt;olabini&gt; hio</span><br />
<span class="irc-date">[11:28]</span> <span class="irc-black">&lt;slava&gt; hi</span><br />
<span class="irc-date">[12:23]</span> <span class="irc-green">* mozinator (i=mozinato@91.141.236.180) has joined #ioke</span><br />
<span class="irc-date">[12:24]</span> <span class="irc-navy">* mozinator (i=mozinato@91.141.236.180) Quit (Client Quit)</span><br />
<span class="irc-date">[12:24]</span> <span class="irc-green">* mozinator (n=mozinato@ftest.info) has joined #ioke</span><br />
<span class="irc-date">[12:34]</span> <span class="irc-navy">* mozinator (n=mozinato@ftest.info) Quit ("Ik ga weg")</span><br />
<span class="irc-date">[12:38]</span> <span class="irc-green">* mkrauskopf_ (n=mkrausko@nat/sun/x-09649c2453fa25a1) has joined #ioke</span><br />
<span class="irc-date">[12:53]</span> <span class="irc-navy">* mkrauskopf (n=mkrausko@195.47.79.66) Quit (Read error: 110 (Connection timed out))</span><br />
<span class="irc-date">[13:53]</span> <span class="irc-navy">* mkrauskopf_ (n=mkrausko@nat/sun/x-09649c2453fa25a1) Quit ("Leaving")</span><br />
<span class="irc-date">[13:53]</span> <span class="irc-green">* mkrauskopf (n=mkrausko@nat/sun/x-4ceaa5ca767eb779) has joined #ioke</span><br />
<span class="irc-date">[14:07]</span> <span class="irc-green">* felipero (n=Felipe@189-55-18-206-nd.cpe.vivax.com.br) has joined #ioke</span><br />
<span class="irc-date">[14:25]</span> <span class="irc-navy">* olabini (n=ola@c-398de155.234-1-64736c10.cust.bredbandsbolaget.se) Quit (Read error: 110 (Connection timed out))</span><br />
<span class="irc-date">[14:37]</span> <span class="irc-navy">* mkrauskopf (n=mkrausko@nat/sun/x-4ceaa5ca767eb779) Quit ("Leaving")</span><br />
<span class="irc-date">[15:19]</span> <span class="irc-green">* olabini (n=ola@c-0b4de155.1110-8-64736c13.cust.bredbandsbolaget.se) has joined #ioke</span><br />
<span class="irc-date">[15:19]</span> <span class="irc-green">* ChanServ sets mode +o olabini </span><br />
<span class="irc-date">[16:07]</span> <span class="irc-navy">* felipero (n=Felipe@189-55-18-206-nd.cpe.vivax.com.br) Quit (Remote closed the connection)</span><br />
<span class="irc-date">[16:24]</span> <span class="irc-navy">* naeu (n=sam@h36036.upc-h.chello.nl) Quit ()</span><br />
<span class="irc-date">[17:23]</span> <span class="irc-green">* naeu (n=sam@dhcp-077-248-060-144.chello.nl) has joined #ioke</span><br />
<span class="irc-date">[18:04]</span> <span class="irc-navy">* naeu (n=sam@dhcp-077-248-060-144.chello.nl) Quit (Read error: 104 (Connection reset by peer))</span><br />
<span class="irc-date">[18:17]</span> <span class="irc-green">* mozinator (n=mozinato@ftest.info) has joined #ioke</span><br />
<span class="irc-date">[20:55]</span> <span class="irc-navy">* mozinator (n=mozinato@ftest.info) Quit ("Ik ga weg")</span><br />
