<span class="irc-date">[0:00]</span> <span class="irc-navy">* Tsion (n=scott@botters/staff/tsion) Quit ("leaving")</span><br />
<span class="irc-date">[0:00]</span> <span class="irc-green">* Tsion (n=scott@216.65.175.101) has joined #ioke</span><br />
<span class="irc-date">[0:08]</span> <span class="irc-navy">* bguthrie_ (n=bguthrie@dhcp-165-124-229-112.medill.northwestern.edu) Quit ()</span><br />
<span class="irc-date">[0:34]</span> <span class="irc-black">&lt;embro1001&gt; Jing kinda... doesn't handle long screencasts so well</span><br />
<span class="irc-date">[1:11]</span> <span class="irc-green">* martido (n=martin@dslb-088-067-187-132.pools.arcor-ip.net) has joined #ioke</span><br />
<span class="irc-date">[1:12]</span> <span class="irc-black">&lt;martido&gt; man, I'd love to see that presentation... slides and audio would be really really cool!</span><br />
<span class="irc-date">[1:13]</span> <span class="irc-black">&lt;martido&gt; dammit amsterdam's just to far away from here</span><br />
<span class="irc-date">[1:13]</span> <span class="irc-black">&lt;martido&gt; =)</span><br />
<span class="irc-date">[1:25]</span> <span class="irc-black">&lt;martido&gt; well, hope you have a good time</span><br />
<span class="irc-date">[1:25]</span> <span class="irc-black">&lt;martido&gt; g'd night</span><br />
<span class="irc-date">[1:25]</span> <span class="irc-green">* martido (n=martin@dslb-088-067-187-132.pools.arcor-ip.net) has left #ioke</span><br />
<span class="irc-date">[1:36]</span> <span class="irc-navy">* embro1001 (n=sintaks@h69-129-134-210.nwblwi.dedicated.static.tds.net) Quit ()</span><br />
<span class="irc-date">[5:04]</span> <span class="irc-green">* embro1001 (n=sintaks@CPE-70-94-3-19.wi.res.rr.com) has joined #ioke</span><br />
<span class="irc-date">[5:06]</span> <span class="irc-green">* bguthrie (n=bguthrie@78.sub-75-207-56.myvzw.com) has joined #ioke</span><br />
<span class="irc-date">[5:23]</span> <span class="irc-navy">* embro1001 (n=sintaks@CPE-70-94-3-19.wi.res.rr.com) Quit ()</span><br />
<span class="irc-date">[6:23]</span> <span class="irc-navy">* bguthrie (n=bguthrie@78.sub-75-207-56.myvzw.com) Quit ()</span><br />
<span class="irc-date">[6:50]</span> <span class="irc-green">* bguthrie (n=bguthrie@230.sub-70-195-244.myvzw.com) has joined #ioke</span><br />
<span class="irc-date">[9:46]</span> <span class="irc-green">* kar8nga (n=kar8nga@a-48.vc-graz.ac.at) has joined #ioke</span><br />
<span class="irc-date">[10:34]</span> <span class="irc-green">* naeu (n=sam@dhcp-077-248-060-144.chello.nl) has joined #ioke</span><br />
<span class="irc-date">[11:27]</span> <span class="irc-navy">* kar8nga (n=kar8nga@a-48.vc-graz.ac.at) Quit (Remote closed the connection)</span><br />
<span class="irc-date">[13:41]</span> <span class="irc-green">* kar8nga (n=kar8nga@a-127.vc-graz.ac.at) has joined #ioke</span><br />
<span class="irc-date">[14:25]</span> <span class="irc-navy">* caboom (n=caboom@77-221.static.ikomline.net) Quit ()</span><br />
<span class="irc-date">[15:21]</span> <span class="irc-navy">* naeu (n=sam@dhcp-077-248-060-144.chello.nl) Quit ()</span><br />
<span class="irc-date">[16:03]</span> <span class="irc-navy">* kar8nga (n=kar8nga@a-127.vc-graz.ac.at) Quit (Read error: 110 (Connection timed out))</span><br />
<span class="irc-date">[16:26]</span> <span class="irc-green">* kar8nga (n=kar8nga@e-2.vc-graz.ac.at) has joined #ioke</span><br />
<span class="irc-date">[16:37]</span> <span class="irc-green">* naeu (n=sam@dhcp-077-248-060-144.chello.nl) has joined #ioke</span><br />
<span class="irc-date">[16:55]</span> <span class="irc-green">* caboom (n=caboom@77-221.static.ikomline.net) has joined #ioke</span><br />
<span class="irc-date">[17:03]</span> <span class="irc-black">&lt;olabini&gt; yay. I think the slides are finally done.</span><br />
<span class="irc-date">[17:11]</span> <span class="irc-black">&lt;naeu&gt; olabini: yay :-)</span><br />
<span class="irc-date">[17:12]</span> <span class="irc-black">&lt;naeu&gt; looking forward to it :-)</span><br />
<span class="irc-date">[18:05]</span> <span class="irc-green">* adakkak (n=adakkak@gres110.lis.illinois.edu) has joined #ioke</span><br />
<span class="irc-date">[19:34]</span> <span class="irc-navy">* adakkak (n=adakkak@gres110.lis.illinois.edu) Quit ("Ex-Chat")</span><br />
<span class="irc-date">[20:11]</span> <span class="irc-navy">* kar8nga (n=kar8nga@e-2.vc-graz.ac.at) Quit (Read error: 110 (Connection timed out))</span><br />
<span class="irc-date">[20:45]</span> <span class="irc-green">* kar8nga (n=kar8nga@e-219.vc-graz.ac.at) has joined #ioke</span><br />
<span class="irc-date">[21:17]</span> <span class="irc-brown">-christel- [Global Notice] Hi all, I'm about to take services down for an upgrade, this means that for the duration of the downtime the network will be without our friends NickServ, ChanServ and so forth -- the upgrade shouldn't take long, but feel free to cross fingers and toes for luck regardless! I'm sorry for the inconvenience and hope you have a nice Sunday!</span><br />
<span class="irc-date">[21:32]</span> <span class="irc-brown">-christel- [Global Notice] Hi again everyone, that went a lot smoother than the LHC, and as with the hadron collider no black holes have appeared! Normal Services may now commence (ok, that was a poor joke, even for me)! Apologies for the inconvenience, thank you for using freenode and have a good evening.</span><br />
<span class="irc-date">[21:40]</span> <span class="irc-navy">* melwin (n=soup@ua-83-227-215-81.cust.bredbandsbolaget.se) Quit ("Leaving")</span><br />
<span class="irc-date">[21:41]</span> <span class="irc-navy">* kar8nga (n=kar8nga@e-219.vc-graz.ac.at) Quit (Remote closed the connection)</span><br />
<span class="irc-date">[22:38]</span> <span class="irc-navy">* bguthrie (n=bguthrie@230.sub-70-195-244.myvzw.com) Quit ()</span><br />
