<span class="irc-date">[1:06]</span> <span class="irc-green">* thewolt (n=thewolt@ip-178.net-89-3-176.rev.numericable.fr) has joined #ioke</span><br />
<span class="irc-date">[6:53]</span> <span class="irc-green">* naeu (n=sam@dhcp-077-248-060-144.chello.nl) has joined #ioke</span><br />
<span class="irc-date">[7:04]</span> <span class="irc-black">&lt;naeu&gt; morning</span><br />
<span class="irc-date">[7:52]</span> <span class="irc-black">&lt;olabini&gt; morning</span><br />
<span class="irc-date">[8:00]</span> <span class="irc-black">&lt;naeu&gt; how are you doing?</span><br />
<span class="irc-date">[8:33]</span> <span class="irc-green">* chr1s (i=chris@punt.slashpunt.org) has joined #ioke</span><br />
<span class="irc-date">[8:48]</span> <span class="irc-black">&lt;olabini&gt; pretty good</span><br />
<span class="irc-date">[8:48]</span> <span class="irc-black">&lt;olabini&gt; family is up visiting</span><br />
<span class="irc-date">[8:48]</span> <span class="irc-black">&lt;naeu&gt; hey, that's nice :-)</span><br />
<span class="irc-date">[8:48]</span> <span class="irc-black">&lt;olabini&gt; yep</span><br />
<span class="irc-date">[8:48]</span> <span class="irc-black">&lt;naeu&gt; I've got friends visiting this weekend</span><br />
<span class="irc-date">[8:49]</span> <span class="irc-black">&lt;naeu&gt; and we're celebrating Susanna's wonderful achievement</span><br />
<span class="irc-date">[8:49]</span> <span class="irc-black">&lt;naeu&gt; apparently the scholarship position was inundated with applicants</span><br />
<span class="irc-date">[9:04]</span> <span class="irc-black">&lt;olabini&gt; ah</span><br />
<span class="irc-date">[9:04]</span> <span class="irc-black">&lt;olabini&gt; great</span><br />
<span class="irc-date">[9:04]</span> <span class="irc-black">&lt;olabini&gt; =)</span><br />
<span class="irc-date">[9:06]</span> <span class="irc-black">&lt;slava&gt; hi olabini</span><br />
<span class="irc-date">[9:07]</span> <span class="irc-black">&lt;olabini&gt; slava: hi there</span><br />
<span class="irc-date">[11:22]</span> <span class="irc-navy">* naeu (n=sam@dhcp-077-248-060-144.chello.nl) Quit ()</span><br />
<span class="irc-date">[15:46]</span> <span class="irc-green">* bguthrie (n=bguthrie@190.sub-75-207-239.myvzw.com) has joined #ioke</span><br />
<span class="irc-date">[17:38]</span> <span class="irc-navy">* bguthrie (n=bguthrie@190.sub-75-207-239.myvzw.com) Quit ()</span><br />
<span class="irc-date">[18:45]</span> <span class="irc-green">* bguthrie (n=bguthrie@125.sub-75-206-43.myvzw.com) has joined #ioke</span><br />
<span class="irc-date">[20:50]</span> <span class="irc-green">* naeu (n=sam@dhcp-077-248-060-144.chello.nl) has joined #ioke</span><br />
<span class="irc-date">[21:07]</span> <span class="irc-green">* melwin (n=soup@ua-83-227-215-81.cust.bredbandsbolaget.se) has joined #ioke</span><br />
<span class="irc-date">[21:36]</span> <span class="irc-black">&lt;naeu&gt; hey all</span><br />
<span class="irc-date">[22:12]</span> <span class="irc-navy">* naeu (n=sam@dhcp-077-248-060-144.chello.nl) Quit ()</span><br />
<span class="irc-date">[22:40]</span> <span class="irc-navy">* bguthrie (n=bguthrie@125.sub-75-206-43.myvzw.com) Quit (Read error: 60 (Operation timed out))</span><br />
<span class="irc-date">[23:11]</span> <span class="irc-green">* bguthrie (n=bguthrie@103.sub-75-207-43.myvzw.com) has joined #ioke</span><br />
<span class="irc-date">[23:22]</span> <span class="irc-navy">* melwin (n=soup@ua-83-227-215-81.cust.bredbandsbolaget.se) Quit ("Leaving")</span><br />
