<span class="irc-date">[0:59]</span> <span class="irc-green">* donizetti (n=donizett@189.79.139.157) has joined #ioke</span><br />
<span class="irc-date">[0:59]</span> <span class="irc-navy">* donizetti (n=donizett@189.79.139.157) Quit (Client Quit)</span><br />
<span class="irc-date">[2:14]</span> <span class="irc-green">* olabini (n=ola@adsl-68-79-208-154.dsl.chcgil.ameritech.net) has joined #ioke</span><br />
<span class="irc-date">[2:14]</span> <span class="irc-green">* ChanServ sets mode +o olabini </span><br />
<span class="irc-date">[6:14]</span> <span class="irc-green">* kar8nga (n=kar8nga@e-79.vc-graz.ac.at) has joined #ioke</span><br />
<span class="irc-date">[6:19]</span> <span class="irc-green">* naeu (n=sam@dhcp-077-248-060-144.chello.nl) has joined #ioke</span><br />
<span class="irc-date">[6:57]</span> <span class="irc-navy">* kar8nga (n=kar8nga@e-79.vc-graz.ac.at) Quit (Remote closed the connection)</span><br />
<span class="irc-date">[7:30]</span> <span class="irc-green">* Narnach (n=narnach@a82-94-4-219.adsl.xs4all.nl) has joined #ioke</span><br />
<span class="irc-date">[7:38]</span> <span class="irc-navy">* naeu (n=sam@dhcp-077-248-060-144.chello.nl) Quit ()</span><br />
<span class="irc-date">[8:06]</span> <span class="irc-green">* naeu (n=sam@dhcp-077-251-053-234.chello.nl) has joined #ioke</span><br />
<span class="irc-date">[8:40]</span> <span class="irc-green">* naeu_ (n=sam@dhcp-077-251-054-015.chello.nl) has joined #ioke</span><br />
<span class="irc-date">[8:54]</span> <span class="irc-green">* naeu__ (n=sam@dhcp-077-251-054-015.chello.nl) has joined #ioke</span><br />
<span class="irc-date">[8:59]</span> <span class="irc-navy">* naeu (n=sam@dhcp-077-251-053-234.chello.nl) Quit (Read error: 110 (Connection timed out))</span><br />
<span class="irc-date">[9:15]</span> <span class="irc-navy">* naeu_ (n=sam@dhcp-077-251-054-015.chello.nl) Quit (Read error: 110 (Connection timed out))</span><br />
<span class="irc-date">[13:26]</span> <span class="irc-green">* donizetti (n=donizett@187.37.206.68) has joined #ioke</span><br />
<span class="irc-date">[13:26]</span> <span class="irc-black">&lt;donizetti&gt; hello!</span><br />
<span class="irc-date">[13:30]</span> <span class="irc-green">* olabini (n=ola@adsl-68-79-208-154.dsl.chcgil.ameritech.net) has left #ioke</span><br />
<span class="irc-date">[15:47]</span> <span class="irc-navy">* Narnach (n=narnach@a82-94-4-219.adsl.xs4all.nl) Quit ("Leaving...")</span><br />
<span class="irc-date">[17:00]</span> <span class="irc-green">* donizetti_ (n=donizett@187.37.206.68) has joined #ioke</span><br />
<span class="irc-date">[17:05]</span> <span class="irc-black">&lt;naeu__&gt; donizetti: hey there</span><br />
<span class="irc-date">[17:06]</span> <span class="irc-black">&lt;naeu__&gt; how are you doing?</span><br />
<span class="irc-date">[17:10]</span> <span class="irc-black">&lt;donizetti_&gt; I'm great!</span><br />
<span class="irc-date">[17:11]</span> <span class="irc-black">&lt;donizetti_&gt; what about you?</span><br />
<span class="irc-date">[17:11]</span> <span class="irc-black">&lt;donizetti_&gt; naeu__: by the way I loved you twitte about the GEB lecture on the MIT! =D</span><br />
<span class="irc-date">[17:15]</span> <span class="irc-black">&lt;naeu__&gt; cool</span><br />
<span class="irc-date">[17:15]</span> <span class="irc-black">&lt;naeu__&gt; have you had a look at it yet?</span><br />
<span class="irc-date">[17:16]</span> <span class="irc-black">&lt;naeu__&gt; at the moment I'm currently reading a fantastic book: Notes on the Synthesis of Form</span><br />
<span class="irc-date">[17:16]</span> <span class="irc-black">&lt;naeu__&gt; it's really a remarkably book</span><br />
<span class="irc-date">[17:18]</span> <span class="irc-navy">* donizetti (n=donizett@187.37.206.68) Quit (Read error: 110 (Connection timed out))</span><br />
<span class="irc-date">[17:19]</span> <span class="irc-black">&lt;donizetti_&gt; I have watched the first class!</span><br />
<span class="irc-date">[17:19]</span> <span class="irc-black">&lt;donizetti_&gt; I starting to read the book "Structure and Interpretation of Computer Programs - 2nd Edition (MIT Electrical Engineering and Computer Science)"</span><br />
<span class="irc-date">[17:20]</span> <span class="irc-black">&lt;donizetti_&gt; ola has suggested it for me!</span><br />
<span class="irc-date">[17:23]</span> <span class="irc-black">&lt;donizetti_&gt; I've searched a little about a topic that I saw in your website.</span><br />
<span class="irc-date">[17:23]</span> <span class="irc-black">&lt;naeu__&gt; yeah, that's an excellent book</span><br />
<span class="irc-date">[17:23]</span> <span class="irc-black">&lt;naeu__&gt; i'm trying to make my way through it too</span><br />
<span class="irc-date">[17:23]</span> <span class="irc-black">&lt;donizetti_&gt; aesthetics of programming languages</span><br />
<span class="irc-date">[17:23]</span> <span class="irc-black">&lt;naeu__&gt; cool</span><br />
<span class="irc-date">[17:23]</span> <span class="irc-black">&lt;naeu__&gt; what do you think of the concept in general?</span><br />
<span class="irc-date">[17:25]</span> <span class="irc-black">&lt;donizetti_&gt; I don't have enough information about it yet, the references I found about it was really poor. I was wondering if you could suggest me some places to read more?</span><br />
<span class="irc-date">[17:27]</span> <span class="irc-black">&lt;naeu__&gt; well, actually, I don't really know of any</span><br />
<span class="irc-date">[17:27]</span> <span class="irc-black">&lt;naeu__&gt; it's kind of a phrase I cooked up :-)</span><br />
<span class="irc-date">[17:28]</span> <span class="irc-green">* kar8nga (n=kar8nga@a-188.vc-graz.ac.at) has joined #ioke</span><br />
<span class="irc-date">[17:43]</span> <span class="irc-brown">-christel- [Global Notice] Hi folks! Don't forget to identify to your grouped nicks and check that your channels won't be dropped tomorrow (Thurs 11 June)! See <a href="http://bit.ly/10nqla">http://bit.ly/10nqla</a> for details. Thanks for using freenode and have a nice evening.</span><br />
<span class="irc-date">[18:38]</span> <span class="irc-green">* HeMan (n=jimmy@2a00:801:f5:10:0:0:0:2) has joined #ioke</span><br />
<span class="irc-date">[18:49]</span> <span class="irc-green">* HeMan (n=jimmy@2a00:801:f5:10:0:0:0:2) has left #ioke</span><br />
<span class="irc-date">[19:05]</span> <span class="irc-navy">* naeu__ (n=sam@dhcp-077-251-054-015.chello.nl) Quit (Remote closed the connection)</span><br />
<span class="irc-date">[19:05]</span> <span class="irc-navy">* donizetti_ (n=donizett@187.37.206.68) Quit ()</span><br />
<span class="irc-date">[21:30]</span> <span class="irc-navy">* kar8nga (n=kar8nga@a-188.vc-graz.ac.at) Quit (Read error: 54 (Connection reset by peer))</span><br />
