<span class="irc-date">[0:14]</span> <span class="irc-navy">* wavis (i=4526d11e@gateway/web/ajax/mibbit.com/x-0bec168457a4f5d4) Quit ("<a href="http://www.mibbit.com">http://www.mibbit.com</a> ajax IRC Client")</span><br />
<span class="irc-date">[0:42]</span> <span class="irc-navy">* cv (n=cv@5acb0c3c.bb.sky.com) Quit ()</span><br />
<span class="irc-date">[7:27]</span> <span class="irc-black">&lt;CIA-40&gt; ioke: Ola Bini gh-pages * r5f8dd10 / guide.html : I always get that regexp operator the wrong way around - <a href="http://tinyurl.com/85zakb">http://tinyurl.com/85zakb</a></span><br />
<span class="irc-date">[7:52]</span> <span class="irc-navy">* olabini (n=ola@c-574ee155.1110-8-64736c13.cust.bredbandsbolaget.se) Quit (Read error: 110 (Connection timed out))</span><br />
<span class="irc-date">[8:17]</span> <span class="irc-black">&lt;HeMan&gt; Heh, I moved away the test that failed when I did build ioke...</span><br />
<span class="irc-date">[8:17]</span> <span class="irc-black">&lt;HeMan&gt; Now I have an ioke from git that allows Regexp from(...)</span><br />
<span class="irc-date">[8:43]</span> <span class="irc-green">* olabini (n=ola@194.132.20.9) has joined #ioke</span><br />
<span class="irc-date">[8:44]</span> <span class="irc-green">* IokeHurricane sets mode +o olabini </span><br />
<span class="irc-date">[8:54]</span> <span class="irc-brick">* olabini is tired and grouchy for not having enough time to hack on Ioke this week</span><br />
<span class="irc-date">[9:22]</span> <span class="irc-green">* naeu (n=sam@mail.innovationfactory.nl) has joined #ioke</span><br />
<span class="irc-date">[11:16]</span> <span class="irc-navy">* naeu (n=sam@mail.innovationfactory.nl) Quit ()</span><br />
<span class="irc-date">[12:18]</span> <span class="irc-navy">* CIA-40 (n=CIA@208.69.182.149) Quit (Read error: 60 (Operation timed out))</span><br />
<span class="irc-date">[12:19]</span> <span class="irc-green">* CIA-67 (n=CIA@208.69.182.149) has joined #ioke</span><br />
<span class="irc-date">[13:19]</span> <span class="irc-green">* naeu (n=sam@mail.innovationfactory.nl) has joined #ioke</span><br />
<span class="irc-date">[13:29]</span> <span class="irc-green">* travisennis (n=travisen@208.96.144.88) has joined #ioke</span><br />
<span class="irc-date">[14:25]</span> <span class="irc-navy">* olabini (n=ola@194.132.20.9) Quit (Read error: 110 (Connection timed out))</span><br />
<span class="irc-date">[15:34]</span> <span class="irc-green">* olabini (n=ola@c-574ee155.1110-8-64736c13.cust.bredbandsbolaget.se) has joined #ioke</span><br />
<span class="irc-date">[15:34]</span> <span class="irc-green">* IokeHurricane sets mode +o olabini </span><br />
<span class="irc-date">[16:58]</span> <span class="irc-green">* travisennis (n=travisen@208.96.144.88) has left #ioke</span><br />
<span class="irc-date">[17:48]</span> <span class="irc-green">* azoic (n=azoic@nat/sun/x-db25dcda393b9266) has joined #ioke</span><br />
<span class="irc-date">[17:49]</span> <span class="irc-green">* wavis (i=4526d11e@gateway/web/ajax/mibbit.com/x-8aaf31c19e129b57) has joined #ioke</span><br />
<span class="irc-date">[17:49]</span> <span class="irc-navy">* naeu (n=sam@mail.innovationfactory.nl) Quit ()</span><br />
<span class="irc-date">[18:59]</span> <span class="irc-green">* azoic (n=azoic@nat/sun/x-db25dcda393b9266) has left #ioke</span><br />
<span class="irc-date">[19:06]</span> <span class="irc-green">* Melwin (n=soup@static-212.214.191.10.addr.tdcsong.se) has joined #ioke</span><br />
<span class="irc-date">[19:28]</span> <span class="irc-green">* azoic (n=azoic@nat/sun/x-08010fa5586aa848) has joined #ioke</span><br />
<span class="irc-date">[19:29]</span> <span class="irc-navy">* azoic (n=azoic@nat/sun/x-08010fa5586aa848) Quit (Client Quit)</span><br />
<span class="irc-date">[19:39]</span> <span class="irc-green">* azoic (n=azoic@nat/sun/x-0d4adfaad301cbf9) has joined #ioke</span><br />
<span class="irc-date">[19:43]</span> <span class="irc-black">&lt;wavis&gt; \away lunch</span><br />
<span class="irc-date">[19:47]</span> <span class="irc-green">* naeu (n=sam@dhcp-077-248-060-144.chello.nl) has joined #ioke</span><br />
<span class="irc-date">[19:47]</span> <span class="irc-green">* cv (n=cv@5acb0c3c.bb.sky.com) has joined #ioke</span><br />
<span class="irc-date">[19:55]</span> <span class="irc-black">&lt;cv&gt; heya :)</span><br />
<span class="irc-date">[20:01]</span> <span class="irc-black">&lt;naeu&gt; evening :-</span><br />
<span class="irc-date">[20:01]</span> <span class="irc-black">&lt;naeu&gt; :-)</span><br />
<span class="irc-date">[20:03]</span> <span class="irc-black">&lt;cv&gt; i'm thinking of picking some RubyQuiz problems and translating them into ioke</span><br />
<span class="irc-date">[20:03]</span> <span class="irc-black">&lt;cv&gt; roman numerals seemed interesting, but Message doesn't have a &lt;=&gt; yet</span><br />
<span class="irc-date">[20:04]</span> <span class="irc-black">&lt;cv&gt; tried implementing it but all I managed was to bork a whole lot of tests :(</span><br />
<span class="irc-date">[20:04]</span> <span class="irc-black">&lt;naeu&gt; cool!</span><br />
<span class="irc-date">[20:04]</span> <span class="irc-black">&lt;naeu&gt; i think you're right - there's a lot of cool exercises to do in the Ruby Quizzes</span><br />
<span class="irc-date">[20:05]</span> <span class="irc-black">&lt;olabini&gt; cv: well. what kind of ordering would you put on messages?</span><br />
<span class="irc-date">[20:05]</span> <span class="irc-black">&lt;olabini&gt; I can't straight off think of any ordering at all, so I'd rather not have it.</span><br />
<span class="irc-date">[20:06]</span> <span class="irc-black">&lt;olabini&gt; you can give a temporary ordering with let, of course.</span><br />
<span class="irc-date">[20:06]</span> <span class="irc-black">&lt;cv&gt; yeah, that's the problem! i haven't a clue :)</span><br />
<span class="irc-date">[20:06]</span> <span class="irc-black">&lt;olabini&gt; right</span><br />
<span class="irc-date">[20:06]</span> <span class="irc-black">&lt;olabini&gt; so why did you need it?</span><br />
<span class="irc-date">[20:06]</span> <span class="irc-black">&lt;CIA-67&gt; ioke: Ola Bini master * r5f19231 / (28 files): Convert rest of places to use 'be true', 'be nil' and 'be false' - <a href="http://tinyurl.com/9vkwa2">http://tinyurl.com/9vkwa2</a></span><br />
<span class="irc-date">[20:07]</span> <span class="irc-black">&lt;olabini&gt; man, CIA is fast</span><br />
<span class="irc-date">[20:08]</span> <span class="irc-black">&lt;cv&gt; notify.me did a good job too</span><br />
<span class="irc-date">[20:09]</span> <span class="irc-black">&lt;olabini&gt; oh yaeh?</span><br />
<span class="irc-date">[20:11]</span> <span class="irc-black">&lt;cv&gt; it's my favourite rss notification reader, been using it for a while now</span><br />
<span class="irc-date">[20:11]</span> <span class="irc-black">&lt;naeu&gt; Melwin: ping</span><br />
<span class="irc-date">[20:11]</span> <span class="irc-black">&lt;cv&gt; plus side is that it lets you aggregate everything into one IM account, instead of getting pings all over the place (or letting notifications become irrelevant in google reader)</span><br />
<span class="irc-date">[20:17]</span> <span class="irc-black">&lt;Melwin&gt; naeu: Back. 'sup?</span><br />
<span class="irc-date">[20:18]</span> <span class="irc-black">&lt;naeu&gt; I was trying to submit your latest blog post to Reddit</span><br />
<span class="irc-date">[20:18]</span> <span class="irc-black">&lt;naeu&gt; but it didn't seem to accept it</span><br />
<span class="irc-date">[20:18]</span> <span class="irc-black">&lt;Melwin&gt; Yeah? Why not?</span><br />
<span class="irc-date">[20:18]</span> <span class="irc-black">&lt;naeu&gt; I'm wondering whether it's to do with the unicode ' character in the url</span><br />
<span class="irc-date">[20:18]</span> <span class="irc-black">&lt;naeu&gt; it's not present in the previous post</span><br />
<span class="irc-date">[20:19]</span> <span class="irc-black">&lt;Melwin&gt; Oops... That was not intentionally.</span><br />
<span class="irc-date">[20:19]</span> <span class="irc-black">&lt;naeu&gt; :-)</span><br />
<span class="irc-date">[20:19]</span> <span class="irc-black">&lt;naeu&gt; perhaps you can add a redirect or something...</span><br />
<span class="irc-date">[20:19]</span> <span class="irc-black">&lt;Melwin&gt; Ok... Updated...</span><br />
<span class="irc-date">[20:19]</span> <span class="irc-black">&lt;naeu&gt; that was fast ;-)</span><br />
<span class="irc-date">[20:20]</span> <span class="irc-black">&lt;Melwin&gt; I'll see if I can keep the old as well... Doubt it however...</span><br />
<span class="irc-date">[20:20]</span> <span class="irc-black">&lt;naeu&gt; yep, worked a treat</span><br />
<span class="irc-date">[20:20]</span> <span class="irc-black">&lt;naeu&gt; thanks!</span><br />
<span class="irc-date">[20:21]</span> <span class="irc-black">&lt;Melwin&gt; :) No - thank *you*!</span><br />
<span class="irc-date">[20:22]</span> <span class="irc-black">&lt;cv&gt; what do you normally call `, ' and ''?</span><br />
<span class="irc-date">[20:23]</span> <span class="irc-black">&lt;cv&gt; backtick, tick and doubletick are bad names for me, as they don't convey meaning</span><br />
<span class="irc-date">[20:23]</span> <span class="irc-black">&lt;Melwin&gt; Sounds normal to me. :)</span><br />
<span class="irc-date">[20:24]</span> <span class="irc-black">&lt;Melwin&gt; What kind of names are you looking for, you mean? Like names for what they _do_?</span><br />
<span class="irc-date">[20:25]</span> <span class="irc-black">&lt;cv&gt; yeah</span><br />
<span class="irc-date">[20:25]</span> <span class="irc-black">&lt;cv&gt; even longish ones would be ok</span><br />
<span class="irc-date">[20:29]</span> <span class="irc-black">&lt;Melwin&gt; ' I guess is usually called quote - as it quotes an expression.</span><br />
<span class="irc-date">[20:29]</span> <span class="irc-black">&lt;olabini&gt; ` accent grave</span><br />
<span class="irc-date">[20:30]</span> <span class="irc-black">&lt;olabini&gt; ` is accent grave</span><br />
<span class="irc-date">[20:30]</span> <span class="irc-black">&lt;olabini&gt; I mean</span><br />
<span class="irc-date">[20:30]</span> <span class="irc-black">&lt;olabini&gt; and ' is quote</span><br />
<span class="irc-date">[20:30]</span> <span class="irc-black">&lt;olabini&gt; I call '' doublequote</span><br />
<span class="irc-date">[20:30]</span> <span class="irc-black">&lt;Melwin&gt; '' might be quote-unquote as it works as ' but "unquotes" some  messages...?</span><br />
<span class="irc-date">[20:30]</span> <span class="irc-black">&lt;olabini&gt; well, in Ioke I call '' metaquote</span><br />
<span class="irc-date">[20:30]</span> <span class="irc-black">&lt;Melwin&gt; Ah... From the horses mouth, so to speak.</span><br />
<span class="irc-date">[20:30]</span> <span class="irc-black">&lt;Melwin&gt; Aha - I was just guessing. :)</span><br />
<span class="irc-date">[20:32]</span> <span class="irc-black">&lt;cv&gt; '' or metaquote still don't convey meaning as much as i'd like</span><br />
<span class="irc-date">[20:32]</span> <span class="irc-black">&lt;cv&gt; but i can't come up with anything better, so i'll shut up :)</span><br />
<span class="irc-date">[20:33]</span> <span class="irc-navy">* CIA-67 (n=CIA@208.69.182.149) Quit (Read error: 113 (No route to host))</span><br />
<span class="irc-date">[20:35]</span> <span class="irc-brick">* olabini is working on Eliza in Ioke</span><br />
<span class="irc-date">[20:35]</span> <span class="irc-black">&lt;olabini&gt; wonder what killed the CIA bot</span><br />
<span class="irc-date">[20:40]</span> <span class="irc-navy">* naeu (n=sam@dhcp-077-248-060-144.chello.nl) Quit ()</span><br />
<span class="irc-date">[20:48]</span> <span class="irc-black">&lt;olabini&gt; neat</span><br />
<span class="irc-date">[20:48]</span> <span class="irc-black">&lt;olabini&gt; ispec should can be used outside of a describe context</span><br />
<span class="irc-date">[20:48]</span> <span class="irc-black">&lt;olabini&gt; it will be totally quiet if everything works, but report the first error if it doesn't work</span><br />
<span class="irc-date">[20:48]</span> <span class="irc-black">&lt;olabini&gt; kinda like an assert</span><br />
<span class="irc-date">[20:50]</span> <span class="irc-black">&lt;Melwin&gt; Nice.</span><br />
<span class="irc-date">[20:54]</span> <span class="irc-black">&lt;cv&gt; cool, that's super useful for "comments"</span><br />
<span class="irc-date">[20:55]</span> <span class="irc-black">&lt;cv&gt; ever seen code where people add little // 42 kinds of comments next to things?</span><br />
<span class="irc-date">[20:55]</span> <span class="irc-black">&lt;cv&gt; it seems somewhat common with the python crowd</span><br />
<span class="irc-date">[21:01]</span> <span class="irc-black">&lt;olabini&gt; yeah, really</span><br />
<span class="irc-date">[21:09]</span> <span class="irc-black">&lt;olabini&gt; hmm.</span><br />
<span class="irc-date">[21:09]</span> <span class="irc-black">&lt;olabini&gt; major change coming up.</span><br />
<span class="irc-date">[21:12]</span> <span class="irc-green">* naeu (n=sam@dhcp-077-248-060-144.chello.nl) has joined #ioke</span><br />
<span class="irc-date">[21:12]</span> <span class="irc-black">&lt;olabini&gt; if anyone's noticed - the behavior of operators is sometimes kinda erratic</span><br />
<span class="irc-date">[21:12]</span> <span class="irc-black">&lt;olabini&gt; specifically, an operator in "message" passing position, will be handled quite strangely</span><br />
<span class="irc-date">[21:13]</span> <span class="irc-black">&lt;olabini&gt; something like</span><br />
<span class="irc-date">[21:13]</span> <span class="irc-black">&lt;olabini&gt; *(123) bar *(foo)</span><br />
<span class="irc-date">[21:13]</span> <span class="irc-black">&lt;olabini&gt; will actually be translated into</span><br />
<span class="irc-date">[21:13]</span> <span class="irc-black">&lt;olabini&gt; *((123) bar) *(foo)</span><br />
<span class="irc-date">[21:13]</span> <span class="irc-black">&lt;olabini&gt; but that madness will all end now</span><br />
<span class="irc-date">[21:15]</span> <span class="irc-black">&lt;naeu&gt; olabini: are you changing the ANTLR grammar?</span><br />
<span class="irc-date">[21:17]</span> <span class="irc-black">&lt;olabini&gt; no, this is in the operator shuffling part</span><br />
<span class="irc-date">[21:18]</span> <span class="irc-black">&lt;naeu&gt; ok</span><br />
<span class="irc-date">[21:19]</span> <span class="irc-black">&lt;naeu&gt; from that example it looks like you're altering the associativity</span><br />
<span class="irc-date">[21:21]</span> <span class="irc-black">&lt;olabini&gt; not exactly</span><br />
<span class="irc-date">[21:21]</span> <span class="irc-black">&lt;olabini&gt; it's rather that currently the argument lists for operators will be detached first</span><br />
<span class="irc-date">[21:21]</span> <span class="irc-black">&lt;olabini&gt; and then the shuffling will happen</span><br />
<span class="irc-date">[21:21]</span> <span class="irc-black">&lt;olabini&gt; I've realized I don't like that behavior</span><br />
<span class="irc-date">[21:22]</span> <span class="irc-black">&lt;naeu&gt; out of interest, why so?</span><br />
<span class="irc-date">[21:25]</span> <span class="irc-black">&lt;olabini&gt; well, because I want it to be possible to always use a uniform message based syntax</span><br />
<span class="irc-date">[21:25]</span> <span class="irc-black">&lt;olabini&gt; but that detaching makes it impossible to do certain things</span><br />
<span class="irc-date">[21:25]</span> <span class="irc-black">&lt;olabini&gt; the example above is just an example</span><br />
<span class="irc-date">[21:25]</span> <span class="irc-black">&lt;olabini&gt; to be able to get</span><br />
<span class="irc-date">[21:25]</span> <span class="irc-black">&lt;olabini&gt; *(123) foo</span><br />
<span class="irc-date">[21:25]</span> <span class="irc-black">&lt;olabini&gt; to actually parse that way</span><br />
<span class="irc-date">[21:25]</span> <span class="irc-black">&lt;olabini&gt; I would have to do</span><br />
<span class="irc-date">[21:25]</span> <span class="irc-black">&lt;olabini&gt; (*(123)) foo</span><br />
<span class="irc-date">[21:25]</span> <span class="irc-black">&lt;olabini&gt; which is ugly</span><br />
<span class="irc-date">[21:30]</span> <span class="irc-black">&lt;naeu&gt; true</span><br />
<span class="irc-date">[21:31]</span> <span class="irc-black">&lt;naeu&gt; I'm interested to see what you come up with :-)</span><br />
<span class="irc-date">[21:31]</span> <span class="irc-black">&lt;naeu&gt; right, i'm off to do fun things with susanna. See you all round!</span><br />
<span class="irc-date">[21:31]</span> <span class="irc-navy">* naeu (n=sam@dhcp-077-248-060-144.chello.nl) Quit ()</span><br />
<span class="irc-date">[21:37]</span> <span class="irc-black">&lt;olabini&gt; ok, officially getting pissed about ANTLRs whitespace handling now</span><br />
<span class="irc-date">[21:46]</span> <span class="irc-black">&lt;olabini&gt; ok, this is officially turning into a gigantic change</span><br />
<span class="irc-date">[21:46]</span> <span class="irc-black">&lt;olabini&gt; all the whitespace handling will have to be explicit</span><br />
<span class="irc-date">[21:46]</span> <span class="irc-black">&lt;olabini&gt; bam.</span><br />
<span class="irc-date">[21:47]</span> <span class="irc-black">&lt;Melwin&gt; Sounds like fun.</span><br />
<span class="irc-date">[21:48]</span> <span class="irc-black">&lt;Melwin&gt; No more skip()?</span><br />
<span class="irc-date">[22:43]</span> <span class="irc-black">&lt;olabini&gt; well. we'll see.</span><br />
<span class="irc-date">[22:44]</span> <span class="irc-black">&lt;olabini&gt; generally, this kinda sucks actually</span><br />
<span class="irc-date">[22:49]</span> <span class="irc-black">&lt;Melwin&gt; Problems?</span><br />
<span class="irc-date">[22:49]</span> <span class="irc-black">&lt;Melwin&gt; I'm looking at that crash, by the way... While penetrating the internals.... :]</span><br />
<span class="irc-date">[22:55]</span> <span class="irc-black">&lt;Melwin&gt; olabini: And it looks like it's trying to send a message to the wrong receiver... Hmmm... *scratch head*</span><br />
<span class="irc-date">[23:01]</span> <span class="irc-green">* CIA-73 (n=CIA@208.69.182.149) has joined #ioke</span><br />
<span class="irc-date">[23:05]</span> <span class="irc-black">&lt;Melwin&gt; Hmm... No...</span><br />
<span class="irc-date">[23:11]</span> <span class="irc-black">&lt;Melwin&gt; I found it. :)</span><br />
<span class="irc-date">[23:32]</span> <span class="irc-black">&lt;Melwin&gt; <a href="http://kenai.com/bugzilla/show_bug.cgi?id=168">http://kenai.com/bugzilla/show_bug.cgi?id=168</a></span><br />
<span class="irc-date">[23:32]</span> <span class="irc-black">&lt;Melwin&gt; Good night!</span><br />
<span class="irc-date">[23:44]</span> <span class="irc-navy">* wavis (i=4526d11e@gateway/web/ajax/mibbit.com/x-8aaf31c19e129b57) Quit (Remote closed the connection)</span><br />
<span class="irc-date">[23:51]</span> <span class="irc-navy">* Melwin (n=soup@static-212.214.191.10.addr.tdcsong.se) Quit (Read error: 110 (Connection timed out))</span><br />
