<span class="irc-date">[0:50]</span> <span class="irc-navy">* embro1001 (n=sintaks@h69-129-134-210.nwblwi.dedicated.static.tds.net) Quit (Client Quit)</span><br />
<span class="irc-date">[0:54]</span> <span class="irc-navy">* mozinator (n=mozinato@82-170-176-50.ip.telfort.nl) Quit (Read error: 104 (Connection reset by peer))</span><br />
<span class="irc-date">[3:57]</span> <span class="irc-navy">* slava (n=slava@li13-154.members.linode.com) Quit (wolfe.freenode.net irc.freenode.net)</span><br />
<span class="irc-date">[3:57]</span> <span class="irc-navy">* olabini (n=ola@c-9f4ce155.1110-8-64736c13.cust.bredbandsbolaget.se) Quit (wolfe.freenode.net irc.freenode.net)</span><br />
<span class="irc-date">[3:57]</span> <span class="irc-navy">* CIA-28 (n=CIA@208.69.182.149.simpli.biz) Quit (wolfe.freenode.net irc.freenode.net)</span><br />
<span class="irc-date">[3:57]</span> <span class="irc-navy">* skaar (n=skaar@substruction.net) Quit (wolfe.freenode.net irc.freenode.net)</span><br />
<span class="irc-date">[3:57]</span> <span class="irc-navy">* HeMan (n=jimmy@ssh.southpole.se) Quit (wolfe.freenode.net irc.freenode.net)</span><br />
<span class="irc-date">[3:57]</span> <span class="irc-navy">* IokeHurricane (n=IokeHurr@8.12.35.212) Quit (wolfe.freenode.net irc.freenode.net)</span><br />
<span class="irc-date">[3:57]</span> <span class="irc-navy">* andreaja (n=sodoff@65.111.170.77) Quit (wolfe.freenode.net irc.freenode.net)</span><br />
<span class="irc-date">[3:57]</span> <span class="irc-navy">* RobL_ (n=RobL@roblally.plus.com) Quit (wolfe.freenode.net irc.freenode.net)</span><br />
<span class="irc-date">[3:58]</span> <span class="irc-green">* olabini (n=ola@c-9f4ce155.1110-8-64736c13.cust.bredbandsbolaget.se) has joined #ioke</span><br />
<span class="irc-date">[3:58]</span> <span class="irc-green">* skaar (n=skaar@substruction.net) has joined #ioke</span><br />
<span class="irc-date">[3:58]</span> <span class="irc-green">* HeMan (n=jimmy@ssh.southpole.se) has joined #ioke</span><br />
<span class="irc-date">[3:58]</span> <span class="irc-green">* RobL_ (n=RobL@roblally.plus.com) has joined #ioke</span><br />
<span class="irc-date">[3:58]</span> <span class="irc-green">* CIA-28 (n=CIA@208.69.182.149.simpli.biz) has joined #ioke</span><br />
<span class="irc-date">[3:58]</span> <span class="irc-green">* slava (n=slava@li13-154.members.linode.com) has joined #ioke</span><br />
<span class="irc-date">[3:58]</span> <span class="irc-green">* IokeHurricane (n=IokeHurr@8.12.35.212) has joined #ioke</span><br />
<span class="irc-date">[3:58]</span> <span class="irc-green">* andreaja (n=sodoff@65.111.170.77) has joined #ioke</span><br />
<span class="irc-date">[4:03]</span> <span class="irc-red">[freenode-connect VERSION]</span><br />
<span class="irc-date">[7:08]</span> <span class="irc-green">* Narnach (n=narnach@a82-94-4-219.adsl.xs4all.nl) has joined #ioke</span><br />
<span class="irc-date">[7:13]</span> <span class="irc-green">* naeu (n=sam@dhcp-077-248-060-144.chello.nl) has joined #ioke</span><br />
<span class="irc-date">[7:14]</span> <span class="irc-navy">* naeu (n=sam@dhcp-077-248-060-144.chello.nl) Quit (Read error: 104 (Connection reset by peer))</span><br />
<span class="irc-date">[7:15]</span> <span class="irc-green">* naeu (n=sam@dhcp-077-248-060-144.chello.nl) has joined #ioke</span><br />
<span class="irc-date">[7:16]</span> <span class="irc-navy">* naeu (n=sam@dhcp-077-248-060-144.chello.nl) Quit (Read error: 104 (Connection reset by peer))</span><br />
<span class="irc-date">[7:19]</span> <span class="irc-black">&lt;olabini&gt; morning!</span><br />
<span class="irc-date">[7:51]</span> <span class="irc-black">&lt;slava&gt; evenint!</span><br />
<span class="irc-date">[7:51]</span> <span class="irc-black">&lt;slava&gt; g</span><br />
<span class="irc-date">[7:57]</span> <span class="irc-black">&lt;olabini&gt; ah, right, evening. =)</span><br />
<span class="irc-date">[7:58]</span> <span class="irc-black">&lt;olabini&gt; did you manage to put out all fires?</span><br />
<span class="irc-date">[7:58]</span> <span class="irc-black">&lt;slava&gt; mostly</span><br />
<span class="irc-date">[7:59]</span> <span class="irc-black">&lt;slava&gt; now I'm writing some code to render text with windows gdi</span><br />
<span class="irc-date">[7:59]</span> <span class="irc-black">&lt;slava&gt; its a bit of a pain</span><br />
<span class="irc-date">[7:59]</span> <span class="irc-black">&lt;olabini&gt; ah, yeah.</span><br />
<span class="irc-date">[7:59]</span> <span class="irc-black">&lt;olabini&gt; I haven't touched any windows API's for a long time, really.</span><br />
<span class="irc-date">[7:59]</span> <span class="irc-black">&lt;olabini&gt; I seem to remember they were unfun - but that was in the Visual C++ 6 times.</span><br />
<span class="irc-date">[7:59]</span> <span class="irc-black">&lt;slava&gt; I want to get rid of Factor's Pango dependency</span><br />
<span class="irc-date">[7:59]</span> <span class="irc-black">&lt;slava&gt; on Windows that is</span><br />
<span class="irc-date">[8:00]</span> <span class="irc-black">&lt;slava&gt; since it pulls in 7Mb of DLLs</span><br />
<span class="irc-date">[8:01]</span> <span class="irc-black">&lt;slava&gt; what's new in ioke?</span><br />
<span class="irc-date">[8:02]</span> <span class="irc-black">&lt;olabini&gt; aha</span><br />
<span class="irc-date">[8:02]</span> <span class="irc-black">&lt;olabini&gt; nothing new at the moment. I've been spending the last few days on some R&amp;D work for ThoughtWorks</span><br />
<span class="irc-date">[8:03]</span> <span class="irc-black">&lt;olabini&gt; trying to figure out what I want to include in Ioke before the next release</span><br />
<span class="irc-date">[8:03]</span> <span class="irc-black">&lt;olabini&gt; the java integration is more or less complete now, so I'm aiming for a release soon</span><br />
<span class="irc-date">[8:04]</span> <span class="irc-black">&lt;slava&gt; cool</span><br />
<span class="irc-date">[8:05]</span> <span class="irc-black">&lt;olabini&gt; right now I'm trying to iron out the last bugs in the parser - by asking for help on the Antlr list.</span><br />
<span class="irc-date">[8:05]</span> <span class="irc-black">&lt;olabini&gt; -)</span><br />
<span class="irc-date">[8:09]</span> <span class="irc-black">&lt;slava&gt; parsers can be tricky</span><br />
<span class="irc-date">[8:09]</span> <span class="irc-black">&lt;olabini&gt; yeah. the problem here is that I'm not sure if this is an artifact of Antlr, or something I've done wrong</span><br />
<span class="irc-date">[8:10]</span> <span class="irc-black">&lt;olabini&gt; Antlr is pretty simple to understand</span><br />
<span class="irc-date">[8:10]</span> <span class="irc-black">&lt;olabini&gt; except that the output includes minimized DFA's for prediction</span><br />
<span class="irc-date">[8:10]</span> <span class="irc-black">&lt;olabini&gt; and those are obviously opaque</span><br />
<span class="irc-date">[8:10]</span> <span class="irc-black">&lt;olabini&gt; and this problem seems to occur there</span><br />
<span class="irc-date">[8:10]</span> <span class="irc-black">&lt;olabini&gt; but the Antlr lists are generally very good, and Terence Parr is extremely responsive</span><br />
<span class="irc-date">[8:11]</span> <span class="irc-black">&lt;slava&gt; I don't understand LR(k) parsers very well</span><br />
<span class="irc-date">[8:11]</span> <span class="irc-black">&lt;olabini&gt; well, Antlr generates LL(*) parsers</span><br />
<span class="irc-date">[8:11]</span> <span class="irc-black">&lt;slava&gt; ah</span><br />
<span class="irc-date">[8:11]</span> <span class="irc-black">&lt;olabini&gt; LR is harder to understand</span><br />
<span class="irc-date">[8:12]</span> <span class="irc-black">&lt;slava&gt; I thought it was LR since it has LR in the name :-)</span><br />
<span class="irc-date">[8:12]</span> <span class="irc-black">&lt;slava&gt; yeah, LL is straightforward</span><br />
<span class="irc-date">[8:12]</span> <span class="irc-black">&lt;olabini&gt; yeah</span><br />
<span class="irc-date">[8:12]</span> <span class="irc-black">&lt;olabini&gt; hehe</span><br />
<span class="irc-date">[8:12]</span> <span class="irc-black">&lt;slava&gt; PEGs are also straightforward</span><br />
<span class="irc-date">[8:12]</span> <span class="irc-black">&lt;olabini&gt; yep</span><br />
<span class="irc-date">[8:12]</span> <span class="irc-black">&lt;slava&gt; except they don't perform so well</span><br />
<span class="irc-date">[8:12]</span> <span class="irc-black">&lt;olabini&gt; yeah</span><br />
<span class="irc-date">[8:12]</span> <span class="irc-black">&lt;olabini&gt; what does Factor use?</span><br />
<span class="irc-date">[8:12]</span> <span class="irc-black">&lt;olabini&gt; I assume you don't need that fancy parsing for the core language?</span><br />
<span class="irc-date">[8:12]</span> <span class="irc-black">&lt;slava&gt; factor's parser parsers whitespace separated tokens, that's it</span><br />
<span class="irc-date">[8:13]</span> <span class="irc-black">&lt;slava&gt; if the token is a parsing word it executes immediately</span><br />
<span class="irc-date">[8:13]</span> <span class="irc-black">&lt;slava&gt; otherwise its added to the parse tree</span><br />
<span class="irc-date">[8:13]</span> <span class="irc-black">&lt;slava&gt; and parsing words can read more tokens and modify the parse tree</span><br />
<span class="irc-date">[8:13]</span> <span class="irc-black">&lt;slava&gt; but we have a PEG parser genrator that we use for other stuff</span><br />
<span class="irc-date">[8:13]</span> <span class="irc-black">&lt;olabini&gt; yeah</span><br />
<span class="irc-date">[8:13]</span> <span class="irc-black">&lt;olabini&gt; ok</span><br />
<span class="irc-date">[8:14]</span> <span class="irc-black">&lt;olabini&gt; the Smalltalk example, was that the PEG generator?</span><br />
<span class="irc-date">[8:14]</span> <span class="irc-black">&lt;slava&gt; yeah</span><br />
<span class="irc-date">[8:14]</span> <span class="irc-black">&lt;olabini&gt; cool</span><br />
<span class="irc-date">[8:14]</span> <span class="irc-black">&lt;slava&gt; PEGs are really easy to implement, you should do that in Ioke as an example for newbs</span><br />
<span class="irc-date">[8:15]</span> <span class="irc-black">&lt;olabini&gt; yeah</span><br />
<span class="irc-date">[8:15]</span> <span class="irc-black">&lt;olabini&gt; I will</span><br />
<span class="irc-date">[8:15]</span> <span class="irc-black">&lt;slava&gt; if you avoid the packrat memoization and left-recursion elimination anyway</span><br />
<span class="irc-date">[8:15]</span> <span class="irc-black">&lt;olabini&gt; I have a simple parser combinator example already</span><br />
<span class="irc-date">[8:15]</span> <span class="irc-black">&lt;slava&gt; those two features are kind of needed to make them useful but they make the implementation ugly</span><br />
<span class="irc-date">[8:15]</span> <span class="irc-black">&lt;olabini&gt; but it's not as easy as I'd like because I don't have my tree rewriting implemented yet</span><br />
<span class="irc-date">[8:16]</span> <span class="irc-black">&lt;slava&gt; by parser combinators you mean monadic parsing?</span><br />
<span class="irc-date">[8:17]</span> <span class="irc-black">&lt;slava&gt; those are more expressive than PEGs but inefficient as hell</span><br />
<span class="irc-date">[8:17]</span> <span class="irc-black">&lt;olabini&gt; yep</span><br />
<span class="irc-date">[8:17]</span> <span class="irc-black">&lt;slava&gt; I think in general, LL or LR parsing on top of a regular lexer is the way to go</span><br />
<span class="irc-date">[8:17]</span> <span class="irc-black">&lt;olabini&gt; true</span><br />
<span class="irc-date">[8:18]</span> <span class="irc-black">&lt;slava&gt; I've only recently familiarized myself with the theory behind this stuff</span><br />
<span class="irc-date">[8:18]</span> <span class="irc-black">&lt;slava&gt; its pretty interesting</span><br />
<span class="irc-date">[8:18]</span> <span class="irc-black">&lt;olabini&gt; yeah, it is</span><br />
<span class="irc-date">[8:19]</span> <span class="irc-black">&lt;olabini&gt; I was familiar with it a while back</span><br />
<span class="irc-date">[8:19]</span> <span class="irc-black">&lt;slava&gt; until a few months ago I never knew that regular expressions had a formal theory behind them, I thought itwas just a Unix hack</span><br />
<span class="irc-date">[8:19]</span> <span class="irc-black">&lt;olabini&gt; but that knowledge has disappeared a bit</span><br />
<span class="irc-date">[8:19]</span> <span class="irc-black">&lt;olabini&gt; hehe</span><br />
<span class="irc-date">[8:19]</span> <span class="irc-black">&lt;olabini&gt; yeah</span><br />
<span class="irc-date">[8:19]</span> <span class="irc-black">&lt;olabini&gt; well, it is a hack in most implementations</span><br />
<span class="irc-date">[8:19]</span> <span class="irc-black">&lt;olabini&gt; =)</span><br />
<span class="irc-date">[8:19]</span> <span class="irc-black">&lt;slava&gt; not having a CS degree means you miss out on learning stuff that you don't directly apply in day to day coding, and I've never written many parsers</span><br />
<span class="irc-date">[8:19]</span> <span class="irc-black">&lt;olabini&gt; yeah, that's true</span><br />
<span class="irc-date">[8:19]</span> <span class="irc-black">&lt;olabini&gt; I don't have a CS degree either</span><br />
<span class="irc-date">[8:19]</span> <span class="irc-black">&lt;olabini&gt; but I've spent some time with parsers</span><br />
<span class="irc-date">[8:20]</span> <span class="irc-black">&lt;olabini&gt; wrote JRuby's YAML support by hand, among other things</span><br />
<span class="irc-date">[8:20]</span> <span class="irc-black">&lt;olabini&gt; which includes a shift-reduce parser for a grammar that is context dependent.</span><br />
<span class="irc-date">[8:20]</span> <span class="irc-black">&lt;olabini&gt; very ugly</span><br />
<span class="irc-date">[8:20]</span> <span class="irc-black">&lt;slava&gt; heh</span><br />
<span class="irc-date">[8:20]</span> <span class="irc-black">&lt;slava&gt; yaml has indentation-sensitive syntax right?</span><br />
<span class="irc-date">[8:21]</span> <span class="irc-black">&lt;slava&gt; which pretty much means you have to hand-code the parser no? or are there formalisms nowadays that deal with it?</span><br />
<span class="irc-date">[8:21]</span> <span class="irc-black">&lt;olabini&gt; yeah,</span><br />
<span class="irc-date">[8:21]</span> <span class="irc-black">&lt;olabini&gt; well</span><br />
<span class="irc-date">[8:21]</span> <span class="irc-black">&lt;olabini&gt; you can do it with generators</span><br />
<span class="irc-date">[8:21]</span> <span class="irc-black">&lt;olabini&gt; but you have to work with semantic predicates or something equivalent</span><br />
<span class="irc-date">[8:21]</span> <span class="irc-black">&lt;olabini&gt; all over the place</span><br />
<span class="irc-date">[8:21]</span> <span class="irc-black">&lt;olabini&gt; YAML has some other things that are also context-dependent</span><br />
<span class="irc-date">[8:22]</span> <span class="irc-black">&lt;olabini&gt; so it's whitespace and what keys can be in scope and a few more things</span><br />
<span class="irc-date">[8:22]</span> <span class="irc-black">&lt;slava&gt; smalltalk's keyword message send syntax is a bitch</span><br />
<span class="irc-date">[8:22]</span> <span class="irc-black">&lt;olabini&gt; it turns out the best way was to create a scanner that is a combined lexer and pre-parser</span><br />
<span class="irc-date">[8:22]</span> <span class="irc-black">&lt;olabini&gt; and then a shift-reduce parser on top of that</span><br />
<span class="irc-date">[8:22]</span> <span class="irc-black">&lt;olabini&gt; ah, yeah, that's true</span><br />
<span class="irc-date">[8:23]</span> <span class="irc-black">&lt;slava&gt; have you thought about what kind of developer tools you want to have for Ioke?</span><br />
<span class="irc-date">[8:23]</span> <span class="irc-black">&lt;slava&gt; IDE/editor-wise</span><br />
<span class="irc-date">[8:24]</span> <span class="irc-black">&lt;olabini&gt; haha</span><br />
<span class="irc-date">[8:24]</span> <span class="irc-black">&lt;olabini&gt; no, not yet</span><br />
<span class="irc-date">[8:24]</span> <span class="irc-black">&lt;olabini&gt; Emacs support</span><br />
<span class="irc-date">[8:24]</span> <span class="irc-black">&lt;olabini&gt; =)</span><br />
<span class="irc-date">[8:24]</span> <span class="irc-black">&lt;olabini&gt; I'm working on an Antlr backend for Emacs</span><br />
<span class="irc-date">[8:24]</span> <span class="irc-black">&lt;olabini&gt; so I can generate a parser for an Emacs mode from the same grammar as the language</span><br />
<span class="irc-date">[8:25]</span> <span class="irc-black">&lt;olabini&gt; but that's about it</span><br />
<span class="irc-date">[8:25]</span> <span class="irc-black">&lt;slava&gt; emacs with a good repl is a pretty decent mix</span><br />
<span class="irc-date">[8:25]</span> <span class="irc-black">&lt;slava&gt; I'm a pretty old-fashioned guy</span><br />
<span class="irc-date">[8:26]</span> <span class="irc-black">&lt;slava&gt; I think the main thing missing from classical REPLs is integrated docs</span><br />
<span class="irc-date">[8:27]</span> <span class="irc-black">&lt;olabini&gt; yeah</span><br />
<span class="irc-date">[8:27]</span> <span class="irc-black">&lt;olabini&gt; Ioke has integrated docs in the runtime model</span><br />
<span class="irc-date">[8:27]</span> <span class="irc-black">&lt;olabini&gt; and a REPL, of course</span><br />
<span class="irc-date">[8:27]</span> <span class="irc-black">&lt;olabini&gt; =)</span><br />
<span class="irc-date">[8:29]</span> <span class="irc-black">&lt;olabini&gt; just got an answer about my lexer problem. it was me being stupid. yay!</span><br />
<span class="irc-date">[8:45]</span> <span class="irc-black">&lt;olabini&gt; AND a bug in another place</span><br />
<span class="irc-date">[9:04]</span> <span class="irc-black">&lt;CIA-28&gt; ioke: Ola Bini master * rac30251 / src/grammar/ioke.g : Make DecimalLiteral a fragment - <a href="http://bit.ly/YmHXf">http://bit.ly/YmHXf</a></span><br />
<span class="irc-date">[9:04]</span> <span class="irc-black">&lt;CIA-28&gt; ioke: Ola Bini master * rebeb166 / (3 files in 3 dirs): Fix #195 - looping forever on some bad input - <a href="http://bit.ly/1dmWwc">http://bit.ly/1dmWwc</a></span><br />
<span class="irc-date">[9:05]</span> <span class="irc-black">&lt;olabini&gt; no more bugs in the Ioke bug tracker!</span><br />
<span class="irc-date">[9:05]</span> <span class="irc-black">&lt;olabini&gt; I guess that means I need to focus on real work for a while</span><br />
<span class="irc-date">[9:15]</span> <span class="irc-green">* naeu (n=sam@h36036.upc-h.chello.nl) has joined #ioke</span><br />
<span class="irc-date">[9:15]</span> <span class="irc-black">&lt;olabini&gt; hi Sam</span><br />
<span class="irc-date">[9:17]</span> <span class="irc-black">&lt;naeu&gt; hey ola</span><br />
<span class="irc-date">[9:17]</span> <span class="irc-black">&lt;naeu&gt; have you seen this: <a href="http://www.youtube.com/watch?v=3mMH1cHWB6c">http://www.youtube.com/watch?v=3mMH1cHWB6c</a></span><br />
<span class="irc-date">[9:58]</span> <span class="irc-black">&lt;naeu&gt; you won't like me today</span><br />
<span class="irc-date">[10:03]</span> <span class="irc-black">&lt;olabini&gt; haha. oh yeah?</span><br />
<span class="irc-date">[10:04]</span> <span class="irc-black">&lt;naeu&gt; just submitted a new bug ;-)</span><br />
<span class="irc-date">[10:04]</span> <span class="irc-black">&lt;olabini&gt; lots of failures on openjdk?</span><br />
<span class="irc-date">[10:04]</span> <span class="irc-black">&lt;olabini&gt; ah, that's fine</span><br />
<span class="irc-date">[10:04]</span> <span class="irc-black">&lt;naeu&gt; hehe</span><br />
<span class="irc-date">[10:05]</span> <span class="irc-black">&lt;naeu&gt; oh, and i fixed up the partial templating implementation using relative 'use's</span><br />
<span class="irc-date">[10:05]</span> <span class="irc-black">&lt;naeu&gt; so that all works fine for me too</span><br />
<span class="irc-date">[10:05]</span> <span class="irc-black">&lt;olabini&gt; =)</span><br />
<span class="irc-date">[10:05]</span> <span class="irc-black">&lt;naeu&gt; although i would like something like:</span><br />
<span class="irc-date">[10:05]</span> <span class="irc-black">&lt;naeu&gt; use relative('foo')</span><br />
<span class="irc-date">[10:06]</span> <span class="irc-black">&lt;naeu&gt; where relative = method("Returns a path relative to the current file", relativePath, System currentDirectory + relativePath)</span><br />
<span class="irc-date">[10:07]</span> <span class="irc-black">&lt;naeu&gt; or something similar</span><br />
<span class="irc-date">[10:07]</span> <span class="irc-black">&lt;naeu&gt; although that probably wouldn't work because you need to be smart about /s</span><br />
<span class="irc-date">[10:08]</span> <span class="irc-black">&lt;olabini&gt; sure</span><br />
<span class="irc-date">[10:08]</span> <span class="irc-black">&lt;olabini&gt; implement it</span><br />
<span class="irc-date">[10:08]</span> <span class="irc-black">&lt;olabini&gt; =)</span><br />
<span class="irc-date">[10:09]</span> <span class="irc-black">&lt;naeu&gt; ok :-)</span><br />
<span class="irc-date">[10:11]</span> <span class="irc-black">&lt;olabini&gt; you need to evaluate System currentDirectory in the context of the caller, of course</span><br />
<span class="irc-date">[10:11]</span> <span class="irc-black">&lt;olabini&gt; =)</span><br />
<span class="irc-date">[10:11]</span> <span class="irc-black">&lt;olabini&gt; hmm. that could be tricky, you're right</span><br />
<span class="irc-date">[10:11]</span> <span class="irc-black">&lt;naeu&gt; yep</span><br />
<span class="irc-date">[10:11]</span> <span class="irc-black">&lt;olabini&gt; you might need to add an optional argument to currentDirectory, that can be a message</span><br />
<span class="irc-date">[10:12]</span> <span class="irc-black">&lt;naeu&gt; and make currentDirectory a macro to get the caller's context?</span><br />
<span class="irc-date">[10:13]</span> <span class="irc-black">&lt;olabini&gt; no, not exactly</span><br />
<span class="irc-date">[10:13]</span> <span class="irc-black">&lt;olabini&gt; if you look at the implementation of currentDirectory</span><br />
<span class="irc-date">[10:13]</span> <span class="irc-black">&lt;olabini&gt; it uses the current message to find the filename</span><br />
<span class="irc-date">[10:13]</span> <span class="irc-black">&lt;olabini&gt; just take an optional argument that should be the message</span><br />
<span class="irc-date">[10:14]</span> <span class="irc-black">&lt;olabini&gt; and then use relative can be a macro that accesses the call message</span><br />
<span class="irc-date">[10:15]</span> <span class="irc-black">&lt;naeu&gt; ah ok</span><br />
<span class="irc-date">[10:15]</span> <span class="irc-black">&lt;naeu&gt; so if there's a message, evaluate that to retrieve the file name</span><br />
<span class="irc-date">[10:15]</span> <span class="irc-black">&lt;naeu&gt; and if not, use the current message</span><br />
<span class="irc-date">[10:31]</span> <span class="irc-black">&lt;olabini&gt; yep</span><br />
<span class="irc-date">[10:32]</span> <span class="irc-black">&lt;naeu&gt; so a cross between java and ioke implementation :-)</span><br />
<span class="irc-date">[10:33]</span> <span class="irc-black">&lt;naeu&gt; ok, i'll look into it after work (i'm sure it would take you about 3 minutes 34 seconds to implement, but I'm stupid and slow)</span><br />
<span class="irc-date">[10:33]</span> <span class="irc-black">&lt;naeu&gt; :-)</span><br />
<span class="irc-date">[10:38]</span> <span class="irc-green">* martido (n=martin@213.61.180.190) has joined #ioke</span><br />
<span class="irc-date">[11:27]</span> <span class="irc-green">* mkrauskopf (n=mkrausko@195.47.79.66) has joined #ioke</span><br />
<span class="irc-date">[12:24]</span> <span class="irc-navy">* mkrauskopf (n=mkrausko@195.47.79.66) Quit (Read error: 60 (Operation timed out))</span><br />
<span class="irc-date">[12:39]</span> <span class="irc-green">* mkrauskopf (n=mkrausko@nat/sun/x-439482da98d562c0) has joined #ioke</span><br />
<span class="irc-date">[12:39]</span> <span class="irc-black">&lt;naeu&gt; olabini: by the way, I love your idea about writing some AST manipulation mechanisms into core ioke</span><br />
<span class="irc-date">[12:40]</span> <span class="irc-black">&lt;naeu&gt; I can totally see uses for converting foo bar baz -&gt; foo(bar(baz))</span><br />
<span class="irc-date">[12:40]</span> <span class="irc-black">&lt;naeu&gt; etc.</span><br />
<span class="irc-date">[12:50]</span> <span class="irc-black">&lt;olabini&gt; yeah</span><br />
<span class="irc-date">[12:54]</span> <span class="irc-black">&lt;slava&gt; olabini: have you thought of making the parser extensible?</span><br />
<span class="irc-date">[12:54]</span> <span class="irc-black">&lt;slava&gt; basically allow user code to take over a part of a source file entirely</span><br />
<span class="irc-date">[13:03]</span> <span class="irc-black">&lt;olabini&gt; slava: I considered it earlier, but decided against it.</span><br />
<span class="irc-date">[13:04]</span> <span class="irc-black">&lt;olabini&gt; the syntax is flexible enough as it is, and I'm more interested in semantic expressability.</span><br />
<span class="irc-date">[13:14]</span> <span class="irc-navy">* mkrauskopf (n=mkrausko@nat/sun/x-439482da98d562c0) Quit (Read error: 113 (No route to host))</span><br />
<span class="irc-date">[13:16]</span> <span class="irc-green">* mkrauskopf (n=mkrausko@195.47.79.66) has joined #ioke</span><br />
<span class="irc-date">[13:21]</span> <span class="irc-black">&lt;slava&gt; olabini: fair enough</span><br />
<span class="irc-date">[13:21]</span> <span class="irc-black">&lt;slava&gt; olabini: sometimes I can't help but wonder if some of the more extreme tricks people pull with keyword arguments, funny message names, mehodNotUnderstood and blocks aren't easier to express with a bog-standard EBNF grammar though</span><br />
<span class="irc-date">[13:22]</span> <span class="irc-black">&lt;slava&gt; some guy implemented basic, with line numbers, as an EDSL in Haskell, by abusing typeclasses, monads, and the overloading of integers based on context</span><br />
<span class="irc-date">[13:22]</span> <span class="irc-black">&lt;slava&gt; its a cool trick, but if you're doing that in a real library you may as well just write a parser instead of hooking into intricasies of the host language's grammar</span><br />
<span class="irc-date">[13:35]</span> <span class="irc-black">&lt;olabini&gt; yeah</span><br />
<span class="irc-date">[14:19]</span> <span class="irc-green">* Narnach_ (n=narnach@a82-94-4-219.adsl.xs4all.nl) has joined #ioke</span><br />
<span class="irc-date">[14:24]</span> <span class="irc-navy">* Narnach (n=narnach@a82-94-4-219.adsl.xs4all.nl) Quit (Read error: 60 (Operation timed out))</span><br />
<span class="irc-date">[15:44]</span> <span class="irc-green">* Narnach_ is now known as Narnach</span><br />
<span class="irc-date">[16:16]</span> <span class="irc-navy">* Narnach (n=narnach@a82-94-4-219.adsl.xs4all.nl) Quit ("Leaving...")</span><br />
<span class="irc-date">[16:30]</span> <span class="irc-navy">* martido (n=martin@213.61.180.190) Quit ()</span><br />
<span class="irc-date">[16:57]</span> <span class="irc-navy">* naeu (n=sam@h36036.upc-h.chello.nl) Quit ()</span><br />
<span class="irc-date">[17:19]</span> <span class="irc-black">&lt;CIA-28&gt; ioke: Ola Bini master * r5bc9f76 / test/file_system_spec.ik : Fix #223, by not checking ordering of file system entries, just their availability - <a href="http://bit.ly/17uy3I">http://bit.ly/17uy3I</a></span><br />
<span class="irc-date">[17:19]</span> <span class="irc-black">&lt;CIA-28&gt; ioke: Ola Bini master * rc44e08b / (docs/missing docs/todo_for_ioke_e): Add some more docs - <a href="http://bit.ly/AkZVq">http://bit.ly/AkZVq</a></span><br />
<span class="irc-date">[17:20]</span> <span class="irc-green">* embro1001 (n=sintaks@h69-129-134-210.nwblwi.dedicated.static.tds.net) has joined #ioke</span><br />
<span class="irc-date">[17:39]</span> <span class="irc-green">* kar8nga (n=kar8nga@e-96.vc-graz.ac.at) has joined #ioke</span><br />
<span class="irc-date">[18:31]</span> <span class="irc-navy">* kar8nga (n=kar8nga@e-96.vc-graz.ac.at) Quit (Remote closed the connection)</span><br />
<span class="irc-date">[20:38]</span> <span class="irc-green">* skaar_ (n=skaar@substruction.net) has joined #ioke</span><br />
<span class="irc-date">[20:40]</span> <span class="irc-navy">* skaar (n=skaar@substruction.net) Quit (Read error: 104 (Connection reset by peer))</span><br />
<span class="irc-date">[20:47]</span> <span class="irc-green">* naeu (n=sam@dhcp-077-248-060-144.chello.nl) has joined #ioke</span><br />
<span class="irc-date">[21:32]</span> <span class="irc-navy">* naeu (n=sam@dhcp-077-248-060-144.chello.nl) Quit ()</span><br />
<span class="irc-date">[22:39]</span> <span class="irc-navy">* mkrauskopf (n=mkrausko@195.47.79.66) Quit ("Leaving")</span><br />
