<span class="irc-date">[2:41]</span> <span class="irc-green">* embro1001 (n=sintaks@c-98-247-136-94.hsd1.wa.comcast.net) has joined #ioke</span><br />
<span class="irc-date">[5:01]</span> <span class="irc-navy">* embro1001 (n=sintaks@c-98-247-136-94.hsd1.wa.comcast.net) Quit (Client Quit)</span><br />
<span class="irc-date">[7:28]</span> <span class="irc-navy">* melwin (n=soup@ua-83-227-215-81.cust.bredbandsbolaget.se) Quit (Read error: 110 (Connection timed out))</span><br />
<span class="irc-date">[10:10]</span> <span class="irc-green">* naeu (n=sam@e170138.upc-e.chello.nl) has joined #ioke</span><br />
<span class="irc-date">[10:28]</span> <span class="irc-navy">* olabini (n=ola@c-114de155.1110-8-64736c13.cust.bredbandsbolaget.se) Quit (leguin.freenode.net irc.freenode.net)</span><br />
<span class="irc-date">[10:28]</span> <span class="irc-navy">* naeu (n=sam@e170138.upc-e.chello.nl) Quit (leguin.freenode.net irc.freenode.net)</span><br />
<span class="irc-date">[10:28]</span> <span class="irc-navy">* CIA-47 (n=CIA@208.69.182.149) Quit (leguin.freenode.net irc.freenode.net)</span><br />
<span class="irc-date">[10:29]</span> <span class="irc-green">* olabini (n=ola@c-114de155.1110-8-64736c13.cust.bredbandsbolaget.se) has joined #ioke</span><br />
<span class="irc-date">[10:29]</span> <span class="irc-green">* naeu (n=sam@e170138.upc-e.chello.nl) has joined #ioke</span><br />
<span class="irc-date">[10:29]</span> <span class="irc-green">* CIA-47 (n=CIA@208.69.182.149) has joined #ioke</span><br />
<span class="irc-date">[10:33]</span> <span class="irc-red">[freenode-connect VERSION]</span><br />
<span class="irc-date">[10:52]</span> <span class="irc-navy">* olabini (n=ola@c-114de155.1110-8-64736c13.cust.bredbandsbolaget.se) Quit (leguin.freenode.net irc.freenode.net)</span><br />
<span class="irc-date">[10:52]</span> <span class="irc-navy">* naeu (n=sam@e170138.upc-e.chello.nl) Quit (leguin.freenode.net irc.freenode.net)</span><br />
<span class="irc-date">[10:52]</span> <span class="irc-navy">* CIA-47 (n=CIA@208.69.182.149) Quit (leguin.freenode.net irc.freenode.net)</span><br />
<span class="irc-date">[10:53]</span> <span class="irc-green">* olabini (n=ola@c-114de155.1110-8-64736c13.cust.bredbandsbolaget.se) has joined #ioke</span><br />
<span class="irc-date">[10:53]</span> <span class="irc-green">* naeu (n=sam@e170138.upc-e.chello.nl) has joined #ioke</span><br />
<span class="irc-date">[10:53]</span> <span class="irc-green">* CIA-47 (n=CIA@208.69.182.149) has joined #ioke</span><br />
<span class="irc-date">[11:01]</span> <span class="irc-red">[freenode-connect VERSION]</span><br />
<span class="irc-date">[11:50]</span> <span class="irc-navy">* olabini (n=ola@c-114de155.1110-8-64736c13.cust.bredbandsbolaget.se) Quit (leguin.freenode.net irc.freenode.net)</span><br />
<span class="irc-date">[11:50]</span> <span class="irc-navy">* naeu (n=sam@e170138.upc-e.chello.nl) Quit (leguin.freenode.net irc.freenode.net)</span><br />
<span class="irc-date">[11:50]</span> <span class="irc-navy">* CIA-47 (n=CIA@208.69.182.149) Quit (leguin.freenode.net irc.freenode.net)</span><br />
<span class="irc-date">[11:52]</span> <span class="irc-green">* olabini (n=ola@c-114de155.1110-8-64736c13.cust.bredbandsbolaget.se) has joined #ioke</span><br />
<span class="irc-date">[11:52]</span> <span class="irc-green">* naeu (n=sam@e170138.upc-e.chello.nl) has joined #ioke</span><br />
<span class="irc-date">[11:52]</span> <span class="irc-green">* CIA-47 (n=CIA@208.69.182.149) has joined #ioke</span><br />
<span class="irc-date">[11:54]</span> <span class="irc-navy">* olabini (n=ola@c-114de155.1110-8-64736c13.cust.bredbandsbolaget.se) Quit (leguin.freenode.net irc.freenode.net)</span><br />
<span class="irc-date">[11:54]</span> <span class="irc-navy">* naeu (n=sam@e170138.upc-e.chello.nl) Quit (leguin.freenode.net irc.freenode.net)</span><br />
<span class="irc-date">[11:54]</span> <span class="irc-navy">* CIA-47 (n=CIA@208.69.182.149) Quit (leguin.freenode.net irc.freenode.net)</span><br />
<span class="irc-date">[11:56]</span> <span class="irc-green">* olabini (n=ola@c-114de155.1110-8-64736c13.cust.bredbandsbolaget.se) has joined #ioke</span><br />
<span class="irc-date">[11:56]</span> <span class="irc-green">* naeu (n=sam@e170138.upc-e.chello.nl) has joined #ioke</span><br />
<span class="irc-date">[11:56]</span> <span class="irc-green">* CIA-47 (n=CIA@208.69.182.149) has joined #ioke</span><br />
<span class="irc-date">[12:02]</span> <span class="irc-red">[freenode-connect VERSION]</span><br />
<span class="irc-date">[13:52]</span> <span class="irc-navy">* olabini (n=ola@c-114de155.1110-8-64736c13.cust.bredbandsbolaget.se) Quit (leguin.freenode.net irc.freenode.net)</span><br />
<span class="irc-date">[13:52]</span> <span class="irc-navy">* CIA-47 (n=CIA@208.69.182.149) Quit (leguin.freenode.net irc.freenode.net)</span><br />
<span class="irc-date">[13:52]</span> <span class="irc-navy">* naeu (n=sam@e170138.upc-e.chello.nl) Quit (leguin.freenode.net irc.freenode.net)</span><br />
<span class="irc-date">[13:53]</span> <span class="irc-green">* olabini (n=ola@c-114de155.1110-8-64736c13.cust.bredbandsbolaget.se) has joined #ioke</span><br />
<span class="irc-date">[13:53]</span> <span class="irc-green">* naeu (n=sam@e170138.upc-e.chello.nl) has joined #ioke</span><br />
<span class="irc-date">[13:53]</span> <span class="irc-green">* CIA-47 (n=CIA@208.69.182.149) has joined #ioke</span><br />
<span class="irc-date">[13:59]</span> <span class="irc-brown">-martinp23_- [Server Notice] Hi folks.  As you've probably noticed this server has had some connectivity problems the past few hours.  We'd suggest jumping to another server by re-connecting to chat.freenode.net .  Thanks for using freenode and sorry about the inconvenience!</span><br />
<span class="irc-date">[14:10]</span> <span class="irc-red">[freenode-connect VERSION]</span><br />
<span class="irc-date">[14:14]</span> <span class="irc-navy">* olabini (n=ola@c-114de155.1110-8-64736c13.cust.bredbandsbolaget.se) Quit (leguin.freenode.net irc.freenode.net)</span><br />
<span class="irc-date">[14:14]</span> <span class="irc-navy">* naeu (n=sam@e170138.upc-e.chello.nl) Quit (leguin.freenode.net irc.freenode.net)</span><br />
<span class="irc-date">[14:14]</span> <span class="irc-navy">* CIA-47 (n=CIA@208.69.182.149) Quit (leguin.freenode.net irc.freenode.net)</span><br />
<span class="irc-date">[14:14]</span> <span class="irc-green">* olabini (n=ola@c-114de155.1110-8-64736c13.cust.bredbandsbolaget.se) has joined #ioke</span><br />
<span class="irc-date">[14:14]</span> <span class="irc-green">* naeu (n=sam@e170138.upc-e.chello.nl) has joined #ioke</span><br />
<span class="irc-date">[14:14]</span> <span class="irc-green">* CIA-47 (n=CIA@208.69.182.149) has joined #ioke</span><br />
<span class="irc-date">[14:42]</span> <span class="irc-red">[freenode-connect VERSION]</span><br />
<span class="irc-date">[15:01]</span> <span class="irc-navy">* naeu (n=sam@e170138.upc-e.chello.nl) Quit ()</span><br />
<span class="irc-date">[15:01]</span> <span class="irc-green">* naeu (n=sam@e170138.upc-e.chello.nl) has joined #ioke</span><br />
<span class="irc-date">[15:54]</span> <span class="irc-green">* donizetti (n=donizett@187.37.200.99) has joined #ioke</span><br />
<span class="irc-date">[15:55]</span> <span class="irc-black">&lt;donizetti&gt; hi! ;)</span><br />
<span class="irc-date">[16:13]</span> <span class="irc-navy">* naeu (n=sam@e170138.upc-e.chello.nl) Quit ()</span><br />
<span class="irc-date">[17:19]</span> <span class="irc-green">* naeu (n=sam@dhcp-077-248-060-144.chello.nl) has joined #ioke</span><br />
<span class="irc-date">[17:23]</span> <span class="irc-black">&lt;donizetti&gt; naeu : how are u?</span><br />
<span class="irc-date">[17:42]</span> <span class="irc-black">&lt;naeu&gt; donizetti: hey there</span><br />
<span class="irc-date">[17:43]</span> <span class="irc-black">&lt;naeu&gt; I'm very well thanks</span><br />
<span class="irc-date">[17:44]</span> <span class="irc-black">&lt;donizetti&gt; naeu: :)</span><br />
<span class="irc-date">[17:51]</span> <span class="irc-black">&lt;naeu&gt; how are you doing?</span><br />
<span class="irc-date">[17:51]</span> <span class="irc-black">&lt;naeu&gt; are you well?</span><br />
<span class="irc-date">[18:01]</span> <span class="irc-black">&lt;donizetti&gt; i'm pretty good. thanks!</span><br />
<span class="irc-date">[18:11]</span> <span class="irc-black">&lt;naeu&gt; what have you been up to recently?</span><br />
<span class="irc-date">[18:12]</span> <span class="irc-black">&lt;donizetti&gt; recently I've been writing about rspec, cucumber and BDD!</span><br />
<span class="irc-date">[18:12]</span> <span class="irc-black">&lt;naeu&gt; cool</span><br />
<span class="irc-date">[18:12]</span> <span class="irc-black">&lt;naeu&gt; I love RSpec</span><br />
<span class="irc-date">[18:13]</span> <span class="irc-black">&lt;naeu&gt; although I admit I haven't used Cucumber yet</span><br />
<span class="irc-date">[18:13]</span> <span class="irc-black">&lt;donizetti&gt; the company which I work for is an training company, and I'm in charge of wrinting a course about those stuff!</span><br />
<span class="irc-date">[18:13]</span> <span class="irc-black">&lt;donizetti&gt; :O</span><br />
<span class="irc-date">[18:13]</span> <span class="irc-black">&lt;donizetti&gt; rspec is an amazing framework, but I have to say that what I like most is Cucumber! :)</span><br />
<span class="irc-date">[18:13]</span> <span class="irc-black">&lt;naeu&gt; sounds like a lot of fun</span><br />
<span class="irc-date">[18:13]</span> <span class="irc-black">&lt;naeu&gt; I love teaching</span><br />
<span class="irc-date">[18:14]</span> <span class="irc-black">&lt;naeu&gt; especially to those that are interested</span><br />
<span class="irc-date">[18:14]</span> <span class="irc-black">&lt;donizetti&gt; yeah</span><br />
<span class="irc-date">[18:14]</span> <span class="irc-black">&lt;donizetti&gt; i love it too</span><br />
<span class="irc-date">[18:14]</span> <span class="irc-black">&lt;naeu&gt; (which is why I could never teach in schools)</span><br />
<span class="irc-date">[18:16]</span> <span class="irc-black">&lt;donizetti&gt; for me teaching is an amazing thing, because even at courses I have given thousands of times I'll learn something new when I give it again</span><br />
<span class="irc-date">[18:16]</span> <span class="irc-black">&lt;donizetti&gt; =D</span><br />
<span class="irc-date">[18:16]</span> <span class="irc-black">&lt;naeu&gt; :-)</span><br />
<span class="irc-date">[18:16]</span> <span class="irc-black">&lt;naeu&gt; absolutely</span><br />
<span class="irc-date">[18:16]</span> <span class="irc-black">&lt;naeu&gt; you really learn a lot through the teaching process</span><br />
<span class="irc-date">[18:16]</span> <span class="irc-black">&lt;naeu&gt; it's easy to convince yourself you understand something</span><br />
<span class="irc-date">[18:16]</span> <span class="irc-black">&lt;naeu&gt; however, it's much harder to explain something to someone else</span><br />
<span class="irc-date">[18:17]</span> <span class="irc-black">&lt;donizetti&gt; yeah</span><br />
<span class="irc-date">[18:17]</span> <span class="irc-black">&lt;donizetti&gt; but I'm always spending some time thinking about ways to explain something!</span><br />
<span class="irc-date">[18:18]</span> <span class="irc-black">&lt;donizetti&gt; i think that the most important tip about that is try to use the black-board as much as you can!</span><br />
<span class="irc-date">[18:20]</span> <span class="irc-black">&lt;naeu&gt; yeah, absolutely</span><br />
<span class="irc-date">[18:20]</span> <span class="irc-black">&lt;naeu&gt; I love drawing my thoughts</span><br />
<span class="irc-date">[18:21]</span> <span class="irc-black">&lt;donizetti&gt; =D</span><br />
<span class="irc-date">[18:22]</span> <span class="irc-black">&lt;donizetti&gt; soon I will be landing in london, I'm participating of ThoughtWorks' hiring process, maybe I take this opportunity to get to know Amsterdam! =D</span><br />
<span class="irc-date">[18:23]</span> <span class="irc-black">&lt;naeu&gt; well if you decide to visit, I'd be happy to show you around</span><br />
<span class="irc-date">[18:34]</span> <span class="irc-green">* donizetti_ (n=donizett@187.37.200.99) has joined #ioke</span><br />
<span class="irc-date">[18:34]</span> <span class="irc-black">&lt;donizetti_&gt; cool!</span><br />
<span class="irc-date">[18:51]</span> <span class="irc-navy">* donizetti (n=donizett@187.37.200.99) Quit (Read error: 110 (Connection timed out))</span><br />
<span class="irc-date">[19:21]</span> <span class="irc-green">* kar8nga (n=kar8nga@a-68.vc-graz.ac.at) has joined #ioke</span><br />
<span class="irc-date">[19:54]</span> <span class="irc-navy">* donizetti_ (n=donizett@187.37.200.99) Quit ()</span><br />
<span class="irc-date">[19:55]</span> <span class="irc-navy">* naeu (n=sam@dhcp-077-248-060-144.chello.nl) Quit ()</span><br />
<span class="irc-date">[21:20]</span> <span class="irc-navy">* kar8nga (n=kar8nga@a-68.vc-graz.ac.at) Quit (Remote closed the connection)</span><br />
