<span class="irc-date">[3:00]</span> <span class="irc-green">* richcollins (n=richcoll@64-142-30-158.dsl.static.sonic.net) has joined #ioke</span><br />
<span class="irc-date">[3:22]</span> <span class="irc-navy">* pdelgallego (n=pdelgall@42.Red-217-125-2.staticIP.rima-tde.net) Quit (Read error: 60 (Operation timed out))</span><br />
<span class="irc-date">[3:34]</span> <span class="irc-navy">* richcollins (n=richcoll@64-142-30-158.dsl.static.sonic.net) Quit ()</span><br />
<span class="irc-date">[3:50]</span> <span class="irc-green">* richcollins (n=richcoll@64-142-30-158.dsl.static.sonic.net) has joined #ioke</span><br />
<span class="irc-date">[3:53]</span> <span class="irc-navy">* richcollins (n=richcoll@64-142-30-158.dsl.static.sonic.net) Quit (Client Quit)</span><br />
<span class="irc-date">[3:56]</span> <span class="irc-green">* richcollins (n=richcoll@64-142-30-158.dsl.static.sonic.net) has joined #ioke</span><br />
<span class="irc-date">[3:58]</span> <span class="irc-navy">* richcollins (n=richcoll@64-142-30-158.dsl.static.sonic.net) Quit (Client Quit)</span><br />
<span class="irc-date">[6:57]</span> <span class="irc-green">* richcollins (n=richcoll@64-142-30-158.dsl.static.sonic.net) has joined #ioke</span><br />
<span class="irc-date">[8:44]</span> <span class="irc-navy">* richcollins (n=richcoll@64-142-30-158.dsl.static.sonic.net) Quit ()</span><br />
<span class="irc-date">[8:47]</span> <span class="irc-green">* richcollins (n=richcoll@64-142-30-158.dsl.static.sonic.net) has joined #ioke</span><br />
<span class="irc-date">[8:49]</span> <span class="irc-navy">* richcollins (n=richcoll@64-142-30-158.dsl.static.sonic.net) Quit (Client Quit)</span><br />
<span class="irc-date">[9:28]</span> <span class="irc-green">* kar8nga (n=kar8nga@jol13-1-82-66-176-74.fbx.proxad.net) has joined #ioke</span><br />
<span class="irc-date">[10:45]</span> <span class="irc-green">* pdelgallego (n=pdelgall@42.Red-217-125-2.staticIP.rima-tde.net) has joined #ioke</span><br />
<span class="irc-date">[11:23]</span> <span class="irc-navy">* kar8nga (n=kar8nga@jol13-1-82-66-176-74.fbx.proxad.net) Quit (Remote closed the connection)</span><br />
<span class="irc-date">[11:45]</span> <span class="irc-green">* kar8nga (n=kar8nga@jol13-1-82-66-176-74.fbx.proxad.net) has joined #ioke</span><br />
<span class="irc-date">[14:20]</span> <span class="irc-navy">* olabini (n=ola@212.107.147.30) Quit (calvino.freenode.net irc.freenode.net)</span><br />
<span class="irc-date">[14:21]</span> <span class="irc-navy">* pdelgallego (n=pdelgall@42.Red-217-125-2.staticIP.rima-tde.net) Quit (calvino.freenode.net irc.freenode.net)</span><br />
<span class="irc-date">[14:21]</span> <span class="irc-navy">* CIA-8 (n=CIA@208.69.182.149) Quit (calvino.freenode.net irc.freenode.net)</span><br />
<span class="irc-date">[14:21]</span> <span class="irc-navy">* kar8nga (n=kar8nga@jol13-1-82-66-176-74.fbx.proxad.net) Quit (calvino.freenode.net irc.freenode.net)</span><br />
<span class="irc-date">[14:21]</span> <span class="irc-green">* olabini (n=ola@212.107.147.30) has joined #ioke</span><br />
<span class="irc-date">[14:22]</span> <span class="irc-green">* kar8nga (n=kar8nga@jol13-1-82-66-176-74.fbx.proxad.net) has joined #ioke</span><br />
<span class="irc-date">[14:22]</span> <span class="irc-green">* pdelgallego (n=pdelgall@42.Red-217-125-2.staticIP.rima-tde.net) has joined #ioke</span><br />
<span class="irc-date">[14:22]</span> <span class="irc-green">* CIA-8 (n=CIA@208.69.182.149) has joined #ioke</span><br />
<span class="irc-date">[14:49]</span> <span class="irc-red">[freenode-connect VERSION]</span><br />
<span class="irc-date">[15:06]</span> <span class="irc-navy">* kar8nga (n=kar8nga@jol13-1-82-66-176-74.fbx.proxad.net) Quit (Remote closed the connection)</span><br />
<span class="irc-date">[16:20]</span> <span class="irc-navy">* olabini (n=ola@212.107.147.30) Quit (Read error: 113 (No route to host))</span><br />
<span class="irc-date">[17:34]</span> <span class="irc-green">* richcollins (n=richcoll@64-142-30-158.dsl.static.sonic.net) has joined #ioke</span><br />
<span class="irc-date">[17:52]</span> <span class="irc-green">* olabini (n=ola@95.209.70.114.bredband.tre.se) has joined #ioke</span><br />
<span class="irc-date">[17:52]</span> <span class="irc-green">* ChanServ sets mode +o olabini </span><br />
<span class="irc-date">[18:00]</span> <span class="irc-green">* olabini (n=ola@95.209.70.114.bredband.tre.se) has left #ioke</span><br />
<span class="irc-date">[19:52]</span> <span class="irc-green">* _richcollins (n=richcoll@64-142-30-158.dsl.static.sonic.net) has joined #ioke</span><br />
<span class="irc-date">[19:52]</span> <span class="irc-navy">* richcollins (n=richcoll@64-142-30-158.dsl.static.sonic.net) Quit (Connection reset by peer)</span><br />
<span class="irc-date">[19:52]</span> <span class="irc-green">* _richcollins is now known as richcollins</span><br />
<span class="irc-date">[19:57]</span> <span class="irc-navy">* richcollins (n=richcoll@64-142-30-158.dsl.static.sonic.net) Quit ()</span><br />
<span class="irc-date">[20:08]</span> <span class="irc-green">* kar8nga (n=kar8nga@jol13-1-82-66-176-74.fbx.proxad.net) has joined #ioke</span><br />
<span class="irc-date">[22:17]</span> <span class="irc-navy">* kar8nga (n=kar8nga@jol13-1-82-66-176-74.fbx.proxad.net) Quit (Remote closed the connection)</span><br />
