<span class="irc-date">[1:07]</span> <span class="irc-green">* richcollins (n=richcoll@64-142-30-158.dsl.static.sonic.net) has joined #ioke</span><br />
<span class="irc-date">[2:09]</span> <span class="irc-navy">* pdelgallego (n=pdelgall@42.Red-217-125-2.staticIP.rima-tde.net) Quit ("Leaving")</span><br />
<span class="irc-date">[4:45]</span> <span class="irc-green">* rbxbx (n=rbxbxdev@99-166-163-112.lightspeed.jcvlfl.sbcglobal.net) has joined #ioke</span><br />
<span class="irc-date">[5:02]</span> <span class="irc-navy">* rbxbx (n=rbxbxdev@99-166-163-112.lightspeed.jcvlfl.sbcglobal.net) Quit ()</span><br />
<span class="irc-date">[5:15]</span> <span class="irc-navy">* richcollins (n=richcoll@64-142-30-158.dsl.static.sonic.net) Quit ()</span><br />
<span class="irc-date">[5:25]</span> <span class="irc-green">* richcollins (n=richcoll@64-142-30-158.dsl.static.sonic.net) has joined #ioke</span><br />
<span class="irc-date">[5:43]</span> <span class="irc-navy">* richcollins (n=richcoll@64-142-30-158.dsl.static.sonic.net) Quit ()</span><br />
<span class="irc-date">[7:25]</span> <span class="irc-green">* rbxbx (n=rbxbxdev@99-166-163-112.lightspeed.jcvlfl.sbcglobal.net) has joined #ioke</span><br />
<span class="irc-date">[7:31]</span> <span class="irc-green">* richcollins (n=richcoll@64-142-30-158.dsl.static.sonic.net) has joined #ioke</span><br />
<span class="irc-date">[7:34]</span> <span class="irc-navy">* richcollins (n=richcoll@64-142-30-158.dsl.static.sonic.net) Quit (Client Quit)</span><br />
<span class="irc-date">[8:01]</span> <span class="irc-navy">* rbxbx (n=rbxbxdev@99-166-163-112.lightspeed.jcvlfl.sbcglobal.net) Quit ()</span><br />
<span class="irc-date">[12:47]</span> <span class="irc-green">* felipero (n=Felipe@201-74-251-87-am.cpe.vivax.com.br) has joined #ioke</span><br />
<span class="irc-date">[14:20]</span> <span class="irc-green">* rbxbx (n=rbxbxdev@70-89-14-189-jax-fl.hfc.comcastbusiness.net) has joined #ioke</span><br />
<span class="irc-date">[14:22]</span> <span class="irc-navy">* felipero (n=Felipe@201-74-251-87-am.cpe.vivax.com.br) Quit (calvino.freenode.net irc.freenode.net)</span><br />
<span class="irc-date">[14:25]</span> <span class="irc-navy">* rbxbx (n=rbxbxdev@70-89-14-189-jax-fl.hfc.comcastbusiness.net) Quit ()</span><br />
<span class="irc-date">[14:26]</span> <span class="irc-green">* felipero (n=Felipe@201-74-251-87-am.cpe.vivax.com.br) has joined #ioke</span><br />
<span class="irc-date">[16:27]</span> <span class="irc-green">* kar8nga (n=kar8nga@jol13-1-82-66-176-74.fbx.proxad.net) has joined #ioke</span><br />
<span class="irc-date">[17:42]</span> <span class="irc-navy">* kar8nga (n=kar8nga@jol13-1-82-66-176-74.fbx.proxad.net) Quit (Remote closed the connection)</span><br />
<span class="irc-date">[18:20]</span> <span class="irc-green">* kar8nga (n=kar8nga@jol13-1-82-66-176-74.fbx.proxad.net) has joined #ioke</span><br />
<span class="irc-date">[22:50]</span> <span class="irc-navy">* kar8nga (n=kar8nga@jol13-1-82-66-176-74.fbx.proxad.net) Quit (Remote closed the connection)</span><br />
