<span class="irc-date">[1:04]</span> <span class="irc-navy">* cv (n=cv@5acb0c3c.bb.sky.com) Quit (Read error: 113 (No route to host))</span><br />
<span class="irc-date">[2:52]</span> <span class="irc-green">* bguthrie (n=bguthrie@169.sub-70-222-76.myvzw.com) has joined #ioke</span><br />
<span class="irc-date">[2:59]</span> <span class="irc-green">* bguthrie_ (n=bguthrie@c-66-56-54-2.hsd1.ga.comcast.net) has joined #ioke</span><br />
<span class="irc-date">[3:02]</span> <span class="irc-navy">* bguthrie_ (n=bguthrie@c-66-56-54-2.hsd1.ga.comcast.net) Quit (Read error: 104 (Connection reset by peer))</span><br />
<span class="irc-date">[3:03]</span> <span class="irc-green">* bguthrie_ (n=bguthrie@c-66-56-54-2.hsd1.ga.comcast.net) has joined #ioke</span><br />
<span class="irc-date">[3:06]</span> <span class="irc-green">* bguthrie__ (n=bguthrie@c-66-56-54-2.hsd1.ga.comcast.net) has joined #ioke</span><br />
<span class="irc-date">[3:07]</span> <span class="irc-navy">* bguthrie_ (n=bguthrie@c-66-56-54-2.hsd1.ga.comcast.net) Quit (Read error: 104 (Connection reset by peer))</span><br />
<span class="irc-date">[3:11]</span> <span class="irc-green">* bguthrie_ (n=bguthrie@c-66-56-54-2.hsd1.ga.comcast.net) has joined #ioke</span><br />
<span class="irc-date">[3:11]</span> <span class="irc-navy">* bguthrie__ (n=bguthrie@c-66-56-54-2.hsd1.ga.comcast.net) Quit (Read error: 104 (Connection reset by peer))</span><br />
<span class="irc-date">[3:19]</span> <span class="irc-navy">* bguthrie (n=bguthrie@169.sub-70-222-76.myvzw.com) Quit (Read error: 110 (Connection timed out))</span><br />
<span class="irc-date">[3:22]</span> <span class="irc-green">* bguthrie (n=bguthrie@77.sub-75-203-235.myvzw.com) has joined #ioke</span><br />
<span class="irc-date">[3:30]</span> <span class="irc-navy">* bguthrie_ (n=bguthrie@c-66-56-54-2.hsd1.ga.comcast.net) Quit (Read error: 110 (Connection timed out))</span><br />
<span class="irc-date">[3:45]</span> <span class="irc-green">* bguthrie_ (n=bguthrie@77.sub-75-203-235.myvzw.com) has joined #ioke</span><br />
<span class="irc-date">[3:46]</span> <span class="irc-navy">* bguthrie (n=bguthrie@77.sub-75-203-235.myvzw.com) Quit (Read error: 104 (Connection reset by peer))</span><br />
<span class="irc-date">[5:12]</span> <span class="irc-green">* bguthrie (n=bguthrie@c-66-56-55-78.hsd1.ga.comcast.net) has joined #ioke</span><br />
<span class="irc-date">[5:26]</span> <span class="irc-navy">* bguthrie_ (n=bguthrie@77.sub-75-203-235.myvzw.com) Quit (Read error: 110 (Connection timed out))</span><br />
<span class="irc-date">[5:31]</span> <span class="irc-green">* bguthrie_ (n=bguthrie@209.sub-75-200-132.myvzw.com) has joined #ioke</span><br />
<span class="irc-date">[5:31]</span> <span class="irc-black">&lt;bguthrie_&gt; anyone around tonight?</span><br />
<span class="irc-date">[5:42]</span> <span class="irc-navy">* bguthrie (n=bguthrie@c-66-56-55-78.hsd1.ga.comcast.net) Quit (Read error: 110 (Connection timed out))</span><br />
<span class="irc-date">[7:27]</span> <span class="irc-navy">* bguthrie_ (n=bguthrie@209.sub-75-200-132.myvzw.com) Quit (Read error: 110 (Connection timed out))</span><br />
<span class="irc-date">[7:27]</span> <span class="irc-green">* cv (n=cv@5acb0c3c.bb.sky.com) has joined #ioke</span><br />
<span class="irc-date">[7:49]</span> <span class="irc-navy">* cv (n=cv@5acb0c3c.bb.sky.com) Quit ()</span><br />
<span class="irc-date">[9:35]</span> <span class="irc-green">* cv (n=cv@5acb0c3c.bb.sky.com) has joined #ioke</span><br />
<span class="irc-date">[9:53]</span> <span class="irc-navy">* cv (n=cv@5acb0c3c.bb.sky.com) Quit ()</span><br />
<span class="irc-date">[10:49]</span> <span class="irc-navy">* slava (n=slava@li13-154.members.linode.com) Quit (wolfe.freenode.net irc.freenode.net)</span><br />
<span class="irc-date">[10:49]</span> <span class="irc-green">* slava (n=slava@li13-154.members.linode.com) has joined #ioke</span><br />
<span class="irc-date">[10:59]</span> <span class="irc-green">* martyn4 (n=Martyn@195.47.79.66) has joined #ioke</span><br />
<span class="irc-date">[14:14]</span> <span class="irc-navy">* martyn4 (n=Martyn@195.47.79.66) Quit ("Leaving")</span><br />
<span class="irc-date">[16:58]</span> <span class="irc-green">* melwin (n=soup@ua-83-227-215-81.cust.bredbandsbolaget.se) has joined #ioke</span><br />
<span class="irc-date">[16:58]</span> <span class="irc-black">&lt;melwin&gt; Hullo.</span><br />
<span class="irc-date">[18:11]</span> <span class="irc-green">* kar8nga (n=kar8nga@a-68.vc-graz.ac.at) has joined #ioke</span><br />
<span class="irc-date">[18:43]</span> <span class="irc-green">* kar8nga (n=kar8nga@a-68.vc-graz.ac.at) has left #ioke</span><br />
<span class="irc-date">[18:55]</span> <span class="irc-green">* cv_ (n=cv@5acb0c77.bb.sky.com) has joined #ioke</span><br />
<span class="irc-date">[19:16]</span> <span class="irc-black">&lt;melwin&gt; Hey, cv.</span><br />
<span class="irc-date">[19:17]</span> <span class="irc-black">&lt;cv_&gt; hey melwin</span><br />
<span class="irc-date">[19:17]</span> <span class="irc-black">&lt;cv_&gt; sup? :)</span><br />
<span class="irc-date">[19:18]</span> <span class="irc-black">&lt;melwin&gt; Playing with the cell lookup... :]</span><br />
<span class="irc-date">[19:41]</span> <span class="irc-black">&lt;cv_&gt; ah, nice</span><br />
<span class="irc-date">[19:41]</span> <span class="irc-black">&lt;cv_&gt; it's still a bit of a mistery to me</span><br />
<span class="irc-date">[19:43]</span> <span class="irc-black">&lt;melwin&gt; Me too!</span><br />
<span class="irc-date">[19:43]</span> <span class="irc-black">&lt;melwin&gt; :)</span><br />
<span class="irc-date">[19:43]</span> <span class="irc-black">&lt;melwin&gt; Met with Roy and Ola today - had a nice talk over a coffee.</span><br />
<span class="irc-date">[19:47]</span> <span class="irc-black">&lt;cv_&gt; ah cool!</span><br />
<span class="irc-date">[19:47]</span> <span class="irc-black">&lt;cv_&gt; haven't seen ola in a while</span><br />
<span class="irc-date">[19:47]</span> <span class="irc-black">&lt;cv_&gt; would be nice to catch up too</span><br />
<span class="irc-date">[19:48]</span> <span class="irc-black">&lt;cv_&gt; he hasn't even been online lately, has he?</span><br />
<span class="irc-date">[19:49]</span> <span class="irc-black">&lt;melwin&gt; Not that much - but I was away all weekend, so don't know for sure</span><br />
<span class="irc-date">[19:49]</span> <span class="irc-black">&lt;melwin&gt; .</span><br />
<span class="irc-date">[19:50]</span> <span class="irc-black">&lt;melwin&gt; Write an Ioke program to parse the IRC logs and display a graph of when Ola is active in the channel... :)</span><br />
<span class="irc-date">[20:07]</span> <span class="irc-black">&lt;cv_&gt; hehe</span><br />
<span class="irc-date">[20:07]</span> <span class="irc-black">&lt;cv_&gt; github vs irc activity might be fun</span><br />
<span class="irc-date">[20:51]</span> <span class="irc-green">* kar8nga (n=kar8nga@e-193.vc-graz.ac.at) has joined #ioke</span><br />
<span class="irc-date">[21:45]</span> <span class="irc-navy">* melwin (n=soup@ua-83-227-215-81.cust.bredbandsbolaget.se) Quit ("Leaving")</span><br />
<span class="irc-date">[21:47]</span> <span class="irc-navy">* cv_ (n=cv@5acb0c77.bb.sky.com) Quit ()</span><br />
<span class="irc-date">[21:57]</span> <span class="irc-green">* melwin (n=soup@ua-83-227-215-81.cust.bredbandsbolaget.se) has joined #ioke</span><br />
<span class="irc-date">[22:05]</span> <span class="irc-green">* kar8nga (n=kar8nga@e-193.vc-graz.ac.at) has left #ioke</span><br />
<span class="irc-date">[22:33]</span> <span class="irc-green">* cv (n=cv@5acb0c77.bb.sky.com) has joined #ioke</span><br />
