<span class="irc-date">[10:26]</span> <span class="irc-brown">-christel- [Global Notice] Hi all, we appear to be having some routing issues causing the network which services reside on to be unreachable, we're looking into it now -- please be aware that services (chanserv, nickserv etc) are unresponsive currently. Please set yourself +w for further information as we look into this. Thank you for using freenode.</span><br />
<span class="irc-date">[19:47]</span> <span class="irc-green">* naeu (n=sam@dhcp-077-248-060-144.chello.nl) has joined #ioke</span><br />
<span class="irc-date">[19:59]</span> <span class="irc-brown">-tomaw- [Global Notice] Hi all, one of our sponsors is having connectivity problems resulting in a loss of services (ChanServ, NickServ etc).  Please keep with us while we investigate.  Thanks.</span><br />
<span class="irc-date">[20:57]</span> <span class="irc-green">* donizetti (n=donizett@187.37.200.99) has joined #ioke</span><br />
<span class="irc-date">[20:57]</span> <span class="irc-black">&lt;donizetti&gt; @naeu hi there!</span><br />
<span class="irc-date">[20:57]</span> <span class="irc-black">&lt;donizetti&gt; how are you?</span><br />
<span class="irc-date">[20:58]</span> <span class="irc-black">&lt;donizetti&gt; naeu : hi there!</span><br />
<span class="irc-date">[20:58]</span> <span class="irc-black">&lt;naeu&gt; donizetti: hey there</span><br />
<span class="irc-date">[20:58]</span> <span class="irc-black">&lt;naeu&gt; i was just about to head to bed :-)</span><br />
<span class="irc-date">[20:58]</span> <span class="irc-black">&lt;donizetti&gt; i was thinking it was like twitter! @naeu</span><br />
<span class="irc-date">[20:58]</span> <span class="irc-black">&lt;donizetti&gt; ahaha</span><br />
<span class="irc-date">[20:58]</span> <span class="irc-black">&lt;donizetti&gt; ohh sorry!</span><br />
<span class="irc-date">[20:58]</span> <span class="irc-black">&lt;naeu&gt; :-)</span><br />
<span class="irc-date">[20:58]</span> <span class="irc-black">&lt;donizetti&gt; here at Brazil is still 6 o'clock!</span><br />
<span class="irc-date">[20:58]</span> <span class="irc-black">&lt;naeu&gt; no need to apologise :-)</span><br />
<span class="irc-date">[20:58]</span> <span class="irc-black">&lt;donizetti&gt; evening!</span><br />
<span class="irc-date">[20:58]</span> <span class="irc-black">&lt;naeu&gt; morning or night?</span><br />
<span class="irc-date">[20:58]</span> <span class="irc-black">&lt;naeu&gt; ah ok</span><br />
<span class="irc-date">[20:58]</span> <span class="irc-black">&lt;naeu&gt; still plenty of coding time left...</span><br />
<span class="irc-date">[20:59]</span> <span class="irc-black">&lt;donizetti&gt; ahha</span><br />
<span class="irc-date">[20:59]</span> <span class="irc-black">&lt;donizetti&gt; but</span><br />
<span class="irc-date">[20:59]</span> <span class="irc-black">&lt;donizetti&gt; we talk later</span><br />
<span class="irc-date">[20:59]</span> <span class="irc-black">&lt;donizetti&gt; have a good night!</span><br />
<span class="irc-date">[20:59]</span> <span class="irc-black">&lt;donizetti&gt; don't want to bother you!</span><br />
<span class="irc-date">[21:03]</span> <span class="irc-black">&lt;naeu&gt; night night :)</span><br />
<span class="irc-date">[21:05]</span> <span class="irc-green">* donizetti (n=donizett@187.37.200.99) has left #ioke</span><br />
<span class="irc-date">[21:38]</span> <span class="irc-navy">* naeu (n=sam@dhcp-077-248-060-144.chello.nl) Quit ()</span><br />
