<span class="irc-date">[5:46]</span> <span class="irc-green">* naeu (n=sam@dhcp-077-248-060-144.chello.nl) has joined #ioke</span><br />
<span class="irc-date">[5:48]</span> <span class="irc-navy">* naeu (n=sam@dhcp-077-248-060-144.chello.nl) Quit (Client Quit)</span><br />
<span class="irc-date">[6:15]</span> <span class="irc-green">* naeu (n=sam@dhcp-077-248-060-144.chello.nl) has joined #ioke</span><br />
<span class="irc-date">[6:23]</span> <span class="irc-navy">* naeu (n=sam@dhcp-077-248-060-144.chello.nl) Quit ()</span><br />
<span class="irc-date">[6:33]</span> <span class="irc-green">* naeu (n=sam@dhcp-077-248-060-144.chello.nl) has joined #ioke</span><br />
<span class="irc-date">[6:39]</span> <span class="irc-green">* naeu_ (n=sam@dhcp-077-248-060-144.chello.nl) has joined #ioke</span><br />
<span class="irc-date">[6:57]</span> <span class="irc-navy">* naeu (n=sam@dhcp-077-248-060-144.chello.nl) Quit (Read error: 110 (Connection timed out))</span><br />
<span class="irc-date">[7:23]</span> <span class="irc-navy">* naeu_ (n=sam@dhcp-077-248-060-144.chello.nl) Quit ()</span><br />
<span class="irc-date">[7:57]</span> <span class="irc-green">* naeu (n=sam@mail.innovationfactory.nl) has joined #ioke</span><br />
<span class="irc-date">[8:00]</span> <span class="irc-green">* Narnach (n=narnach@a82-94-4-219.adsl.xs4all.nl) has joined #ioke</span><br />
<span class="irc-date">[8:07]</span> <span class="irc-black">&lt;naeu&gt; CarlFK: thanks for putting the talk online</span><br />
<span class="irc-date">[8:08]</span> <span class="irc-black">&lt;naeu&gt; I just posted the links to the Ioke Reddit (<a href="http://www.reddit.com/r/Ioke/">http://www.reddit.com/r/Ioke/</a></span><br />
<span class="irc-date">[8:43]</span> <span class="irc-navy">* Narnach (n=narnach@a82-94-4-219.adsl.xs4all.nl) Quit ("Leaving...")</span><br />
<span class="irc-date">[12:22]</span> <span class="irc-green">* Narnach (n=narnach@82.94.4.219) has joined #ioke</span><br />
<span class="irc-date">[13:19]</span> <span class="irc-green">* olabini (n=ola@c-594fe155.1110-8-64736c13.cust.bredbandsbolaget.se) has joined #ioke</span><br />
<span class="irc-date">[13:19]</span> <span class="irc-green">* ChanServ sets mode +o olabini </span><br />
<span class="irc-date">[13:28]</span> <span class="irc-green">* donizetti (n=donizett@201-13-70-117.dsl.telesp.net.br) has joined #ioke</span><br />
<span class="irc-date">[13:28]</span> <span class="irc-black">&lt;donizetti&gt; morning guys!</span><br />
<span class="irc-date">[13:28]</span> <span class="irc-black">&lt;donizetti&gt; i mean "good morning" at least here in Brazil! =D</span><br />
<span class="irc-date">[13:48]</span> <span class="irc-black">&lt;naeu&gt; hey there donizetti</span><br />
<span class="irc-date">[13:49]</span> <span class="irc-black">&lt;donizetti&gt; hey naeu</span><br />
<span class="irc-date">[13:49]</span> <span class="irc-black">&lt;naeu&gt; how's Brazil?</span><br />
<span class="irc-date">[13:49]</span> <span class="irc-black">&lt;naeu&gt; here in Amsterdam the weather is beautiful!</span><br />
<span class="irc-date">[13:49]</span> <span class="irc-black">&lt;naeu&gt; yey</span><br />
<span class="irc-date">[13:50]</span> <span class="irc-black">&lt;donizetti&gt; unfortunately i can't say the same about Brazil....the winter station brought the most colds  days ever!</span><br />
<span class="irc-date">[13:50]</span> <span class="irc-black">&lt;naeu&gt; ah, that's a shame</span><br />
<span class="irc-date">[13:50]</span> <span class="irc-black">&lt;donizetti&gt; yeah!</span><br />
<span class="irc-date">[13:51]</span> <span class="irc-black">&lt;naeu&gt; hopefully you have your own personal sun inside you to keep your spirits up ;-)</span><br />
<span class="irc-date">[13:51]</span> <span class="irc-black">&lt;donizetti&gt; hehe</span><br />
<span class="irc-date">[13:51]</span> <span class="irc-black">&lt;donizetti&gt; today is the Valentine day here, so I think the weather will is helping!</span><br />
<span class="irc-date">[13:52]</span> <span class="irc-black">&lt;naeu&gt; :-)</span><br />
<span class="irc-date">[13:52]</span> <span class="irc-black">&lt;naeu&gt; did you receive many carse?</span><br />
<span class="irc-date">[13:52]</span> <span class="irc-black">&lt;naeu&gt; *cards</span><br />
<span class="irc-date">[13:53]</span> <span class="irc-black">&lt;donizetti&gt; =D</span><br />
<span class="irc-date">[13:58]</span> <span class="irc-black">&lt;donizetti&gt; naeu I remenber you twitting about geb's lectures on the web!</span><br />
<span class="irc-date">[13:59]</span> <span class="irc-black">&lt;naeu&gt; yep....</span><br />
<span class="irc-date">[13:59]</span> <span class="irc-black">&lt;donizetti&gt; yesterday I saw that in the same place there are lectures that Ola told me about!</span><br />
<span class="irc-date">[13:59]</span> <span class="irc-black">&lt;donizetti&gt; SICP's lectures!</span><br />
<span class="irc-date">[13:59]</span> <span class="irc-black">&lt;naeu&gt; yeah, sure</span><br />
<span class="irc-date">[13:59]</span> <span class="irc-black">&lt;naeu&gt; the MIT SICP lectures are legendary :-)</span><br />
<span class="irc-date">[14:00]</span> <span class="irc-black">&lt;donizetti&gt; =D</span><br />
<span class="irc-date">[14:00]</span> <span class="irc-black">&lt;naeu&gt; <a href="http://groups.csail.mit.edu/mac/classes/6.001/abelson-sussman-lectures/">http://groups.csail.mit.edu/mac/classes/6.001/abelson-sussman-lectures/</a></span><br />
<span class="irc-date">[14:00]</span> <span class="irc-black">&lt;donizetti&gt; yeah</span><br />
<span class="irc-date">[14:00]</span> <span class="irc-black">&lt;donizetti&gt; i didn't like this site!</span><br />
<span class="irc-date">[14:00]</span> <span class="irc-black">&lt;donizetti&gt; because you have to download the lectures using torrent!</span><br />
<span class="irc-date">[14:01]</span> <span class="irc-black">&lt;donizetti&gt; e prefer this one</span><br />
<span class="irc-date">[14:01]</span> <span class="irc-black">&lt;naeu&gt; in the "Aesthetic Programming in a Communicative Age" slides I sent you you'll find a couple of quotes from these guys...</span><br />
<span class="irc-date">[14:01]</span> <span class="irc-black">&lt;donizetti&gt; <a href="http://ocw.mit.edu/OcwWeb/Electrical-Engineering-and-Computer-Science/6-001Spring-2005/VideoLectures/index.htm">http://ocw.mit.edu/OcwWeb/Electrical-Engineering-and-Computer-Science/6-001Spring-2005/VideoLectures/index.htm</a></span><br />
<span class="irc-date">[14:02]</span> <span class="irc-black">&lt;donizetti&gt; yesterday I was reading a blogpost from a friend whose work for thoughtworks that I think you will like!</span><br />
<span class="irc-date">[14:02]</span> <span class="irc-black">&lt;donizetti&gt; <a href="http://fragmental.tw/">http://fragmental.tw/</a></span><br />
<span class="irc-date">[14:10]</span> <span class="irc-black">&lt;naeu&gt; yeah, that's totally spot on</span><br />
<span class="irc-date">[14:16]</span> <span class="irc-black">&lt;donizetti&gt; did you see his slides about expressiveness?</span><br />
<span class="irc-date">[14:17]</span> <span class="irc-black">&lt;donizetti&gt; <a href="http://fragmental.tw/2009/03/12/expessive-design-slides/">http://fragmental.tw/2009/03/12/expessive-design-slides/</a></span><br />
<span class="irc-date">[14:17]</span> <span class="irc-black">&lt;donizetti&gt; they are great too!</span><br />
<span class="irc-date">[14:23]</span> <span class="irc-black">&lt;naeu&gt; nice</span><br />
<span class="irc-date">[14:23]</span> <span class="irc-black">&lt;naeu&gt; i still think all these concepts - aesthetics, expressiveness, communication are used a little bit too much interchangeably</span><br />
<span class="irc-date">[14:24]</span> <span class="irc-black">&lt;naeu&gt; it's a sign that there's a lot of understanding to be gained in this area</span><br />
<span class="irc-date">[14:25]</span> <span class="irc-black">&lt;donizetti&gt; you totally right</span><br />
<span class="irc-date">[14:26]</span> <span class="irc-black">&lt;naeu&gt; donizetti: I've just created a new Reddit for this kind of post: <a href="http://www.reddit.com/r/communicative/">http://www.reddit.com/r/communicative/</a></span><br />
<span class="irc-date">[14:26]</span> <span class="irc-black">&lt;naeu&gt; it would be great if you could start submitting articles you find on this topic</span><br />
<span class="irc-date">[14:27]</span> <span class="irc-black">&lt;donizetti&gt; sure</span><br />
<span class="irc-date">[14:27]</span> <span class="irc-black">&lt;naeu&gt; are you also aware of the Ioke reddit page: <a href="http://www.reddit.com/r/Ioke">http://www.reddit.com/r/Ioke</a></span><br />
<span class="irc-date">[14:28]</span> <span class="irc-black">&lt;donizetti&gt; yeah</span><br />
<span class="irc-date">[14:28]</span> <span class="irc-black">&lt;naeu&gt; great :-)</span><br />
<span class="irc-date">[14:28]</span> <span class="irc-black">&lt;donizetti&gt; I was watching ola's talk on chicago!</span><br />
<span class="irc-date">[14:28]</span> <span class="irc-black">&lt;donizetti&gt; =D</span><br />
<span class="irc-date">[14:29]</span> <span class="irc-black">&lt;donizetti&gt; I will send this reddit to Phillip, I'm sure that he can contribute on it!</span><br />
<span class="irc-date">[14:31]</span> <span class="irc-black">&lt;naeu&gt; perfect</span><br />
<span class="irc-date">[14:31]</span> <span class="irc-black">&lt;naeu&gt; let's get a community formed around this topic</span><br />
<span class="irc-date">[14:32]</span> <span class="irc-green">* embro1001 (n=sintaks@c-24-18-177-51.hsd1.wa.comcast.net) has joined #ioke</span><br />
<span class="irc-date">[14:32]</span> <span class="irc-black">&lt;donizetti&gt; it will be great!</span><br />
<span class="irc-date">[14:32]</span> <span class="irc-black">&lt;donizetti&gt; as you said, that a lot of understanding on this topic</span><br />
<span class="irc-date">[14:35]</span> <span class="irc-navy">* Narnach (n=narnach@82.94.4.219) Quit ("Leaving...")</span><br />
<span class="irc-date">[14:48]</span> <span class="irc-navy">* embro1001 (n=sintaks@c-24-18-177-51.hsd1.wa.comcast.net) Quit (Client Quit)</span><br />
<span class="irc-date">[17:12]</span> <span class="irc-navy">* naeu (n=sam@mail.innovationfactory.nl) Quit ()</span><br />
<span class="irc-date">[17:15]</span> <span class="irc-navy">* donizetti (n=donizett@201-13-70-117.dsl.telesp.net.br) Quit ()</span><br />
<span class="irc-date">[17:42]</span> <span class="irc-green">* naeu (n=sam@dhcp-077-248-060-144.chello.nl) has joined #ioke</span><br />
<span class="irc-date">[17:47]</span> <span class="irc-navy">* naeu (n=sam@dhcp-077-248-060-144.chello.nl) Quit ()</span><br />
<span class="irc-date">[17:48]</span> <span class="irc-green">* naeu (n=sam@dhcp-077-248-060-144.chello.nl) has joined #ioke</span><br />
<span class="irc-date">[20:20]</span> <span class="irc-navy">* naeu (n=sam@dhcp-077-248-060-144.chello.nl) Quit ()</span><br />
<span class="irc-date">[21:52]</span> <span class="irc-green">* snusnu (n=Adium@85-127-133-186.dynamic.xdsl-line.inode.at) has joined #ioke</span><br />
