<span class="irc-date">[5:54]</span> <span class="irc-green">* embro1001 (n=sintaks@h69-129-134-210.nwblwi.dedicated.static.tds.net) has joined #ioke</span><br />
<span class="irc-date">[7:05]</span> <span class="irc-green">* naeu (n=sam@dhcp-077-248-060-144.chello.nl) has joined #ioke</span><br />
<span class="irc-date">[8:04]</span> <span class="irc-green">* Narnach (n=narnach@a82-94-4-220.adsl.xs4all.nl) has joined #ioke</span><br />
<span class="irc-date">[8:07]</span> <span class="irc-navy">* naeu (n=sam@dhcp-077-248-060-144.chello.nl) Quit ()</span><br />
<span class="irc-date">[8:40]</span> <span class="irc-green">* naeu (n=sam@h36036.upc-h.chello.nl) has joined #ioke</span><br />
<span class="irc-date">[9:27]</span> <span class="irc-black">&lt;naeu&gt; perusing through IKanServe, it's amazing how much XML a Jetty Servelet needs</span><br />
<span class="irc-date">[9:31]</span> <span class="irc-black">&lt;olabini&gt; hehe</span><br />
<span class="irc-date">[9:31]</span> <span class="irc-black">&lt;olabini&gt; yeah</span><br />
<span class="irc-date">[9:31]</span> <span class="irc-black">&lt;olabini&gt; well, I didn't even look at it</span><br />
<span class="irc-date">[9:31]</span> <span class="irc-black">&lt;olabini&gt; I just copied it verbatim</span><br />
<span class="irc-date">[9:31]</span> <span class="irc-black">&lt;olabini&gt; in contrast, the xml needed for the web app is pretty small</span><br />
<span class="irc-date">[9:31]</span> <span class="irc-black">&lt;olabini&gt; if you look in web/WEB-INF/web.xml</span><br />
<span class="irc-date">[9:31]</span> <span class="irc-black">&lt;olabini&gt; today I'm going to see if I can get it to actually generate a response and so on</span><br />
<span class="irc-date">[9:32]</span> <span class="irc-black">&lt;naeu&gt; what does the lisp file do?</span><br />
<span class="irc-date">[9:40]</span> <span class="irc-black">&lt;olabini&gt; lisp file?</span><br />
<span class="irc-date">[9:43]</span> <span class="irc-black">&lt;naeu&gt; prj.el</span><br />
<span class="irc-date">[9:44]</span> <span class="irc-black">&lt;olabini&gt; ah, sorry</span><br />
<span class="irc-date">[9:44]</span> <span class="irc-black">&lt;olabini&gt; that is just stuff for my personal emacs setup.</span><br />
<span class="irc-date">[9:44]</span> <span class="irc-black">&lt;naeu&gt; ah ok :-)</span><br />
<span class="irc-date">[9:44]</span> <span class="irc-black">&lt;naeu&gt; looks like it just sets up a bunch of vars</span><br />
<span class="irc-date">[9:44]</span> <span class="irc-black">&lt;olabini&gt; yeah</span><br />
<span class="irc-date">[9:44]</span> <span class="irc-black">&lt;olabini&gt; all the magic is in another place</span><br />
<span class="irc-date">[9:44]</span> <span class="irc-black">&lt;naeu&gt; but wondered what it had to do with the rest of the servlet</span><br />
<span class="irc-date">[9:45]</span> <span class="irc-black">&lt;olabini&gt; most of it is actually in the prj support in JDEE</span><br />
<span class="irc-date">[9:45]</span> <span class="irc-black">&lt;olabini&gt; and no, it has nothing to do with the servlet</span><br />
<span class="irc-date">[9:45]</span> <span class="irc-black">&lt;olabini&gt; except that it makes it easier for me to edit java</span><br />
<span class="irc-date">[9:45]</span> <span class="irc-black">&lt;naeu&gt; :-)</span><br />
<span class="irc-date">[9:55]</span> <span class="irc-navy">* embro1001 (n=sintaks@h69-129-134-210.nwblwi.dedicated.static.tds.net) Quit ()</span><br />
<span class="irc-date">[10:30]</span> <span class="irc-navy">* Narnach (n=narnach@a82-94-4-220.adsl.xs4all.nl) Quit ("Leaving...")</span><br />
<span class="irc-date">[10:45]</span> <span class="irc-navy">* naeu (n=sam@h36036.upc-h.chello.nl) Quit ()</span><br />
<span class="irc-date">[10:54]</span> <span class="irc-green">* Narnach (n=narnach@a82-94-4-220.adsl.xs4all.nl) has joined #ioke</span><br />
<span class="irc-date">[14:55]</span> <span class="irc-navy">* RobL_ (n=RobL@roblally.plus.com) Quit (Connection timed out)</span><br />
<span class="irc-date">[14:57]</span> <span class="irc-green">* RobL_ (n=RobL@roblally.plus.com) has joined #ioke</span><br />
<span class="irc-date">[15:28]</span> <span class="irc-navy">* RobL_ (n=RobL@roblally.plus.com) Quit (Connection timed out)</span><br />
<span class="irc-date">[15:29]</span> <span class="irc-green">* RobL_ (n=RobL@roblally.plus.com) has joined #ioke</span><br />
<span class="irc-date">[16:44]</span> <span class="irc-navy">* Narnach (n=narnach@a82-94-4-220.adsl.xs4all.nl) Quit ("Leaving...")</span><br />
<span class="irc-date">[18:54]</span> <span class="irc-black">&lt;CIA-7&gt; ioke: Ola Bini master * rd1b5510 / (3 files): Remove some potential errors - <a href="http://bit.ly/CUShX">http://bit.ly/CUShX</a></span><br />
<span class="irc-date">[18:54]</span> <span class="irc-black">&lt;olabini&gt; YAY</span><br />
<span class="irc-date">[18:54]</span> <span class="irc-black">&lt;olabini&gt; IKanServe can now dispatch requests</span><br />
<span class="irc-date">[18:54]</span> <span class="irc-black">&lt;olabini&gt; nothing fancy</span><br />
<span class="irc-date">[18:55]</span> <span class="irc-black">&lt;olabini&gt; but you can add actions to regexps that will match against the path and dispatch from there</span><br />
<span class="irc-date">[18:55]</span> <span class="irc-black">&lt;olabini&gt; generation of html is not supported yet, but I'm next planning to create a simple builder library to handle it.</span><br />
<span class="irc-date">[19:24]</span> <span class="irc-green">* kar8nga (n=kar8nga@b-109.vc-graz.ac.at) has joined #ioke</span><br />
<span class="irc-date">[19:27]</span> <span class="irc-black">&lt;CIA-7&gt; ioke: Ola Bini master * r448ff33 / (4 files in 3 dirs): Add blank slate and also add a target to build a separate lib-jar. - <a href="http://bit.ly/1X7LFI">http://bit.ly/1X7LFI</a></span><br />
<span class="irc-date">[19:39]</span> <span class="irc-green">* k (n=kar8nga@a-3.vc-graz.ac.at) has joined #ioke</span><br />
<span class="irc-date">[19:39]</span> <span class="irc-navy">* kar8nga (n=kar8nga@b-109.vc-graz.ac.at) Quit (Nick collision from services.)</span><br />
<span class="irc-date">[19:39]</span> <span class="irc-green">* k is now known as kar8nga</span><br />
<span class="irc-date">[20:44]</span> <span class="irc-navy">* RobL_ (n=RobL@roblally.plus.com) Quit ()</span><br />
<span class="irc-date">[21:54]</span> <span class="irc-navy">* kar8nga (n=kar8nga@a-3.vc-graz.ac.at) Quit (Remote closed the connection)</span><br />
<span class="irc-date">[23:57]</span> <span class="irc-green">* wavis (i=4526d11e@gateway/web/ajax/mibbit.com/x-81b554395f2c1cb4) has joined #ioke</span><br />
<span class="irc-date">[23:58]</span> <span class="irc-black">&lt;wavis&gt; hey, wondering where the each method is defined in the source</span><br />
