<span class="irc-date">[0:58]</span> <span class="irc-green">* naeu (n=sam@dhcp-077-248-060-144.chello.nl) has joined #ioke</span><br />
<span class="irc-date">[1:29]</span> <span class="irc-navy">* naeu (n=sam@dhcp-077-248-060-144.chello.nl) Quit ()</span><br />
<span class="irc-date">[3:43]</span> <span class="irc-navy">* basu (n=basu@139.147.18.6) Quit (Read error: 110 (Connection timed out))</span><br />
<span class="irc-date">[7:40]</span> <span class="irc-green">* kar8nga (n=kar8nga@a-20.vc-graz.ac.at) has joined #ioke</span><br />
<span class="irc-date">[8:38]</span> <span class="irc-navy">* kar8nga (n=kar8nga@a-20.vc-graz.ac.at) Quit (Remote closed the connection)</span><br />
<span class="irc-date">[12:11]</span> <span class="irc-green">* kar8nga (n=kar8nga@e-63.vc-graz.ac.at) has joined #ioke</span><br />
<span class="irc-date">[12:23]</span> <span class="irc-navy">* kar8nga (n=kar8nga@e-63.vc-graz.ac.at) Quit (Remote closed the connection)</span><br />
<span class="irc-date">[13:43]</span> <span class="irc-green">* basu (n=basu@139.147.89.98) has joined #ioke</span><br />
<span class="irc-date">[14:14]</span> <span class="irc-green">* basu (n=basu@139.147.89.98) has left #ioke</span><br />
<span class="irc-date">[14:57]</span> <span class="irc-green">* kar8nga (n=kar8nga@a-234.vc-graz.ac.at) has joined #ioke</span><br />
<span class="irc-date">[15:17]</span> <span class="irc-navy">* kar8nga (n=kar8nga@a-234.vc-graz.ac.at) Quit (Read error: 104 (Connection reset by peer))</span><br />
<span class="irc-date">[15:22]</span> <span class="irc-green">* kar8nga (n=kar8nga@a-234.vc-graz.ac.at) has joined #ioke</span><br />
<span class="irc-date">[16:54]</span> <span class="irc-navy">* kar8nga (n=kar8nga@a-234.vc-graz.ac.at) Quit (Remote closed the connection)</span><br />
<span class="irc-date">[17:31]</span> <span class="irc-green">* naeu (n=sam@dhcp-077-248-060-144.chello.nl) has joined #ioke</span><br />
<span class="irc-date">[17:50]</span> <span class="irc-navy">* naeu (n=sam@dhcp-077-248-060-144.chello.nl) Quit ()</span><br />
<span class="irc-date">[18:29]</span> <span class="irc-green">* naeu (n=sam@dhcp-077-248-060-144.chello.nl) has joined #ioke</span><br />
<span class="irc-date">[19:30]</span> <span class="irc-green">* kar8nga (n=kar8nga@a-107.vc-graz.ac.at) has joined #ioke</span><br />
<span class="irc-date">[20:28]</span> <span class="irc-green">* eto (n=eto@93-45-212-172.ip104.fastwebnet.it) has joined #ioke</span><br />
<span class="irc-date">[20:28]</span> <span class="irc-black">&lt;eto&gt; hi</span><br />
<span class="irc-date">[20:29]</span> <span class="irc-black">&lt;eto&gt; i'm triyng to run dokgen but it stops sayng that specification cell is missing from ispec</span><br />
<span class="irc-date">[20:36]</span> <span class="irc-green">* eto is now known as eliantor</span><br />
<span class="irc-date">[20:45]</span> <span class="irc-green">* eliantor (n=eto@93-45-212-172.ip104.fastwebnet.it) has left #ioke</span><br />
<span class="irc-date">[21:03]</span> <span class="irc-navy">* kar8nga (n=kar8nga@a-107.vc-graz.ac.at) Quit (Remote closed the connection)</span><br />
<span class="irc-date">[21:51]</span> <span class="irc-navy">* naeu (n=sam@dhcp-077-248-060-144.chello.nl) Quit ()</span><br />
<span class="irc-date">[21:54]</span> <span class="irc-green">* eliantor (n=eto@93-45-212-172.ip104.fastwebnet.it) has joined #ioke</span><br />
<span class="irc-date">[23:52]</span> <span class="irc-green">* basu_ (n=basu@139.147.18.6) has joined #ioke</span><br />
