<span class="irc-date">[0:34]</span> <span class="irc-navy">* RobL_ (n=RobL@roblally.plus.com) Quit ()</span><br />
<span class="irc-date">[8:15]</span> <span class="irc-green">* Narnach (n=narnach@a82-94-4-220.adsl.xs4all.nl) has joined #ioke</span><br />
<span class="irc-date">[8:19]</span> <span class="irc-green">* RobL_ (n=RobL@roblally.plus.com) has joined #ioke</span><br />
<span class="irc-date">[9:11]</span> <span class="irc-green">* naeu (n=sam@h253136.upc-h.chello.nl) has joined #ioke</span><br />
<span class="irc-date">[13:46]</span> <span class="irc-green">* martido (n=martin@213.61.180.190) has joined #ioke</span><br />
<span class="irc-date">[14:04]</span> <span class="irc-navy">* RobL_ (n=RobL@roblally.plus.com) Quit ()</span><br />
<span class="irc-date">[14:41]</span> <span class="irc-green">* RobL_ (n=RobL@roblally.plus.com) has joined #ioke</span><br />
<span class="irc-date">[15:46]</span> <span class="irc-navy">* RobL_ (n=RobL@roblally.plus.com) Quit ()</span><br />
<span class="irc-date">[15:56]</span> <span class="irc-green">* RobL_ (n=RobL@roblally.plus.com) has joined #ioke</span><br />
<span class="irc-date">[17:01]</span> <span class="irc-navy">* naeu (n=sam@h253136.upc-h.chello.nl) Quit ()</span><br />
<span class="irc-date">[17:37]</span> <span class="irc-green">* vborja (n=vborja@minotaur.apache.org) has joined #ioke</span><br />
<span class="irc-date">[17:41]</span> <span class="irc-green">* naeu (n=sam@dhcp-077-248-060-144.chello.nl) has joined #ioke</span><br />
<span class="irc-date">[17:42]</span> <span class="irc-green">* martido (n=martin@213.61.180.190) has left #ioke</span><br />
<span class="irc-date">[18:31]</span> <span class="irc-green">* kar8nga (n=kar8nga@e-146.vc-graz.ac.at) has joined #ioke</span><br />
<span class="irc-date">[19:24]</span> <span class="irc-navy">* kar8nga (n=kar8nga@e-146.vc-graz.ac.at) Quit (Read error: 60 (Operation timed out))</span><br />
<span class="irc-date">[19:41]</span> <span class="irc-green">* kar8nga (n=kar8nga@i-225.vc-graz.ac.at) has joined #ioke</span><br />
<span class="irc-date">[19:58]</span> <span class="irc-navy">* Narnach (n=narnach@a82-94-4-220.adsl.xs4all.nl) Quit ("Leaving...")</span><br />
<span class="irc-date">[20:56]</span> <span class="irc-green">* Narnach (n=narnach@195-241-27-75.ip.telfort.nl) has joined #ioke</span><br />
<span class="irc-date">[20:57]</span> <span class="irc-black">&lt;Narnach&gt; Good evening!</span><br />
<span class="irc-date">[21:06]</span> <span class="irc-green">* mkrauskopf (n=mkrausko@195.47.79.66) has joined #ioke</span><br />
<span class="irc-date">[21:30]</span> <span class="irc-navy">* kar8nga (n=kar8nga@i-225.vc-graz.ac.at) Quit (Read error: 110 (Connection timed out))</span><br />
<span class="irc-date">[21:53]</span> <span class="irc-navy">* naeu (n=sam@dhcp-077-248-060-144.chello.nl) Quit ()</span><br />
<span class="irc-date">[23:18]</span> <span class="irc-navy">* mkrauskopf (n=mkrausko@195.47.79.66) Quit ("Leaving")</span><br />
<span class="irc-date">[23:21]</span> <span class="irc-navy">* Narnach (n=narnach@195-241-27-75.ip.telfort.nl) Quit ("Leaving...")</span><br />
<span class="irc-date">[23:59]</span> <span class="irc-navy">* RobL_ (n=RobL@roblally.plus.com) Quit ()</span><br />
