<span class="irc-date">[0:39]</span> <span class="irc-navy">* mozinator (n=mozinato@195-241-109-215.ip.telfort.nl) Quit (Read error: 104 (Connection reset by peer))</span><br />
<span class="irc-date">[6:11]</span> <span class="irc-green">* naeu (n=sam@dhcp-077-248-060-144.chello.nl) has joined #ioke</span><br />
<span class="irc-date">[7:03]</span> <span class="irc-green">* kar8nga (n=kar8nga@a-99.vc-graz.ac.at) has joined #ioke</span><br />
<span class="irc-date">[7:03]</span> <span class="irc-navy">* naeu (n=sam@dhcp-077-248-060-144.chello.nl) Quit (Read error: 110 (Connection timed out))</span><br />
<span class="irc-date">[7:20]</span> <span class="irc-green">* Narnach (n=narnach@a82-94-4-219.adsl.xs4all.nl) has joined #ioke</span><br />
<span class="irc-date">[7:25]</span> <span class="irc-green">* martido (n=martin@213.61.180.190) has joined #ioke</span><br />
<span class="irc-date">[7:29]</span> <span class="irc-navy">* kar8nga (n=kar8nga@a-99.vc-graz.ac.at) Quit (Remote closed the connection)</span><br />
<span class="irc-date">[8:22]</span> <span class="irc-green">* naeu (n=sam@dhcp-077-251-116-041.chello.nl) has joined #ioke</span><br />
<span class="irc-date">[8:36]</span> <span class="irc-green">* exlibris (n=exlibris@port-87-193-165-87.static.qsc.de) has joined #ioke</span><br />
<span class="irc-date">[8:50]</span> <span class="irc-navy">* naeu (n=sam@dhcp-077-251-116-041.chello.nl) Quit ()</span><br />
<span class="irc-date">[9:15]</span> <span class="irc-navy">* BetaWaffle (n=andrew@c-98-251-0-224.hsd1.ga.comcast.net) Quit (Read error: 104 (Connection reset by peer))</span><br />
<span class="irc-date">[9:15]</span> <span class="irc-green">* BetaWaffle (n=andrew@c-98-251-0-224.hsd1.ga.comcast.net) has joined #ioke</span><br />
<span class="irc-date">[10:20]</span> <span class="irc-navy">* chr1s (i=chris@punt.slashpunt.org) Quit (leguin.freenode.net irc.freenode.net)</span><br />
<span class="irc-date">[10:20]</span> <span class="irc-navy">* IokeHurricane (n=IokeHurr@8.12.35.212) Quit (leguin.freenode.net irc.freenode.net)</span><br />
<span class="irc-date">[10:20]</span> <span class="irc-navy">* CIA-8 (n=CIA@208.69.182.149.simpli.biz) Quit (leguin.freenode.net irc.freenode.net)</span><br />
<span class="irc-date">[10:20]</span> <span class="irc-navy">* martido (n=martin@213.61.180.190) Quit (leguin.freenode.net irc.freenode.net)</span><br />
<span class="irc-date">[10:20]</span> <span class="irc-navy">* Narnach (n=narnach@a82-94-4-219.adsl.xs4all.nl) Quit (leguin.freenode.net irc.freenode.net)</span><br />
<span class="irc-date">[10:20]</span> <span class="irc-navy">* andreaja (n=sodoff@65.111.170.77) Quit (leguin.freenode.net irc.freenode.net)</span><br />
<span class="irc-date">[10:20]</span> <span class="irc-navy">* exlibris (n=exlibris@port-87-193-165-87.static.qsc.de) Quit (leguin.freenode.net irc.freenode.net)</span><br />
<span class="irc-date">[10:20]</span> <span class="irc-navy">* thewolt (n=thewolt@ip-54.net-89-3-183.rev.numericable.fr) Quit (leguin.freenode.net irc.freenode.net)</span><br />
<span class="irc-date">[10:20]</span> <span class="irc-navy">* BetaWaffle (n=andrew@c-98-251-0-224.hsd1.ga.comcast.net) Quit (leguin.freenode.net irc.freenode.net)</span><br />
<span class="irc-date">[10:20]</span> <span class="irc-green">* IokeHurricane (n=IokeHurr@8.12.35.212) has joined #ioke</span><br />
<span class="irc-date">[10:20]</span> <span class="irc-green">* BetaWaffle (n=andrew@c-98-251-0-224.hsd1.ga.comcast.net) has joined #ioke</span><br />
<span class="irc-date">[10:20]</span> <span class="irc-green">* exlibris (n=exlibris@port-87-193-165-87.static.qsc.de) has joined #ioke</span><br />
<span class="irc-date">[10:20]</span> <span class="irc-green">* martido (n=martin@213.61.180.190) has joined #ioke</span><br />
<span class="irc-date">[10:20]</span> <span class="irc-green">* Narnach (n=narnach@a82-94-4-219.adsl.xs4all.nl) has joined #ioke</span><br />
<span class="irc-date">[10:20]</span> <span class="irc-green">* chr1s (i=chris@punt.slashpunt.org) has joined #ioke</span><br />
<span class="irc-date">[10:20]</span> <span class="irc-green">* CIA-8 (n=CIA@208.69.182.149.simpli.biz) has joined #ioke</span><br />
<span class="irc-date">[10:20]</span> <span class="irc-green">* andreaja (n=sodoff@65.111.170.77) has joined #ioke</span><br />
<span class="irc-date">[10:20]</span> <span class="irc-green">* thewolt (n=thewolt@ip-54.net-89-3-183.rev.numericable.fr) has joined #ioke</span><br />
<span class="irc-date">[10:21]</span> <span class="irc-red">[freenode-connect VERSION]</span><br />
<span class="irc-date">[12:14]</span> <span class="irc-green">* naeu (n=sam@dhcp-077-251-116-041.chello.nl) has joined #ioke</span><br />
<span class="irc-date">[12:27]</span> <span class="irc-black">&lt;martido&gt; cd ..</span><br />
<span class="irc-date">[16:02]</span> <span class="irc-navy">* martido (n=martin@213.61.180.190) Quit ()</span><br />
<span class="irc-date">[16:46]</span> <span class="irc-navy">* Narnach (n=narnach@a82-94-4-219.adsl.xs4all.nl) Quit ("Leaving...")</span><br />
<span class="irc-date">[17:37]</span> <span class="irc-navy">* exlibris (n=exlibris@port-87-193-165-87.static.qsc.de) Quit ("Leaving...")</span><br />
<span class="irc-date">[17:42]</span> <span class="irc-navy">* naeu (n=sam@dhcp-077-251-116-041.chello.nl) Quit ()</span><br />
<span class="irc-date">[17:47]</span> <span class="irc-green">* olabini (n=ola@c-9f4ce155.1110-8-64736c13.cust.bredbandsbolaget.se) has joined #ioke</span><br />
<span class="irc-date">[17:47]</span> <span class="irc-green">* ChanServ sets mode +o olabini </span><br />
<span class="irc-date">[17:51]</span> <span class="irc-black">&lt;olabini&gt; hellu</span><br />
<span class="irc-date">[20:15]</span> <span class="irc-green">* kar8nga (n=kar8nga@a-47.vc-graz.ac.at) has joined #ioke</span><br />
<span class="irc-date">[21:19]</span> <span class="irc-black">&lt;BetaWaffle&gt; hi</span><br />
<span class="irc-date">[21:38]</span> <span class="irc-navy">* kar8nga (n=kar8nga@a-47.vc-graz.ac.at) Quit (Remote closed the connection)</span><br />
