<span class="irc-date">[0:35]</span> <span class="irc-navy">* olabini (n=ola@c-d64ce155.1110-8-64736c13.cust.bredbandsbolaget.se) Quit (Remote closed the connection)</span><br />
<span class="irc-date">[1:29]</span> <span class="irc-green">* bguthrie (n=bguthrie@c-24-30-76-226.hsd1.ga.comcast.net) has joined #ioke</span><br />
<span class="irc-date">[3:01]</span> <span class="irc-navy">* naeu (n=sam@dhcp-077-248-060-144.chello.nl) Quit ()</span><br />
<span class="irc-date">[5:08]</span> <span class="irc-navy">* vincenz (n=vincenz@li23-146.members.linode.com) Quit (wolfe.freenode.net irc.freenode.net)</span><br />
<span class="irc-date">[5:09]</span> <span class="irc-green">* vincenz (n=vincenz@li23-146.members.linode.com) has joined #ioke</span><br />
<span class="irc-date">[5:13]</span> <span class="irc-navy">* andreaja (n=sodoff@65.111.170.77) Quit (wolfe.freenode.net irc.freenode.net)</span><br />
<span class="irc-date">[5:13]</span> <span class="irc-navy">* vincenz (n=vincenz@li23-146.members.linode.com) Quit (wolfe.freenode.net irc.freenode.net)</span><br />
<span class="irc-date">[5:13]</span> <span class="irc-navy">* bguthrie (n=bguthrie@c-24-30-76-226.hsd1.ga.comcast.net) Quit (wolfe.freenode.net irc.freenode.net)</span><br />
<span class="irc-date">[5:13]</span> <span class="irc-navy">* caboom (n=caboom@77-221.static.ikomline.net) Quit (wolfe.freenode.net irc.freenode.net)</span><br />
<span class="irc-date">[5:13]</span> <span class="irc-navy">* HeMan (n=jimmy@193.12.106.19) Quit (wolfe.freenode.net irc.freenode.net)</span><br />
<span class="irc-date">[5:13]</span> <span class="irc-navy">* Tsion (n=scott@botters/staff/tsion) Quit (wolfe.freenode.net irc.freenode.net)</span><br />
<span class="irc-date">[5:13]</span> <span class="irc-navy">* adakkak (n=adakkak@gres110.lis.illinois.edu) Quit (wolfe.freenode.net irc.freenode.net)</span><br />
<span class="irc-date">[5:13]</span> <span class="irc-navy">* IokeHurricane (n=IokeHurr@8.12.35.212) Quit (wolfe.freenode.net irc.freenode.net)</span><br />
<span class="irc-date">[5:13]</span> <span class="irc-navy">* CIA-7 (n=CIA@208.69.182.149) Quit (wolfe.freenode.net irc.freenode.net)</span><br />
<span class="irc-date">[5:13]</span> <span class="irc-navy">* skaar (n=skaar@substruction.net) Quit (wolfe.freenode.net irc.freenode.net)</span><br />
<span class="irc-date">[5:23]</span> <span class="irc-green">* IokeHurricane (n=IokeHurr@8.12.35.212) has joined #ioke</span><br />
<span class="irc-date">[5:23]</span> <span class="irc-green">* vincenz (n=vincenz@li23-146.members.linode.com) has joined #ioke</span><br />
<span class="irc-date">[5:23]</span> <span class="irc-green">* bguthrie (n=bguthrie@c-24-30-76-226.hsd1.ga.comcast.net) has joined #ioke</span><br />
<span class="irc-date">[5:23]</span> <span class="irc-green">* Tsion (n=scott@botters/staff/tsion) has joined #ioke</span><br />
<span class="irc-date">[5:23]</span> <span class="irc-green">* adakkak (n=adakkak@gres110.lis.illinois.edu) has joined #ioke</span><br />
<span class="irc-date">[5:23]</span> <span class="irc-green">* andreaja (n=sodoff@65.111.170.77) has joined #ioke</span><br />
<span class="irc-date">[5:23]</span> <span class="irc-green">* caboom (n=caboom@77-221.static.ikomline.net) has joined #ioke</span><br />
<span class="irc-date">[5:23]</span> <span class="irc-green">* HeMan (n=jimmy@193.12.106.19) has joined #ioke</span><br />
<span class="irc-date">[5:23]</span> <span class="irc-green">* CIA-7 (n=CIA@208.69.182.149) has joined #ioke</span><br />
<span class="irc-date">[5:23]</span> <span class="irc-green">* skaar (n=skaar@substruction.net) has joined #ioke</span><br />
<span class="irc-date">[5:41]</span> <span class="irc-navy">* skaar (n=skaar@substruction.net) Quit (Remote closed the connection)</span><br />
<span class="irc-date">[5:41]</span> <span class="irc-green">* skaar (n=skaar@substruction.net) has joined #ioke</span><br />
<span class="irc-date">[6:31]</span> <span class="irc-green">* olabini (n=ola@c-d64ce155.1110-8-64736c13.cust.bredbandsbolaget.se) has joined #ioke</span><br />
<span class="irc-date">[6:31]</span> <span class="irc-green">* ChanServ sets mode +o olabini </span><br />
<span class="irc-date">[8:00]</span> <span class="irc-green">* naeu (n=sam@dhcp-077-248-060-144.chello.nl) has joined #ioke</span><br />
<span class="irc-date">[8:28]</span> <span class="irc-green">* Narnach (n=narnach@a82-94-4-220.adsl.xs4all.nl) has joined #ioke</span><br />
<span class="irc-date">[8:50]</span> <span class="irc-navy">* naeu (n=sam@dhcp-077-248-060-144.chello.nl) Quit ()</span><br />
<span class="irc-date">[9:12]</span> <span class="irc-navy">* olabini (n=ola@c-d64ce155.1110-8-64736c13.cust.bredbandsbolaget.se) Quit (Remote closed the connection)</span><br />
<span class="irc-date">[9:13]</span> <span class="irc-green">* olabini (n=ola@c-d64ce155.1110-8-64736c13.cust.bredbandsbolaget.se) has joined #ioke</span><br />
<span class="irc-date">[9:13]</span> <span class="irc-green">* ChanServ sets mode +o olabini </span><br />
<span class="irc-date">[9:28]</span> <span class="irc-navy">* olabini (n=ola@c-d64ce155.1110-8-64736c13.cust.bredbandsbolaget.se) Quit (Remote closed the connection)</span><br />
<span class="irc-date">[10:18]</span> <span class="irc-green">* olabini (n=ola@c-d64ce155.1110-8-64736c13.cust.bredbandsbolaget.se) has joined #ioke</span><br />
<span class="irc-date">[10:18]</span> <span class="irc-green">* ChanServ sets mode +o olabini </span><br />
<span class="irc-date">[12:36]</span> <span class="irc-green">* caboom_ (n=caboom@77-221.static.ikomline.net) has joined #ioke</span><br />
<span class="irc-date">[12:44]</span> <span class="irc-navy">* caboom (n=caboom@77-221.static.ikomline.net) Quit (Read error: 110 (Connection timed out))</span><br />
<span class="irc-date">[12:47]</span> <span class="irc-navy">* bguthrie (n=bguthrie@c-24-30-76-226.hsd1.ga.comcast.net) Quit ()</span><br />
<span class="irc-date">[14:56]</span> <span class="irc-green">* naeu_ (n=sam@h253136.upc-h.chello.nl) has joined #ioke</span><br />
<span class="irc-date">[15:42]</span> <span class="irc-black">&lt;CIA-7&gt; ioke: Ola Bini master * r0dbc790 / build.xml : Make sure that ispec run with enough memory - <a href="http://bit.ly/s0BL">http://bit.ly/s0BL</a></span><br />
<span class="irc-date">[15:57]</span> <span class="irc-black">&lt;olabini&gt; perfect. a new checkout of Ioke on Windows XP doesn't pass all tests</span><br />
<span class="irc-date">[15:57]</span> <span class="irc-black">&lt;olabini&gt; there are several problems with newlines</span><br />
<span class="irc-date">[15:57]</span> <span class="irc-black">&lt;olabini&gt; scheisse</span><br />
<span class="irc-date">[16:07]</span> <span class="irc-navy">* adakkak (n=adakkak@gres110.lis.illinois.edu) Quit ("Ex-Chat")</span><br />
<span class="irc-date">[16:11]</span> <span class="irc-green">* travisennis (n=travisen@208.96.144.88) has joined #ioke</span><br />
<span class="irc-date">[16:21]</span> <span class="irc-brick">* olabini is fixing Windows problems</span><br />
<span class="irc-date">[16:23]</span> <span class="irc-black">&lt;naeu_&gt; olabini: you're a kind and thoughtful soul :-)</span><br />
<span class="irc-date">[16:25]</span> <span class="irc-black">&lt;olabini&gt; hehe</span><br />
<span class="irc-date">[16:25]</span> <span class="irc-black">&lt;olabini&gt; not really</span><br />
<span class="irc-date">[16:25]</span> <span class="irc-black">&lt;olabini&gt; I just like to look like one</span><br />
<span class="irc-date">[16:25]</span> <span class="irc-black">&lt;naeu_&gt; :-p</span><br />
<span class="irc-date">[16:26]</span> <span class="irc-black">&lt;naeu_&gt; surely you can't be a dark internally as all the externally dark clothes you wear ;-)</span><br />
<span class="irc-date">[16:30]</span> <span class="irc-black">&lt;olabini&gt; yep. I am</span><br />
<span class="irc-date">[16:30]</span> <span class="irc-black">&lt;olabini&gt; =)</span><br />
<span class="irc-date">[16:40]</span> <span class="irc-green">* martido (n=martin@213.61.180.190) has joined #ioke</span><br />
<span class="irc-date">[16:41]</span> <span class="irc-black">&lt;martido&gt; ola: oh you're speaking German? ;)</span><br />
<span class="irc-date">[16:42]</span> <span class="irc-black">&lt;martido&gt; hmm. you know I'm using Windows, but since you fixed the parser bug (Bug #178) I didn't have any problems with newlines</span><br />
<span class="irc-date">[16:47]</span> <span class="irc-black">&lt;olabini&gt; nope. no German, sadly.</span><br />
<span class="irc-date">[16:47]</span> <span class="irc-black">&lt;olabini&gt; martido: well, that's strange</span><br />
<span class="irc-date">[16:48]</span> <span class="irc-black">&lt;olabini&gt; I've gotten about 15 failures on a direct clone</span><br />
<span class="irc-date">[16:48]</span> <span class="irc-black">&lt;olabini&gt; but of course, I don't transform \n to \r\n in my git</span><br />
<span class="irc-date">[16:56]</span> <span class="irc-black">&lt;olabini&gt; martido: as it turns out, my fix seems to have some bad thinking in it</span><br />
<span class="irc-date">[16:56]</span> <span class="irc-black">&lt;olabini&gt; ... =)</span><br />
<span class="irc-date">[16:59]</span> <span class="irc-black">&lt;martido&gt; well, 'scheisse' sounds like perfect German ;)</span><br />
<span class="irc-date">[16:59]</span> <span class="irc-black">&lt;martido&gt; why? what's wrong with your fix?</span><br />
<span class="irc-date">[17:00]</span> <span class="irc-black">&lt;olabini&gt; hehe</span><br />
<span class="irc-date">[17:01]</span> <span class="irc-black">&lt;olabini&gt; it doesn't handle \r\n in literals correctly</span><br />
<span class="irc-date">[17:05]</span> <span class="irc-navy">* naeu_ (n=sam@h253136.upc-h.chello.nl) Quit ()</span><br />
<span class="irc-date">[17:19]</span> <span class="irc-black">&lt;martido&gt; just ran the tests again. I get 15 failures as well. strange. have I been dreaming?</span><br />
<span class="irc-date">[17:20]</span> <span class="irc-navy">* Narnach (n=narnach@a82-94-4-220.adsl.xs4all.nl) Quit ("Leaving...")</span><br />
<span class="irc-date">[17:20]</span> <span class="irc-black">&lt;martido&gt; btw, have you noticed that the FileSystem parentOf tests don't run? like I wrote in the bug tracker?</span><br />
<span class="irc-date">[17:20]</span> <span class="irc-black">&lt;olabini&gt; yep</span><br />
<span class="irc-date">[17:20]</span> <span class="irc-black">&lt;olabini&gt; yep</span><br />
<span class="irc-date">[17:21]</span> <span class="irc-black">&lt;olabini&gt; I'm looking at that soon too</span><br />
<span class="irc-date">[17:27]</span> <span class="irc-black">&lt;olabini&gt; I know why, I think</span><br />
<span class="irc-date">[17:28]</span> <span class="irc-black">&lt;olabini&gt; it's actually a bit silly</span><br />
<span class="irc-date">[17:28]</span> <span class="irc-black">&lt;olabini&gt; ... martido: you remember the magic "it" variable in if-statements?</span><br />
<span class="irc-date">[17:28]</span> <span class="irc-black">&lt;olabini&gt; hehehehehe</span><br />
<span class="irc-date">[17:33]</span> <span class="irc-black">&lt;CIA-7&gt; ioke: Ola Bini master * r448a00d / (4 files in 3 dirs): Up max memory for Windows, and fix several issues relating to differences in handling of newlines - <a href="http://bit.ly/dErx">http://bit.ly/dErx</a></span><br />
<span class="irc-date">[17:33]</span> <span class="irc-black">&lt;CIA-7&gt; ioke: Ola Bini master * r0e92596 / (lib/ioke/ispec/describeContext.ik test/file_system_spec.ik): Don't use if-statements in a context where it creates an 'it'. Instead create a specialized method for use only inside of describe contexts. this is the real fix for bug #175. - <a href="http://bit.ly/662qS">http://bit.ly/662qS</a></span><br />
<span class="irc-date">[17:37]</span> <span class="irc-black">&lt;olabini&gt; ok, windows issues all fixed for now</span><br />
<span class="irc-date">[17:38]</span> <span class="irc-black">&lt;martido&gt; aaaah!!! of course!!! so the it that was meant to describe the test got actually bound to just true or false, right?</span><br />
<span class="irc-date">[17:40]</span> <span class="irc-black">&lt;martido&gt; just read your comment to bug #175 ... oh my. shit happens ;)</span><br />
<span class="irc-date">[17:41]</span> <span class="irc-black">&lt;olabini&gt; hehe</span><br />
<span class="irc-date">[17:41]</span> <span class="irc-black">&lt;olabini&gt; yeah</span><br />
<span class="irc-date">[17:41]</span> <span class="irc-black">&lt;olabini&gt; exactly</span><br />
<span class="irc-date">[17:42]</span> <span class="irc-black">&lt;olabini&gt; =)</span><br />
<span class="irc-date">[17:42]</span> <span class="irc-black">&lt;olabini&gt; anyway. it's fixed</span><br />
<span class="irc-date">[17:42]</span> <span class="irc-black">&lt;martido&gt; great! running the tests right now...</span><br />
<span class="irc-date">[17:42]</span> <span class="irc-black">&lt;martido&gt; 0 failures!!!</span><br />
<span class="irc-date">[17:42]</span> <span class="irc-black">&lt;olabini&gt; awesome</span><br />
<span class="irc-date">[17:48]</span> <span class="irc-green">* martido (n=martin@213.61.180.190) has left #ioke</span><br />
<span class="irc-date">[18:39]</span> <span class="irc-navy">* olabini (n=ola@c-d64ce155.1110-8-64736c13.cust.bredbandsbolaget.se) Quit (Remote closed the connection)</span><br />
<span class="irc-date">[18:50]</span> <span class="irc-green">* olabini (n=ola@c-d64ce155.1110-8-64736c13.cust.bredbandsbolaget.se) has joined #ioke</span><br />
<span class="irc-date">[18:50]</span> <span class="irc-green">* ChanServ sets mode +o olabini </span><br />
<span class="irc-date">[19:10]</span> <span class="irc-green">* kar8nga (n=kar8nga@a-107.vc-graz.ac.at) has joined #ioke</span><br />
<span class="irc-date">[19:35]</span> <span class="irc-black">&lt;olabini&gt; I kinda love these declarations:</span><br />
<span class="irc-date">[19:35]</span> <span class="irc-black">&lt;olabini&gt; JavaGround java:lang:Integer asRational = JavaGround cell("primitiveMagic: Integer-&gt;Rational")</span><br />
<span class="irc-date">[19:35]</span> <span class="irc-black">&lt;olabini&gt;  </span><br />
<span class="irc-date">[19:35]</span> <span class="irc-black">&lt;olabini&gt; it's neat to be able to name cells whatever you want</span><br />
<span class="irc-date">[19:35]</span> <span class="irc-black">&lt;olabini&gt; really WHATEVER</span><br />
<span class="irc-date">[20:51]</span> <span class="irc-black">&lt;olabini&gt; well. that was the Java fields fixed</span><br />
<span class="irc-date">[20:51]</span> <span class="irc-black">&lt;CIA-7&gt; ioke: Ola Bini master * rb0d9af5 / (10 files in 4 dirs): Make most of the changes necessary to make Java fields work correctly, including tests for them - <a href="http://bit.ly/ZlHm1">http://bit.ly/ZlHm1</a></span><br />
<span class="irc-date">[20:51]</span> <span class="irc-black">&lt;CIA-7&gt; ioke: Ola Bini master * rcbe0390 / (4 files in 3 dirs): Add support for Java fields - <a href="http://bit.ly/ekkSS">http://bit.ly/ekkSS</a></span><br />
<span class="irc-date">[21:05]</span> <span class="irc-black">&lt;CIA-7&gt; ioke: Ola Bini master * r093f98a / src/builtin/J05_javaGround.ik : Fix bug #177, add notice and inspect for JavaGround - <a href="http://bit.ly/rW533">http://bit.ly/rW533</a></span><br />
<span class="irc-date">[21:09]</span> <span class="irc-green">* bguthrie (n=bguthrie@glo2.manheim.com) has joined #ioke</span><br />
<span class="irc-date">[21:13]</span> <span class="irc-navy">* bguthrie (n=bguthrie@glo2.manheim.com) Quit (Client Quit)</span><br />
<span class="irc-date">[21:14]</span> <span class="irc-green">* cv (n=cv@5ad58ae5.bb.sky.com) has joined #ioke</span><br />
<span class="irc-date">[21:37]</span> <span class="irc-green">* travisennis (n=travisen@208.96.144.88) has left #ioke</span><br />
<span class="irc-date">[22:02]</span> <span class="irc-green">* melwin (n=soup@ua-83-227-215-81.cust.bredbandsbolaget.se) has joined #ioke</span><br />
<span class="irc-date">[22:03]</span> <span class="irc-green">* adakkak (n=adakkak@ppp-70-225-166-147.dsl.chmpil.ameritech.net) has joined #ioke</span><br />
<span class="irc-date">[22:05]</span> <span class="irc-navy">* adakkak (n=adakkak@ppp-70-225-166-147.dsl.chmpil.ameritech.net) Quit (Remote closed the connection)</span><br />
<span class="irc-date">[22:26]</span> <span class="irc-green">* kar8nga (n=kar8nga@a-107.vc-graz.ac.at) has left #ioke</span><br />
<span class="irc-date">[22:27]</span> <span class="irc-green">* cv_ (n=cv@5ad58ae5.bb.sky.com) has joined #ioke</span><br />
<span class="irc-date">[22:28]</span> <span class="irc-navy">* cv (n=cv@5ad58ae5.bb.sky.com) Quit (Read error: 113 (No route to host))</span><br />
<span class="irc-date">[23:12]</span> <span class="irc-green">* bguthrie (n=bguthrie@48.sub-75-251-85.myvzw.com) has joined #ioke</span><br />
<span class="irc-date">[23:33]</span> <span class="irc-black">&lt;cv_&gt; i had a kind of a crazy idea this morning on the train, but no laptop to test it on</span><br />
<span class="irc-date">[23:33]</span> <span class="irc-black">&lt;cv_&gt; if you record all assignment messages to a file somewhere</span><br />
<span class="irc-date">[23:34]</span> <span class="irc-black">&lt;cv_&gt; and take some care to keep the output somewhat sane</span><br />
<span class="irc-date">[23:34]</span> <span class="irc-black">&lt;cv_&gt; you'd end up with an "image" of the system, right?</span><br />
<span class="irc-date">[23:37]</span> <span class="irc-black">&lt;cv_&gt; if that's indeed true (bar some adjustments for exceptional cases i'm sure i didn't think of), that would allow us to have a hybrid model</span><br />
<span class="irc-date">[23:37]</span> <span class="irc-black">&lt;cv_&gt; normal files for development, package it all up in image for distribution and tool support</span><br />
<span class="irc-date">[23:38]</span> <span class="irc-navy">* bguthrie (n=bguthrie@48.sub-75-251-85.myvzw.com) Quit (Read error: 110 (Connection timed out))</span><br />
<span class="irc-date">[23:38]</span> <span class="irc-black">&lt;cv_&gt; tool support meaning that tools could have a look at the image and do decent automated refactoring, code coverage, some optimizations and style</span><br />
<span class="irc-date">[23:38]</span> <span class="irc-black">&lt;cv_&gt; style checking*</span><br />
