<span class="irc-date">[5:50]</span> <span class="irc-green">* kar8nga (n=kar8nga@a-18.vc-graz.ac.at) has joined #ioke</span><br />
<span class="irc-date">[6:25]</span> <span class="irc-navy">* kar8nga (n=kar8nga@a-18.vc-graz.ac.at) Quit (Remote closed the connection)</span><br />
<span class="irc-date">[8:06]</span> <span class="irc-green">* larsw (n=larsw@130-237-101-197-dhcp.it.ki.se) has joined #ioke</span><br />
<span class="irc-date">[9:40]</span> <span class="irc-green">* naeu (n=sam@e170138.upc-e.chello.nl) has joined #ioke</span><br />
<span class="irc-date">[11:08]</span> <span class="irc-navy">* naeu (n=sam@e170138.upc-e.chello.nl) Quit (leguin.freenode.net irc.freenode.net)</span><br />
<span class="irc-date">[11:08]</span> <span class="irc-navy">* larsw (n=larsw@130-237-101-197-dhcp.it.ki.se) Quit (leguin.freenode.net irc.freenode.net)</span><br />
<span class="irc-date">[11:10]</span> <span class="irc-green">* naeu (n=sam@e170138.upc-e.chello.nl) has joined #ioke</span><br />
<span class="irc-date">[11:10]</span> <span class="irc-green">* larsw (n=larsw@130-237-101-197-dhcp.it.ki.se) has joined #ioke</span><br />
<span class="irc-date">[11:10]</span> <span class="irc-brown">-christel- [Global Notice] Hi all, we appear to be having some connectivity issues between our main US and EU hubs -- we're looking into this and hopefully they will be resolved soon. Further info will go to wallops, set yourself +w to see them. Apologies for inconvenience.</span><br />
<span class="irc-date">[11:20]</span> <span class="irc-brown">-christel- [Global Notice] Hi all, I am going to be making some routing changes, this will be rather noisy for a few moments as I juggle stuff around -- apologies for the inconvenience and thank you for your patience and for using freenode.</span><br />
<span class="irc-date">[11:25]</span> <span class="irc-navy">* naeu (n=sam@e170138.upc-e.chello.nl) Quit (leguin.freenode.net irc.freenode.net)</span><br />
<span class="irc-date">[11:25]</span> <span class="irc-navy">* larsw (n=larsw@130-237-101-197-dhcp.it.ki.se) Quit (leguin.freenode.net irc.freenode.net)</span><br />
<span class="irc-date">[11:26]</span> <span class="irc-green">* naeu (n=sam@e170138.upc-e.chello.nl) has joined #ioke</span><br />
<span class="irc-date">[11:26]</span> <span class="irc-green">* larsw (n=larsw@130-237-101-197-dhcp.it.ki.se) has joined #ioke</span><br />
<span class="irc-date">[12:01]</span> <span class="irc-navy">* naeu (n=sam@e170138.upc-e.chello.nl) Quit (leguin.freenode.net irc.freenode.net)</span><br />
<span class="irc-date">[12:01]</span> <span class="irc-navy">* larsw (n=larsw@130-237-101-197-dhcp.it.ki.se) Quit (leguin.freenode.net irc.freenode.net)</span><br />
<span class="irc-date">[12:01]</span> <span class="irc-navy">* olabini (n=ola@c-114de155.1110-8-64736c13.cust.bredbandsbolaget.se) Quit (leguin.freenode.net irc.freenode.net)</span><br />
<span class="irc-date">[12:01]</span> <span class="irc-navy">* CIA-47 (n=CIA@208.69.182.149) Quit (leguin.freenode.net irc.freenode.net)</span><br />
<span class="irc-date">[12:03]</span> <span class="irc-green">* olabini (n=ola@c-114de155.1110-8-64736c13.cust.bredbandsbolaget.se) has joined #ioke</span><br />
<span class="irc-date">[12:03]</span> <span class="irc-green">* larsw (n=larsw@130-237-101-197-dhcp.it.ki.se) has joined #ioke</span><br />
<span class="irc-date">[12:03]</span> <span class="irc-green">* naeu (n=sam@e170138.upc-e.chello.nl) has joined #ioke</span><br />
<span class="irc-date">[12:03]</span> <span class="irc-green">* CIA-47 (n=CIA@208.69.182.149) has joined #ioke</span><br />
<span class="irc-date">[12:09]</span> <span class="irc-navy">* naeu (n=sam@e170138.upc-e.chello.nl) Quit (leguin.freenode.net irc.freenode.net)</span><br />
<span class="irc-date">[12:09]</span> <span class="irc-navy">* larsw (n=larsw@130-237-101-197-dhcp.it.ki.se) Quit (leguin.freenode.net irc.freenode.net)</span><br />
<span class="irc-date">[12:09]</span> <span class="irc-navy">* olabini (n=ola@c-114de155.1110-8-64736c13.cust.bredbandsbolaget.se) Quit (leguin.freenode.net irc.freenode.net)</span><br />
<span class="irc-date">[12:09]</span> <span class="irc-navy">* CIA-47 (n=CIA@208.69.182.149) Quit (leguin.freenode.net irc.freenode.net)</span><br />
<span class="irc-date">[12:15]</span> <span class="irc-green">* olabini (n=ola@c-114de155.1110-8-64736c13.cust.bredbandsbolaget.se) has joined #ioke</span><br />
<span class="irc-date">[12:15]</span> <span class="irc-green">* larsw (n=larsw@130-237-101-197-dhcp.it.ki.se) has joined #ioke</span><br />
<span class="irc-date">[12:15]</span> <span class="irc-green">* CIA-47 (n=CIA@208.69.182.149) has joined #ioke</span><br />
<span class="irc-date">[12:16]</span> <span class="irc-navy">* Disconnected.</span><br />
