<span class="irc-date">[5:54]</span> <span class="irc-green">* naeu (n=sam@dhcp-077-248-060-144.chello.nl) has joined #ioke</span><br />
<span class="irc-date">[6:53]</span> <span class="irc-navy">* naeu (n=sam@dhcp-077-248-060-144.chello.nl) Quit (Read error: 104 (Connection reset by peer))</span><br />
<span class="irc-date">[6:55]</span> <span class="irc-green">* naeu (n=sam@dhcp-077-248-060-144.chello.nl) has joined #ioke</span><br />
<span class="irc-date">[7:45]</span> <span class="irc-black">&lt;naeu&gt; olabini: what are you opinions about adding all? and any? to List?</span><br />
<span class="irc-date">[8:13]</span> <span class="irc-black">&lt;olabini&gt; hm. why specifically to List?</span><br />
<span class="irc-date">[8:13]</span> <span class="irc-black">&lt;olabini&gt; they are already in Enumerable</span><br />
<span class="irc-date">[8:14]</span> <span class="irc-black">&lt;naeu&gt; oh are they, hmm, I didn't notice them :-)</span><br />
<span class="irc-date">[8:14]</span> <span class="irc-black">&lt;naeu&gt; sorry, my mistake</span><br />
<span class="irc-date">[8:14]</span> <span class="irc-black">&lt;olabini&gt; =)</span><br />
<span class="irc-date">[8:14]</span> <span class="irc-black">&lt;olabini&gt; no worries</span><br />
<span class="irc-date">[8:14]</span> <span class="irc-black">&lt;naeu&gt; by the way, do you have any thoughts on the inclusion of Streams or Generators?</span><br />
<span class="irc-date">[8:15]</span> <span class="irc-black">&lt;naeu&gt; for example, it might be nice to have a canonical way of generating a stream representing the prime numbers</span><br />
<span class="irc-date">[8:16]</span> <span class="irc-black">&lt;naeu&gt; and some interface methods such as #next</span><br />
<span class="irc-date">[8:24]</span> <span class="irc-green">* embro1001 (n=sintaks@c-24-18-177-51.hsd1.wa.comcast.net) has joined #ioke</span><br />
<span class="irc-date">[8:38]</span> <span class="irc-green">* kar8nga (n=kar8nga@a-98.vc-graz.ac.at) has joined #ioke</span><br />
<span class="irc-date">[8:43]</span> <span class="irc-navy">* embro1001 (n=sintaks@c-24-18-177-51.hsd1.wa.comcast.net) Quit (Client Quit)</span><br />
<span class="irc-date">[8:51]</span> <span class="irc-black">&lt;olabini&gt; yeah</span><br />
<span class="irc-date">[8:51]</span> <span class="irc-black">&lt;olabini&gt; I have definitely considered that</span><br />
<span class="irc-date">[8:51]</span> <span class="irc-black">&lt;olabini&gt; just not implemented anything yet</span><br />
<span class="irc-date">[9:41]</span> <span class="irc-black">&lt;naeu&gt; cool</span><br />
<span class="irc-date">[9:41]</span> <span class="irc-black">&lt;naeu&gt; last night I discovered Project Euler</span><br />
<span class="irc-date">[9:42]</span> <span class="irc-black">&lt;naeu&gt; and started solving them with Ioke</span><br />
<span class="irc-date">[9:42]</span> <span class="irc-black">&lt;naeu&gt; and built my own simple streams as part of some of the solutions</span><br />
<span class="irc-date">[9:47]</span> <span class="irc-navy">* kar8nga (n=kar8nga@a-98.vc-graz.ac.at) Quit (Remote closed the connection)</span><br />
<span class="irc-date">[10:04]</span> <span class="irc-green">* kar8nga (n=kar8nga@e-120.vc-graz.ac.at) has joined #ioke</span><br />
<span class="irc-date">[10:06]</span> <span class="irc-navy">* kar8nga (n=kar8nga@e-120.vc-graz.ac.at) Quit (Remote closed the connection)</span><br />
<span class="irc-date">[10:16]</span> <span class="irc-black">&lt;olabini&gt; nice</span><br />
<span class="irc-date">[10:54]</span> <span class="irc-green">* olabini (n=ola@c-9f4ce155.1110-8-64736c13.cust.bredbandsbolaget.se) has left #ioke</span><br />
<span class="irc-date">[12:17]</span> <span class="irc-green">* kar8nga (n=kar8nga@e-170.vc-graz.ac.at) has joined #ioke</span><br />
<span class="irc-date">[12:54]</span> <span class="irc-navy">* kar8nga (n=kar8nga@e-170.vc-graz.ac.at) Quit (Remote closed the connection)</span><br />
<span class="irc-date">[16:03]</span> <span class="irc-green">* olabini (n=ola@212.185.96.28) has joined #ioke</span><br />
<span class="irc-date">[16:03]</span> <span class="irc-green">* ChanServ sets mode +o olabini </span><br />
<span class="irc-date">[16:05]</span> <span class="irc-navy">* olabini (n=ola@212.185.96.28) Quit (Client Quit)</span><br />
<span class="irc-date">[16:12]</span> <span class="irc-green">* olabini (n=ola@212.185.96.28) has joined #ioke</span><br />
<span class="irc-date">[16:12]</span> <span class="irc-green">* ChanServ sets mode +o olabini </span><br />
<span class="irc-date">[16:27]</span> <span class="irc-green">* olabini` (n=ola@212.185.96.28) has joined #ioke</span><br />
<span class="irc-date">[16:40]</span> <span class="irc-navy">* olabini (n=ola@212.185.96.28) Quit (Read error: 110 (Connection timed out))</span><br />
<span class="irc-date">[22:31]</span> <span class="irc-navy">* naeu (n=sam@dhcp-077-248-060-144.chello.nl) Quit (Read error: 54 (Connection reset by peer))</span><br />
<span class="irc-date">[22:34]</span> <span class="irc-green">* naeu (n=sam@dhcp-077-248-060-144.chello.nl) has joined #ioke</span><br />
<span class="irc-date">[22:38]</span> <span class="irc-navy">* naeu (n=sam@dhcp-077-248-060-144.chello.nl) Quit (Client Quit)</span><br />
<span class="irc-date">[23:42]</span> <span class="irc-navy">* olabini` (n=ola@212.185.96.28) Quit (Read error: 110 (Connection timed out))</span><br />
