<span class="irc-date">[5:28]</span> <span class="irc-green">* Narnach (n=narnach@195-241-27-75.ip.telfort.nl) has joined #ioke</span><br />
<span class="irc-date">[5:40]</span> <span class="irc-green">* kar8nga (n=kar8nga@e-38.vc-graz.ac.at) has joined #ioke</span><br />
<span class="irc-date">[6:08]</span> <span class="irc-navy">* kar8nga (n=kar8nga@e-38.vc-graz.ac.at) Quit (Remote closed the connection)</span><br />
<span class="irc-date">[6:16]</span> <span class="irc-green">* kar8nga (n=kar8nga@e-53.vc-graz.ac.at) has joined #ioke</span><br />
<span class="irc-date">[6:32]</span> <span class="irc-green">* embro1001 (n=sintaks@c-24-18-177-51.hsd1.wa.comcast.net) has joined #ioke</span><br />
<span class="irc-date">[6:32]</span> <span class="irc-navy">* embro1001 (n=sintaks@c-24-18-177-51.hsd1.wa.comcast.net) Quit (Read error: 104 (Connection reset by peer))</span><br />
<span class="irc-date">[6:33]</span> <span class="irc-green">* embro1001 (n=sintaks@24.sub-97-162-163.myvzw.com) has joined #ioke</span><br />
<span class="irc-date">[6:34]</span> <span class="irc-navy">* kar8nga (n=kar8nga@e-53.vc-graz.ac.at) Quit (Read error: 110 (Connection timed out))</span><br />
<span class="irc-date">[6:41]</span> <span class="irc-navy">* embro1001 (n=sintaks@24.sub-97-162-163.myvzw.com) Quit (Client Quit)</span><br />
<span class="irc-date">[6:51]</span> <span class="irc-navy">* Narnach (n=narnach@195-241-27-75.ip.telfort.nl) Quit (Read error: 60 (Operation timed out))</span><br />
<span class="irc-date">[7:40]</span> <span class="irc-green">* Narnach (n=narnach@a82-94-4-219.adsl.xs4all.nl) has joined #ioke</span><br />
<span class="irc-date">[9:39]</span> <span class="irc-green">* olabini (n=ola@93-97-45-26.zone5.bethere.co.uk) has joined #ioke</span><br />
<span class="irc-date">[9:39]</span> <span class="irc-green">* ChanServ sets mode +o olabini </span><br />
<span class="irc-date">[10:19]</span> <span class="irc-navy">* naeu (n=sam@dhcp-077-248-060-144.chello.nl) Quit (Read error: 110 (Connection timed out))</span><br />
<span class="irc-date">[14:30]</span> <span class="irc-green">* donizetti (n=donizett@187.37.193.225) has joined #ioke</span><br />
<span class="irc-date">[14:30]</span> <span class="irc-black">&lt;donizetti&gt; hello guys!</span><br />
<span class="irc-date">[15:30]</span> <span class="irc-navy">* olabini (n=ola@93-97-45-26.zone5.bethere.co.uk) Quit (Read error: 113 (No route to host))</span><br />
<span class="irc-date">[15:35]</span> <span class="irc-green">* olabini (n=ola@217.40.10.35) has joined #ioke</span><br />
<span class="irc-date">[15:35]</span> <span class="irc-green">* ChanServ sets mode +o olabini </span><br />
<span class="irc-date">[15:36]</span> <span class="irc-black">&lt;olabini&gt; xk</span><br />
<span class="irc-date">[15:36]</span> <span class="irc-navy">* olabini (n=ola@217.40.10.35) Quit (Remote closed the connection)</span><br />
<span class="irc-date">[16:28]</span> <span class="irc-navy">* Narnach (n=narnach@a82-94-4-219.adsl.xs4all.nl) Quit (Remote closed the connection)</span><br />
<span class="irc-date">[18:07]</span> <span class="irc-green">* donizetti_ (n=donizett@187.37.193.225) has joined #ioke</span><br />
<span class="irc-date">[18:17]</span> <span class="irc-navy">* donizetti (n=donizett@187.37.193.225) Quit (Read error: 110 (Connection timed out))</span><br />
<span class="irc-date">[18:22]</span> <span class="irc-navy">* donizetti_ (n=donizett@187.37.193.225) Quit ()</span><br />
<span class="irc-date">[18:47]</span> <span class="irc-green">* naeu (n=sam@dhcp-077-248-060-144.chello.nl) has joined #ioke</span><br />
<span class="irc-date">[19:24]</span> <span class="irc-green">* naeu_ (n=sam@dhcp-077-248-060-144.chello.nl) has joined #ioke</span><br />
<span class="irc-date">[19:35]</span> <span class="irc-navy">* naeu (n=sam@dhcp-077-248-060-144.chello.nl) Quit (Read error: 110 (Connection timed out))</span><br />
<span class="irc-date">[19:47]</span> <span class="irc-green">* naeu (n=sam@dhcp-077-248-060-144.chello.nl) has joined #ioke</span><br />
<span class="irc-date">[19:58]</span> <span class="irc-navy">* naeu_ (n=sam@dhcp-077-248-060-144.chello.nl) Quit (Read error: 110 (Connection timed out))</span><br />
<span class="irc-date">[20:35]</span> <span class="irc-green">* Narnach (n=narnach@195-241-27-75.ip.telfort.nl) has joined #ioke</span><br />
<span class="irc-date">[20:37]</span> <span class="irc-green">* naeu_ (n=sam@dhcp-077-248-060-144.chello.nl) has joined #ioke</span><br />
<span class="irc-date">[20:49]</span> <span class="irc-navy">* naeu (n=sam@dhcp-077-248-060-144.chello.nl) Quit (Read error: 110 (Connection timed out))</span><br />
<span class="irc-date">[21:10]</span> <span class="irc-navy">* naeu_ (n=sam@dhcp-077-248-060-144.chello.nl) Quit ()</span><br />
<span class="irc-date">[21:22]</span> <span class="irc-green">* naeu (n=sam@dhcp-077-248-060-144.chello.nl) has joined #ioke</span><br />
<span class="irc-date">[21:54]</span> <span class="irc-navy">* Narnach (n=narnach@195-241-27-75.ip.telfort.nl) Quit (Remote closed the connection)</span><br />
<span class="irc-date">[22:18]</span> <span class="irc-navy">* naeu (n=sam@dhcp-077-248-060-144.chello.nl) Quit ()</span><br />
