<span class="irc-date">[8:17]</span> <span class="irc-green">* Narnach (n=narnach@a82-94-4-219.adsl.xs4all.nl) has joined #ioke</span><br />
<span class="irc-date">[8:57]</span> <span class="irc-green">* martido (n=martin@213.61.180.190) has joined #ioke</span><br />
<span class="irc-date">[10:11]</span> <span class="irc-navy">* Narnach (n=narnach@a82-94-4-219.adsl.xs4all.nl) Quit ("Leaving...")</span><br />
<span class="irc-date">[11:24]</span> <span class="irc-green">* caboom (n=caboom@77-221.static.ikomline.net) has joined #ioke</span><br />
<span class="irc-date">[11:57]</span> <span class="irc-navy">* martido (n=martin@213.61.180.190) Quit (Read error: 110 (Connection timed out))</span><br />
<span class="irc-date">[12:38]</span> <span class="irc-green">* mkrauskopf (n=mkrausko@nat/sun/x-37badcb8671217a5) has joined #ioke</span><br />
<span class="irc-date">[13:22]</span> <span class="irc-green">* embro1001 (n=sintaks@h69-129-134-210.nwblwi.dedicated.static.tds.net) has joined #ioke</span><br />
<span class="irc-date">[13:35]</span> <span class="irc-green">* Narnach (n=narnach@a82-94-4-220.adsl.xs4all.nl) has joined #ioke</span><br />
<span class="irc-date">[14:05]</span> <span class="irc-green">* Narnach_ (n=narnach@a82-94-4-220.adsl.xs4all.nl) has joined #ioke</span><br />
<span class="irc-date">[14:19]</span> <span class="irc-navy">* Narnach (n=narnach@a82-94-4-220.adsl.xs4all.nl) Quit (Read error: 110 (Connection timed out))</span><br />
<span class="irc-date">[15:09]</span> <span class="irc-navy">* caboom (n=caboom@77-221.static.ikomline.net) Quit ()</span><br />
<span class="irc-date">[16:51]</span> <span class="irc-navy">* mkrauskopf (n=mkrausko@nat/sun/x-37badcb8671217a5) Quit ("Leaving")</span><br />
<span class="irc-date">[16:56]</span> <span class="irc-navy">* embro1001 (n=sintaks@h69-129-134-210.nwblwi.dedicated.static.tds.net) Quit ()</span><br />
<span class="irc-date">[17:24]</span> <span class="irc-navy">* Narnach_ (n=narnach@a82-94-4-220.adsl.xs4all.nl) Quit ("Leaving...")</span><br />
<span class="irc-date">[18:22]</span> <span class="irc-green">* Narnach (n=narnach@195-241-27-75.ip.telfort.nl) has joined #ioke</span><br />
<span class="irc-date">[18:32]</span> <span class="irc-navy">* Narnach (n=narnach@195-241-27-75.ip.telfort.nl) Quit ("Leaving...")</span><br />
<span class="irc-date">[19:06]</span> <span class="irc-green">* kar8nga (n=kar8nga@a-230.vc-graz.ac.at) has joined #ioke</span><br />
<span class="irc-date">[19:51]</span> <span class="irc-green">* embro1001 (n=sintaks@CPE-70-94-3-19.wi.res.rr.com) has joined #ioke</span><br />
<span class="irc-date">[20:21]</span> <span class="irc-navy">* embro1001 (n=sintaks@CPE-70-94-3-19.wi.res.rr.com) Quit ()</span><br />
<span class="irc-date">[20:58]</span> <span class="irc-green">* embro1001 (n=sintaks@CPE-70-94-3-19.wi.res.rr.com) has joined #ioke</span><br />
<span class="irc-date">[21:23]</span> <span class="irc-navy">* embro1001 (n=sintaks@CPE-70-94-3-19.wi.res.rr.com) Quit ()</span><br />
<span class="irc-date">[22:20]</span> <span class="irc-navy">* kar8nga (n=kar8nga@a-230.vc-graz.ac.at) Quit (Connection timed out)</span><br />
