<span class="irc-date">[0:13]</span> <span class="irc-navy">* cv (n=cv@5ad58ae5.bb.sky.com) Quit ()</span><br />
<span class="irc-date">[0:38]</span> <span class="irc-green">* cv (n=cv@5ad58ae5.bb.sky.com) has joined #ioke</span><br />
<span class="irc-date">[0:38]</span> <span class="irc-navy">* cv (n=cv@5ad58ae5.bb.sky.com) Quit (Client Quit)</span><br />
<span class="irc-date">[0:57]</span> <span class="irc-navy">* naeu (n=sam@dhcp-077-248-060-144.chello.nl) Quit ()</span><br />
<span class="irc-date">[1:05]</span> <span class="irc-green">* naeu (n=sam@dhcp-077-248-060-144.chello.nl) has joined #ioke</span><br />
<span class="irc-date">[1:06]</span> <span class="irc-navy">* naeu (n=sam@dhcp-077-248-060-144.chello.nl) Quit (Client Quit)</span><br />
<span class="irc-date">[1:56]</span> <span class="irc-green">* bguthrie (n=bguthrie@c-24-30-76-226.hsd1.ga.comcast.net) has joined #ioke</span><br />
<span class="irc-date">[5:20]</span> <span class="irc-navy">* bguthrie (n=bguthrie@c-24-30-76-226.hsd1.ga.comcast.net) Quit ()</span><br />
<span class="irc-date">[7:04]</span> <span class="irc-green">* olabini (n=ola@c-d14fe155.1110-8-64736c13.cust.bredbandsbolaget.se) has left #ioke</span><br />
<span class="irc-date">[7:42]</span> <span class="irc-green">* bguthrie (n=bguthrie@c-24-30-76-226.hsd1.ga.comcast.net) has joined #ioke</span><br />
<span class="irc-date">[8:01]</span> <span class="irc-green">* Narnach (n=narnach@a82-94-4-219.adsl.xs4all.nl) has joined #ioke</span><br />
<span class="irc-date">[8:09]</span> <span class="irc-navy">* rush (n=rush@roblally.plus.com) Quit ()</span><br />
<span class="irc-date">[8:12]</span> <span class="irc-green">* rush (n=rush@roblally.plus.com) has joined #ioke</span><br />
<span class="irc-date">[8:27]</span> <span class="irc-green">* olabini (n=ola@c-d14fe155.1110-8-64736c13.cust.bredbandsbolaget.se) has joined #ioke</span><br />
<span class="irc-date">[8:27]</span> <span class="irc-green">* ChanServ sets mode +o olabini </span><br />
<span class="irc-date">[8:39]</span> <span class="irc-navy">* bguthrie (n=bguthrie@c-24-30-76-226.hsd1.ga.comcast.net) Quit ()</span><br />
<span class="irc-date">[8:47]</span> <span class="irc-navy">* rush (n=rush@roblally.plus.com) Quit (Read error: 110 (Connection timed out))</span><br />
<span class="irc-date">[8:52]</span> <span class="irc-green">* naeu (n=sam@h253136.upc-h.chello.nl) has joined #ioke</span><br />
<span class="irc-date">[9:09]</span> <span class="irc-navy">* Narnach (n=narnach@a82-94-4-219.adsl.xs4all.nl) Quit ("Leaving...")</span><br />
<span class="irc-date">[9:19]</span> <span class="irc-green">* rush (n=rush@roblally.plus.com) has joined #ioke</span><br />
<span class="irc-date">[10:28]</span> <span class="irc-green">* martido (n=martin@213.61.180.190) has joined #ioke</span><br />
<span class="irc-date">[12:02]</span> <span class="irc-green">* HeMan (n=jimmy@193.12.106.19) has left #ioke</span><br />
<span class="irc-date">[15:09]</span> <span class="irc-green">* olabini (n=ola@c-d14fe155.1110-8-64736c13.cust.bredbandsbolaget.se) has left #ioke</span><br />
<span class="irc-date">[15:33]</span> <span class="irc-green">* mkrauskopf (n=mkrausko@195.47.79.66) has joined #ioke</span><br />
<span class="irc-date">[16:09]</span> <span class="irc-green">* olabini (n=ola@c-d14fe155.1110-8-64736c13.cust.bredbandsbolaget.se) has joined #ioke</span><br />
<span class="irc-date">[16:09]</span> <span class="irc-green">* ChanServ sets mode +o olabini </span><br />
<span class="irc-date">[16:22]</span> <span class="irc-green">* embro1001 (n=sintaks@h69-129-134-210.nwblwi.dedicated.static.tds.net) has joined #ioke</span><br />
<span class="irc-date">[16:23]</span> <span class="irc-black">&lt;rush&gt; Where's the default mailing list/discussion group on Ioke. There's the google group and some mailing lists on Kenai, which is the "right" group to use/follow?</span><br />
<span class="irc-date">[16:23]</span> <span class="irc-black">&lt;embro1001&gt; Hello, peeps.</span><br />
<span class="irc-date">[16:23]</span> <span class="irc-black">&lt;rush&gt; 'ello</span><br />
<span class="irc-date">[16:25]</span> <span class="irc-black">&lt;naeu&gt; rush: judging by traffic the Kenai lists are the current canonical mailing lists :-)</span><br />
<span class="irc-date">[16:26]</span> <span class="irc-black">&lt;rush&gt; naeu: Thanks, sir.</span><br />
<span class="irc-date">[16:26]</span> <span class="irc-black">&lt;naeu&gt; rush: you're very welcome my goodly sire</span><br />
<span class="irc-date">[16:27]</span> <span class="irc-black">&lt;rush&gt; *florid bow*</span><br />
<span class="irc-date">[16:27]</span> <span class="irc-brick">* naeu ballet-like-feet-swing-and-click</span><br />
<span class="irc-date">[16:28]</span> <span class="irc-black">&lt;rush&gt; *ears droop, feeling outclassed*</span><br />
<span class="irc-date">[16:29]</span> <span class="irc-brick">* naeu hands a shiny medal to rush</span><br />
<span class="irc-date">[16:29]</span> <span class="irc-black">&lt;rush&gt; *polishes medal and returns to cave*</span><br />
<span class="irc-date">[16:30]</span> <span class="irc-black">&lt;rush&gt; Since I'm asking questions about which is what.</span><br />
<span class="irc-date">[16:30]</span> <span class="irc-black">&lt;naeu&gt; what is which?</span><br />
<span class="irc-date">[16:30]</span> <span class="irc-black">&lt;rush&gt; There seems to be a git and an hg repo for Ioke .. which of those is the master?</span><br />
<span class="irc-date">[16:30]</span> <span class="irc-black">&lt;naeu&gt; git is king</span><br />
<span class="irc-date">[16:33]</span> <span class="irc-black">&lt;rush&gt; Thanks, again.</span><br />
<span class="irc-date">[16:34]</span> <span class="irc-black">&lt;naeu&gt; your'e welcome :-)</span><br />
<span class="irc-date">[16:34]</span> <span class="irc-black">&lt;naeu&gt; you're also welcome to put that apostrophe back in its rightful place ;-)</span><br />
<span class="irc-date">[16:41]</span> <span class="irc-green">* bguthrie (n=bguthrie@glo2.manheim.com) has joined #ioke</span><br />
<span class="irc-date">[16:50]</span> <span class="irc-navy">* bguthrie (n=bguthrie@glo2.manheim.com) Quit ()</span><br />
<span class="irc-date">[17:04]</span> <span class="irc-green">* martido (n=martin@213.61.180.190) has left #ioke</span><br />
<span class="irc-date">[17:26]</span> <span class="irc-green">* Narnach (n=narnach@195-241-27-75.ip.telfort.nl) has joined #ioke</span><br />
<span class="irc-date">[17:56]</span> <span class="irc-navy">* naeu (n=sam@h253136.upc-h.chello.nl) Quit ()</span><br />
<span class="irc-date">[18:02]</span> <span class="irc-green">* bguthrie (n=bguthrie@glo2.manheim.com) has joined #ioke</span><br />
<span class="irc-date">[18:13]</span> <span class="irc-navy">* mkrauskopf (n=mkrausko@195.47.79.66) Quit ("Leaving")</span><br />
<span class="irc-date">[18:21]</span> <span class="irc-green">* naeu (n=sam@dhcp-077-248-060-144.chello.nl) has joined #ioke</span><br />
<span class="irc-date">[18:27]</span> <span class="irc-navy">* bguthrie (n=bguthrie@glo2.manheim.com) Quit (Read error: 110 (Connection timed out))</span><br />
<span class="irc-date">[18:56]</span> <span class="irc-navy">* Narnach (n=narnach@195-241-27-75.ip.telfort.nl) Quit (Read error: 104 (Connection reset by peer))</span><br />
<span class="irc-date">[18:57]</span> <span class="irc-navy">* naeu (n=sam@dhcp-077-248-060-144.chello.nl) Quit ()</span><br />
<span class="irc-date">[20:01]</span> <span class="irc-green">* kar8nga (n=kar8nga@a-144.vc-graz.ac.at) has joined #ioke</span><br />
<span class="irc-date">[20:26]</span> <span class="irc-green">* bguthrie (n=bguthrie@glo2.manheim.com) has joined #ioke</span><br />
<span class="irc-date">[20:34]</span> <span class="irc-navy">* bguthrie (n=bguthrie@glo2.manheim.com) Quit ()</span><br />
<span class="irc-date">[21:13]</span> <span class="irc-navy">* Tsion (n=scott@botters/staff/tsion) Quit (Read error: 110 (Connection timed out))</span><br />
<span class="irc-date">[21:19]</span> <span class="irc-green">* Tsion (n=scott@216.65.175.101) has joined #ioke</span><br />
<span class="irc-date">[21:39]</span> <span class="irc-green">* bguthrie (n=bguthrie@glo2.manheim.com) has joined #ioke</span><br />
<span class="irc-date">[21:58]</span> <span class="irc-navy">* bguthrie (n=bguthrie@glo2.manheim.com) Quit (Read error: 110 (Connection timed out))</span><br />
<span class="irc-date">[21:59]</span> <span class="irc-navy">* kar8nga (n=kar8nga@a-144.vc-graz.ac.at) Quit (Remote closed the connection)</span><br />
<span class="irc-date">[22:12]</span> <span class="irc-green">* naeu (n=sam@dhcp-077-248-060-144.chello.nl) has joined #ioke</span><br />
<span class="irc-date">[23:03]</span> <span class="irc-navy">* embro1001 (n=sintaks@h69-129-134-210.nwblwi.dedicated.static.tds.net) Quit ()</span><br />
<span class="irc-date">[23:11]</span> <span class="irc-navy">* naeu (n=sam@dhcp-077-248-060-144.chello.nl) Quit ()</span><br />
