<span class="irc-date">[0:55]</span> <span class="irc-green">* richcollins (n=richcoll@64-142-30-158.dsl.static.sonic.net) has joined #ioke</span><br />
<span class="irc-date">[0:59]</span> <span class="irc-green">* gu2 (n=gu@ool-435238c0.dyn.optonline.net) has joined #ioke</span><br />
<span class="irc-date">[1:05]</span> <span class="irc-navy">* jdp (n=gu@ool-435238c0.dyn.optonline.net) Quit (Read error: 60 (Operation timed out))</span><br />
<span class="irc-date">[1:17]</span> <span class="irc-navy">* richcollins (n=richcoll@64-142-30-158.dsl.static.sonic.net) Quit ()</span><br />
<span class="irc-date">[1:20]</span> <span class="irc-green">* gu2 is now known as jdp</span><br />
<span class="irc-date">[1:38]</span> <span class="irc-green">* gu2 (n=gu@ool-435238c0.dyn.optonline.net) has joined #ioke</span><br />
<span class="irc-date">[1:39]</span> <span class="irc-navy">* jdp (n=gu@ool-435238c0.dyn.optonline.net) Quit (Nick collision from services.)</span><br />
<span class="irc-date">[1:39]</span> <span class="irc-green">* gu2 is now known as jdp</span><br />
<span class="irc-date">[1:45]</span> <span class="irc-green">* richcollins (n=richcoll@64-142-30-158.dsl.static.sonic.net) has joined #ioke</span><br />
<span class="irc-date">[1:50]</span> <span class="irc-navy">* richcollins (n=richcoll@64-142-30-158.dsl.static.sonic.net) Quit (Client Quit)</span><br />
<span class="irc-date">[4:56]</span> <span class="irc-green">* gu2 (n=gu@ool-435238c0.dyn.optonline.net) has joined #ioke</span><br />
<span class="irc-date">[5:02]</span> <span class="irc-navy">* jdp (n=gu@ool-435238c0.dyn.optonline.net) Quit (Read error: 60 (Operation timed out))</span><br />
<span class="irc-date">[6:17]</span> <span class="irc-green">* gu2 is now known as jdp</span><br />
<span class="irc-date">[7:28]</span> <span class="irc-navy">* jdp (n=gu@ool-435238c0.dyn.optonline.net) Quit ()</span><br />
<span class="irc-date">[7:35]</span> <span class="irc-green">* jdp (n=justin@ool-435238c0.dyn.optonline.net) has joined #ioke</span><br />
<span class="irc-date">[11:08]</span> <span class="irc-green">* pdelgallego (n=pdelgall@42.Red-217-125-2.staticIP.rima-tde.net) has joined #ioke</span><br />
<span class="irc-date">[13:56]</span> <span class="irc-navy">* pdelgallego (n=pdelgall@42.Red-217-125-2.staticIP.rima-tde.net) Quit (Read error: 60 (Operation timed out))</span><br />
<span class="irc-date">[14:39]</span> <span class="irc-green">* kar8nga (n=kar8nga@jol13-1-82-66-176-74.fbx.proxad.net) has joined #ioke</span><br />
<span class="irc-date">[15:30]</span> <span class="irc-green">* felipero (n=Felipe@187.2.4.172) has joined #ioke</span><br />
<span class="irc-date">[17:46]</span> <span class="irc-navy">* kar8nga (n=kar8nga@jol13-1-82-66-176-74.fbx.proxad.net) Quit (Remote closed the connection)</span><br />
<span class="irc-date">[18:27]</span> <span class="irc-green">* naeu (n=sam@bcm-131-111-216-223.girton.cam.ac.uk) has joined #ioke</span><br />
<span class="irc-date">[22:16]</span> <span class="irc-navy">* jdp (n=justin@ool-435238c0.dyn.optonline.net) Quit (Read error: 113 (No route to host))</span><br />
<span class="irc-date">[22:17]</span> <span class="irc-navy">* naeu (n=sam@bcm-131-111-216-223.girton.cam.ac.uk) Quit ()</span><br />
<span class="irc-date">[22:45]</span> <span class="irc-navy">* felipero (n=Felipe@187.2.4.172) Quit (Read error: 110 (Connection timed out))</span><br />
