<span class="irc-date">[6:21]</span> <span class="irc-green">* kar8nga (n=kar8nga@e-83.vc-graz.ac.at) has joined #ioke</span><br />
<span class="irc-date">[6:59]</span> <span class="irc-navy">* kar8nga (n=kar8nga@e-83.vc-graz.ac.at) Quit (Remote closed the connection)</span><br />
<span class="irc-date">[7:04]</span> <span class="irc-green">* naeu (n=sam@dhcp-077-248-060-144.chello.nl) has joined #ioke</span><br />
<span class="irc-date">[7:20]</span> <span class="irc-navy">* naeu (n=sam@dhcp-077-248-060-144.chello.nl) Quit ()</span><br />
<span class="irc-date">[7:35]</span> <span class="irc-green">* Narnach (n=narnach@a82-94-4-219.adsl.xs4all.nl) has joined #ioke</span><br />
<span class="irc-date">[7:50]</span> <span class="irc-green">* naeu (n=sam@c60228.upc-c.chello.nl) has joined #ioke</span><br />
<span class="irc-date">[10:00]</span> <span class="irc-green">* Narnach_ (n=narnach@a82-94-4-219.adsl.xs4all.nl) has joined #ioke</span><br />
<span class="irc-date">[10:08]</span> <span class="irc-navy">* Narnach (n=narnach@a82-94-4-219.adsl.xs4all.nl) Quit (Read error: 110 (Connection timed out))</span><br />
<span class="irc-date">[10:13]</span> <span class="irc-navy">* Narnach_ (n=narnach@a82-94-4-219.adsl.xs4all.nl) Quit (Remote closed the connection)</span><br />
<span class="irc-date">[11:37]</span> <span class="irc-green">* Narnach (n=narnach@a82-94-4-219.adsl.xs4all.nl) has joined #ioke</span><br />
<span class="irc-date">[13:40]</span> <span class="irc-green">* donizetti (n=donizett@187.37.206.68) has joined #ioke</span><br />
<span class="irc-date">[13:41]</span> <span class="irc-black">&lt;donizetti&gt; hello</span><br />
<span class="irc-date">[14:27]</span> <span class="irc-navy">* donizetti (n=donizett@187.37.206.68) Quit ()</span><br />
<span class="irc-date">[15:11]</span> <span class="irc-green">* kar8nga (n=kar8nga@b-77.vc-graz.ac.at) has joined #ioke</span><br />
<span class="irc-date">[15:24]</span> <span class="irc-navy">* kar8nga (n=kar8nga@b-77.vc-graz.ac.at) Quit (Remote closed the connection)</span><br />
<span class="irc-date">[15:26]</span> <span class="irc-navy">* Narnach (n=narnach@a82-94-4-219.adsl.xs4all.nl) Quit ("Leaving...")</span><br />
<span class="irc-date">[15:52]</span> <span class="irc-navy">* naeu (n=sam@c60228.upc-c.chello.nl) Quit ()</span><br />
<span class="irc-date">[17:53]</span> <span class="irc-green">* kar8nga (n=kar8nga@b-142.vc-graz.ac.at) has joined #ioke</span><br />
<span class="irc-date">[21:03]</span> <span class="irc-navy">* kar8nga (n=kar8nga@b-142.vc-graz.ac.at) Quit (Remote closed the connection)</span><br />
<span class="irc-date">[21:46]</span> <span class="irc-green">* naeu (n=sam@78-27-8-59.dsl.alice.nl) has joined #ioke</span><br />
<span class="irc-date">[22:28]</span> <span class="irc-navy">* naeu (n=sam@78-27-8-59.dsl.alice.nl) Quit (Success)</span><br />
<span class="irc-date">[23:35]</span> <span class="irc-navy">* CIA-8 (n=CIA@208.69.182.149.simpli.biz) Quit ()</span><br />
<span class="irc-date">[23:38]</span> <span class="irc-green">* CIA-8 (n=CIA@208.69.182.149) has joined #ioke</span><br />
