<span class="irc-date">[3:22]</span> <span class="irc-green">* donizetti (n=donizett@189.79.134.68) has joined #ioke</span><br />
<span class="irc-date">[3:33]</span> <span class="irc-navy">* donizetti (n=donizett@189.79.134.68) Quit ()</span><br />
<span class="irc-date">[3:57]</span> <span class="irc-navy">* embro1001 (n=sintaks@c-24-18-177-51.hsd1.wa.comcast.net) Quit (Client Quit)</span><br />
<span class="irc-date">[4:09]</span> <span class="irc-green">* embro1001 (n=sintaks@c-24-18-177-51.hsd1.wa.comcast.net) has joined #ioke</span><br />
<span class="irc-date">[6:37]</span> <span class="irc-navy">* embro1001 (n=sintaks@c-24-18-177-51.hsd1.wa.comcast.net) Quit (Client Quit)</span><br />
<span class="irc-date">[8:31]</span> <span class="irc-green">* basu (n=basu@139.147.18.6) has joined #ioke</span><br />
<span class="irc-date">[8:53]</span> <span class="irc-navy">* basu (n=basu@139.147.18.6) Quit (Read error: 110 (Connection timed out))</span><br />
<span class="irc-date">[9:03]</span> <span class="irc-green">* olabini (n=ola@c-9f4ce155.1110-8-64736c13.cust.bredbandsbolaget.se) has left #ioke</span><br />
<span class="irc-date">[11:03]</span> <span class="irc-green">* kar8nga (n=kar8nga@a-46.vc-graz.ac.at) has joined #ioke</span><br />
<span class="irc-date">[11:57]</span> <span class="irc-navy">* kar8nga (n=kar8nga@a-46.vc-graz.ac.at) Quit (Remote closed the connection)</span><br />
<span class="irc-date">[11:58]</span> <span class="irc-green">* olabini (n=ola@c-9f4ce155.1110-8-64736c13.cust.bredbandsbolaget.se) has joined #ioke</span><br />
<span class="irc-date">[11:58]</span> <span class="irc-green">* ChanServ sets mode +o olabini </span><br />
<span class="irc-date">[12:12]</span> <span class="irc-green">* donizetti (n=donizett@187.37.198.20) has joined #ioke</span><br />
<span class="irc-date">[12:13]</span> <span class="irc-black">&lt;donizetti&gt; ho guys!</span><br />
<span class="irc-date">[12:13]</span> <span class="irc-black">&lt;donizetti&gt; *hi</span><br />
<span class="irc-date">[12:15]</span> <span class="irc-black">&lt;olabini&gt; hi</span><br />
<span class="irc-date">[12:35]</span> <span class="irc-navy">* donizetti (n=donizett@187.37.198.20) Quit ()</span><br />
<span class="irc-date">[14:09]</span> <span class="irc-green">* mozinator (n=mozinato@s5592b9c7.adsl.wanadoo.nl) has joined #ioke</span><br />
<span class="irc-date">[14:42]</span> <span class="irc-green">* kolektiv (n=user@5addb0a8.bb.sky.com) has joined #ioke</span><br />
<span class="irc-date">[14:42]</span> <span class="irc-navy">* mozinator (n=mozinato@s5592b9c7.adsl.wanadoo.nl) Quit (Read error: 113 (No route to host))</span><br />
<span class="irc-date">[14:43]</span> <span class="irc-black">&lt;kolektiv&gt; hi all, sorry for an undoubtedly silly question, but has anyone got a sample emacs config for ioke?</span><br />
<span class="irc-date">[14:43]</span> <span class="irc-black">&lt;kolektiv&gt; i've tried requiring ioke-mode and inf-ioke, but that doesn't seem to do much</span><br />
<span class="irc-date">[14:43]</span> <span class="irc-black">&lt;kolektiv&gt; at least, not automatically - I can M-x and get them, but i suspect there's more setup needed?</span><br />
<span class="irc-date">[14:55]</span> <span class="irc-green">* naeu (n=sam@dhcp-077-251-116-041.chello.nl) has joined #ioke</span><br />
<span class="irc-date">[15:33]</span> <span class="irc-green">* kar8nga (n=kar8nga@a-156.vc-graz.ac.at) has joined #ioke</span><br />
<span class="irc-date">[15:59]</span> <span class="irc-green">* mozinator (n=mozinato@s5592b9c7.adsl.wanadoo.nl) has joined #ioke</span><br />
<span class="irc-date">[16:00]</span> <span class="irc-navy">* kolektiv (n=user@5addb0a8.bb.sky.com) Quit (Remote closed the connection)</span><br />
<span class="irc-date">[16:12]</span> <span class="irc-navy">* mozinator (n=mozinato@s5592b9c7.adsl.wanadoo.nl) Quit (Remote closed the connection)</span><br />
<span class="irc-date">[16:17]</span> <span class="irc-navy">* kar8nga (n=kar8nga@a-156.vc-graz.ac.at) Quit (Remote closed the connection)</span><br />
<span class="irc-date">[16:38]</span> <span class="irc-navy">* naeu (n=sam@dhcp-077-251-116-041.chello.nl) Quit ()</span><br />
<span class="irc-date">[17:43]</span> <span class="irc-green">* kar8nga (n=kar8nga@a-98.vc-graz.ac.at) has joined #ioke</span><br />
<span class="irc-date">[20:33]</span> <span class="irc-navy">* kar8nga (n=kar8nga@a-98.vc-graz.ac.at) Quit (Remote closed the connection)</span><br />
<span class="irc-date">[22:24]</span> <span class="irc-green">* naeu (n=sam@dhcp-077-248-060-144.chello.nl) has joined #ioke</span><br />
