<span class="irc-date">[0:52]</span> <span class="irc-navy">* naeu (n=sam@dhcp-077-248-060-144.chello.nl) Quit ()</span><br />
<span class="irc-date">[1:34]</span> <span class="irc-green">* embro1001 (n=sintaks@h69-129-134-210.nwblwi.dedicated.static.tds.net) has joined #ioke</span><br />
<span class="irc-date">[3:07]</span> <span class="irc-black">&lt;embro1001&gt; <a href="http://twitter.com/sintaks/status/1239373408">http://twitter.com/sintaks/status/1239373408</a></span><br />
<span class="irc-date">[3:08]</span> <span class="irc-black">&lt;embro1001&gt; I agree.</span><br />
<span class="irc-date">[3:27]</span> <span class="irc-navy">* embro1001 (n=sintaks@h69-129-134-210.nwblwi.dedicated.static.tds.net) Quit ()</span><br />
<span class="irc-date">[4:14]</span> <span class="irc-navy">* olabini (n=ola@c-1a4ee155.1110-8-64736c13.cust.bredbandsbolaget.se) Quit (Read error: 60 (Operation timed out))</span><br />
<span class="irc-date">[7:04]</span> <span class="irc-navy">* caboom (n=caboom@77-221.static.ikomline.net) Quit (wolfe.freenode.net irc.freenode.net)</span><br />
<span class="irc-date">[7:04]</span> <span class="irc-navy">* IokeHurricane (n=IokeHurr@8.12.35.212) Quit (wolfe.freenode.net irc.freenode.net)</span><br />
<span class="irc-date">[7:04]</span> <span class="irc-navy">* CIA-7 (n=CIA@208.69.182.149) Quit (wolfe.freenode.net irc.freenode.net)</span><br />
<span class="irc-date">[7:04]</span> <span class="irc-navy">* skaar (n=skaar@substruction.net) Quit (wolfe.freenode.net irc.freenode.net)</span><br />
<span class="irc-date">[7:04]</span> <span class="irc-navy">* vincenz (n=vincenz@li23-146.members.linode.com) Quit (wolfe.freenode.net irc.freenode.net)</span><br />
<span class="irc-date">[7:04]</span> <span class="irc-navy">* andreaja (n=sodoff@65.111.170.77) Quit (wolfe.freenode.net irc.freenode.net)</span><br />
<span class="irc-date">[7:06]</span> <span class="irc-green">* IokeHurricane (n=IokeHurr@8.12.35.212) has joined #ioke</span><br />
<span class="irc-date">[7:06]</span> <span class="irc-green">* caboom (n=caboom@77-221.static.ikomline.net) has joined #ioke</span><br />
<span class="irc-date">[7:06]</span> <span class="irc-green">* skaar (n=skaar@substruction.net) has joined #ioke</span><br />
<span class="irc-date">[7:06]</span> <span class="irc-green">* CIA-7 (n=CIA@208.69.182.149) has joined #ioke</span><br />
<span class="irc-date">[7:06]</span> <span class="irc-green">* vincenz (n=vincenz@li23-146.members.linode.com) has joined #ioke</span><br />
<span class="irc-date">[7:06]</span> <span class="irc-green">* andreaja (n=sodoff@65.111.170.77) has joined #ioke</span><br />
<span class="irc-date">[7:11]</span> <span class="irc-green">* naeu (n=sam@dhcp-077-248-060-144.chello.nl) has joined #ioke</span><br />
<span class="irc-date">[7:20]</span> <span class="irc-navy">* naeu (n=sam@dhcp-077-248-060-144.chello.nl) Quit (Read error: 104 (Connection reset by peer))</span><br />
<span class="irc-date">[7:21]</span> <span class="irc-green">* naeu (n=sam@dhcp-077-248-060-144.chello.nl) has joined #ioke</span><br />
<span class="irc-date">[8:24]</span> <span class="irc-navy">* naeu (n=sam@dhcp-077-248-060-144.chello.nl) Quit ()</span><br />
<span class="irc-date">[9:08]</span> <span class="irc-green">* naeu (n=sam@dhcp-077-251-055-193.chello.nl) has joined #ioke</span><br />
<span class="irc-date">[9:45]</span> <span class="irc-green">* olabini (n=ola@a82-94-103-74.adsl.xs4all.nl) has joined #ioke</span><br />
<span class="irc-date">[9:45]</span> <span class="irc-green">* ChanServ sets mode +o olabini </span><br />
<span class="irc-date">[10:22]</span> <span class="irc-green">* olabini (n=ola@a82-94-103-74.adsl.xs4all.nl) has left #ioke</span><br />
<span class="irc-date">[11:19]</span> <span class="irc-green">* Narnach (n=narnach@195-241-27-75.ip.telfort.nl) has joined #ioke</span><br />
<span class="irc-date">[11:19]</span> <span class="irc-black">&lt;Narnach&gt; Good afternoon!</span><br />
<span class="irc-date">[12:17]</span> <span class="irc-navy">* Narnach (n=narnach@195-241-27-75.ip.telfort.nl) Quit ("Leaving...")</span><br />
<span class="irc-date">[12:24]</span> <span class="irc-green">* protoscript (n=jay@c-69-248-249-247.hsd1.nj.comcast.net) has joined #ioke</span><br />
<span class="irc-date">[12:40]</span> <span class="irc-navy">* naeu (n=sam@dhcp-077-251-055-193.chello.nl) Quit ()</span><br />
<span class="irc-date">[14:20]</span> <span class="irc-navy">* protoscript (n=jay@c-69-248-249-247.hsd1.nj.comcast.net) Quit ()</span><br />
<span class="irc-date">[17:44]</span> <span class="irc-black">&lt;CIA-7&gt; ioke: Ola Bini master * r3af472a / lib/ioke/dokgen/collector.ik : Fix a bug in collector - make it avoid JavaGround for now - <a href="http://bit.ly/1amRJP">http://bit.ly/1amRJP</a></span><br />
<span class="irc-date">[19:08]</span> <span class="irc-green">* martido (n=martin@dslb-088-065-192-161.pools.arcor-ip.net) has joined #ioke</span><br />
<span class="irc-date">[19:08]</span> <span class="irc-green">* martido (n=martin@dslb-088-065-192-161.pools.arcor-ip.net) has left #ioke</span><br />
<span class="irc-date">[20:08]</span> <span class="irc-green">* kar8nga (n=kar8nga@e-56.vc-graz.ac.at) has joined #ioke</span><br />
<span class="irc-date">[21:29]</span> <span class="irc-navy">* kar8nga (n=kar8nga@e-56.vc-graz.ac.at) Quit (Read error: 60 (Operation timed out))</span><br />
<span class="irc-date">[22:06]</span> <span class="irc-brown">-tomaw- [Global Notice] Hi all, as you probably noticed our services took a short break there.  They're back online now and we're investigating the cause of the crash.  Thanks for using freenode and sorry for the inconvenience!</span><br />
<span class="irc-date">[23:34]</span> <span class="irc-green">* thijso (n=thijs@83.98.233.115) has joined #ioke</span><br />
