<span class="irc-date">[7:39]</span> <span class="irc-green">* naeu (n=sam@dhcp-077-248-058-145.chello.nl) has joined #ioke</span><br />
<span class="irc-date">[12:22]</span> <span class="irc-green">* kar8nga (n=kar8nga@jol13-1-82-66-176-74.fbx.proxad.net) has joined #ioke</span><br />
<span class="irc-date">[12:47]</span> <span class="irc-navy">* naeu (n=sam@dhcp-077-248-058-145.chello.nl) Quit (Read error: 104 (Connection reset by peer))</span><br />
<span class="irc-date">[14:22]</span> <span class="irc-navy">* kar8nga (n=kar8nga@jol13-1-82-66-176-74.fbx.proxad.net) Quit (Remote closed the connection)</span><br />
<span class="irc-date">[16:16]</span> <span class="irc-green">* kar8nga (n=kar8nga@jol13-1-82-66-176-74.fbx.proxad.net) has joined #ioke</span><br />
<span class="irc-date">[17:29]</span> <span class="irc-navy">* kar8nga (n=kar8nga@jol13-1-82-66-176-74.fbx.proxad.net) Quit (Remote closed the connection)</span><br />
<span class="irc-date">[17:50]</span> <span class="irc-navy">* IokeHurricane (n=IokeHurr@8.12.35.212) Quit (calvino.freenode.net irc.freenode.net)</span><br />
<span class="irc-date">[18:02]</span> <span class="irc-green">* IokeHurricane (n=IokeHurr@8.12.35.212) has joined #ioke</span><br />
<span class="irc-date">[18:09]</span> <span class="irc-red">[freenode-connect VERSION]</span><br />
<span class="irc-date">[18:14]</span> <span class="irc-green">* kar8nga (n=kar8nga@jol13-1-82-66-176-74.fbx.proxad.net) has joined #ioke</span><br />
<span class="irc-date">[22:14]</span> <span class="irc-navy">* kar8nga (n=kar8nga@jol13-1-82-66-176-74.fbx.proxad.net) Quit (Remote closed the connection)</span><br />
<span class="irc-date">[23:23]</span> <span class="irc-navy">* IokeHurricane (n=IokeHurr@8.12.35.212) Quit (Read error: 60 (Operation timed out))</span><br />
<span class="irc-date">[23:23]</span> <span class="irc-green">* IokeHurricane (n=IokeHurr@8.12.35.212) has joined #ioke</span><br />
<span class="irc-date">[23:24]</span> <span class="irc-black">&lt;IokeHurricane&gt; op me please!</span><br />
<span class="irc-date">[23:25]</span> <span class="irc-black">&lt;IokeHurricane&gt; op me please!</span><br />
<span class="irc-date">[23:26]</span> <span class="irc-black">&lt;IokeHurricane&gt; op me please!</span><br />
<span class="irc-date">[23:27]</span> <span class="irc-black">&lt;IokeHurricane&gt; op me please!</span><br />
<span class="irc-date">[23:28]</span> <span class="irc-black">&lt;IokeHurricane&gt; op me please!</span><br />
<span class="irc-date">[23:29]</span> <span class="irc-black">&lt;IokeHurricane&gt; op me please!</span><br />
<span class="irc-date">[23:30]</span> <span class="irc-black">&lt;IokeHurricane&gt; op me please!</span><br />
<span class="irc-date">[23:31]</span> <span class="irc-black">&lt;IokeHurricane&gt; op me please!</span><br />
<span class="irc-date">[23:32]</span> <span class="irc-black">&lt;IokeHurricane&gt; op me please!</span><br />
<span class="irc-date">[23:33]</span> <span class="irc-black">&lt;IokeHurricane&gt; op me please!</span><br />
<span class="irc-date">[23:34]</span> <span class="irc-black">&lt;IokeHurricane&gt; op me please!</span><br />
<span class="irc-date">[23:35]</span> <span class="irc-black">&lt;IokeHurricane&gt; op me please!</span><br />
<span class="irc-date">[23:36]</span> <span class="irc-black">&lt;IokeHurricane&gt; op me please!</span><br />
<span class="irc-date">[23:37]</span> <span class="irc-black">&lt;IokeHurricane&gt; op me please!</span><br />
<span class="irc-date">[23:38]</span> <span class="irc-black">&lt;IokeHurricane&gt; op me please!</span><br />
<span class="irc-date">[23:39]</span> <span class="irc-black">&lt;IokeHurricane&gt; op me please!</span><br />
<span class="irc-date">[23:40]</span> <span class="irc-black">&lt;IokeHurricane&gt; op me please!</span><br />
<span class="irc-date">[23:41]</span> <span class="irc-black">&lt;IokeHurricane&gt; op me please!</span><br />
<span class="irc-date">[23:42]</span> <span class="irc-black">&lt;IokeHurricane&gt; op me please!</span><br />
<span class="irc-date">[23:43]</span> <span class="irc-black">&lt;IokeHurricane&gt; op me please!</span><br />
<span class="irc-date">[23:44]</span> <span class="irc-black">&lt;IokeHurricane&gt; op me please!</span><br />
<span class="irc-date">[23:45]</span> <span class="irc-black">&lt;IokeHurricane&gt; op me please!</span><br />
<span class="irc-date">[23:46]</span> <span class="irc-black">&lt;IokeHurricane&gt; op me please!</span><br />
<span class="irc-date">[23:47]</span> <span class="irc-black">&lt;IokeHurricane&gt; op me please!</span><br />
<span class="irc-date">[23:48]</span> <span class="irc-black">&lt;IokeHurricane&gt; op me please!</span><br />
<span class="irc-date">[23:49]</span> <span class="irc-black">&lt;IokeHurricane&gt; op me please!</span><br />
<span class="irc-date">[23:50]</span> <span class="irc-black">&lt;IokeHurricane&gt; op me please!</span><br />
<span class="irc-date">[23:51]</span> <span class="irc-black">&lt;IokeHurricane&gt; op me please!</span><br />
<span class="irc-date">[23:52]</span> <span class="irc-black">&lt;IokeHurricane&gt; op me please!</span><br />
<span class="irc-date">[23:53]</span> <span class="irc-black">&lt;IokeHurricane&gt; op me please!</span><br />
<span class="irc-date">[23:54]</span> <span class="irc-black">&lt;IokeHurricane&gt; op me please!</span><br />
<span class="irc-date">[23:55]</span> <span class="irc-black">&lt;IokeHurricane&gt; op me please!</span><br />
<span class="irc-date">[23:56]</span> <span class="irc-black">&lt;IokeHurricane&gt; op me please!</span><br />
<span class="irc-date">[23:57]</span> <span class="irc-black">&lt;IokeHurricane&gt; op me please!</span><br />
<span class="irc-date">[23:58]</span> <span class="irc-black">&lt;IokeHurricane&gt; op me please!</span><br />
<span class="irc-date">[23:59]</span> <span class="irc-black">&lt;IokeHurricane&gt; op me please!</span><br />
