<span class="irc-date">[0:08]</span> <span class="irc-green">* naeu (n=sam@dhcp-077-248-060-144.chello.nl) has joined #ioke</span><br />
<span class="irc-date">[1:05]</span> <span class="irc-green">* donizetti (n=donizett@189.79.159.62) has joined #ioke</span><br />
<span class="irc-date">[1:05]</span> <span class="irc-black">&lt;donizetti&gt; hi!</span><br />
<span class="irc-date">[1:32]</span> <span class="irc-navy">* naeu (n=sam@dhcp-077-248-060-144.chello.nl) Quit ()</span><br />
<span class="irc-date">[1:32]</span> <span class="irc-navy">* donizetti (n=donizett@189.79.159.62) Quit ()</span><br />
<span class="irc-date">[6:08]</span> <span class="irc-green">* kar8nga (n=kar8nga@a-11.vc-graz.ac.at) has joined #ioke</span><br />
<span class="irc-date">[6:39]</span> <span class="irc-navy">* kar8nga (n=kar8nga@a-11.vc-graz.ac.at) Quit (Remote closed the connection)</span><br />
<span class="irc-date">[7:39]</span> <span class="irc-green">* naeu (n=sam@dhcp-077-248-060-144.chello.nl) has joined #ioke</span><br />
<span class="irc-date">[8:00]</span> <span class="irc-navy">* naeu (n=sam@dhcp-077-248-060-144.chello.nl) Quit ()</span><br />
<span class="irc-date">[8:20]</span> <span class="irc-green">* Narnach (n=narnach@a82-94-4-219.adsl.xs4all.nl) has joined #ioke</span><br />
<span class="irc-date">[8:22]</span> <span class="irc-green">* naeu (n=sam@c60228.upc-c.chello.nl) has joined #ioke</span><br />
<span class="irc-date">[9:40]</span> <span class="irc-brown">-christel- [Global Notice] Hi all! This is shameless network spam I'm afraid, freenode are currently looking to expand our volunteer team. Please check out <a href="http://announce.freenode.net/">http://announce.freenode.net/</a> if you're interested in helping out! Thanks for your consideration and for using freenode.</span><br />
<span class="irc-date">[10:17]</span> <span class="irc-navy">* Narnach (n=narnach@a82-94-4-219.adsl.xs4all.nl) Quit (Remote closed the connection)</span><br />
<span class="irc-date">[11:24]</span> <span class="irc-green">* Narnach (n=narnach@a82-94-4-219.adsl.xs4all.nl) has joined #ioke</span><br />
<span class="irc-date">[14:43]</span> <span class="irc-navy">* Narnach (n=narnach@a82-94-4-219.adsl.xs4all.nl) Quit (Remote closed the connection)</span><br />
<span class="irc-date">[15:00]</span> <span class="irc-green">* Narnach (n=narnach@a82-94-4-219.adsl.xs4all.nl) has joined #ioke</span><br />
<span class="irc-date">[15:45]</span> <span class="irc-navy">* naeu (n=sam@c60228.upc-c.chello.nl) Quit ()</span><br />
<span class="irc-date">[16:14]</span> <span class="irc-navy">* Narnach (n=narnach@a82-94-4-219.adsl.xs4all.nl) Quit ("Leaving...")</span><br />
<span class="irc-date">[17:58]</span> <span class="irc-green">* kar8nga (n=kar8nga@e-32.vc-graz.ac.at) has joined #ioke</span><br />
<span class="irc-date">[18:15]</span> <span class="irc-green">* k (n=kar8nga@f-40.vc-graz.ac.at) has joined #ioke</span><br />
<span class="irc-date">[18:15]</span> <span class="irc-navy">* kar8nga (n=kar8nga@e-32.vc-graz.ac.at) Quit (Nick collision from services.)</span><br />
<span class="irc-date">[18:15]</span> <span class="irc-green">* k is now known as kar8nga</span><br />
<span class="irc-date">[18:28]</span> <span class="irc-green">* naeu (n=sam@dhcp-077-248-060-144.chello.nl) has joined #ioke</span><br />
<span class="irc-date">[19:53]</span> <span class="irc-navy">* naeu (n=sam@dhcp-077-248-060-144.chello.nl) Quit ()</span><br />
<span class="irc-date">[20:14]</span> <span class="irc-green">* naeu (n=sam@dhcp-077-248-060-144.chello.nl) has joined #ioke</span><br />
<span class="irc-date">[20:41]</span> <span class="irc-navy">* naeu (n=sam@dhcp-077-248-060-144.chello.nl) Quit ()</span><br />
<span class="irc-date">[20:44]</span> <span class="irc-green">* embro1001 (n=sintaks@ip229.fa1-0-1.occ.iinet.com) has joined #ioke</span><br />
<span class="irc-date">[20:45]</span> <span class="irc-navy">* embro1001 (n=sintaks@ip229.fa1-0-1.occ.iinet.com) Quit (Client Quit)</span><br />
<span class="irc-date">[21:12]</span> <span class="irc-navy">* kar8nga (n=kar8nga@f-40.vc-graz.ac.at) Quit (Read error: 110 (Connection timed out))</span><br />
<span class="irc-date">[22:13]</span> <span class="irc-green">* Narnach (n=narnach@195-241-27-75.ip.telfort.nl) has joined #ioke</span><br />
