<span class="irc-date">[4:37]</span> <span class="irc-green">* embro1001 (n=sintaks@CPE-70-94-3-19.wi.res.rr.com) has joined #ioke</span><br />
<span class="irc-date">[4:41]</span> <span class="irc-navy">* embro1001 (n=sintaks@CPE-70-94-3-19.wi.res.rr.com) Quit (Client Quit)</span><br />
<span class="irc-date">[5:37]</span> <span class="irc-green">* embro1001 (n=sintaks@CPE-70-94-3-19.wi.res.rr.com) has joined #ioke</span><br />
<span class="irc-date">[5:53]</span> <span class="irc-navy">* olabini (n=ola@c-9f4ce155.1110-8-64736c13.cust.bredbandsbolaget.se) Quit (Read error: 110 (Connection timed out))</span><br />
<span class="irc-date">[6:11]</span> <span class="irc-navy">* embro1001 (n=sintaks@CPE-70-94-3-19.wi.res.rr.com) Quit (Client Quit)</span><br />
<span class="irc-date">[6:35]</span> <span class="irc-green">* naeu (n=sam@dhcp-077-248-060-144.chello.nl) has joined #ioke</span><br />
<span class="irc-date">[6:52]</span> <span class="irc-green">* Narnach (n=narnach@a82-94-4-220.adsl.xs4all.nl) has joined #ioke</span><br />
<span class="irc-date">[7:08]</span> <span class="irc-navy">* RobL__ (n=RobL@roblally.plus.com) Quit (Read error: 110 (Connection timed out))</span><br />
<span class="irc-date">[7:10]</span> <span class="irc-green">* RobL_ (n=RobL@roblally.plus.com) has joined #ioke</span><br />
<span class="irc-date">[7:21]</span> <span class="irc-navy">* naeu (n=sam@dhcp-077-248-060-144.chello.nl) Quit (Read error: 110 (Connection timed out))</span><br />
<span class="irc-date">[7:41]</span> <span class="irc-green">* olabini (n=ola@c-398de155.234-1-64736c10.cust.bredbandsbolaget.se) has joined #ioke</span><br />
<span class="irc-date">[7:41]</span> <span class="irc-green">* ChanServ sets mode +o olabini </span><br />
<span class="irc-date">[7:51]</span> <span class="irc-black">&lt;olabini&gt; morning</span><br />
<span class="irc-date">[7:52]</span> <span class="irc-green">* naeu (n=sam@h36036.upc-h.chello.nl) has joined #ioke</span><br />
<span class="irc-date">[7:56]</span> <span class="irc-black">&lt;naeu&gt; olabini: congratulations on lasting a year :-)</span><br />
<span class="irc-date">[7:59]</span> <span class="irc-black">&lt;olabini&gt; thanks!</span><br />
<span class="irc-date">[7:59]</span> <span class="irc-black">&lt;naeu&gt; was it easy?</span><br />
<span class="irc-date">[7:59]</span> <span class="irc-black">&lt;olabini&gt; in a month we're celebrating 3 years as a couple</span><br />
<span class="irc-date">[7:59]</span> <span class="irc-black">&lt;olabini&gt; =)</span><br />
<span class="irc-date">[7:59]</span> <span class="irc-black">&lt;olabini&gt; yeah, no problems.</span><br />
<span class="irc-date">[7:59]</span> <span class="irc-black">&lt;olabini&gt; getting married didn't really change anything for us.</span><br />
<span class="irc-date">[7:59]</span> <span class="irc-black">&lt;naeu&gt; haha, cool</span><br />
<span class="irc-date">[7:59]</span> <span class="irc-black">&lt;naeu&gt; that's good</span><br />
<span class="irc-date">[8:00]</span> <span class="irc-black">&lt;naeu&gt; what does stella do, if you don't mind me asking?</span><br />
<span class="irc-date">[8:00]</span> <span class="irc-black">&lt;olabini&gt; she is a store manager right now. for a small lingerie shop.</span><br />
<span class="irc-date">[8:00]</span> <span class="irc-black">&lt;naeu&gt; haha, nice</span><br />
<span class="irc-date">[8:01]</span> <span class="irc-black">&lt;naeu&gt; susanna has struggled a bit during our marital time</span><br />
<span class="irc-date">[8:01]</span> <span class="irc-black">&lt;naeu&gt; but i believe it's more to do with her life changes than the marriage itself</span><br />
<span class="irc-date">[8:02]</span> <span class="irc-black">&lt;naeu&gt; she was a doctor in the UK but quit to become an anthropologist</span><br />
<span class="irc-date">[8:04]</span> <span class="irc-black">&lt;naeu&gt; and moved to Amsterdam</span><br />
<span class="irc-date">[8:04]</span> <span class="irc-black">&lt;naeu&gt; so pretty big life changes there :-)</span><br />
<span class="irc-date">[8:04]</span> <span class="irc-black">&lt;naeu&gt; in sweden, is the norm to change your name after marriage?</span><br />
<span class="irc-date">[8:10]</span> <span class="irc-black">&lt;olabini&gt; hehe</span><br />
<span class="irc-date">[8:10]</span> <span class="irc-black">&lt;olabini&gt; ok</span><br />
<span class="irc-date">[8:10]</span> <span class="irc-black">&lt;olabini&gt; yeah, really large changes</span><br />
<span class="irc-date">[8:10]</span> <span class="irc-black">&lt;olabini&gt; yep, the norm is that the woman changes her surname to the mans</span><br />
<span class="irc-date">[8:10]</span> <span class="irc-black">&lt;olabini&gt; Me and Stella don't really like that</span><br />
<span class="irc-date">[8:11]</span> <span class="irc-black">&lt;olabini&gt; as we both have surnames that we like</span><br />
<span class="irc-date">[8:11]</span> <span class="irc-black">&lt;olabini&gt; and that has some family heritage too</span><br />
<span class="irc-date">[8:11]</span> <span class="irc-black">&lt;olabini&gt; also, it feels like the woman becomes property of the man by changing the name</span><br />
<span class="irc-date">[8:11]</span> <span class="irc-black">&lt;olabini&gt; "yeah, just so there is no doubt we will BRAND her with his name"</span><br />
<span class="irc-date">[8:15]</span> <span class="irc-black">&lt;olabini&gt; naeu: did you see my suggestions to the openjdk problem?</span><br />
<span class="irc-date">[8:18]</span> <span class="irc-green">* martido (n=martin@213.61.180.190) has joined #ioke</span><br />
<span class="irc-date">[8:21]</span> <span class="irc-brick">* olabini would like to do a presentation about DSLs with Ioke.</span><br />
<span class="irc-date">[8:22]</span> <span class="irc-black">&lt;olabini&gt; I think it's soon time to start looking at things like that</span><br />
<span class="irc-date">[8:22]</span> <span class="irc-black">&lt;olabini&gt; I'm thinking about a template based approach for AST transformations too</span><br />
<span class="irc-date">[8:22]</span> <span class="irc-black">&lt;olabini&gt; ... hmm</span><br />
<span class="irc-date">[8:23]</span> <span class="irc-black">&lt;olabini&gt; there should be existing algorithms for this, though - since it's just simple tree transforms</span><br />
<span class="irc-date">[8:23]</span> <span class="irc-black">&lt;olabini&gt; hmm</span><br />
<span class="irc-date">[8:23]</span> <span class="irc-black">&lt;olabini&gt; maybe Antlrs tree rewriting could help</span><br />
<span class="irc-date">[8:23]</span> <span class="irc-black">&lt;martido&gt; @olabini: how would that work? what benefits do you see for such an approach?</span><br />
<span class="irc-date">[8:24]</span> <span class="irc-black">&lt;martido&gt; for DSLs?</span><br />
<span class="irc-date">[8:26]</span> <span class="irc-black">&lt;olabini&gt; gah. I have too many ideas</span><br />
<span class="irc-date">[8:26]</span> <span class="irc-black">&lt;olabini&gt; well</span><br />
<span class="irc-date">[8:26]</span> <span class="irc-black">&lt;martido&gt; I thought that Ioke's message-based approach (incl. message chains) gives you enough flexibility to sort of change the AST</span><br />
<span class="irc-date">[8:26]</span> <span class="irc-black">&lt;olabini&gt; martido: well, the thing is - certain things are complex to transform using an imperative approach</span><br />
<span class="irc-date">[8:26]</span> <span class="irc-black">&lt;olabini&gt; sy for example that you want to take this message chain:</span><br />
<span class="irc-date">[8:26]</span> <span class="irc-black">&lt;olabini&gt; foo bar baz</span><br />
<span class="irc-date">[8:26]</span> <span class="irc-black">&lt;olabini&gt; and transform it to</span><br />
<span class="irc-date">[8:26]</span> <span class="irc-black">&lt;olabini&gt; foo(bar(baz))</span><br />
<span class="irc-date">[8:27]</span> <span class="irc-black">&lt;olabini&gt; it's pretty simple, but inconvenient to do that</span><br />
<span class="irc-date">[8:27]</span> <span class="irc-black">&lt;olabini&gt; most of the code in the parser combinator example is dedicated to doing this kind of transform on message chains</span><br />
<span class="irc-date">[8:27]</span> <span class="irc-black">&lt;olabini&gt; so what if you could say</span><br />
<span class="irc-date">[8:27]</span> <span class="irc-black">&lt;martido&gt; yeah right you would have to do it all by hand</span><br />
<span class="irc-date">[8:27]</span> <span class="irc-black">&lt;olabini&gt; :msg *:rest  -&gt;  :msg(*:rest)</span><br />
<span class="irc-date">[8:28]</span> <span class="irc-black">&lt;olabini&gt; and then apply this transform recursively</span><br />
<span class="irc-date">[8:28]</span> <span class="irc-black">&lt;olabini&gt; or whatever</span><br />
<span class="irc-date">[8:28]</span> <span class="irc-black">&lt;martido&gt; cool, I see what you mean</span><br />
<span class="irc-date">[8:28]</span> <span class="irc-black">&lt;olabini&gt; I don't know the syntax yet</span><br />
<span class="irc-date">[8:28]</span> <span class="irc-black">&lt;olabini&gt; but I definitely see a need for it</span><br />
<span class="irc-date">[8:28]</span> <span class="irc-black">&lt;olabini&gt; naeu: did you disappear?</span><br />
<span class="irc-date">[8:28]</span> <span class="irc-black">&lt;martido&gt; that would give you lots of power though ;)</span><br />
<span class="irc-date">[8:28]</span> <span class="irc-black">&lt;olabini&gt; yeah</span><br />
<span class="irc-date">[8:28]</span> <span class="irc-black">&lt;olabini&gt; of course</span><br />
<span class="irc-date">[8:28]</span> <span class="irc-black">&lt;olabini&gt; that's the point</span><br />
<span class="irc-date">[8:29]</span> <span class="irc-black">&lt;olabini&gt; =)</span><br />
<span class="irc-date">[8:29]</span> <span class="irc-black">&lt;olabini&gt; hmm</span><br />
<span class="irc-date">[8:29]</span> <span class="irc-black">&lt;olabini&gt; or maybe it would be easy to create a small functional library to achieve the same thing</span><br />
<span class="irc-date">[8:29]</span> <span class="irc-black">&lt;olabini&gt; I think I've seen something similar in CL somewhere</span><br />
<span class="irc-date">[8:29]</span> <span class="irc-black">&lt;olabini&gt; ...</span><br />
<span class="irc-date">[8:29]</span> <span class="irc-black">&lt;olabini&gt; anyway</span><br />
<span class="irc-date">[8:29]</span> <span class="irc-black">&lt;martido&gt; I just sort of fear that it might be too much? too many possibilities?</span><br />
<span class="irc-date">[8:30]</span> <span class="irc-black">&lt;olabini&gt; uhm.</span><br />
<span class="irc-date">[8:30]</span> <span class="irc-black">&lt;olabini&gt; are you in the right channel?</span><br />
<span class="irc-date">[8:30]</span> <span class="irc-black">&lt;olabini&gt; =)</span><br />
<span class="irc-date">[8:30]</span> <span class="irc-black">&lt;martido&gt; yes I think so ;)</span><br />
<span class="irc-date">[8:30]</span> <span class="irc-black">&lt;martido&gt; just some random thoughts</span><br />
<span class="irc-date">[8:30]</span> <span class="irc-black">&lt;olabini&gt; these kind of possibilities is what the goal for Ioke is all about</span><br />
<span class="irc-date">[8:30]</span> <span class="irc-black">&lt;olabini&gt; expressability.</span><br />
<span class="irc-date">[8:30]</span> <span class="irc-black">&lt;martido&gt; yeah that's right ... hmmm ... nevermind ;)</span><br />
<span class="irc-date">[8:32]</span> <span class="irc-black">&lt;martido&gt; well, I'd love to something like that in action! can't even imagine what that would let you do</span><br />
<span class="irc-date">[8:34]</span> <span class="irc-black">&lt;olabini&gt; =)</span><br />
<span class="irc-date">[8:34]</span> <span class="irc-black">&lt;olabini&gt; yeah. that's the idea. allow totally new things that you can't imagine right now</span><br />
<span class="irc-date">[8:36]</span> <span class="irc-black">&lt;martido&gt; great ;)</span><br />
<span class="irc-date">[8:37]</span> <span class="irc-black">&lt;martido&gt; btw, got an email from kenai yesterday saying I was removed as an observer from the Ioke project on Testkenai.com</span><br />
<span class="irc-date">[8:37]</span> <span class="irc-black">&lt;martido&gt; actually don't know what Testkenai.com is ;)</span><br />
<span class="irc-date">[8:45]</span> <span class="irc-black">&lt;olabini&gt; yeah</span><br />
<span class="irc-date">[8:45]</span> <span class="irc-black">&lt;olabini&gt; Nick told me that was a mistake</span><br />
<span class="irc-date">[8:45]</span> <span class="irc-black">&lt;olabini&gt; I got the same kind of email</span><br />
<span class="irc-date">[8:45]</span> <span class="irc-black">&lt;martido&gt; oh alright</span><br />
<span class="irc-date">[8:45]</span> <span class="irc-black">&lt;olabini&gt; nothing serius, it was a problem in their test environment, nothing to do with the real project</span><br />
<span class="irc-date">[8:45]</span> <span class="irc-black">&lt;martido&gt; thought you kicked me</span><br />
<span class="irc-date">[8:45]</span> <span class="irc-black">&lt;martido&gt; ;)</span><br />
<span class="irc-date">[8:47]</span> <span class="irc-brick">* naeu back from an impromptu meeting</span><br />
<span class="irc-date">[8:52]</span> <span class="irc-black">&lt;olabini&gt; hehe</span><br />
<span class="irc-date">[8:52]</span> <span class="irc-black">&lt;olabini&gt; naeu: read logs</span><br />
<span class="irc-date">[8:52]</span> <span class="irc-black">&lt;olabini&gt; specifically about openjdk problem</span><br />
<span class="irc-date">[9:00]</span> <span class="irc-black">&lt;naeu&gt; yep, need to try that</span><br />
<span class="irc-date">[9:00]</span> <span class="irc-black">&lt;naeu&gt; i saw it in an email this morning</span><br />
<span class="irc-date">[9:00]</span> <span class="irc-black">&lt;olabini&gt; cool</span><br />
<span class="irc-date">[9:00]</span> <span class="irc-black">&lt;olabini&gt; would be nice to know if it works</span><br />
<span class="irc-date">[9:00]</span> <span class="irc-black">&lt;naeu&gt; but now i need to help our latest employee set up his dev box</span><br />
<span class="irc-date">[9:00]</span> <span class="irc-black">&lt;olabini&gt; and I know Terence is waiting to hear back to</span><br />
<span class="irc-date">[9:00]</span> <span class="irc-black">&lt;olabini&gt; =)</span><br />
<span class="irc-date">[9:00]</span> <span class="irc-black">&lt;olabini&gt; don't worry</span><br />
<span class="irc-date">[9:00]</span> <span class="irc-black">&lt;olabini&gt; get back when you know something</span><br />
<span class="irc-date">[9:00]</span> <span class="irc-black">&lt;olabini&gt; =P</span><br />
<span class="irc-date">[9:00]</span> <span class="irc-black">&lt;naeu&gt; :-)</span><br />
<span class="irc-date">[9:03]</span> <span class="irc-black">&lt;olabini&gt; I'll see if I can figure out the intrications of CWD today</span><br />
<span class="irc-date">[9:46]</span> <span class="irc-black">&lt;CIA-28&gt; ioke: Ola Bini master * r9a185b9 / (docs/tree_templates src/main/ioke/lang/IokeSystem.java): Only set CWD if there is no CWD already set - <a href="http://bit.ly/cHGP">http://bit.ly/cHGP</a></span><br />
<span class="irc-date">[9:48]</span> <span class="irc-black">&lt;olabini&gt; hmm.</span><br />
<span class="irc-date">[9:48]</span> <span class="irc-brick">* olabini is trying to figure out what should go in before the Ioke E release</span><br />
<span class="irc-date">[9:48]</span> <span class="irc-black">&lt;martido&gt; what's the planned release date?</span><br />
<span class="irc-date">[9:49]</span> <span class="irc-black">&lt;olabini&gt; not sure</span><br />
<span class="irc-date">[9:49]</span> <span class="irc-black">&lt;olabini&gt; that depends on what I want to have in there</span><br />
<span class="irc-date">[9:49]</span> <span class="irc-black">&lt;olabini&gt; =)</span><br />
<span class="irc-date">[9:49]</span> <span class="irc-black">&lt;olabini&gt; but _soon_</span><br />
<span class="irc-date">[9:49]</span> <span class="irc-black">&lt;martido&gt; ;) that's the freedom you got with your very own project</span><br />
<span class="irc-date">[9:49]</span> <span class="irc-black">&lt;olabini&gt; hehe</span><br />
<span class="irc-date">[9:49]</span> <span class="irc-black">&lt;olabini&gt; yeah</span><br />
<span class="irc-date">[9:51]</span> <span class="irc-black">&lt;martido&gt; are there any options? things that *could* be in?</span><br />
<span class="irc-date">[9:52]</span> <span class="irc-black">&lt;olabini&gt; hehe</span><br />
<span class="irc-date">[9:52]</span> <span class="irc-black">&lt;olabini&gt; at this stage: basically anything. =)</span><br />
<span class="irc-date">[9:52]</span> <span class="irc-black">&lt;martido&gt; oh well, that's a lot ;)</span><br />
<span class="irc-date">[9:53]</span> <span class="irc-black">&lt;martido&gt; ok, let's try it another way: got any favorites? ;)</span><br />
<span class="irc-date">[9:53]</span> <span class="irc-black">&lt;martido&gt; basically anything?</span><br />
<span class="irc-date">[9:55]</span> <span class="irc-black">&lt;olabini&gt; not rightn ow</span><br />
<span class="irc-date">[9:55]</span> <span class="irc-black">&lt;olabini&gt; I haven't spent any time thinking about it</span><br />
<span class="irc-date">[9:55]</span> <span class="irc-black">&lt;olabini&gt; Java Integration was the biggie</span><br />
<span class="irc-date">[9:55]</span> <span class="irc-black">&lt;olabini&gt; I'm going to look through the core classes and see if something obvious is missing</span><br />
<span class="irc-date">[9:56]</span> <span class="irc-black">&lt;slava&gt; hi olabini</span><br />
<span class="irc-date">[9:56]</span> <span class="irc-black">&lt;olabini&gt; hi slava!</span><br />
<span class="irc-date">[9:57]</span> <span class="irc-black">&lt;slava&gt; its 5am, I had to make a trip to the office to put out some fires</span><br />
<span class="irc-date">[9:58]</span> <span class="irc-black">&lt;olabini&gt; ouch. that sucks!</span><br />
<span class="irc-date">[9:58]</span> <span class="irc-black">&lt;olabini&gt; I feel your pain.</span><br />
<span class="irc-date">[9:58]</span> <span class="irc-black">&lt;olabini&gt; here it's 12am</span><br />
<span class="irc-date">[9:58]</span> <span class="irc-black">&lt;olabini&gt; or wait. is that 12pm?</span><br />
<span class="irc-date">[9:58]</span> <span class="irc-black">&lt;olabini&gt; I never figured out the edge cases of the whole am/pm system</span><br />
<span class="irc-date">[9:58]</span> <span class="irc-black">&lt;slava&gt; if you're in sweden it must be noon right?</span><br />
<span class="irc-date">[9:58]</span> <span class="irc-black">&lt;olabini&gt; it's noon.</span><br />
<span class="irc-date">[9:58]</span> <span class="irc-black">&lt;olabini&gt; =)</span><br />
<span class="irc-date">[9:59]</span> <span class="irc-black">&lt;slava&gt; so I guess I'm not a big fan of the term DSL. If it has a parser, its a language, and your API should model the domain. Everything else is macros :-)</span><br />
<span class="irc-date">[10:00]</span> <span class="irc-black">&lt;olabini&gt; yeah, well</span><br />
<span class="irc-date">[10:00]</span> <span class="irc-black">&lt;olabini&gt; if you prefer, you can always call them "little languages" like Lisp people do</span><br />
<span class="irc-date">[10:00]</span> <span class="irc-black">&lt;olabini&gt; but I'm used to the terms "internal DSL" and "external DSL"</span><br />
<span class="irc-date">[10:00]</span> <span class="irc-black">&lt;olabini&gt; and that's what people seem to be converging on</span><br />
<span class="irc-date">[10:01]</span> <span class="irc-black">&lt;olabini&gt; =)</span><br />
<span class="irc-date">[10:01]</span> <span class="irc-black">&lt;olabini&gt; macros is an implementation technique.</span><br />
<span class="irc-date">[10:02]</span> <span class="irc-black">&lt;slava&gt; that's true</span><br />
<span class="irc-date">[10:03]</span> <span class="irc-black">&lt;olabini&gt; I see Internal DSLs as a very specific kind of API</span><br />
<span class="irc-date">[10:03]</span> <span class="irc-black">&lt;slava&gt; in factor, macros are just a partial evaluation trick</span><br />
<span class="irc-date">[10:03]</span> <span class="irc-black">&lt;slava&gt; MACRO: my-macro ( inputs -- ouputs ) code ; is the same as : my-ordinary-word ( inputs -- outputs ) my-code call ;</span><br />
<span class="irc-date">[10:03]</span> <span class="irc-black">&lt;slava&gt; where call evaluates a code block</span><br />
<span class="irc-date">[10:03]</span> <span class="irc-black">&lt;olabini&gt; yeah</span><br />
<span class="irc-date">[10:03]</span> <span class="irc-black">&lt;slava&gt; the difference is that my-code runs at compile time in a macro, and the code is spliced in</span><br />
<span class="irc-date">[10:04]</span> <span class="irc-black">&lt;olabini&gt; right</span><br />
<span class="irc-date">[10:04]</span> <span class="irc-black">&lt;slava&gt; argumetns are not treated specially as in lisp; they arrive on the stack as always</span><br />
<span class="irc-date">[10:04]</span> <span class="irc-black">&lt;olabini&gt; yeah</span><br />
<span class="irc-date">[10:04]</span> <span class="irc-black">&lt;slava&gt; but if the compiler can prove they're constant it does the partial evaluation</span><br />
<span class="irc-date">[10:04]</span> <span class="irc-black">&lt;olabini&gt; ok</span><br />
<span class="irc-date">[10:05]</span> <span class="irc-black">&lt;olabini&gt; slava: do you use factor in your day job?</span><br />
<span class="irc-date">[10:05]</span> <span class="irc-black">&lt;slava&gt; yup</span><br />
<span class="irc-date">[10:05]</span> <span class="irc-black">&lt;olabini&gt; doing consulting?</span><br />
<span class="irc-date">[10:05]</span> <span class="irc-black">&lt;slava&gt; R&amp;D sort of</span><br />
<span class="irc-date">[10:05]</span> <span class="irc-black">&lt;olabini&gt; ah, nice.</span><br />
<span class="irc-date">[10:05]</span> <span class="irc-black">&lt;slava&gt; what about you? you do consulting right?</span><br />
<span class="irc-date">[10:05]</span> <span class="irc-black">&lt;olabini&gt; yeah</span><br />
<span class="irc-date">[10:06]</span> <span class="irc-black">&lt;olabini&gt; ThoughtWorks consulting. all different kinds</span><br />
<span class="irc-date">[10:06]</span> <span class="irc-black">&lt;olabini&gt; but it ends up being more Ruby</span><br />
<span class="irc-date">[10:06]</span> <span class="irc-black">&lt;slava&gt; are you going to sneak ioke into client projects at some point? ;-)</span><br />
<span class="irc-date">[10:06]</span> <span class="irc-black">&lt;olabini&gt; haha</span><br />
<span class="irc-date">[10:06]</span> <span class="irc-black">&lt;olabini&gt; =)</span><br />
<span class="irc-date">[10:06]</span> <span class="irc-black">&lt;olabini&gt; we'll see what happens.</span><br />
<span class="irc-date">[10:06]</span> <span class="irc-black">&lt;olabini&gt; if it's appropriate, sure.</span><br />
<span class="irc-date">[10:06]</span> <span class="irc-black">&lt;slava&gt; since it runs on the JVM the barrier to entry is lower</span><br />
<span class="irc-date">[10:06]</span> <span class="irc-black">&lt;slava&gt; give them a .war and they'll never know</span><br />
<span class="irc-date">[10:06]</span> <span class="irc-black">&lt;olabini&gt; exactly. =)</span><br />
<span class="irc-date">[10:07]</span> <span class="irc-black">&lt;slava&gt; alright, I'm going to hit the sack</span><br />
<span class="irc-date">[10:07]</span> <span class="irc-black">&lt;slava&gt; planning on showing up at work tomorrow around noon ;)</span><br />
<span class="irc-date">[10:07]</span> <span class="irc-black">&lt;olabini&gt; ok, tty</span><br />
<span class="irc-date">[10:07]</span> <span class="irc-black">&lt;olabini&gt; =)</span><br />
<span class="irc-date">[10:07]</span> <span class="irc-black">&lt;olabini&gt; sleep well</span><br />
<span class="irc-date">[12:31]</span> <span class="irc-black">&lt;naeu&gt; just did a git pull on my server, and ant seems to work the first time</span><br />
<span class="irc-date">[12:31]</span> <span class="irc-black">&lt;naeu&gt; i wonder if it's going to fail the second time like yesterday...</span><br />
<span class="irc-date">[12:31]</span> <span class="irc-black">&lt;naeu&gt; also, reading back from the logs...</span><br />
<span class="irc-date">[12:32]</span> <span class="irc-black">&lt;naeu&gt; it's cool that you both kept your names, me and Susanna both did the same too :-) I hate any concept of ownership when related to people</span><br />
<span class="irc-date">[12:32]</span> <span class="irc-black">&lt;naeu&gt; and the AST manipulation ideas are REALLY COOL</span><br />
<span class="irc-date">[12:33]</span> <span class="irc-black">&lt;naeu&gt; having a simple and intuitive syntax for manipulating message chains would rock</span><br />
<span class="irc-date">[12:33]</span> <span class="irc-black">&lt;martido&gt; cool ... me and my gf have recently started discussing name issues ;) I'm also in favour of keeping our names ;)</span><br />
<span class="irc-date">[12:33]</span> <span class="irc-black">&lt;naeu&gt; martido: cool</span><br />
<span class="irc-date">[12:34]</span> <span class="irc-black">&lt;martido&gt; good to see that others are thinking the same. I personally don't know any couple that did it</span><br />
<span class="irc-date">[12:34]</span> <span class="irc-black">&lt;naeu&gt; my opinion was that your name is one of your oldest memories and one of the most deep rooted concepts</span><br />
<span class="irc-date">[12:34]</span> <span class="irc-green">* felipero (n=Felipe@189-55-18-206-nd.cpe.vivax.com.br) has joined #ioke</span><br />
<span class="irc-date">[12:34]</span> <span class="irc-black">&lt;martido&gt; absolutely right!</span><br />
<span class="irc-date">[12:34]</span> <span class="irc-black">&lt;naeu&gt; challenging that, to me, is just crazy</span><br />
<span class="irc-date">[12:34]</span> <span class="irc-black">&lt;martido&gt; exactly</span><br />
<span class="irc-date">[12:36]</span> <span class="irc-black">&lt;naeu&gt; yep - first time ioke compiles, second time it doesn't</span><br />
<span class="irc-date">[12:36]</span> <span class="irc-black">&lt;naeu&gt; weird</span><br />
<span class="irc-date">[12:36]</span> <span class="irc-black">&lt;martido&gt; strange</span><br />
<span class="irc-date">[13:00]</span> <span class="irc-black">&lt;naeu&gt; well it looks like i fixed the ANTLR issues by adding this line to build.xml:</span><br />
<span class="irc-date">[13:01]</span> <span class="irc-black">&lt;naeu&gt; &lt;property name="-Xconversiontimeout" value="100000"/&gt;</span><br />
<span class="irc-date">[13:03]</span> <span class="irc-black">&lt;naeu&gt; hmm, no i haven't</span><br />
<span class="irc-date">[13:04]</span> <span class="irc-black">&lt;naeu&gt; weird, after adding it the compilation didn't fail, removing it made the compilation fail, then adding it back didn't fix it again</span><br />
<span class="irc-date">[13:24]</span> <span class="irc-black">&lt;naeu&gt; ok, i think i've nailed it</span><br />
<span class="irc-date">[13:25]</span> <span class="irc-black">&lt;naeu&gt; &lt;target name="generate.antlr" depends="prepare" description="Generates source files from the ANTLR definitions" unless="grammar.notUpdated"&gt;</span><br />
<span class="irc-date">[13:25]</span> <span class="irc-black">&lt;naeu&gt;     &lt;java classname="org.antlr.Tool" fork="true" dir="${antlr.grammar.dir}" classpathref="build.classpath" maxmemory="256m"&gt;</span><br />
<span class="irc-date">[13:25]</span> <span class="irc-black">&lt;naeu&gt;       &lt;arg value="-Xconversiontimeout"/&gt;</span><br />
<span class="irc-date">[13:25]</span> <span class="irc-black">&lt;naeu&gt;       &lt;arg value="100000"/&gt;</span><br />
<span class="irc-date">[13:25]</span> <span class="irc-black">&lt;naeu&gt;       &lt;arg line="-o ${src.generated.dir.relative} ${antlr.grammar.file}"/&gt;</span><br />
<span class="irc-date">[13:25]</span> <span class="irc-black">&lt;naeu&gt;     &lt;/java&gt;</span><br />
<span class="irc-date">[13:25]</span> <span class="irc-black">&lt;naeu&gt;   &lt;/target&gt;</span><br />
<span class="irc-date">[13:25]</span> <span class="irc-black">&lt;naeu&gt; this doesn't seem to generate any errors</span><br />
<span class="irc-date">[13:34]</span> <span class="irc-navy">* felipero (n=Felipe@189-55-18-206-nd.cpe.vivax.com.br) Quit ("Saindo")</span><br />
<span class="irc-date">[13:49]</span> <span class="irc-black">&lt;naeu&gt; also on my linux server one test fails (an ordering issue)</span><br />
<span class="irc-date">[13:49]</span> <span class="irc-black">&lt;naeu&gt;      [java] 'FileSystem [] should glob correctly' FAILED</span><br />
<span class="irc-date">[13:49]</span> <span class="irc-black">&lt;naeu&gt;      [java] expected ["test/_test/_file2", "test/_test/_file1"] to == ["test/_test/_file1", "test/_test/_file2"]. difference: []. 2 vs 2 (ISpec ExpectationNotMet)</span><br />
<span class="irc-date">[14:19]</span> <span class="irc-green">* Narnach_ (n=narnach@a82-94-4-219.adsl.xs4all.nl) has joined #ioke</span><br />
<span class="irc-date">[14:26]</span> <span class="irc-navy">* Narnach (n=narnach@a82-94-4-220.adsl.xs4all.nl) Quit (Read error: 110 (Connection timed out))</span><br />
<span class="irc-date">[14:39]</span> <span class="irc-black">&lt;olabini&gt; ok</span><br />
<span class="irc-date">[14:39]</span> <span class="irc-black">&lt;olabini&gt; interesting</span><br />
<span class="irc-date">[14:39]</span> <span class="irc-black">&lt;olabini&gt; thanks Sam</span><br />
<span class="irc-date">[14:39]</span> <span class="irc-black">&lt;olabini&gt; can you give me a patch for the conversiontimeout?</span><br />
<span class="irc-date">[14:57]</span> <span class="irc-black">&lt;naeu&gt; olabini: sure</span><br />
<span class="irc-date">[14:58]</span> <span class="irc-black">&lt;naeu&gt; <a href="http://gist.github.com/88719">http://gist.github.com/88719</a></span><br />
<span class="irc-date">[14:58]</span> <span class="irc-black">&lt;naeu&gt; is that applyable?</span><br />
<span class="irc-date">[14:59]</span> <span class="irc-black">&lt;olabini&gt; small enough, yeah. thanks</span><br />
<span class="irc-date">[15:05]</span> <span class="irc-black">&lt;CIA-28&gt; ioke: Ola Bini master * r95b4cd2 / build.xml : Fix #221 by ramping up the conversionlimit for antlr - <a href="http://bit.ly/tfhpf">http://bit.ly/tfhpf</a></span><br />
<span class="irc-date">[15:05]</span> <span class="irc-black">&lt;olabini&gt; thanks, Sam. it's in. I'm closing the bug for now</span><br />
<span class="irc-date">[15:09]</span> <span class="irc-black">&lt;naeu&gt; great</span><br />
<span class="irc-date">[15:09]</span> <span class="irc-black">&lt;naeu&gt; and no need to thank me, you did all the hard work</span><br />
<span class="irc-date">[15:09]</span> <span class="irc-black">&lt;naeu&gt; i just tweaked an xml file</span><br />
<span class="irc-date">[15:19]</span> <span class="irc-black">&lt;olabini&gt; =)</span><br />
<span class="irc-date">[15:49]</span> <span class="irc-black">&lt;naeu&gt; hmmm, now that ioke compiles (and ignoring the failing test) the ioke command fails with a classpath error</span><br />
<span class="irc-date">[15:50]</span> <span class="irc-black">&lt;naeu&gt; Exception in thread "main" java.lang.NoClassDefFoundError: ioke/lang/Main</span><br />
<span class="irc-date">[15:53]</span> <span class="irc-black">&lt;olabini&gt; well</span><br />
<span class="irc-date">[15:53]</span> <span class="irc-navy">* Narnach_ (n=narnach@a82-94-4-219.adsl.xs4all.nl) Quit ("Leaving...")</span><br />
<span class="irc-date">[15:53]</span> <span class="irc-black">&lt;olabini&gt; it doesn't create the jar-file since the  test fails</span><br />
<span class="irc-date">[15:53]</span> <span class="irc-black">&lt;olabini&gt; do "ant jar-notest"</span><br />
<span class="irc-date">[16:07]</span> <span class="irc-black">&lt;naeu&gt; ah, yeah...</span><br />
<span class="irc-date">[16:08]</span> <span class="irc-black">&lt;naeu&gt; aha, i'm in</span><br />
<span class="irc-date">[16:15]</span> <span class="irc-navy">* olabini (n=ola@c-398de155.234-1-64736c10.cust.bredbandsbolaget.se) Quit (Read error: 110 (Connection timed out))</span><br />
<span class="irc-date">[16:22]</span> <span class="irc-black">&lt;martido&gt; cd ..</span><br />
<span class="irc-date">[16:22]</span> <span class="irc-black">&lt;martido&gt; cd ..</span><br />
<span class="irc-date">[16:23]</span> <span class="irc-black">&lt;martido&gt; dammit ;)</span><br />
<span class="irc-date">[16:31]</span> <span class="irc-navy">* martido (n=martin@213.61.180.190) Quit ()</span><br />
<span class="irc-date">[17:26]</span> <span class="irc-green">* embro1001 (n=sintaks@h69-129-134-210.nwblwi.dedicated.static.tds.net) has joined #ioke</span><br />
<span class="irc-date">[19:47]</span> <span class="irc-navy">* naeu (n=sam@h36036.upc-h.chello.nl) Quit ()</span><br />
<span class="irc-date">[20:12]</span> <span class="irc-green">* kar8nga (n=kar8nga@a-46.vc-graz.ac.at) has joined #ioke</span><br />
<span class="irc-date">[20:18]</span> <span class="irc-green">* naeu (n=sam@dhcp-077-248-060-144.chello.nl) has joined #ioke</span><br />
<span class="irc-date">[21:01]</span> <span class="irc-navy">* kar8nga (n=kar8nga@a-46.vc-graz.ac.at) Quit (Success)</span><br />
<span class="irc-date">[21:06]</span> <span class="irc-navy">* naeu (n=sam@dhcp-077-248-060-144.chello.nl) Quit ()</span><br />
<span class="irc-date">[21:54]</span> <span class="irc-green">* olabini (n=ola@c-9f4ce155.1110-8-64736c13.cust.bredbandsbolaget.se) has joined #ioke</span><br />
<span class="irc-date">[21:54]</span> <span class="irc-green">* ChanServ sets mode +o olabini </span><br />
<span class="irc-date">[22:02]</span> <span class="irc-green">* mozinator (n=mozinato@82-170-176-50.ip.telfort.nl) has joined #ioke</span><br />
<span class="irc-date">[22:20]</span> <span class="irc-navy">* HeMan (n=jimmy@ssh.southpole.se) Quit (Read error: 110 (Connection timed out))</span><br />
<span class="irc-date">[22:58]</span> <span class="irc-green">* HeMan (n=jimmy@ssh.southpole.se) has joined #ioke</span><br />
