<span class="irc-date">[6:35]</span> <span class="irc-green">* olabini (n=ola@a82-94-103-74.adsl.xs4all.nl) has joined #ioke</span><br />
<span class="irc-date">[6:35]</span> <span class="irc-green">* ChanServ sets mode +o olabini </span><br />
<span class="irc-date">[6:35]</span> <span class="irc-green">* olabini (n=ola@a82-94-103-74.adsl.xs4all.nl) has left #ioke</span><br />
<span class="irc-date">[8:37]</span> <span class="irc-green">* naeu (n=sam@dhcp-077-248-060-144.chello.nl) has joined #ioke</span><br />
<span class="irc-date">[8:42]</span> <span class="irc-navy">* naeu (n=sam@dhcp-077-248-060-144.chello.nl) Quit (Client Quit)</span><br />
<span class="irc-date">[8:46]</span> <span class="irc-green">* Bucciarati (n=buccia@212.45.155.126) has joined #ioke</span><br />
<span class="irc-date">[8:50]</span> <span class="irc-black">&lt;Bucciarati&gt; ???</span><br />
<span class="irc-date">[8:54]</span> <span class="irc-green">* Narnach (n=narnach@084-246-045-202.PN.nl) has joined #ioke</span><br />
<span class="irc-date">[9:03]</span> <span class="irc-brown">-christel- [Global Notice] Hi all, In a few moment two of our ircd servers (denis and lindbohm) will be going down for scheduled maintenance, affected users are in the region of 1400. The downtime shouldn't be particularly substantial. Apologies for the inconvenience, thank you for flying freenode and have a good day!</span><br />
<span class="irc-date">[9:42]</span> <span class="irc-green">* naeu (n=sam@dhcp-077-251-055-193.chello.nl) has joined #ioke</span><br />
<span class="irc-date">[9:53]</span> <span class="irc-green">* martido (n=martin@213.61.180.190) has joined #ioke</span><br />
<span class="irc-date">[12:11]</span> <span class="irc-green">* martido (n=martin@213.61.180.190) has left #ioke</span><br />
<span class="irc-date">[13:10]</span> <span class="irc-green">* travisennis (n=travisen@208.96.144.88) has joined #ioke</span><br />
<span class="irc-date">[13:11]</span> <span class="irc-green">* travisennis (n=travisen@208.96.144.88) has left #ioke</span><br />
<span class="irc-date">[13:30]</span> <span class="irc-green">* olabini (n=ola@c-9f4ce155.1110-8-64736c13.cust.bredbandsbolaget.se) has joined #ioke</span><br />
<span class="irc-date">[13:30]</span> <span class="irc-green">* ChanServ sets mode +o olabini </span><br />
<span class="irc-date">[15:29]</span> <span class="irc-navy">* naeu (n=sam@dhcp-077-251-055-193.chello.nl) Quit ()</span><br />
<span class="irc-date">[16:01]</span> <span class="irc-green">* Narnach_ (n=narnach@084-246-045-202.PN.nl) has joined #ioke</span><br />
<span class="irc-date">[16:18]</span> <span class="irc-navy">* Narnach (n=narnach@084-246-045-202.PN.nl) Quit (Read error: 110 (Connection timed out))</span><br />
<span class="irc-date">[16:24]</span> <span class="irc-green">* Narnach_ is now known as Narnach</span><br />
<span class="irc-date">[16:29]</span> <span class="irc-navy">* Narnach (n=narnach@084-246-045-202.PN.nl) Quit ("Leaving...")</span><br />
<span class="irc-date">[16:58]</span> <span class="irc-brown">-christel- [Global Notice] Hi all, I'm about to take services offline for a few moments to restore some stuff from the db, as JonathanD would say "on freenode, staff happens.." -- They should be back with you shortly and I'm sorry for the inconvenience.</span><br />
<span class="irc-date">[19:04]</span> <span class="irc-green">* kar8nga (n=kar8nga@a-233.vc-graz.ac.at) has joined #ioke</span><br />
<span class="irc-date">[19:26]</span> <span class="irc-green">* naeu (n=sam@dhcp-077-248-060-144.chello.nl) has joined #ioke</span><br />
<span class="irc-date">[19:27]</span> <span class="irc-black">&lt;naeu&gt; olabini: hey there</span><br />
<span class="irc-date">[19:27]</span> <span class="irc-black">&lt;naeu&gt; Pics from Amsterdam.rb: <a href="http://amsterdamrbfebruari09hostedbytty.shutterfly.com/26">http://amsterdamrbfebruari09hostedbytty.shutterfly.com/26</a></span><br />
<span class="irc-date">[19:38]</span> <span class="irc-navy">* naeu (n=sam@dhcp-077-248-060-144.chello.nl) Quit ()</span><br />
<span class="irc-date">[20:31]</span> <span class="irc-navy">* kar8nga (n=kar8nga@a-233.vc-graz.ac.at) Quit (Read error: 145 (Connection timed out))</span><br />
