<span class="irc-date">[0:19]</span> <span class="irc-navy">* naeu (n=sam@dhcp-077-248-060-144.chello.nl) Quit ()</span><br />
<span class="irc-date">[2:59]</span> <span class="irc-green">* naeu (n=sam@dhcp-077-248-060-144.chello.nl) has joined #ioke</span><br />
<span class="irc-date">[3:08]</span> <span class="irc-green">* naeu_ (n=sam@82-168-104-2.ip.telfort.nl) has joined #ioke</span><br />
<span class="irc-date">[3:09]</span> <span class="irc-navy">* naeu_ (n=sam@82-168-104-2.ip.telfort.nl) Quit (Remote closed the connection)</span><br />
<span class="irc-date">[3:28]</span> <span class="irc-navy">* naeu (n=sam@dhcp-077-248-060-144.chello.nl) Quit (Read error: 110 (Connection timed out))</span><br />
<span class="irc-date">[6:02]</span> <span class="irc-green">* HeMan (n=jimmy@ssh.southpole.se) has joined #ioke</span><br />
<span class="irc-date">[6:02]</span> <span class="irc-black">&lt;- *HeMan* Bot Sentry engaged:  you are now being ignored!  Your message will be delivered if you can correctly answer the following question within 10 minutes:  How do you spell the number 10?</span><br />
<span class="irc-date">[6:02]</span> <span class="irc-green">* HeMan (n=jimmy@ssh.southpole.se) has left #ioke</span><br />
<span class="irc-date">[8:20]</span> <span class="irc-green">* naeu (n=sam@dhcp-077-248-060-144.chello.nl) has joined #ioke</span><br />
<span class="irc-date">[9:41]</span> <span class="irc-navy">* naeu (n=sam@dhcp-077-248-060-144.chello.nl) Quit ()</span><br />
<span class="irc-date">[13:33]</span> <span class="irc-green">* kar8nga (n=kar8nga@m-183.vc-graz.ac.at) has joined #ioke</span><br />
<span class="irc-date">[13:37]</span> <span class="irc-green">* naeu (n=sam@77.248.60.144) has joined #ioke</span><br />
<span class="irc-date">[13:45]</span> <span class="irc-navy">* naeu (n=sam@77.248.60.144) Quit (Read error: 104 (Connection reset by peer))</span><br />
<span class="irc-date">[13:46]</span> <span class="irc-green">* naeu (n=sam@dhcp-077-248-060-144.chello.nl) has joined #ioke</span><br />
<span class="irc-date">[15:20]</span> <span class="irc-navy">* naeu (n=sam@dhcp-077-248-060-144.chello.nl) Quit ()</span><br />
<span class="irc-date">[15:33]</span> <span class="irc-navy">* kar8nga (n=kar8nga@m-183.vc-graz.ac.at) Quit (Read error: 60 (Operation timed out))</span><br />
<span class="irc-date">[15:35]</span> <span class="irc-green">* kar8nga (n=kar8nga@a-66.vc-graz.ac.at) has joined #ioke</span><br />
<span class="irc-date">[17:34]</span> <span class="irc-green">* naeu (n=sam@dhcp-077-248-060-144.chello.nl) has joined #ioke</span><br />
<span class="irc-date">[18:12]</span> <span class="irc-green">* naeu_ (n=sam@dhcp-077-248-060-144.chello.nl) has joined #ioke</span><br />
<span class="irc-date">[18:19]</span> <span class="irc-navy">* naeu (n=sam@dhcp-077-248-060-144.chello.nl) Quit (Read error: 110 (Connection timed out))</span><br />
<span class="irc-date">[18:53]</span> <span class="irc-navy">* naeu_ (n=sam@dhcp-077-248-060-144.chello.nl) Quit ()</span><br />
<span class="irc-date">[18:57]</span> <span class="irc-brown">-christel- [Global Notice] Hi all, we appear to be having some issues with one of our sponsors currently -- as a result we're temporarily lacking services. Hopefully things will be back to normal shortly. Apologies for the inconvenience and thank you using freenode</span><br />
<span class="irc-date">[19:21]</span> <span class="irc-brown">-christel_- Hi all. Services have returned from a backup location, though we're still working on the issue with the sponsor. We should be back to normal in due course. Apologies again, and thanks for using freenode!</span><br />
<span class="irc-date">[19:37]</span> <span class="irc-navy">* kar8nga (n=kar8nga@a-66.vc-graz.ac.at) Quit (Remote closed the connection)</span><br />
<span class="irc-date">[19:44]</span> <span class="irc-green">* naeu (n=sam@dhcp-077-248-060-144.chello.nl) has joined #ioke</span><br />
<span class="irc-date">[22:52]</span> <span class="irc-navy">* naeu (n=sam@dhcp-077-248-060-144.chello.nl) Quit ()</span><br />
