<span class="irc-date">[0:17]</span> <span class="irc-green">* CarlFK (n=carl@c-98-228-196-102.hsd1.il.comcast.net) has left #ioke</span><br />
<span class="irc-date">[2:12]</span> <span class="irc-green">* naeu (n=sam@dhcp-077-248-060-144.chello.nl) has joined #ioke</span><br />
<span class="irc-date">[2:13]</span> <span class="irc-navy">* naeu (n=sam@dhcp-077-248-060-144.chello.nl) Quit (Client Quit)</span><br />
<span class="irc-date">[2:16]</span> <span class="irc-green">* naeu (n=sam@dhcp-077-248-060-144.chello.nl) has joined #ioke</span><br />
<span class="irc-date">[2:17]</span> <span class="irc-navy">* naeu (n=sam@dhcp-077-248-060-144.chello.nl) Quit (Client Quit)</span><br />
<span class="irc-date">[2:33]</span> <span class="irc-green">* naeu (n=sam@dhcp-077-248-060-144.chello.nl) has joined #ioke</span><br />
<span class="irc-date">[4:00]</span> <span class="irc-navy">* naeu (n=sam@dhcp-077-248-060-144.chello.nl) Quit ()</span><br />
<span class="irc-date">[4:25]</span> <span class="irc-green">* naeu (n=sam@dhcp-077-248-060-144.chello.nl) has joined #ioke</span><br />
<span class="irc-date">[7:29]</span> <span class="irc-green">* Narnach (n=narnach@a82-94-4-219.adsl.xs4all.nl) has joined #ioke</span><br />
<span class="irc-date">[7:32]</span> <span class="irc-navy">* naeu (n=sam@dhcp-077-248-060-144.chello.nl) Quit ()</span><br />
<span class="irc-date">[7:50]</span> <span class="irc-green">* naeu (n=sam@mail.innovationfactory.nl) has joined #ioke</span><br />
<span class="irc-date">[9:30]</span> <span class="irc-navy">* Narnach (n=narnach@a82-94-4-219.adsl.xs4all.nl) Quit ("Leaving...")</span><br />
<span class="irc-date">[12:08]</span> <span class="irc-navy">* naeu (n=sam@mail.innovationfactory.nl) Quit ()</span><br />
<span class="irc-date">[13:44]</span> <span class="irc-green">* Narnach (n=narnach@a82-94-4-219.adsl.xs4all.nl) has joined #ioke</span><br />
<span class="irc-date">[15:38]</span> <span class="irc-navy">* Narnach (n=narnach@a82-94-4-219.adsl.xs4all.nl) Quit ("Leaving...")</span><br />
<span class="irc-date">[15:38]</span> <span class="irc-green">* Narnach (n=narnach@a82-94-4-219.adsl.xs4all.nl) has joined #ioke</span><br />
<span class="irc-date">[15:51]</span> <span class="irc-green">* naeu (n=sam@dhcp-077-248-060-144.chello.nl) has joined #ioke</span><br />
<span class="irc-date">[16:28]</span> <span class="irc-navy">* Narnach (n=narnach@a82-94-4-219.adsl.xs4all.nl) Quit ("Leaving...")</span><br />
<span class="irc-date">[18:31]</span> <span class="irc-green">* kar8nga (n=kar8nga@e-250.vc-graz.ac.at) has joined #ioke</span><br />
<span class="irc-date">[19:50]</span> <span class="irc-navy">* kar8nga (n=kar8nga@e-250.vc-graz.ac.at) Quit (Read error: 60 (Operation timed out))</span><br />
<span class="irc-date">[19:52]</span> <span class="irc-green">* kar8nga (n=kar8nga@e-250.vc-graz.ac.at) has joined #ioke</span><br />
<span class="irc-date">[20:19]</span> <span class="irc-navy">* kar8nga (n=kar8nga@e-250.vc-graz.ac.at) Quit (Connection timed out)</span><br />
<span class="irc-date">[20:46]</span> <span class="irc-navy">* naeu (n=sam@dhcp-077-248-060-144.chello.nl) Quit ()</span><br />
