<span class="irc-date">[3:05]</span> <span class="irc-navy">* snusnu (n=Adium@85-127-133-186.dynamic.xdsl-line.inode.at) Quit ("Leaving.")</span><br />
<span class="irc-date">[3:09]</span> <span class="irc-green">* snusnu (n=Adium@85-127-133-186.dynamic.xdsl-line.inode.at) has joined #ioke</span><br />
<span class="irc-date">[3:50]</span> <span class="irc-green">* olabini` (n=ola@c-9f4ce155.1110-8-64736c13.cust.bredbandsbolaget.se) has joined #ioke</span><br />
<span class="irc-date">[3:50]</span> <span class="irc-green">* IokeHurricane sets mode +o olabini` </span><br />
<span class="irc-date">[3:52]</span> <span class="irc-green">* olabini` (n=ola@c-9f4ce155.1110-8-64736c13.cust.bredbandsbolaget.se) has left #ioke</span><br />
<span class="irc-date">[4:00]</span> <span class="irc-navy">* olabini (n=ola@c-594fe155.1110-8-64736c13.cust.bredbandsbolaget.se) Quit (Read error: 110 (Connection timed out))</span><br />
<span class="irc-date">[4:53]</span> <span class="irc-green">* martint-t (n=Adium@98.207.158.82) has joined #ioke</span><br />
<span class="irc-date">[5:02]</span> <span class="irc-green">* naeu (n=sam@dhcp-077-248-060-144.chello.nl) has joined #ioke</span><br />
<span class="irc-date">[5:14]</span> <span class="irc-navy">* naeu (n=sam@dhcp-077-248-060-144.chello.nl) Quit ()</span><br />
<span class="irc-date">[5:30]</span> <span class="irc-green">* naeu (n=sam@dhcp-077-248-060-144.chello.nl) has joined #ioke</span><br />
<span class="irc-date">[5:40]</span> <span class="irc-navy">* naeu (n=sam@dhcp-077-248-060-144.chello.nl) Quit ()</span><br />
<span class="irc-date">[5:47]</span> <span class="irc-green">* naeu (n=sam@dhcp-077-248-060-144.chello.nl) has joined #ioke</span><br />
<span class="irc-date">[5:48]</span> <span class="irc-navy">* naeu (n=sam@dhcp-077-248-060-144.chello.nl) Quit (Client Quit)</span><br />
<span class="irc-date">[6:09]</span> <span class="irc-green">* naeu (n=sam@dhcp-077-248-060-144.chello.nl) has joined #ioke</span><br />
<span class="irc-date">[6:18]</span> <span class="irc-navy">* martint-t (n=Adium@98.207.158.82) Quit ("Leaving.")</span><br />
<span class="irc-date">[6:20]</span> <span class="irc-green">* martint-t (n=Adium@98.207.158.82) has joined #ioke</span><br />
<span class="irc-date">[6:52]</span> <span class="irc-navy">* martint-t (n=Adium@98.207.158.82) Quit ("Leaving.")</span><br />
<span class="irc-date">[7:01]</span> <span class="irc-green">* kar8nga (n=kar8nga@a-11.vc-graz.ac.at) has joined #ioke</span><br />
<span class="irc-date">[7:03]</span> <span class="irc-green">* martint-t (n=Adium@98.207.158.82) has joined #ioke</span><br />
<span class="irc-date">[7:05]</span> <span class="irc-navy">* martint-t (n=Adium@98.207.158.82) Quit (Client Quit)</span><br />
<span class="irc-date">[8:05]</span> <span class="irc-navy">* kar8nga (n=kar8nga@a-11.vc-graz.ac.at) Quit (Remote closed the connection)</span><br />
<span class="irc-date">[9:18]</span> <span class="irc-green">* kar8nga (n=kar8nga@e-120.vc-graz.ac.at) has joined #ioke</span><br />
<span class="irc-date">[9:40]</span> <span class="irc-green">* naeu_ (n=sam@dhcp-077-248-060-144.chello.nl) has joined #ioke</span><br />
<span class="irc-date">[9:51]</span> <span class="irc-navy">* naeu (n=sam@dhcp-077-248-060-144.chello.nl) Quit (Read error: 110 (Connection timed out))</span><br />
<span class="irc-date">[10:19]</span> <span class="irc-navy">* kar8nga (n=kar8nga@e-120.vc-graz.ac.at) Quit (Read error: 60 (Operation timed out))</span><br />
<span class="irc-date">[11:31]</span> <span class="irc-green">* kar8nga (n=kar8nga@a-181.vc-graz.ac.at) has joined #ioke</span><br />
<span class="irc-date">[12:29]</span> <span class="irc-navy">* snusnu (n=Adium@85-127-133-186.dynamic.xdsl-line.inode.at) Quit ("Leaving.")</span><br />
<span class="irc-date">[12:35]</span> <span class="irc-green">* snusnu (n=Adium@85-127-133-186.dynamic.xdsl-line.inode.at) has joined #ioke</span><br />
<span class="irc-date">[13:25]</span> <span class="irc-navy">* kar8nga (n=kar8nga@a-181.vc-graz.ac.at) Quit (Remote closed the connection)</span><br />
<span class="irc-date">[14:48]</span> <span class="irc-green">* olabini (n=ola@c-9f4ce155.1110-8-64736c13.cust.bredbandsbolaget.se) has joined #ioke</span><br />
<span class="irc-date">[14:48]</span> <span class="irc-green">* ChanServ sets mode +o olabini </span><br />
<span class="irc-date">[15:56]</span> <span class="irc-green">* kar8nga (n=kar8nga@a-80.vc-graz.ac.at) has joined #ioke</span><br />
<span class="irc-date">[16:15]</span> <span class="irc-green">* delitescere (n=JoshG@68.79.254.47) has joined #ioke</span><br />
<span class="irc-date">[16:15]</span> <span class="irc-black">&lt;delitescere&gt; Yo</span><br />
<span class="irc-date">[16:16]</span> <span class="irc-black">&lt;delitescere&gt; So I'm messing around a little</span><br />
<span class="irc-date">[16:16]</span> <span class="irc-black">&lt;delitescere&gt; iik&gt; Ground cells</span><br />
<span class="irc-date">[16:16]</span> <span class="irc-black">&lt;delitescere&gt; *** - *** - couldn't find cell 'stackTraceAsText' on 'Base' (Condition Error NoSuchCell)</span><br />
<span class="irc-date">[16:17]</span> <span class="irc-black">&lt;delitescere&gt; was exploring to see if there's a neat way of finding a symbol with the same name as the value of a text</span><br />
<span class="irc-date">[16:20]</span> <span class="irc-black">&lt;naeu_&gt; delitescere: what version of Ioke are you using?</span><br />
<span class="irc-date">[16:20]</span> <span class="irc-black">&lt;naeu_&gt; I get:</span><br />
<span class="irc-date">[16:20]</span> <span class="irc-black">&lt;naeu_&gt; iik&gt; Ground cells</span><br />
<span class="irc-date">[16:20]</span> <span class="irc-black">&lt;naeu_&gt; +&gt; {kind: "Ground", IIk:  IIk_0x7F2807C9:</span><br />
<span class="irc-date">[16:20]</span> <span class="irc-black">&lt;naeu_&gt; but I'm using the latest from git master</span><br />
<span class="irc-date">[16:21]</span> <span class="irc-black">&lt;delitescere&gt; must be my build :-/</span><br />
<span class="irc-date">[16:21]</span> <span class="irc-black">&lt;delitescere&gt; will try again</span><br />
<span class="irc-date">[16:21]</span> <span class="irc-black">&lt;naeu_&gt; :-)</span><br />
<span class="irc-date">[16:21]</span> <span class="irc-black">&lt;naeu_&gt; but if your day is like it is here in Amsterdam you should be out enjoying it ;-)</span><br />
<span class="irc-date">[16:22]</span> <span class="irc-black">&lt;delitescere&gt; It's raining in Chicago</span><br />
<span class="irc-date">[16:22]</span> <span class="irc-black">&lt;naeu_&gt; that's no fun!</span><br />
<span class="irc-date">[16:22]</span> <span class="irc-black">&lt;naeu_&gt; it's been delightful here</span><br />
<span class="irc-date">[16:22]</span> <span class="irc-black">&lt;delitescere&gt; Ah well - a good opportunity to geek out</span><br />
<span class="irc-date">[16:22]</span> <span class="irc-black">&lt;naeu_&gt; a real halcyon day</span><br />
<span class="irc-date">[16:23]</span> <span class="irc-black">&lt;delitescere&gt; Ola wasn't on IM so I thought "ahh the irc channel!" :)</span><br />
<span class="irc-date">[16:23]</span> <span class="irc-black">&lt;naeu_&gt; yes, definitely :-)</span><br />
<span class="irc-date">[16:23]</span> <span class="irc-black">&lt;naeu_&gt; :-)</span><br />
<span class="irc-date">[16:24]</span> <span class="irc-black">&lt;naeu_&gt; Ola is clearly always the best chap to ask</span><br />
<span class="irc-date">[16:24]</span> <span class="irc-black">&lt;naeu_&gt; everyone in the IRC room is playing a *massive* game of catchup ;-)</span><br />
<span class="irc-date">[16:25]</span> <span class="irc-black">&lt;delitescere&gt; hehe.</span><br />
<span class="irc-date">[16:25]</span> <span class="irc-black">&lt;naeu_&gt; but learning absolute bucket-loads in the process (at least I am)</span><br />
<span class="irc-date">[16:28]</span> <span class="irc-black">&lt;naeu_&gt; I'm mainly here because I'm interested in what I currently call communicative programming, and it seems that the people that hang around in these circles share a lot of my views</span><br />
<span class="irc-date">[16:28]</span> <span class="irc-black">&lt;naeu_&gt; which is always great to discover</span><br />
<span class="irc-date">[16:41]</span> <span class="irc-black">&lt;delitescere&gt; indeed</span><br />
<span class="irc-date">[16:42]</span> <span class="irc-black">&lt;naeu_&gt; my main hope is to gain enough momentum to put on a communicative programming conference</span><br />
<span class="irc-date">[16:42]</span> <span class="irc-black">&lt;naeu_&gt; it would be so cool to gather everyone into one place</span><br />
<span class="irc-date">[16:42]</span> <span class="irc-black">&lt;delitescere&gt; great idea.</span><br />
<span class="irc-date">[16:43]</span> <span class="irc-black">&lt;naeu_&gt; perhaps even bash out a communicative programming manifesto</span><br />
<span class="irc-date">[16:43]</span> <span class="irc-black">&lt;delitescere&gt; We say that the code needs to be readily understood by the human - the compiler can do the hard work :-)</span><br />
<span class="irc-date">[16:43]</span> <span class="irc-black">&lt;naeu_&gt; it's cool that so many people are focussing on programming efficiency, but it's uncool that so many people are just focussing on programming efficiency</span><br />
<span class="irc-date">[16:44]</span> <span class="irc-black">&lt;naeu_&gt; I believe that conceptual efficiency is just as important</span><br />
<span class="irc-date">[16:44]</span> <span class="irc-black">&lt;delitescere&gt; it becomes increasingly so</span><br />
<span class="irc-date">[16:45]</span> <span class="irc-black">&lt;naeu_&gt; and as you say, both a more effective compiler and faster hardware can offset the problem to an acceptable level in many cases</span><br />
<span class="irc-date">[16:46]</span> <span class="irc-black">&lt;naeu_&gt; however, I believe we're facing at least two major battles - to learn how to more effectively communicate software with software and to also change the culture in such a way that people think that communicating software with software is valuable</span><br />
<span class="irc-date">[16:46]</span> <span class="irc-black">&lt;delitescere&gt; Yes - the "performance" obstacle is a red herring used by people who don't really value expressiveness</span><br />
<span class="irc-date">[16:47]</span> <span class="irc-black">&lt;naeu_&gt; my Ph.D. can be described as two phases - solving a problem then making the problem communicatable with software (via an external DSL)</span><br />
<span class="irc-date">[16:47]</span> <span class="irc-black">&lt;delitescere&gt; I mean you can be far more expressive in ANY language than most people are willing to try.</span><br />
<span class="irc-date">[16:47]</span> <span class="irc-black">&lt;naeu_&gt; the sad thing was the academics only recognised the importance of the first phase</span><br />
<span class="irc-date">[16:47]</span> <span class="irc-black">&lt;naeu_&gt; yeah, the alternative implementations of Dwemthy's Array show how far you can push languages such as java</span><br />
<span class="irc-date">[16:50]</span> <span class="irc-black">&lt;delitescere&gt; Well the latest download works now.</span><br />
<span class="irc-date">[16:50]</span> <span class="irc-black">&lt;naeu_&gt; smashing</span><br />
<span class="irc-date">[17:10]</span> <span class="irc-green">* martint-t (n=Adium@98.207.158.82) has joined #ioke</span><br />
<span class="irc-date">[17:20]</span> <span class="irc-navy">* martint-t (n=Adium@98.207.158.82) Quit ("Leaving.")</span><br />
<span class="irc-date">[17:31]</span> <span class="irc-black">&lt;delitescere&gt; author = "Ola". column = "author". cell(:(:(column))).</span><br />
<span class="irc-date">[17:32]</span> <span class="irc-black">&lt;delitescere&gt; breaking my brain into "everything is a message" :)</span><br />
<span class="irc-date">[17:33]</span> <span class="irc-black">&lt;delitescere&gt; might even not do infix for a while just to hammer it home</span><br />
<span class="irc-date">[18:04]</span> <span class="irc-black">&lt;naeu_&gt; :-)</span><br />
<span class="irc-date">[18:05]</span> <span class="irc-navy">* olabini (n=ola@c-9f4ce155.1110-8-64736c13.cust.bredbandsbolaget.se) Quit (leguin.freenode.net irc.freenode.net)</span><br />
<span class="irc-date">[18:05]</span> <span class="irc-navy">* CIA-8 (n=CIA@208.69.182.149.simpli.biz) Quit (leguin.freenode.net irc.freenode.net)</span><br />
<span class="irc-date">[18:06]</span> <span class="irc-green">* olabini (n=ola@c-9f4ce155.1110-8-64736c13.cust.bredbandsbolaget.se) has joined #ioke</span><br />
<span class="irc-date">[18:06]</span> <span class="irc-green">* CIA-8 (n=CIA@208.69.182.149.simpli.biz) has joined #ioke</span><br />
<span class="irc-date">[19:33]</span> <span class="irc-navy">* kar8nga (n=kar8nga@a-80.vc-graz.ac.at) Quit (Remote closed the connection)</span><br />
<span class="irc-date">[20:14]</span> <span class="irc-navy">* CarlFK (n=carl@c-98-228-196-102.hsd1.il.comcast.net) Quit (No route to host)</span><br />
<span class="irc-date">[20:25]</span> <span class="irc-navy">* snusnu (n=Adium@85-127-133-186.dynamic.xdsl-line.inode.at) Quit ("Leaving.")</span><br />
<span class="irc-date">[20:26]</span> <span class="irc-green">* kar8nga (n=kar8nga@e-4.vc-graz.ac.at) has joined #ioke</span><br />
<span class="irc-date">[20:34]</span> <span class="irc-navy">* naeu_ (n=sam@dhcp-077-248-060-144.chello.nl) Quit ()</span><br />
<span class="irc-date">[20:40]</span> <span class="irc-green">* snusnu (n=Adium@85-127-133-186.dynamic.xdsl-line.inode.at) has joined #ioke</span><br />
<span class="irc-date">[20:41]</span> <span class="irc-navy">* snusnu (n=Adium@85-127-133-186.dynamic.xdsl-line.inode.at) Quit (Client Quit)</span><br />
<span class="irc-date">[20:42]</span> <span class="irc-green">* CarlFK (n=carl@c-98-228-196-102.hsd1.il.comcast.net) has joined #ioke</span><br />
<span class="irc-date">[20:47]</span> <span class="irc-green">* snusnu (n=Adium@85-127-133-186.dynamic.xdsl-line.inode.at) has joined #ioke</span><br />
<span class="irc-date">[21:03]</span> <span class="irc-green">* snusnu (n=Adium@85-127-133-186.dynamic.xdsl-line.inode.at) has left #ioke</span><br />
<span class="irc-date">[22:41]</span> <span class="irc-navy">* kar8nga (n=kar8nga@e-4.vc-graz.ac.at) Quit (Remote closed the connection)</span><br />
<span class="irc-date">[23:01]</span> <span class="irc-green">* adolfosousa (n=adolfoso@187.37.49.118) has joined #ioke</span><br />
<span class="irc-date">[23:03]</span> <span class="irc-green">* adolfosousa (n=adolfoso@187.37.49.118) has left #ioke</span><br />
<span class="irc-date">[23:03]</span> <span class="irc-green">* adolfosousa (n=adolfoso@187.37.49.118) has joined #ioke</span><br />
<span class="irc-date">[23:04]</span> <span class="irc-navy">* adolfosousa (n=adolfoso@187.37.49.118) Quit (Client Quit)</span><br />
