<span class="irc-date">[2:10]</span> <span class="irc-green">* hsuh (n=user@c9259359.virtua.com.br) has joined #ioke</span><br />
<span class="irc-date">[3:23]</span> <span class="irc-navy">* hsuh (n=user@c9259359.virtua.com.br) Quit ("sleep")</span><br />
<span class="irc-date">[4:33]</span> <span class="irc-green">* Narnach (n=narnach@195-241-27-75.ip.telfort.nl) has joined #ioke</span><br />
<span class="irc-date">[6:15]</span> <span class="irc-navy">* Narnach (n=narnach@195-241-27-75.ip.telfort.nl) Quit ("Leaving...")</span><br />
<span class="irc-date">[7:07]</span> <span class="irc-green">* Narnach (n=narnach@a82-94-4-219.adsl.xs4all.nl) has joined #ioke</span><br />
<span class="irc-date">[7:16]</span> <span class="irc-green">* olabini (n=ola@c-9f4ce155.1110-8-64736c13.cust.bredbandsbolaget.se) has left #ioke</span><br />
<span class="irc-date">[7:58]</span> <span class="irc-green">* naeu (n=sam@dhcp-077-251-116-041.chello.nl) has joined #ioke</span><br />
<span class="irc-date">[8:17]</span> <span class="irc-green">* exlibris (n=exlibris@port-87-193-165-87.static.qsc.de) has joined #ioke</span><br />
<span class="irc-date">[8:46]</span> <span class="irc-green">* martido (n=martin@213.61.180.190) has joined #ioke</span><br />
<span class="irc-date">[10:03]</span> <span class="irc-navy">* Narnach (n=narnach@a82-94-4-219.adsl.xs4all.nl) Quit ("Leaving...")</span><br />
<span class="irc-date">[10:40]</span> <span class="irc-green">* olabini (n=ola@c-9f4ce155.1110-8-64736c13.cust.bredbandsbolaget.se) has joined #ioke</span><br />
<span class="irc-date">[10:40]</span> <span class="irc-green">* ChanServ sets mode +o olabini </span><br />
<span class="irc-date">[11:01]</span> <span class="irc-green">* Narnach (n=narnach@a82-94-4-219.adsl.xs4all.nl) has joined #ioke</span><br />
<span class="irc-date">[11:04]</span> <span class="irc-navy">* naeu (n=sam@dhcp-077-251-116-041.chello.nl) Quit ()</span><br />
<span class="irc-date">[11:13]</span> <span class="irc-green">* hsuh (n=user@c9259359.virtua.com.br) has joined #ioke</span><br />
<span class="irc-date">[11:51]</span> <span class="irc-navy">* hsuh (n=user@c9259359.virtua.com.br) Quit (Remote closed the connection)</span><br />
<span class="irc-date">[11:53]</span> <span class="irc-green">* naeu (n=sam@dhcp-077-251-116-041.chello.nl) has joined #ioke</span><br />
<span class="irc-date">[13:50]</span> <span class="irc-black">&lt;olabini&gt; blah. need to figure out continuous integration for Ioke</span><br />
<span class="irc-date">[13:50]</span> <span class="irc-black">&lt;olabini&gt; I can run some of it on ioke.org - but not the windows parts</span><br />
<span class="irc-date">[13:51]</span> <span class="irc-black">&lt;olabini&gt; I guess the best solution would be to use cruise, set it up on ioke.org and try to find a windows box for the other test</span><br />
<span class="irc-date">[13:55]</span> <span class="irc-navy">* chr1s (i=chris@punt.slashpunt.org) Quit (lindbohm.freenode.net irc.freenode.net)</span><br />
<span class="irc-date">[13:57]</span> <span class="irc-green">* chr1s (i=chris@punt.slashpunt.org) has joined #ioke</span><br />
<span class="irc-date">[14:37]</span> <span class="irc-green">* mozinator (n=mozinato@195-241-109-215.ip.telfort.nl) has joined #ioke</span><br />
<span class="irc-date">[15:21]</span> <span class="irc-navy">* Narnach (n=narnach@a82-94-4-219.adsl.xs4all.nl) Quit ("Leaving...")</span><br />
<span class="irc-date">[16:21]</span> <span class="irc-navy">* martido (n=martin@213.61.180.190) Quit ()</span><br />
<span class="irc-date">[17:46]</span> <span class="irc-navy">* naeu (n=sam@dhcp-077-251-116-041.chello.nl) Quit ()</span><br />
<span class="irc-date">[17:52]</span> <span class="irc-navy">* exlibris (n=exlibris@port-87-193-165-87.static.qsc.de) Quit ("Leaving...")</span><br />
<span class="irc-date">[20:08]</span> <span class="irc-navy">* vborja (n=vborja@201.102.63.111) Quit ("Leaving")</span><br />
