<span class="irc-date">[0:15]</span> <span class="irc-green">* [azoic] (n=azoic@adsl-75-37-30-217.dsl.pltn13.sbcglobal.net) has joined #ioke</span><br />
<span class="irc-date">[0:53]</span> <span class="irc-navy">* cv (n=cv@5acb0c77.bb.sky.com) Quit ()</span><br />
<span class="irc-date">[1:06]</span> <span class="irc-green">* azoic_ (n=azoic@nat/sun/x-5b4b0dd3b525662d) has joined #ioke</span><br />
<span class="irc-date">[1:19]</span> <span class="irc-navy">* [azoic] (n=azoic@adsl-75-37-30-217.dsl.pltn13.sbcglobal.net) Quit (Read error: 110 (Connection timed out))</span><br />
<span class="irc-date">[1:50]</span> <span class="irc-navy">* azoic_ (n=azoic@nat/sun/x-5b4b0dd3b525662d) Quit (Read error: 60 (Operation timed out))</span><br />
<span class="irc-date">[1:53]</span> <span class="irc-green">* [azoic] (n=azoic@adsl-75-37-30-217.dsl.pltn13.sbcglobal.net) has joined #ioke</span><br />
<span class="irc-date">[2:24]</span> <span class="irc-green">* bguthrie (n=bguthrie@c-24-99-5-40.hsd1.ga.comcast.net) has joined #ioke</span><br />
<span class="irc-date">[4:50]</span> <span class="irc-navy">* [azoic] (n=azoic@adsl-75-37-30-217.dsl.pltn13.sbcglobal.net) Quit (Read error: 110 (Connection timed out))</span><br />
<span class="irc-date">[4:54]</span> <span class="irc-green">* [azoic] (n=azoic@adsl-75-37-30-217.dsl.pltn13.sbcglobal.net) has joined #ioke</span><br />
<span class="irc-date">[6:49]</span> <span class="irc-navy">* [azoic] (n=azoic@adsl-75-37-30-217.dsl.pltn13.sbcglobal.net) Quit (Read error: 110 (Connection timed out))</span><br />
<span class="irc-date">[8:04]</span> <span class="irc-green">* adakkak_ (n=adakkak@c-98-212-194-70.hsd1.il.comcast.net) has joined #ioke</span><br />
<span class="irc-date">[8:10]</span> <span class="irc-green">* cv (n=cv@5acb0c77.bb.sky.com) has joined #ioke</span><br />
<span class="irc-date">[8:18]</span> <span class="irc-navy">* cv (n=cv@5acb0c77.bb.sky.com) Quit ()</span><br />
<span class="irc-date">[8:55]</span> <span class="irc-green">* olabini (n=ola@c-224ce155.1110-8-64736c13.cust.bredbandsbolaget.se) has joined #ioke</span><br />
<span class="irc-date">[8:55]</span> <span class="irc-green">* ChanServ sets mode +o olabini </span><br />
<span class="irc-date">[9:05]</span> <span class="irc-navy">* adakkak_ (n=adakkak@c-98-212-194-70.hsd1.il.comcast.net) Quit (Read error: 110 (Connection timed out))</span><br />
<span class="irc-date">[12:17]</span> <span class="irc-green">* martyn4 (n=Martyn@nat/sun/x-8e7b90f210ba07e3) has joined #ioke</span><br />
<span class="irc-date">[14:41]</span> <span class="irc-navy">* bguthrie (n=bguthrie@c-24-99-5-40.hsd1.ga.comcast.net) Quit ()</span><br />
<span class="irc-date">[15:49]</span> <span class="irc-green">* [azoic] (n=azoic@adsl-75-37-30-217.dsl.pltn13.sbcglobal.net) has joined #ioke</span><br />
<span class="irc-date">[16:13]</span> <span class="irc-black">&lt;melwin&gt; olabini: Heh... You guys run Notes?</span><br />
<span class="irc-date">[16:14]</span> <span class="irc-black">&lt;olabini&gt; yep. sadly</span><br />
<span class="irc-date">[16:14]</span> <span class="irc-black">&lt;olabini&gt; kinda sucks.</span><br />
<span class="irc-date">[16:15]</span> <span class="irc-black">&lt;melwin&gt; TW uses Notes...  I'm amazed! And flabbergasted! ;P</span><br />
<span class="irc-date">[16:15]</span> <span class="irc-black">&lt;melwin&gt; You on GNUS otherwise?</span><br />
<span class="irc-date">[16:16]</span> <span class="irc-black">&lt;olabini&gt; =)</span><br />
<span class="irc-date">[16:16]</span> <span class="irc-black">&lt;olabini&gt; it varies</span><br />
<span class="irc-date">[16:16]</span> <span class="irc-black">&lt;olabini&gt; hehe</span><br />
<span class="irc-date">[16:16]</span> <span class="irc-black">&lt;melwin&gt; Gotcha... :]</span><br />
<span class="irc-date">[16:16]</span> <span class="irc-black">&lt;olabini&gt; ask Carlos and Brian what they think about Notes</span><br />
<span class="irc-date">[16:16]</span> <span class="irc-black">&lt;melwin&gt; Will do. :)</span><br />
<span class="irc-date">[16:17]</span> <span class="irc-black">&lt;melwin&gt; It just sounds so unlike what I would expect of TW...</span><br />
<span class="irc-date">[16:17]</span> <span class="irc-black">&lt;olabini&gt; yeah</span><br />
<span class="irc-date">[16:17]</span> <span class="irc-black">&lt;olabini&gt; you know, I heard the stories before joining</span><br />
<span class="irc-date">[16:17]</span> <span class="irc-black">&lt;olabini&gt; but I never understood that Notes would be THAT bad.</span><br />
<span class="irc-date">[16:17]</span> <span class="irc-black">&lt;olabini&gt; it's a case of the cobblers children</span><br />
<span class="irc-date">[16:17]</span> <span class="irc-black">&lt;melwin&gt; Really?</span><br />
<span class="irc-date">[16:18]</span> <span class="irc-black">&lt;melwin&gt; What's the link?</span><br />
<span class="irc-date">[16:18]</span> <span class="irc-black">&lt;olabini&gt; you know the Swedish saying about "skomakarens barn"?</span><br />
<span class="irc-date">[16:19]</span> <span class="irc-black">&lt;olabini&gt; cobblers children is the English version of that saying</span><br />
<span class="irc-date">[16:19]</span> <span class="irc-black">&lt;melwin&gt; Yes... Of course... :) Roy came from Lotus, or what?</span><br />
<span class="irc-date">[16:20]</span> <span class="irc-black">&lt;melwin&gt; I don't understand the link between TW and Lotus or IBM.....</span><br />
<span class="irc-date">[16:21]</span> <span class="irc-black">&lt;melwin&gt; I mean...</span><br />
<span class="irc-date">[16:21]</span> <span class="irc-black">&lt;melwin&gt; There must be some real reason, right?</span><br />
<span class="irc-date">[16:21]</span> <span class="irc-green">* [azoic] (n=azoic@adsl-75-37-30-217.dsl.pltn13.sbcglobal.net) has left #ioke</span><br />
<span class="irc-date">[16:21]</span> <span class="irc-black">&lt;melwin&gt; If it's not technical, there must be something linking the two...?</span><br />
<span class="irc-date">[16:23]</span> <span class="irc-black">&lt;olabini&gt; no, no real link</span><br />
<span class="irc-date">[16:23]</span> <span class="irc-black">&lt;melwin&gt; Or - now I get it - you've faked the email headers just so that you can use the "cobbler's children" analogy and thus imply that you're a great company... ;P</span><br />
<span class="irc-date">[16:23]</span> <span class="irc-black">&lt;olabini&gt; uhm</span><br />
<span class="irc-date">[16:23]</span> <span class="irc-black">&lt;olabini&gt; you misunderstood the "skomakarens barn" analogy, right?</span><br />
<span class="irc-date">[16:24]</span> <span class="irc-black">&lt;melwin&gt; Goes without shoes, no?</span><br />
<span class="irc-date">[16:24]</span> <span class="irc-black">&lt;olabini&gt; "the cobblers children have no shoes"</span><br />
<span class="irc-date">[16:24]</span> <span class="irc-black">&lt;melwin&gt; Right!</span><br />
<span class="irc-date">[16:24]</span> <span class="irc-black">&lt;olabini&gt; my implied meaning is this: TW is a company of awesome developers.</span><br />
<span class="irc-date">[16:24]</span> <span class="irc-black">&lt;olabini&gt; but we don't use those developers to create our internal systems</span><br />
<span class="irc-date">[16:24]</span> <span class="irc-black">&lt;melwin&gt; Exactly what I said!</span><br />
<span class="irc-date">[16:25]</span> <span class="irc-black">&lt;olabini&gt; that's not what I read it as. no matter.</span><br />
<span class="irc-date">[16:25]</span> <span class="irc-black">&lt;melwin&gt; Hehe ok...</span><br />
<span class="irc-date">[16:25]</span> <span class="irc-black">&lt;melwin&gt; Sorry - am not all coherent today.</span><br />
<span class="irc-date">[16:25]</span> <span class="irc-black">&lt;melwin&gt; Was playing with the cell lookup again last night.</span><br />
<span class="irc-date">[16:26]</span> <span class="irc-black">&lt;melwin&gt; Went back to tries, but it's a mess when allowing changes at any level of the mimic tree... Need to propagate that throughout the tree of mimics in the other direction... :/</span><br />
<span class="irc-date">[16:26]</span> <span class="irc-black">&lt;olabini&gt; yeah</span><br />
<span class="irc-date">[16:27]</span> <span class="irc-black">&lt;olabini&gt; well. local tries are fine, except for all those pesky unicode characters</span><br />
<span class="irc-date">[16:27]</span> <span class="irc-navy">* martyn4 (n=Martyn@nat/sun/x-8e7b90f210ba07e3) Quit ("Leaving")</span><br />
<span class="irc-date">[16:27]</span> <span class="irc-black">&lt;melwin&gt; No substantial improvement over the hash tables, though.</span><br />
<span class="irc-date">[16:29]</span> <span class="irc-black">&lt;olabini&gt; k</span><br />
<span class="irc-date">[16:32]</span> <span class="irc-black">&lt;melwin&gt; Completely integrated tries would be nice, but they need to be (partly) rebuilt on every change...</span><br />
<span class="irc-date">[16:38]</span> <span class="irc-black">&lt;olabini&gt; sure. and that sucks</span><br />
<span class="irc-date">[19:04]</span> <span class="irc-green">* cv (n=cv@5acb0c77.bb.sky.com) has joined #ioke</span><br />
<span class="irc-date">[19:04]</span> <span class="irc-black">&lt;melwin&gt; cv...!</span><br />
<span class="irc-date">[19:04]</span> <span class="irc-black">&lt;cv&gt; hey dude</span><br />
<span class="irc-date">[19:04]</span> <span class="irc-black">&lt;cv&gt; sup? :)</span><br />
<span class="irc-date">[19:04]</span> <span class="irc-black">&lt;melwin&gt; ola told me to ask you what you think about Notes... :)</span><br />
<span class="irc-date">[19:04]</span> <span class="irc-black">&lt;melwin&gt; What do you think?</span><br />
<span class="irc-date">[19:05]</span> <span class="irc-black">&lt;melwin&gt; Love it to bits?</span><br />
<span class="irc-date">[19:09]</span> <span class="irc-black">&lt;melwin&gt; Restart KDE...</span><br />
<span class="irc-date">[19:09]</span> <span class="irc-navy">* melwin (n=soup@ua-83-227-215-81.cust.bredbandsbolaget.se) Quit ("Leaving")</span><br />
<span class="irc-date">[19:11]</span> <span class="irc-green">* melwin (n=soup@ua-83-227-215-81.cust.bredbandsbolaget.se) has joined #ioke</span><br />
<span class="irc-date">[19:13]</span> <span class="irc-black">&lt;cv&gt; so yeah</span><br />
<span class="irc-date">[19:13]</span> <span class="irc-black">&lt;cv&gt; notus lotes</span><br />
<span class="irc-date">[19:16]</span> <span class="irc-black">&lt;cv&gt; proof that software can harm people</span><br />
<span class="irc-date">[19:16]</span> <span class="irc-black">&lt;melwin&gt; :)</span><br />
<span class="irc-date">[19:20]</span> <span class="irc-black">&lt;cv&gt; you know, the fact that thoughtworks has managed to stay alive for so long while still using notes is a testament to the fact that things can work out even in the most toxic environments</span><br />
<span class="irc-date">[19:21]</span> <span class="irc-black">&lt;cv&gt; it also ensures that we do more face-to-face comms than email, because nobody can stand working out how to use the bloody thing to communicate :P</span><br />
<span class="irc-date">[19:25]</span> <span class="irc-black">&lt;melwin&gt; Hehe, interesting theory... :)</span><br />
<span class="irc-date">[19:28]</span> <span class="irc-navy">* melwin (n=soup@ua-83-227-215-81.cust.bredbandsbolaget.se) Quit ("restart KDE")</span><br />
<span class="irc-date">[19:29]</span> <span class="irc-black">&lt;olabini&gt; melwin and KDE doesn't seem to get along so well...</span><br />
<span class="irc-date">[19:36]</span> <span class="irc-black">&lt;cv&gt; i imagine this is not the 2nd time this happens then :)</span><br />
<span class="irc-date">[19:36]</span> <span class="irc-black">&lt;cv&gt; olabini: did you get to have a look at that inline java stuff in my fork?</span><br />
<span class="irc-date">[19:36]</span> <span class="irc-black">&lt;cv&gt; should i carry on and convert more things to that format, or does that completely fly in the face of the java integration work?</span><br />
<span class="irc-date">[19:39]</span> <span class="irc-black">&lt;olabini&gt; cv: yeah, didn't look at the implementation. have been seriously busy lately</span><br />
<span class="irc-date">[19:40]</span> <span class="irc-black">&lt;olabini&gt; I'm pretty sure it might be hard to merge the stuff - depending on how you do it. so there might be an idea to just hold off for now</span><br />
<span class="irc-date">[19:40]</span> <span class="irc-black">&lt;olabini&gt; this sucks a bit of course - since I'm the bottleneck and I've been to swamped to get the JI stuff done</span><br />
<span class="irc-date">[19:40]</span> <span class="irc-black">&lt;cv&gt; sounds good</span><br />
<span class="irc-date">[19:40]</span> <span class="irc-black">&lt;olabini&gt; =.</span><br />
<span class="irc-date">[19:40]</span> <span class="irc-black">&lt;olabini&gt; =/</span><br />
<span class="irc-date">[19:42]</span> <span class="irc-green">* melwin (n=soup@ua-83-227-215-81.cust.bredbandsbolaget.se) has joined #ioke</span><br />
<span class="irc-date">[19:45]</span> <span class="irc-black">&lt;cv&gt; with the JI in place it should be possible to make inline java a lot more interesting though... something like this: <a href="http://pastie.org/379750">http://pastie.org/379750</a></span><br />
<span class="irc-date">[19:45]</span> <span class="irc-black">&lt;olabini&gt; true</span><br />
<span class="irc-date">[19:46]</span> <span class="irc-black">&lt;cv&gt; i'm seriously impressed with javassist btw</span><br />
<span class="irc-date">[19:47]</span> <span class="irc-black">&lt;cv&gt; the internal compiler doesn't understand generics, but who needs that anyway :)</span><br />
<span class="irc-date">[19:48]</span> <span class="irc-green">* kar8nga (n=kar8nga@a-151.vc-graz.ac.at) has joined #ioke</span><br />
<span class="irc-date">[20:05]</span> <span class="irc-black">&lt;olabini&gt; hehe</span><br />
<span class="irc-date">[21:49]</span> <span class="irc-green">* felipero (n=felipe@189-55-18-206-nd.cpe.vivax.com.br) has joined #ioke</span><br />
<span class="irc-date">[21:50]</span> <span class="irc-black">&lt;felipero&gt; Hi all</span><br />
<span class="irc-date">[21:51]</span> <span class="irc-black">&lt;cv&gt; hey felipero</span><br />
<span class="irc-date">[21:51]</span> <span class="irc-black">&lt;felipero&gt; I'm looking at the case combiners...</span><br />
<span class="irc-date">[21:53]</span> <span class="irc-black">&lt;felipero&gt; I'd like to confirm if the 'when' is evaluated in runtime...</span><br />
<span class="irc-date">[21:54]</span> <span class="irc-black">&lt;felipero&gt; in others words... does 'evaluateCompleteWithoutExplicitReceiver' method evaluates the received message in runtime?</span><br />
<span class="irc-date">[22:18]</span> <span class="irc-black">&lt;olabini&gt; there isn't any other time than runtime</span><br />
<span class="irc-date">[22:20]</span> <span class="irc-black">&lt;felipero&gt; ok... I was considreing something such "parser time".</span><br />
<span class="irc-date">[22:21]</span> <span class="irc-black">&lt;felipero&gt; but, if this is true, why don't set the "and","or" cells in the "transformWhenStatement" method in the CaseBehavior and remove it after the activation?</span><br />
<span class="irc-date">[22:22]</span> <span class="irc-navy">* kar8nga (n=kar8nga@a-151.vc-graz.ac.at) Quit (Read error: 110 (Connection timed out))</span><br />
<span class="irc-date">[22:40]</span> <span class="irc-black">&lt;cv&gt; how would you improve on this? <a href="http://gist.github.com/58391">http://gist.github.com/58391</a></span><br />
<span class="irc-date">[22:44]</span> <span class="irc-green">* naeu (n=sam@dhcp-077-248-060-144.chello.nl) has joined #ioke</span><br />
<span class="irc-date">[22:49]</span> <span class="irc-black">&lt;cv&gt; apart from maybe removing the 'convert' prefix or sticking some real tests around it :)</span><br />
<span class="irc-date">[22:52]</span> <span class="irc-black">&lt;felipero&gt; I gotta go now... see you when I figure out the case of case. =)</span><br />
<span class="irc-date">[22:52]</span> <span class="irc-navy">* felipero (n=felipe@189-55-18-206-nd.cpe.vivax.com.br) Quit ("Saindo")</span><br />
<span class="irc-date">[23:15]</span> <span class="irc-green">* adakkak_ (n=adakkak@c-98-212-194-70.hsd1.il.comcast.net) has joined #ioke</span><br />
<span class="irc-date">[23:24]</span> <span class="irc-green">* bguthrie (n=bguthrie@glo2.manheim.com) has joined #ioke</span><br />
<span class="irc-date">[23:24]</span> <span class="irc-navy">* bguthrie (n=bguthrie@glo2.manheim.com) Quit (Client Quit)</span><br />
<span class="irc-date">[23:40]</span> <span class="irc-navy">* naeu (n=sam@dhcp-077-248-060-144.chello.nl) Quit ()</span><br />
<span class="irc-date">[23:40]</span> <span class="irc-green">* iSteps (n=iain@88-107-42-5.dynamic.dsl.as9105.com) has joined #ioke</span><br />
<span class="irc-date">[23:42]</span> <span class="irc-green">* naeu (n=sam@dhcp-077-248-060-144.chello.nl) has joined #ioke</span><br />
<span class="irc-date">[23:42]</span> <span class="irc-green">* iSteps (n=iain@88-107-42-5.dynamic.dsl.as9105.com) has left #ioke</span><br />
<span class="irc-date">[23:45]</span> <span class="irc-navy">* naeu (n=sam@dhcp-077-248-060-144.chello.nl) Quit (Client Quit)</span><br />
