<span class="irc-date">[2:06]</span> <span class="irc-green">* hsuh (n=user@c925a569.virtua.com.br) has joined #ioke</span><br />
<span class="irc-date">[4:31]</span> <span class="irc-navy">* hsuh (n=user@c925a569.virtua.com.br) Quit (Read error: 110 (Connection timed out))</span><br />
<span class="irc-date">[6:54]</span> <span class="irc-green">* mkrauskopf (n=mkrausko@195.47.79.66) has joined #ioke</span><br />
<span class="irc-date">[7:22]</span> <span class="irc-green">* embro1001 (n=sintaks@h69-129-134-210.nwblwi.dedicated.static.tds.net) has joined #ioke</span><br />
<span class="irc-date">[7:24]</span> <span class="irc-green">* Narnach (n=narnach@a82-94-4-219.adsl.xs4all.nl) has joined #ioke</span><br />
<span class="irc-date">[7:39]</span> <span class="irc-green">* mkrauskopf_ (n=mkrausko@nat/sun/x-b01b80fd2806d48f) has joined #ioke</span><br />
<span class="irc-date">[7:55]</span> <span class="irc-navy">* mkrauskopf (n=mkrausko@195.47.79.66) Quit (Read error: 110 (Connection timed out))</span><br />
<span class="irc-date">[7:57]</span> <span class="irc-green">* mkrauskopf_ is now known as mkrauskopf</span><br />
<span class="irc-date">[9:04]</span> <span class="irc-green">* naeu (n=sam@dhcp-077-248-060-144.chello.nl) has joined #ioke</span><br />
<span class="irc-date">[10:03]</span> <span class="irc-navy">* mkrauskopf (n=mkrausko@nat/sun/x-b01b80fd2806d48f) Quit ("Leaving")</span><br />
<span class="irc-date">[10:04]</span> <span class="irc-green">* mkrauskopf (n=mkrausko@nat/sun/x-b5a14ad677e3b2b5) has joined #ioke</span><br />
<span class="irc-date">[10:14]</span> <span class="irc-navy">* embro1001 (n=sintaks@h69-129-134-210.nwblwi.dedicated.static.tds.net) Quit ()</span><br />
<span class="irc-date">[10:26]</span> <span class="irc-green">* exlibris (n=exlibris@port-87-193-165-87.static.qsc.de) has joined #ioke</span><br />
<span class="irc-date">[11:22]</span> <span class="irc-green">* exlibris_ (n=exlibris@port-87-193-165-87.static.qsc.de) has joined #ioke</span><br />
<span class="irc-date">[11:34]</span> <span class="irc-navy">* exlibris (n=exlibris@port-87-193-165-87.static.qsc.de) Quit (Read error: 110 (Connection timed out))</span><br />
<span class="irc-date">[15:03]</span> <span class="irc-navy">* naeu (n=sam@dhcp-077-248-060-144.chello.nl) Quit ()</span><br />
<span class="irc-date">[15:13]</span> <span class="irc-green">* naeu (n=sam@dhcp-077-248-060-144.chello.nl) has joined #ioke</span><br />
<span class="irc-date">[15:17]</span> <span class="irc-green">* exlibris_ is now known as exlibris</span><br />
<span class="irc-date">[17:05]</span> <span class="irc-navy">* exlibris (n=exlibris@port-87-193-165-87.static.qsc.de) Quit ("Leaving...")</span><br />
<span class="irc-date">[17:22]</span> <span class="irc-navy">* Narnach (n=narnach@a82-94-4-219.adsl.xs4all.nl) Quit ("Leaving...")</span><br />
<span class="irc-date">[17:24]</span> <span class="irc-navy">* skaar_ (n=skaar@substruction.net) Quit (wolfe.freenode.net irc.freenode.net)</span><br />
<span class="irc-date">[17:32]</span> <span class="irc-green">* mkrauskopf_ (n=mkrausko@nat/sun/x-ab533e6ceb7006bb) has joined #ioke</span><br />
<span class="irc-date">[17:34]</span> <span class="irc-green">* skaar (n=skaar@substruction.net) has joined #ioke</span><br />
<span class="irc-date">[17:46]</span> <span class="irc-navy">* mkrauskopf (n=mkrausko@nat/sun/x-b5a14ad677e3b2b5) Quit (Read error: 110 (Connection timed out))</span><br />
<span class="irc-date">[17:59]</span> <span class="irc-navy">* naeu (n=sam@dhcp-077-248-060-144.chello.nl) Quit ()</span><br />
<span class="irc-date">[18:06]</span> <span class="irc-green">* naeu (n=sam@dhcp-077-248-060-144.chello.nl) has joined #ioke</span><br />
<span class="irc-date">[18:47]</span> <span class="irc-navy">* mkrauskopf_ (n=mkrausko@nat/sun/x-ab533e6ceb7006bb) Quit ("Leaving")</span><br />
<span class="irc-date">[18:47]</span> <span class="irc-green">* mkrauskopf (n=mkrausko@nat/sun/x-2ea69251f14a5ac4) has joined #ioke</span><br />
<span class="irc-date">[18:49]</span> <span class="irc-green">* mkrauskopf_ (n=mkrausko@195.47.79.66) has joined #ioke</span><br />
<span class="irc-date">[19:06]</span> <span class="irc-navy">* mkrauskopf (n=mkrausko@nat/sun/x-2ea69251f14a5ac4) Quit (Read error: 110 (Connection timed out))</span><br />
<span class="irc-date">[19:07]</span> <span class="irc-navy">* RobL_ (n=RobL@roblally.plus.com) Quit ()</span><br />
<span class="irc-date">[20:53]</span> <span class="irc-navy">* mkrauskopf_ (n=mkrausko@195.47.79.66) Quit ("Leaving")</span><br />
<span class="irc-date">[22:31]</span> <span class="irc-navy">* naeu (n=sam@dhcp-077-248-060-144.chello.nl) Quit ()</span><br />
