<span class="irc-date">[0:05]</span> <span class="irc-green">* richcollins (n=richcoll@70-36-196-192.dsl.static.sonic.net) has joined #ioke</span><br />
<span class="irc-date">[0:54]</span> <span class="irc-navy">* richcollins (n=richcoll@70-36-196-192.dsl.static.sonic.net) Quit ()</span><br />
<span class="irc-date">[1:33]</span> <span class="irc-navy">* felipero (n=Felipe@187-25-166-105.3g.claro.net.br) Quit (Remote closed the connection)</span><br />
<span class="irc-date">[1:56]</span> <span class="irc-green">* richcollins (n=richcoll@70-36-196-192.dsl.static.sonic.net) has joined #ioke</span><br />
<span class="irc-date">[2:00]</span> <span class="irc-navy">* richcollins (n=richcoll@70-36-196-192.dsl.static.sonic.net) Quit (holmes.freenode.net irc.freenode.net)</span><br />
<span class="irc-date">[2:00]</span> <span class="irc-navy">* CIA-11 (n=CIA@208.69.182.149) Quit (holmes.freenode.net irc.freenode.net)</span><br />
<span class="irc-date">[2:00]</span> <span class="irc-navy">* skaar (n=skaar@substruction.net) Quit (holmes.freenode.net irc.freenode.net)</span><br />
<span class="irc-date">[2:00]</span> <span class="irc-navy">* jdp (n=justin@75.97.120.11.res-cmts.senj.ptd.net) Quit (holmes.freenode.net irc.freenode.net)</span><br />
<span class="irc-date">[2:00]</span> <span class="irc-navy">* IokeHurricane (n=IokeHurr@8.12.35.212) Quit (holmes.freenode.net irc.freenode.net)</span><br />
<span class="irc-date">[2:00]</span> <span class="irc-navy">* olabini (n=ola@212.107.147.30) Quit (holmes.freenode.net irc.freenode.net)</span><br />
<span class="irc-date">[2:00]</span> <span class="irc-green">* olabini (n=ola@212.107.147.30) has joined #ioke</span><br />
<span class="irc-date">[2:00]</span> <span class="irc-green">* richcollins (n=richcoll@70-36-196-192.dsl.static.sonic.net) has joined #ioke</span><br />
<span class="irc-date">[2:00]</span> <span class="irc-green">* jdp (n=justin@75.97.120.11.res-cmts.senj.ptd.net) has joined #ioke</span><br />
<span class="irc-date">[2:00]</span> <span class="irc-green">* CIA-11 (n=CIA@208.69.182.149) has joined #ioke</span><br />
<span class="irc-date">[2:00]</span> <span class="irc-green">* skaar (n=skaar@substruction.net) has joined #ioke</span><br />
<span class="irc-date">[2:00]</span> <span class="irc-green">* IokeHurricane (n=IokeHurr@8.12.35.212) has joined #ioke</span><br />
<span class="irc-date">[2:33]</span> <span class="irc-navy">* richcollins (n=richcoll@70-36-196-192.dsl.static.sonic.net) Quit ()</span><br />
<span class="irc-date">[3:08]</span> <span class="irc-green">* richcollins (n=richcoll@70-36-196-192.dsl.static.sonic.net) has joined #ioke</span><br />
<span class="irc-date">[3:11]</span> <span class="irc-navy">* richcollins (n=richcoll@70-36-196-192.dsl.static.sonic.net) Quit (Client Quit)</span><br />
<span class="irc-date">[4:26]</span> <span class="irc-green">* richcollins (n=richcoll@70-36-196-192.dsl.static.sonic.net) has joined #ioke</span><br />
<span class="irc-date">[4:29]</span> <span class="irc-navy">* richcollins (n=richcoll@70-36-196-192.dsl.static.sonic.net) Quit (Client Quit)</span><br />
<span class="irc-date">[4:34]</span> <span class="irc-green">* richcollins (n=richcoll@70-36-196-192.dsl.static.sonic.net) has joined #ioke</span><br />
<span class="irc-date">[4:36]</span> <span class="irc-navy">* richcollins (n=richcoll@70-36-196-192.dsl.static.sonic.net) Quit (Client Quit)</span><br />
<span class="irc-date">[6:02]</span> <span class="irc-green">* richcollins (n=richcoll@70-36-196-192.dsl.static.sonic.net) has joined #ioke</span><br />
<span class="irc-date">[6:06]</span> <span class="irc-navy">* richcollins (n=richcoll@70-36-196-192.dsl.static.sonic.net) Quit (Client Quit)</span><br />
<span class="irc-date">[6:24]</span> <span class="irc-green">* richcollins (n=richcoll@70-36-196-192.dsl.static.sonic.net) has joined #ioke</span><br />
<span class="irc-date">[8:01]</span> <span class="irc-navy">* richcollins (n=richcoll@70-36-196-192.dsl.static.sonic.net) Quit ()</span><br />
<span class="irc-date">[11:45]</span> <span class="irc-green">* kar8nga (n=kar8nga@jol13-1-82-66-176-74.fbx.proxad.net) has joined #ioke</span><br />
<span class="irc-date">[15:35]</span> <span class="irc-green">* richcollins (n=richcoll@70-36-196-192.dsl.static.sonic.net) has joined #ioke</span><br />
<span class="irc-date">[15:36]</span> <span class="irc-navy">* richcollins (n=richcoll@70-36-196-192.dsl.static.sonic.net) Quit (Client Quit)</span><br />
<span class="irc-date">[16:01]</span> <span class="irc-navy">* kar8nga (n=kar8nga@jol13-1-82-66-176-74.fbx.proxad.net) Quit (Remote closed the connection)</span><br />
<span class="irc-date">[17:55]</span> <span class="irc-green">* kar8nga (n=kar8nga@jol13-1-82-66-176-74.fbx.proxad.net) has joined #ioke</span><br />
<span class="irc-date">[20:32]</span> <span class="irc-green">* richcollins (n=richcoll@70-36-196-192.dsl.static.sonic.net) has joined #ioke</span><br />
<span class="irc-date">[20:35]</span> <span class="irc-navy">* richcollins (n=richcoll@70-36-196-192.dsl.static.sonic.net) Quit (Client Quit)</span><br />
