<span class="irc-date">[0:29]</span> <span class="irc-navy">* skaar (~skaar@substruction.net) Quit (*.net *.split)</span><br />
<span class="irc-date">[0:29]</span> <span class="irc-navy">* Raynes (~Raynes@unaffiliated/raynes) Quit (*.net *.split)</span><br />
<span class="irc-date">[0:32]</span> <span class="irc-green">* skaar (~skaar@substruction.net) has joined #ioke</span><br />
<span class="irc-date">[0:32]</span> <span class="irc-green">* Raynes (~Raynes@unaffiliated/raynes) has joined #ioke</span><br />
<span class="irc-date">[1:23]</span> <span class="irc-green">* jdp (~justin@75.97.120.11.res-cmts.senj.ptd.net) has joined #ioke</span><br />
<span class="irc-date">[2:04]</span> <span class="irc-navy">* Raynes (~Raynes@unaffiliated/raynes) Quit (*.net *.split)</span><br />
<span class="irc-date">[2:06]</span> <span class="irc-green">* Raynes (~Raynes@unaffiliated/raynes) has joined #ioke</span><br />
<span class="irc-date">[4:11]</span> <span class="irc-green">* scott_ is now known as spry</span><br />
<span class="irc-date">[4:14]</span> <span class="irc-green">* spry is now known as scott_</span><br />
<span class="irc-date">[5:11]</span> <span class="irc-navy">* jdp (~justin@75.97.120.11.res-cmts.senj.ptd.net) Quit (Remote host closed the connection)</span><br />
<span class="irc-date">[5:24]</span> <span class="irc-green">* jdp (~gu@75.97.120.11.res-cmts.senj.ptd.net) has joined #ioke</span><br />
<span class="irc-date">[5:45]</span> <span class="irc-navy">* lenbust_ (~lnx@c-3d54e555.023-3-67626717.cust.bredbandsbolaget.se) Quit (*.net *.split)</span><br />
<span class="irc-date">[5:52]</span> <span class="irc-green">* lenbust_ (~lnx@c-3d54e555.023-3-67626717.cust.bredbandsbolaget.se) has joined #ioke</span><br />
<span class="irc-date">[6:41]</span> <span class="irc-navy">* Raynes (~Raynes@unaffiliated/raynes) Quit (Ping timeout: 240 seconds)</span><br />
<span class="irc-date">[7:51]</span> <span class="irc-green">* pdelgallego (~pdelgalle@1503031482.dhcp.dbnet.dk) has joined #ioke</span><br />
<span class="irc-date">[9:40]</span> <span class="irc-navy">* pdelgallego (~pdelgalle@1503031482.dhcp.dbnet.dk) Quit (Read error: No route to host)</span><br />
<span class="irc-date">[9:56]</span> <span class="irc-navy">* jdp (~gu@75.97.120.11.res-cmts.senj.ptd.net) Quit ()</span><br />
<span class="irc-date">[15:03]</span> <span class="irc-green">* pdelgallego (~pdelgalle@1503031482.dhcp.dbnet.dk) has joined #ioke</span><br />
<span class="irc-date">[16:38]</span> <span class="irc-green">* Raynes (~Raynes@unaffiliated/raynes) has joined #ioke</span><br />
<span class="irc-date">[19:49]</span> <span class="irc-navy">* pdelgallego (~pdelgalle@1503031482.dhcp.dbnet.dk) Quit (Ping timeout: 258 seconds)</span><br />
<span class="irc-date">[21:42]</span> <span class="irc-green">* pdelgallego (~pdelgalle@1503031482.dhcp.dbnet.dk) has joined #ioke</span><br />
<span class="irc-date">[22:58]</span> <span class="irc-navy">* pdelgallego (~pdelgalle@1503031482.dhcp.dbnet.dk) Quit (Ping timeout: 252 seconds)</span><br />
