<span class="irc-date">[0:46]</span> <span class="irc-green">* Raynes (~Raynes@unaffiliated/raynes) has joined #ioke</span><br />
<span class="irc-date">[4:46]</span> <span class="irc-navy">* CIA-8 (cia@208.69.182.149) Quit (Read error: Operation timed out)</span><br />
<span class="irc-date">[4:50]</span> <span class="irc-green">* CIA-6 (cia@208.69.182.149) has joined #ioke</span><br />
<span class="irc-date">[8:50]</span> <span class="irc-navy">* Raynes (~Raynes@unaffiliated/raynes) Quit (Ping timeout: 276 seconds)</span><br />
<span class="irc-date">[10:16]</span> <span class="irc-green">* pdelgallego (~pdelgalle@1503031482.dhcp.dbnet.dk) has joined #ioke</span><br />
<span class="irc-date">[11:27]</span> <span class="irc-green">* Raynes (~Raynes@unaffiliated/raynes) has joined #ioke</span><br />
<span class="irc-date">[17:06]</span> <span class="irc-green">* felipero (~felipero@201-93-230-83.dsl.telesp.net.br) has joined #ioke</span><br />
<span class="irc-date">[18:41]</span> <span class="irc-navy">* pdelgallego (~pdelgalle@1503031482.dhcp.dbnet.dk) Quit (Ping timeout: 240 seconds)</span><br />
<span class="irc-date">[19:06]</span> <span class="irc-green">* pdelgallego (~pdelgalle@1503031482.dhcp.dbnet.dk) has joined #ioke</span><br />
<span class="irc-date">[19:30]</span> <span class="irc-navy">* Raynes (~Raynes@unaffiliated/raynes) Quit (Ping timeout: 246 seconds)</span><br />
<span class="irc-date">[19:36]</span> <span class="irc-navy">* felipero (~felipero@201-93-230-83.dsl.telesp.net.br) Quit (Ping timeout: 256 seconds)</span><br />
<span class="irc-date">[19:50]</span> <span class="irc-green">* felipero (~felipero@201-95-127-248.dsl.telesp.net.br) has joined #ioke</span><br />
<span class="irc-date">[20:25]</span> <span class="irc-green">* Raynes (~Raynes@unaffiliated/raynes) has joined #ioke</span><br />
<span class="irc-date">[21:17]</span> <span class="irc-navy">* pdelgallego (~pdelgalle@1503031482.dhcp.dbnet.dk) Quit (Ping timeout: 276 seconds)</span><br />
<span class="irc-date">[21:51]</span> <span class="irc-navy">* felipero (~felipero@201-95-127-248.dsl.telesp.net.br) Quit (Ping timeout: 256 seconds)</span><br />
<span class="irc-date">[23:08]</span> <span class="irc-green">* scott_- (~scott@174.137.57.117) has joined #ioke</span><br />
<span class="irc-date">[23:13]</span> <span class="irc-navy">* IokeHurricane (~IokeHurri@8.12.35.212) Quit (*.net *.split)</span><br />
<span class="irc-date">[23:13]</span> <span class="irc-navy">* scott_ (~scott@botters/staff/tsion) Quit (*.net *.split)</span><br />
<span class="irc-date">[23:14]</span> <span class="irc-green">* IokeHurricane (~IokeHurri@8.12.35.212) has joined #ioke</span><br />
<span class="irc-date">[23:15]</span> <span class="irc-black">&lt;IokeHurricane&gt; op me please!</span><br />
<span class="irc-date">[23:16]</span> <span class="irc-black">&lt;IokeHurricane&gt; op me please!</span><br />
<span class="irc-date">[23:17]</span> <span class="irc-black">&lt;IokeHurricane&gt; op me please!</span><br />
<span class="irc-date">[23:18]</span> <span class="irc-black">&lt;IokeHurricane&gt; op me please!</span><br />
<span class="irc-date">[23:19]</span> <span class="irc-black">&lt;IokeHurricane&gt; op me please!</span><br />
<span class="irc-date">[23:20]</span> <span class="irc-black">&lt;IokeHurricane&gt; op me please!</span><br />
<span class="irc-date">[23:21]</span> <span class="irc-black">&lt;IokeHurricane&gt; op me please!</span><br />
<span class="irc-date">[23:22]</span> <span class="irc-black">&lt;IokeHurricane&gt; op me please!</span><br />
<span class="irc-date">[23:23]</span> <span class="irc-black">&lt;IokeHurricane&gt; op me please!</span><br />
<span class="irc-date">[23:24]</span> <span class="irc-black">&lt;IokeHurricane&gt; op me please!</span><br />
<span class="irc-date">[23:25]</span> <span class="irc-black">&lt;IokeHurricane&gt; op me please!</span><br />
<span class="irc-date">[23:26]</span> <span class="irc-black">&lt;IokeHurricane&gt; op me please!</span><br />
<span class="irc-date">[23:27]</span> <span class="irc-black">&lt;IokeHurricane&gt; op me please!</span><br />
<span class="irc-date">[23:28]</span> <span class="irc-black">&lt;IokeHurricane&gt; op me please!</span><br />
<span class="irc-date">[23:29]</span> <span class="irc-black">&lt;IokeHurricane&gt; op me please!</span><br />
<span class="irc-date">[23:30]</span> <span class="irc-black">&lt;IokeHurricane&gt; op me please!</span><br />
<span class="irc-date">[23:31]</span> <span class="irc-black">&lt;IokeHurricane&gt; op me please!</span><br />
<span class="irc-date">[23:32]</span> <span class="irc-black">&lt;IokeHurricane&gt; op me please!</span><br />
<span class="irc-date">[23:33]</span> <span class="irc-black">&lt;IokeHurricane&gt; op me please!</span><br />
<span class="irc-date">[23:34]</span> <span class="irc-black">&lt;IokeHurricane&gt; op me please!</span><br />
<span class="irc-date">[23:35]</span> <span class="irc-black">&lt;IokeHurricane&gt; op me please!</span><br />
<span class="irc-date">[23:36]</span> <span class="irc-black">&lt;IokeHurricane&gt; op me please!</span><br />
<span class="irc-date">[23:37]</span> <span class="irc-black">&lt;IokeHurricane&gt; op me please!</span><br />
<span class="irc-date">[23:38]</span> <span class="irc-black">&lt;IokeHurricane&gt; op me please!</span><br />
<span class="irc-date">[23:39]</span> <span class="irc-black">&lt;IokeHurricane&gt; op me please!</span><br />
<span class="irc-date">[23:40]</span> <span class="irc-black">&lt;IokeHurricane&gt; op me please!</span><br />
<span class="irc-date">[23:41]</span> <span class="irc-black">&lt;IokeHurricane&gt; op me please!</span><br />
<span class="irc-date">[23:42]</span> <span class="irc-black">&lt;IokeHurricane&gt; op me please!</span><br />
<span class="irc-date">[23:43]</span> <span class="irc-black">&lt;IokeHurricane&gt; op me please!</span><br />
<span class="irc-date">[23:44]</span> <span class="irc-black">&lt;IokeHurricane&gt; op me please!</span><br />
<span class="irc-date">[23:45]</span> <span class="irc-black">&lt;IokeHurricane&gt; op me please!</span><br />
<span class="irc-date">[23:46]</span> <span class="irc-black">&lt;IokeHurricane&gt; op me please!</span><br />
<span class="irc-date">[23:47]</span> <span class="irc-black">&lt;IokeHurricane&gt; op me please!</span><br />
<span class="irc-date">[23:48]</span> <span class="irc-black">&lt;IokeHurricane&gt; op me please!</span><br />
<span class="irc-date">[23:49]</span> <span class="irc-black">&lt;IokeHurricane&gt; op me please!</span><br />
<span class="irc-date">[23:50]</span> <span class="irc-black">&lt;IokeHurricane&gt; op me please!</span><br />
<span class="irc-date">[23:51]</span> <span class="irc-black">&lt;IokeHurricane&gt; op me please!</span><br />
<span class="irc-date">[23:52]</span> <span class="irc-black">&lt;IokeHurricane&gt; op me please!</span><br />
<span class="irc-date">[23:53]</span> <span class="irc-black">&lt;IokeHurricane&gt; op me please!</span><br />
<span class="irc-date">[23:54]</span> <span class="irc-black">&lt;IokeHurricane&gt; op me please!</span><br />
<span class="irc-date">[23:55]</span> <span class="irc-black">&lt;IokeHurricane&gt; op me please!</span><br />
<span class="irc-date">[23:56]</span> <span class="irc-black">&lt;IokeHurricane&gt; op me please!</span><br />
<span class="irc-date">[23:57]</span> <span class="irc-black">&lt;IokeHurricane&gt; op me please!</span><br />
<span class="irc-date">[23:58]</span> <span class="irc-black">&lt;IokeHurricane&gt; op me please!</span><br />
<span class="irc-date">[23:59]</span> <span class="irc-black">&lt;IokeHurricane&gt; op me please!</span><br />
