<span class="irc-date">[6:12]</span> <span class="irc-green">* naeu (~sam@dhcp-077-250-237-109.chello.nl) has joined #ioke</span><br />
<span class="irc-date">[6:41]</span> <span class="irc-navy">* naeu (~sam@dhcp-077-250-237-109.chello.nl) Quit (Quit: naeu)</span><br />
<span class="irc-date">[7:03]</span> <span class="irc-green">* naeu (~sam@dhcp-077-250-237-109.chello.nl) has joined #ioke</span><br />
<span class="irc-date">[7:15]</span> <span class="irc-navy">* naeu (~sam@dhcp-077-250-237-109.chello.nl) Quit (Quit: naeu)</span><br />
<span class="irc-date">[7:19]</span> <span class="irc-green">* Raynes (~Raynes@unaffiliated/raynes) has joined #ioke</span><br />
<span class="irc-date">[8:07]</span> <span class="irc-green">* naeu (~sam@dhcp-077-250-237-109.chello.nl) has joined #ioke</span><br />
<span class="irc-date">[8:31]</span> <span class="irc-green">* pdelgallego (~pdelgalle@1503031482.dhcp.dbnet.dk) has joined #ioke</span><br />
<span class="irc-date">[9:17]</span> <span class="irc-navy">* naeu (~sam@dhcp-077-250-237-109.chello.nl) Quit (Quit: naeu)</span><br />
<span class="irc-date">[9:24]</span> <span class="irc-green">* naeu (~sam@dhcp-077-250-237-109.chello.nl) has joined #ioke</span><br />
<span class="irc-date">[9:25]</span> <span class="irc-navy">* naeu (~sam@dhcp-077-250-237-109.chello.nl) Quit (Client Quit)</span><br />
<span class="irc-date">[9:53]</span> <span class="irc-green">* naeu (~sam@dhcp-077-250-237-109.chello.nl) has joined #ioke</span><br />
<span class="irc-date">[10:58]</span> <span class="irc-navy">* naeu (~sam@dhcp-077-250-237-109.chello.nl) Quit (Quit: naeu)</span><br />
<span class="irc-date">[11:05]</span> <span class="irc-green">* naeu (~sam@dhcp-077-250-237-109.chello.nl) has joined #ioke</span><br />
<span class="irc-date">[15:23]</span> <span class="irc-navy">* Raynes (~Raynes@unaffiliated/raynes) Quit (Ping timeout: 248 seconds)</span><br />
<span class="irc-date">[15:25]</span> <span class="irc-green">* Raynes (~Raynes@unaffiliated/raynes) has joined #ioke</span><br />
<span class="irc-date">[17:50]</span> <span class="irc-navy">* Raynes (~Raynes@unaffiliated/raynes) Quit (Quit: Leaving)</span><br />
<span class="irc-date">[18:23]</span> <span class="irc-navy">* pdelgallego (~pdelgalle@1503031482.dhcp.dbnet.dk) Quit (Ping timeout: 260 seconds)</span><br />
<span class="irc-date">[18:26]</span> <span class="irc-green">* pdelgallego (~pdelgalle@1503031482.dhcp.dbnet.dk) has joined #ioke</span><br />
<span class="irc-date">[18:37]</span> <span class="irc-navy">* pdelgallego (~pdelgalle@1503031482.dhcp.dbnet.dk) Quit (Ping timeout: 252 seconds)</span><br />
<span class="irc-date">[19:25]</span> <span class="irc-green">* pdelgallego (~pdelgalle@1503031482.dhcp.dbnet.dk) has joined #ioke</span><br />
<span class="irc-date">[19:37]</span> <span class="irc-green">* Raynes (~Raynes@unaffiliated/raynes) has joined #ioke</span><br />
<span class="irc-date">[21:58]</span> <span class="irc-navy">* pdelgallego (~pdelgalle@1503031482.dhcp.dbnet.dk) Quit (Quit: Leaving)</span><br />
<span class="irc-date">[22:03]</span> <span class="irc-navy">* naeu (~sam@dhcp-077-250-237-109.chello.nl) Quit (Quit: naeu)</span><br />
