<span class="irc-date">[0:10]</span> <span class="irc-navy">* jdp (~justin@75.97.120.11.res-cmts.senj.ptd.net) Quit (Remote host closed the connection)</span><br />
<span class="irc-date">[6:09]</span> <span class="irc-green">* scott_ is now known as scott__</span><br />
<span class="irc-date">[6:09]</span> <span class="irc-green">* scott__ is now known as scott_</span><br />
<span class="irc-date">[6:56]</span> <span class="irc-navy">* Raynes (~Raynes@unaffiliated/raynes) Quit (Ping timeout: 264 seconds)</span><br />
<span class="irc-date">[8:37]</span> <span class="irc-green">* pdelgallego (~pdelgalle@1503031482.dhcp.dbnet.dk) has joined #ioke</span><br />
<span class="irc-date">[14:25]</span> <span class="irc-green">* felipero (~felipero@189-55-17-168-nd.cpe.vivax.com.br) has joined #ioke</span><br />
<span class="irc-date">[15:15]</span> <span class="irc-green">* Raynes (~Raynes@unaffiliated/raynes) has joined #ioke</span><br />
<span class="irc-date">[16:59]</span> <span class="irc-navy">* Raynes (~Raynes@unaffiliated/raynes) Quit (Quit: Leaving)</span><br />
<span class="irc-date">[17:33]</span> <span class="irc-green">* Raynes (~Raynes@unaffiliated/raynes) has joined #ioke</span><br />
<span class="irc-date">[18:05]</span> <span class="irc-navy">* Raynes (~Raynes@unaffiliated/raynes) Quit (Ping timeout: 260 seconds)</span><br />
<span class="irc-date">[18:26]</span> <span class="irc-green">* Raynes (~Raynes@unaffiliated/raynes) has joined #ioke</span><br />
<span class="irc-date">[20:00]</span> <span class="irc-green">* naeu (~sam@cpc2-grth6-0-0-cust393.sgyl.cable.virginmedia.com) has joined #ioke</span><br />
<span class="irc-date">[20:02]</span> <span class="irc-navy">* pdelgallego (~pdelgalle@1503031482.dhcp.dbnet.dk) Quit (Ping timeout: 252 seconds)</span><br />
<span class="irc-date">[20:17]</span> <span class="irc-green">* pdelgallego (~pdelgalle@1503031482.dhcp.dbnet.dk) has joined #ioke</span><br />
<span class="irc-date">[20:52]</span> <span class="irc-navy">* naeu (~sam@cpc2-grth6-0-0-cust393.sgyl.cable.virginmedia.com) Quit (Quit: naeu)</span><br />
<span class="irc-date">[21:03]</span> <span class="irc-green">* naeu (~sam@cpc2-grth6-0-0-cust393.sgyl.cable.virginmedia.com) has joined #ioke</span><br />
<span class="irc-date">[21:33]</span> <span class="irc-green">* jdp (~justin@75.97.120.11.res-cmts.senj.ptd.net) has joined #ioke</span><br />
<span class="irc-date">[21:33]</span> <span class="irc-black">&lt;jdp&gt; is there anything like forward or method_missing in ioke</span><br />
<span class="irc-date">[21:33]</span> <span class="irc-black">&lt;jdp&gt; or do i need to emulate it through the condition system</span><br />
<span class="irc-date">[21:56]</span> <span class="irc-navy">* pdelgallego (~pdelgalle@1503031482.dhcp.dbnet.dk) Quit (Ping timeout: 258 seconds)</span><br />
<span class="irc-date">[22:19]</span> <span class="irc-black">&lt;naeu&gt; jdp: hey there</span><br />
<span class="irc-date">[22:23]</span> <span class="irc-black">&lt;naeu&gt; the cellname you're looking for is pass</span><br />
<span class="irc-date">[22:24]</span> <span class="irc-black">&lt;naeu&gt; have a gander at the Execution Model section of <a href="http://ioke.org/wiki/index.php/Guide">http://ioke.org/wiki/index.php/Guide</a></span><br />
<span class="irc-date">[22:36]</span> <span class="irc-navy">* naeu (~sam@cpc2-grth6-0-0-cust393.sgyl.cable.virginmedia.com) Quit (Quit: naeu)</span><br />
