<span class="irc-date">[0:15]</span> <span class="irc-navy">* felipero (~felipero@189-55-17-168-nd.cpe.vivax.com.br) Quit (Quit: Leaving)</span><br />
<span class="irc-date">[2:07]</span> <span class="irc-navy">* Raynes (~Raynes@unaffiliated/raynes) Quit (Ping timeout: 258 seconds)</span><br />
<span class="irc-date">[2:14]</span> <span class="irc-green">* Raynes (~Raynes@unaffiliated/raynes) has joined #ioke</span><br />
<span class="irc-date">[3:07]</span> <span class="irc-navy">* jdp (~justin@75.97.120.11.res-cmts.senj.ptd.net) Quit (Remote host closed the connection)</span><br />
<span class="irc-date">[3:11]</span> <span class="irc-green">* jdp (~gu@75.97.120.11.res-cmts.senj.ptd.net) has joined #ioke</span><br />
<span class="irc-date">[8:19]</span> <span class="irc-green">* naeu (~sam@cpc2-grth6-0-0-cust393.sgyl.cable.virginmedia.com) has joined #ioke</span><br />
<span class="irc-date">[8:37]</span> <span class="irc-green">* pdelgallego (~pdelgalle@1503031482.dhcp.dbnet.dk) has joined #ioke</span><br />
<span class="irc-date">[8:43]</span> <span class="irc-navy">* jdp (~gu@75.97.120.11.res-cmts.senj.ptd.net) Quit ()</span><br />
<span class="irc-date">[10:10]</span> <span class="irc-navy">* Raynes (~Raynes@unaffiliated/raynes) Quit (Ping timeout: 258 seconds)</span><br />
<span class="irc-date">[10:15]</span> <span class="irc-navy">* naeu (~sam@cpc2-grth6-0-0-cust393.sgyl.cable.virginmedia.com) Quit (Quit: naeu)</span><br />
<span class="irc-date">[10:27]</span> <span class="irc-green">* naeu (~sam@cpc2-grth6-0-0-cust393.sgyl.cable.virginmedia.com) has joined #ioke</span><br />
<span class="irc-date">[11:10]</span> <span class="irc-navy">* naeu (~sam@cpc2-grth6-0-0-cust393.sgyl.cable.virginmedia.com) Quit (Quit: naeu)</span><br />
<span class="irc-date">[11:20]</span> <span class="irc-green">* naeu (~sam@cpc2-grth6-0-0-cust393.sgyl.cable.virginmedia.com) has joined #ioke</span><br />
<span class="irc-date">[11:22]</span> <span class="irc-navy">* naeu (~sam@cpc2-grth6-0-0-cust393.sgyl.cable.virginmedia.com) Quit (Client Quit)</span><br />
<span class="irc-date">[12:55]</span> <span class="irc-green">* naeu (~sam@cpc2-grth6-0-0-cust393.sgyl.cable.virginmedia.com) has joined #ioke</span><br />
<span class="irc-date">[13:21]</span> <span class="irc-navy">* naeu (~sam@cpc2-grth6-0-0-cust393.sgyl.cable.virginmedia.com) Quit (Quit: naeu)</span><br />
<span class="irc-date">[13:31]</span> <span class="irc-green">* naeu (~sam@cpc2-grth6-0-0-cust393.sgyl.cable.virginmedia.com) has joined #ioke</span><br />
<span class="irc-date">[14:34]</span> <span class="irc-green">* Raynes (~Raynes@unaffiliated/raynes) has joined #ioke</span><br />
<span class="irc-date">[15:16]</span> <span class="irc-navy">* naeu (~sam@cpc2-grth6-0-0-cust393.sgyl.cable.virginmedia.com) Quit (Quit: naeu)</span><br />
<span class="irc-date">[16:12]</span> <span class="irc-green">* naeu (~sam@cpc2-grth6-0-0-cust393.sgyl.cable.virginmedia.com) has joined #ioke</span><br />
<span class="irc-date">[20:07]</span> <span class="irc-navy">* naeu (~sam@cpc2-grth6-0-0-cust393.sgyl.cable.virginmedia.com) Quit (Quit: naeu)</span><br />
<span class="irc-date">[20:33]</span> <span class="irc-green">* sevenmacaw (~work@174-127-47-2.static-ip.telepacific.net) has joined #ioke</span><br />
<span class="irc-date">[20:41]</span> <span class="irc-green">* naeu (~sam@cpc2-grth6-0-0-cust393.sgyl.cable.virginmedia.com) has joined #ioke</span><br />
<span class="irc-date">[21:01]</span> <span class="irc-green">* jdp (~justin@75.97.120.11.res-cmts.senj.ptd.net) has joined #ioke</span><br />
<span class="irc-date">[21:56]</span> <span class="irc-navy">* jdp (~justin@75.97.120.11.res-cmts.senj.ptd.net) Quit (Remote host closed the connection)</span><br />
<span class="irc-date">[22:12]</span> <span class="irc-navy">* pdelgallego (~pdelgalle@1503031482.dhcp.dbnet.dk) Quit (Ping timeout: 252 seconds)</span><br />
<span class="irc-date">[22:32]</span> <span class="irc-green">* pdelgallego (~pdelgalle@1503031482.dhcp.dbnet.dk) has joined #ioke</span><br />
<span class="irc-date">[22:38]</span> <span class="irc-green">* Raynes- (~Raynes@dialup-4.252.14.212.Dial1.Atlanta1.Level3.net) has joined #ioke</span><br />
<span class="irc-date">[22:38]</span> <span class="irc-navy">* Raynes (~Raynes@unaffiliated/raynes) Quit (Ping timeout: 252 seconds)</span><br />
<span class="irc-date">[22:38]</span> <span class="irc-green">* Raynes- is now known as Raynes</span><br />
<span class="irc-date">[22:39]</span> <span class="irc-navy">* Raynes (~Raynes@dialup-4.252.14.212.Dial1.Atlanta1.Level3.net) Quit (Changing host)</span><br />
<span class="irc-date">[22:39]</span> <span class="irc-green">* Raynes (~Raynes@unaffiliated/raynes) has joined #ioke</span><br />
<span class="irc-date">[22:49]</span> <span class="irc-green">* sevenmacaw (~work@174-127-47-2.static-ip.telepacific.net) has left #ioke</span><br />
<span class="irc-date">[22:57]</span> <span class="irc-navy">* pdelgallego (~pdelgalle@1503031482.dhcp.dbnet.dk) Quit (Ping timeout: 246 seconds)</span><br />
<span class="irc-date">[23:35]</span> <span class="irc-navy">* naeu (~sam@cpc2-grth6-0-0-cust393.sgyl.cable.virginmedia.com) Quit (Quit: naeu)</span><br />
