<span class="irc-date">[0:52]</span> <span class="irc-navy">* kar8nga (n=kar8nga@jol13-1-82-66-176-74.fbx.proxad.net) Quit (Remote closed the connection)</span><br />
<span class="irc-date">[1:06]</span> <span class="irc-navy">* felipero (n=Felipe@189-55-75-117-nd.cpe.vivax.com.br) Quit ("Saindo")</span><br />
<span class="irc-date">[3:43]</span> <span class="irc-navy">* skaar (n=skaar@substruction.net) Quit (Read error: 113 (No route to host))</span><br />
<span class="irc-date">[7:55]</span> <span class="irc-green">* richcollins (n=richcoll@70-36-196-192.dsl.static.sonic.net) has joined #ioke</span><br />
<span class="irc-date">[9:07]</span> <span class="irc-navy">* richcollins (n=richcoll@70-36-196-192.dsl.static.sonic.net) Quit ()</span><br />
<span class="irc-date">[9:09]</span> <span class="irc-brown">-christel- [Global Notice] Hi all, We are now in the final stages of preparing the change over from hyperion to ircd-seven, we would encourage users and projects to read <a href="http://announce.freenode.net">http://announce.freenode.net</a> and familiarise yourselves with upcoming migration plans, we also suggest making sure that your bots and scripts work with the new ircd. Thank you and have a good day!</span><br />
<span class="irc-date">[9:15]</span> <span class="irc-green">* richcollins (n=richcoll@70-36-196-192.dsl.static.sonic.net) has joined #ioke</span><br />
<span class="irc-date">[9:16]</span> <span class="irc-navy">* richcollins (n=richcoll@70-36-196-192.dsl.static.sonic.net) Quit (Client Quit)</span><br />
<span class="irc-date">[9:18]</span> <span class="irc-green">* kar8nga (n=kar8nga@jol13-1-82-66-176-74.fbx.proxad.net) has joined #ioke</span><br />
<span class="irc-date">[13:27]</span> <span class="irc-green">* felipero (n=Felipe@189-55-75-117-nd.cpe.vivax.com.br) has joined #ioke</span><br />
<span class="irc-date">[13:38]</span> <span class="irc-navy">* kar8nga (n=kar8nga@jol13-1-82-66-176-74.fbx.proxad.net) Quit (Remote closed the connection)</span><br />
<span class="irc-date">[14:34]</span> <span class="irc-green">* kar8nga (n=kar8nga@jol13-1-82-66-176-74.fbx.proxad.net) has joined #ioke</span><br />
<span class="irc-date">[17:07]</span> <span class="irc-navy">* kar8nga (n=kar8nga@jol13-1-82-66-176-74.fbx.proxad.net) Quit (Remote closed the connection)</span><br />
<span class="irc-date">[18:13]</span> <span class="irc-green">* kar8nga (n=kar8nga@jol13-1-82-66-176-74.fbx.proxad.net) has joined #ioke</span><br />
<span class="irc-date">[18:58]</span> <span class="irc-green">* skaar (n=skaar@substruction.net) has joined #ioke</span><br />
<span class="irc-date">[19:40]</span> <span class="irc-navy">* kar8nga (n=kar8nga@jol13-1-82-66-176-74.fbx.proxad.net) Quit (Remote closed the connection)</span><br />
<span class="irc-date">[21:09]</span> <span class="irc-brown">-christel- [Global Notice] Hi all, we are currently experiencing a "new sort of spam" -- where the spammer claims to be tunelling via HTTP POST and encourages you to visit a url. Visiting the URL opens another connecting via YOUR ip which spams further, we encourage you to NOT click the link to avoid being banned from channels or the network. Thank you.</span><br />
<span class="irc-date">[21:42]</span> <span class="irc-green">* kar8nga (n=kar8nga@jol13-1-82-66-176-74.fbx.proxad.net) has joined #ioke</span><br />
<span class="irc-date">[22:27]</span> <span class="irc-navy">* kar8nga (n=kar8nga@jol13-1-82-66-176-74.fbx.proxad.net) Quit (Remote closed the connection)</span><br />
<span class="irc-date">[23:43]</span> <span class="irc-navy">* felipero (n=Felipe@189-55-75-117-nd.cpe.vivax.com.br) Quit (Read error: 60 (Operation timed out))</span><br />
