<span class="irc-date">[0:59]</span> <span class="irc-navy">* pietia (n=pietia@ccg184.neoplus.adsl.tpnet.pl) Quit (Read error: 110 (Connection timed out))</span><br />
<span class="irc-date">[2:11]</span> <span class="irc-navy">* richcollins (n=richcoll@c-71-198-61-203.hsd1.ca.comcast.net) Quit ()</span><br />
<span class="irc-date">[2:23]</span> <span class="irc-navy">* felipero (n=Felipe@189-55-75-117-nd.cpe.vivax.com.br) Quit (Read error: 110 (Connection timed out))</span><br />
<span class="irc-date">[4:27]</span> <span class="irc-green">* richcollins (n=richcoll@70-36-196-192.dsl.static.sonic.net) has joined #ioke</span><br />
<span class="irc-date">[4:50]</span> <span class="irc-navy">* richcollins (n=richcoll@70-36-196-192.dsl.static.sonic.net) Quit ()</span><br />
<span class="irc-date">[6:30]</span> <span class="irc-green">* pietia (n=pietia@bkl34.neoplus.adsl.tpnet.pl) has joined #ioke</span><br />
<span class="irc-date">[6:56]</span> <span class="irc-green">* richcollins (n=richcoll@70-36-196-192.dsl.static.sonic.net) has joined #ioke</span><br />
<span class="irc-date">[8:02]</span> <span class="irc-navy">* pietia (n=pietia@bkl34.neoplus.adsl.tpnet.pl) Quit (Read error: 60 (Operation timed out))</span><br />
<span class="irc-date">[8:18]</span> <span class="irc-navy">* skaar (n=skaar@substruction.net) Quit (holmes.freenode.net irc.freenode.net)</span><br />
<span class="irc-date">[8:18]</span> <span class="irc-navy">* CIA-11 (n=CIA@208.69.182.149) Quit (holmes.freenode.net irc.freenode.net)</span><br />
<span class="irc-date">[8:20]</span> <span class="irc-green">* CIA-11 (n=CIA@208.69.182.149) has joined #ioke</span><br />
<span class="irc-date">[8:20]</span> <span class="irc-green">* skaar (n=skaar@substruction.net) has joined #ioke</span><br />
<span class="irc-date">[8:45]</span> <span class="irc-navy">* richcollins (n=richcoll@70-36-196-192.dsl.static.sonic.net) Quit ()</span><br />
<span class="irc-date">[12:52]</span> <span class="irc-green">* felipero (n=Felipe@189-55-75-117-nd.cpe.vivax.com.br) has joined #ioke</span><br />
<span class="irc-date">[13:53]</span> <span class="irc-green">* jdp (n=justin@75.97.120.11.res-cmts.senj.ptd.net) has joined #ioke</span><br />
<span class="irc-date">[16:49]</span> <span class="irc-navy">* jdp (n=justin@75.97.120.11.res-cmts.senj.ptd.net) Quit (Remote closed the connection)</span><br />
<span class="irc-date">[17:52]</span> <span class="irc-green">* kar8nga (n=kar8nga@jol13-1-82-66-176-74.fbx.proxad.net) has joined #ioke</span><br />
<span class="irc-date">[19:00]</span> <span class="irc-navy">* kar8nga (n=kar8nga@jol13-1-82-66-176-74.fbx.proxad.net) Quit (Remote closed the connection)</span><br />
<span class="irc-date">[22:22]</span> <span class="irc-green">* jdp (n=justin@75.97.120.11.res-cmts.senj.ptd.net) has joined #ioke</span><br />
<span class="irc-date">[22:30]</span> <span class="irc-green">* kar8nga (n=kar8nga@jol13-1-82-66-176-74.fbx.proxad.net) has joined #ioke</span><br />
<span class="irc-date">[23:08]</span> <span class="irc-navy">* jdp (n=justin@75.97.120.11.res-cmts.senj.ptd.net) Quit (holmes.freenode.net irc.freenode.net)</span><br />
<span class="irc-date">[23:09]</span> <span class="irc-green">* jdp (n=justin@75.97.120.11.res-cmts.senj.ptd.net) has joined #ioke</span><br />
