<span class="irc-date">[0:21]</span> <span class="irc-navy">* felipero (~felipero@189-55-17-168-nd.cpe.vivax.com.br) Quit (Quit: Leaving)</span><br />
<span class="irc-date">[3:35]</span> <span class="irc-green">* jdp (~justin@75.97.120.11.res-cmts.senj.ptd.net) has joined #ioke</span><br />
<span class="irc-date">[5:32]</span> <span class="irc-navy">* jdp (~justin@75.97.120.11.res-cmts.senj.ptd.net) Quit (Remote host closed the connection)</span><br />
<span class="irc-date">[6:51]</span> <span class="irc-green">* Raynes (~Raynes@unaffiliated/raynes) has joined #ioke</span><br />
<span class="irc-date">[7:19]</span> <span class="irc-green">* pdelgallego (~pdelgalle@1503031482.dhcp.dbnet.dk) has joined #ioke</span><br />
<span class="irc-date">[8:36]</span> <span class="irc-green">* naeu (~sam@dhcp-077-250-237-109.chello.nl) has joined #ioke</span><br />
<span class="irc-date">[11:09]</span> <span class="irc-navy">* naeu (~sam@dhcp-077-250-237-109.chello.nl) Quit (Quit: naeu)</span><br />
<span class="irc-date">[12:47]</span> <span class="irc-green">* naeu (~sam@a151182.upc-a.chello.nl) has joined #ioke</span><br />
<span class="irc-date">[13:11]</span> <span class="irc-brown">-tomaw- [Global Notice] Hi all.  We just had a minor incident with an automated bot killing web gateway users as they connected.  We've since disciplined it and things are back to normal.  Sorry for the inconvenience and noise.</span><br />
<span class="irc-date">[13:18]</span> <span class="irc-green">* chr1s (chris@punt.slashpunt.org) has left #ioke</span><br />
<span class="irc-date">[13:51]</span> <span class="irc-navy">* Raynes (~Raynes@unaffiliated/raynes) Quit (Quit: Leaving)</span><br />
<span class="irc-date">[13:53]</span> <span class="irc-green">* Raynes (~Raynes@unaffiliated/raynes) has joined #ioke</span><br />
<span class="irc-date">[14:05]</span> <span class="irc-navy">* naeu (~sam@a151182.upc-a.chello.nl) Quit (Quit: naeu)</span><br />
<span class="irc-date">[17:09]</span> <span class="irc-navy">* pdelgallego (~pdelgalle@1503031482.dhcp.dbnet.dk) Quit (Ping timeout: 260 seconds)</span><br />
<span class="irc-date">[18:07]</span> <span class="irc-green">* pdelgallego (~pdelgalle@1503031482.dhcp.dbnet.dk) has joined #ioke</span><br />
<span class="irc-date">[20:11]</span> <span class="irc-navy">* IokeHurricane (~IokeHurri@8.12.35.212) Quit (*.net *.split)</span><br />
<span class="irc-date">[20:11]</span> <span class="irc-navy">* scott_ (~scott@botters/staff/tsion) Quit (*.net *.split)</span><br />
<span class="irc-date">[20:11]</span> <span class="irc-navy">* skaar (~skaar@substruction.net) Quit (*.net *.split)</span><br />
<span class="irc-date">[20:14]</span> <span class="irc-green">* IokeHurricane (~IokeHurri@8.12.35.212) has joined #ioke</span><br />
<span class="irc-date">[20:14]</span> <span class="irc-green">* scott_ (~scott@botters/staff/tsion) has joined #ioke</span><br />
<span class="irc-date">[20:15]</span> <span class="irc-green">* skaar (~skaar@substruction.net) has joined #ioke</span><br />
<span class="irc-date">[21:05]</span> <span class="irc-navy">* pdelgallego (~pdelgalle@1503031482.dhcp.dbnet.dk) Quit (Ping timeout: 258 seconds)</span><br />
<span class="irc-date">[21:32]</span> <span class="irc-green">* pdelgallego (~pdelgalle@1503031482.dhcp.dbnet.dk) has joined #ioke</span><br />
<span class="irc-date">[21:52]</span> <span class="irc-navy">* pdelgallego (~pdelgalle@1503031482.dhcp.dbnet.dk) Quit (Ping timeout: 260 seconds)</span><br />
<span class="irc-date">[21:56]</span> <span class="irc-navy">* Raynes (~Raynes@unaffiliated/raynes) Quit (Ping timeout: 256 seconds)</span><br />
