<span class="irc-date">[0:09]</span> <span class="irc-navy">* Raynes (~Raynes@unaffiliated/raynes) Quit (Ping timeout: 258 seconds)</span><br />
<span class="irc-date">[2:33]</span> <span class="irc-green">* Raynes (~Raynes@unaffiliated/raynes) has joined #ioke</span><br />
<span class="irc-date">[6:24]</span> <span class="irc-green">* naeu (~sam@dhcp-077-250-237-109.chello.nl) has joined #ioke</span><br />
<span class="irc-date">[7:10]</span> <span class="irc-navy">* naeu (~sam@dhcp-077-250-237-109.chello.nl) Quit (Quit: naeu)</span><br />
<span class="irc-date">[7:40]</span> <span class="irc-green">* naeu (~sam@dhcp-077-251-116-127.chello.nl) has joined #ioke</span><br />
<span class="irc-date">[9:47]</span> <span class="irc-green">* pdelgallego (~pdelgalle@1503031482.dhcp.dbnet.dk) has joined #ioke</span><br />
<span class="irc-date">[10:02]</span> <span class="irc-navy">* naeu (~sam@dhcp-077-251-116-127.chello.nl) Quit (Ping timeout: 276 seconds)</span><br />
<span class="irc-date">[10:36]</span> <span class="irc-navy">* Raynes (~Raynes@unaffiliated/raynes) Quit (Ping timeout: 240 seconds)</span><br />
<span class="irc-date">[12:45]</span> <span class="irc-navy">* pdelgallego (~pdelgalle@1503031482.dhcp.dbnet.dk) Quit (Ping timeout: 252 seconds)</span><br />
<span class="irc-date">[13:14]</span> <span class="irc-green">* jdp (~justin@75.97.120.11.res-cmts.senj.ptd.net) has joined #ioke</span><br />
<span class="irc-date">[14:06]</span> <span class="irc-green">* naeu (~sam@dhcp-077-251-116-127.chello.nl) has joined #ioke</span><br />
<span class="irc-date">[14:14]</span> <span class="irc-navy">* naeu (~sam@dhcp-077-251-116-127.chello.nl) Quit (Ping timeout: 246 seconds)</span><br />
<span class="irc-date">[14:30]</span> <span class="irc-green">* naeu (~sam@mail.innovationfactory.nl) has joined #ioke</span><br />
<span class="irc-date">[14:40]</span> <span class="irc-navy">* naeu (~sam@mail.innovationfactory.nl) Quit (Ping timeout: 260 seconds)</span><br />
<span class="irc-date">[15:17]</span> <span class="irc-green">* naeu (~sam@dhcp-077-251-116-127.chello.nl) has joined #ioke</span><br />
<span class="irc-date">[15:21]</span> <span class="irc-navy">* naeu (~sam@dhcp-077-251-116-127.chello.nl) Quit (Ping timeout: 246 seconds)</span><br />
<span class="irc-date">[15:59]</span> <span class="irc-green">* naeu (~sam@dhcp-077-251-116-127.chello.nl) has joined #ioke</span><br />
<span class="irc-date">[16:11]</span> <span class="irc-navy">* naeu (~sam@dhcp-077-251-116-127.chello.nl) Quit (Ping timeout: 258 seconds)</span><br />
<span class="irc-date">[16:48]</span> <span class="irc-green">* naeu (~sam@dhcp-077-251-116-127.chello.nl) has joined #ioke</span><br />
<span class="irc-date">[17:15]</span> <span class="irc-navy">* naeu (~sam@dhcp-077-251-116-127.chello.nl) Quit (Quit: naeu)</span><br />
<span class="irc-date">[18:38]</span> <span class="irc-green">* Raynes (~Raynes@unaffiliated/raynes) has joined #ioke</span><br />
<span class="irc-date">[19:19]</span> <span class="irc-green">* Raynes is now known as sexpbot</span><br />
<span class="irc-date">[19:20]</span> <span class="irc-green">* sexpbot is now known as Raynes</span><br />
<span class="irc-date">[20:06]</span> <span class="irc-navy">* Raynes (~Raynes@unaffiliated/raynes) Quit (Quit: Leaving)</span><br />
<span class="irc-date">[20:07]</span> <span class="irc-green">* Raynes (~Raynes@unaffiliated/raynes) has joined #ioke</span><br />
<span class="irc-date">[21:15]</span> <span class="irc-navy">* jdp (~justin@75.97.120.11.res-cmts.senj.ptd.net) Quit (Ping timeout: 258 seconds)</span><br />
<span class="irc-date">[21:24]</span> <span class="irc-green">* jdp (~justin@75.97.120.11.res-cmts.senj.ptd.net) has joined #ioke</span><br />
<span class="irc-date">[21:59]</span> <span class="irc-green">* naeu (~sam@dhcp-077-250-237-109.chello.nl) has joined #ioke</span><br />
<span class="irc-date">[22:09]</span> <span class="irc-navy">* naeu (~sam@dhcp-077-250-237-109.chello.nl) Quit (Quit: naeu)</span><br />
