<span class="irc-date">[2:42]</span> <span class="irc-navy">* Raynes (~Raynes@unaffiliated/raynes) Quit (Ping timeout: 258 seconds)</span><br />
<span class="irc-date">[2:59]</span> <span class="irc-green">* Raynes (~Raynes@unaffiliated/raynes) has joined #ioke</span><br />
<span class="irc-date">[3:44]</span> <span class="irc-navy">* jdp (~justin@75.97.120.11.res-cmts.senj.ptd.net) Quit (Remote host closed the connection)</span><br />
<span class="irc-date">[6:34]</span> <span class="irc-green">* jdp (~justin@75.97.120.11.res-cmts.senj.ptd.net) has joined #ioke</span><br />
<span class="irc-date">[6:44]</span> <span class="irc-navy">* jdp (~justin@75.97.120.11.res-cmts.senj.ptd.net) Quit (Remote host closed the connection)</span><br />
<span class="irc-date">[6:47]</span> <span class="irc-green">* naeu (~sam@dhcp-077-250-237-109.chello.nl) has joined #ioke</span><br />
<span class="irc-date">[7:19]</span> <span class="irc-navy">* naeu (~sam@dhcp-077-250-237-109.chello.nl) Quit (Quit: naeu)</span><br />
<span class="irc-date">[7:55]</span> <span class="irc-green">* naeu (~sam@dhcp-077-251-116-127.chello.nl) has joined #ioke</span><br />
<span class="irc-date">[8:42]</span> <span class="irc-navy">* naeu (~sam@dhcp-077-251-116-127.chello.nl) Quit (Ping timeout: 264 seconds)</span><br />
<span class="irc-date">[8:58]</span> <span class="irc-green">* korre (~d5423636@gateway/web/freenode/x-hgrsgesxozpcfkna) has joined #ioke</span><br />
<span class="irc-date">[9:14]</span> <span class="irc-green">* pdelgallego (~pdelgalle@1503031482.dhcp.dbnet.dk) has joined #ioke</span><br />
<span class="irc-date">[9:18]</span> <span class="irc-navy">* korre (~d5423636@gateway/web/freenode/x-hgrsgesxozpcfkna) Quit (Quit: Page closed)</span><br />
<span class="irc-date">[9:51]</span> <span class="irc-green">* naeu (~sam@dhcp-077-251-116-127.chello.nl) has joined #ioke</span><br />
<span class="irc-date">[10:54]</span> <span class="irc-navy">* Raynes (~Raynes@unaffiliated/raynes) Quit (Ping timeout: 276 seconds)</span><br />
<span class="irc-date">[11:03]</span> <span class="irc-green">* Raynes (~Raynes@unaffiliated/raynes) has joined #ioke</span><br />
<span class="irc-date">[12:47]</span> <span class="irc-navy">* naeu (~sam@dhcp-077-251-116-127.chello.nl) Quit (Ping timeout: 248 seconds)</span><br />
<span class="irc-date">[13:19]</span> <span class="irc-navy">* pdelgallego (~pdelgalle@1503031482.dhcp.dbnet.dk) Quit (Ping timeout: 276 seconds)</span><br />
<span class="irc-date">[15:22]</span> <span class="irc-green">* pdelgallego (~pdelgalle@1503031482.dhcp.dbnet.dk) has joined #ioke</span><br />
<span class="irc-date">[15:56]</span> <span class="irc-navy">* pdelgallego (~pdelgalle@1503031482.dhcp.dbnet.dk) Quit (Ping timeout: 276 seconds)</span><br />
<span class="irc-date">[16:07]</span> <span class="irc-green">* naeu (~sam@dhcp-077-251-116-127.chello.nl) has joined #ioke</span><br />
<span class="irc-date">[16:50]</span> <span class="irc-navy">* naeu (~sam@dhcp-077-251-116-127.chello.nl) Quit (Quit: naeu)</span><br />
<span class="irc-date">[18:23]</span> <span class="irc-green">* naeu (~sam@dhcp-077-250-237-109.chello.nl) has joined #ioke</span><br />
<span class="irc-date">[18:26]</span> <span class="irc-navy">* naeu (~sam@dhcp-077-250-237-109.chello.nl) Quit (Client Quit)</span><br />
<span class="irc-date">[18:59]</span> <span class="irc-navy">* Raynes (~Raynes@unaffiliated/raynes) Quit (Ping timeout: 245 seconds)</span><br />
<span class="irc-date">[19:06]</span> <span class="irc-green">* Raynes (~Raynes@unaffiliated/raynes) has joined #ioke</span><br />
