<span class="irc-date">[1:11]</span> <span class="irc-navy">* Raynes (~Raynes@unaffiliated/raynes) Quit (Ping timeout: 260 seconds)</span><br />
<span class="irc-date">[2:31]</span> <span class="irc-green">* Raynes (~Raynes@unaffiliated/raynes) has joined #ioke</span><br />
<span class="irc-date">[10:11]</span> <span class="irc-green">* pdelgallego (~pdelgalle@1503031482.dhcp.dbnet.dk) has joined #ioke</span><br />
<span class="irc-date">[10:35]</span> <span class="irc-navy">* Raynes (~Raynes@unaffiliated/raynes) Quit (Ping timeout: 276 seconds)</span><br />
<span class="irc-date">[18:16]</span> <span class="irc-navy">* pdelgallego (~pdelgalle@1503031482.dhcp.dbnet.dk) Quit (Ping timeout: 258 seconds)</span><br />
<span class="irc-date">[19:13]</span> <span class="irc-green">* pdelgallego (~pdelgalle@1503031482.dhcp.dbnet.dk) has joined #ioke</span><br />
<span class="irc-date">[19:34]</span> <span class="irc-green">* gja (~gja@fedora/tejas) has joined #ioke</span><br />
<span class="irc-date">[19:38]</span> <span class="irc-green">* Raynes (~Raynes@unaffiliated/raynes) has joined #ioke</span><br />
<span class="irc-date">[20:37]</span> <span class="irc-green">* tejas (~gja@59.92.139.222) has joined #ioke</span><br />
<span class="irc-date">[20:37]</span> <span class="irc-navy">* tejas (~gja@59.92.139.222) Quit (Changing host)</span><br />
<span class="irc-date">[20:37]</span> <span class="irc-green">* tejas (~gja@fedora/tejas) has joined #ioke</span><br />
<span class="irc-date">[20:40]</span> <span class="irc-navy">* gja (~gja@fedora/tejas) Quit (Ping timeout: 268 seconds)</span><br />
<span class="irc-date">[20:59]</span> <span class="irc-navy">* IokeHurricane (~IokeHurri@8.12.35.212) Quit (Ping timeout: 248 seconds)</span><br />
<span class="irc-date">[21:00]</span> <span class="irc-green">* IokeHurricane (~IokeHurri@8.12.35.212) has joined #ioke</span><br />
<span class="irc-date">[21:01]</span> <span class="irc-black">&lt;IokeHurricane&gt; op me please!</span><br />
<span class="irc-date">[21:02]</span> <span class="irc-black">&lt;IokeHurricane&gt; op me please!</span><br />
<span class="irc-date">[21:03]</span> <span class="irc-black">&lt;IokeHurricane&gt; op me please!</span><br />
<span class="irc-date">[21:04]</span> <span class="irc-black">&lt;IokeHurricane&gt; op me please!</span><br />
<span class="irc-date">[21:05]</span> <span class="irc-black">&lt;IokeHurricane&gt; op me please!</span><br />
<span class="irc-date">[21:06]</span> <span class="irc-black">&lt;IokeHurricane&gt; op me please!</span><br />
<span class="irc-date">[21:07]</span> <span class="irc-black">&lt;IokeHurricane&gt; op me please!</span><br />
<span class="irc-date">[21:08]</span> <span class="irc-black">&lt;IokeHurricane&gt; op me please!</span><br />
<span class="irc-date">[21:09]</span> <span class="irc-black">&lt;IokeHurricane&gt; op me please!</span><br />
<span class="irc-date">[21:10]</span> <span class="irc-black">&lt;IokeHurricane&gt; op me please!</span><br />
<span class="irc-date">[21:11]</span> <span class="irc-black">&lt;IokeHurricane&gt; op me please!</span><br />
<span class="irc-date">[21:12]</span> <span class="irc-black">&lt;IokeHurricane&gt; op me please!</span><br />
<span class="irc-date">[21:13]</span> <span class="irc-black">&lt;IokeHurricane&gt; op me please!</span><br />
<span class="irc-date">[21:14]</span> <span class="irc-black">&lt;IokeHurricane&gt; op me please!</span><br />
<span class="irc-date">[21:14]</span> <span class="irc-navy">* CIA-6 (cia@208.69.182.149) Quit (Ping timeout: 248 seconds)</span><br />
<span class="irc-date">[21:14]</span> <span class="irc-black">&lt;IokeHurricane&gt; op me please!</span><br />
<span class="irc-date">[21:14]</span> <span class="irc-green">* CIA-6 (cia@208.69.182.149) has joined #ioke</span><br />
<span class="irc-date">[21:15]</span> <span class="irc-black">&lt;IokeHurricane&gt; op me please!</span><br />
<span class="irc-date">[21:16]</span> <span class="irc-black">&lt;IokeHurricane&gt; op me please!</span><br />
<span class="irc-date">[21:17]</span> <span class="irc-black">&lt;IokeHurricane&gt; op me please!</span><br />
<span class="irc-date">[21:18]</span> <span class="irc-black">&lt;IokeHurricane&gt; op me please!</span><br />
<span class="irc-date">[21:19]</span> <span class="irc-black">&lt;IokeHurricane&gt; op me please!</span><br />
<span class="irc-date">[21:20]</span> <span class="irc-black">&lt;IokeHurricane&gt; op me please!</span><br />
<span class="irc-date">[21:21]</span> <span class="irc-black">&lt;IokeHurricane&gt; op me please!</span><br />
<span class="irc-date">[21:22]</span> <span class="irc-black">&lt;IokeHurricane&gt; op me please!</span><br />
<span class="irc-date">[21:23]</span> <span class="irc-black">&lt;IokeHurricane&gt; op me please!</span><br />
<span class="irc-date">[21:23]</span> <span class="irc-navy">* pdelgallego (~pdelgalle@1503031482.dhcp.dbnet.dk) Quit (Ping timeout: 258 seconds)</span><br />
<span class="irc-date">[21:23]</span> <span class="irc-black">&lt;IokeHurricane&gt; op me please!</span><br />
<span class="irc-date">[21:24]</span> <span class="irc-black">&lt;IokeHurricane&gt; op me please!</span><br />
<span class="irc-date">[21:25]</span> <span class="irc-black">&lt;IokeHurricane&gt; op me please!</span><br />
<span class="irc-date">[21:26]</span> <span class="irc-black">&lt;IokeHurricane&gt; op me please!</span><br />
<span class="irc-date">[21:27]</span> <span class="irc-black">&lt;IokeHurricane&gt; op me please!</span><br />
<span class="irc-date">[21:28]</span> <span class="irc-black">&lt;IokeHurricane&gt; op me please!</span><br />
<span class="irc-date">[21:29]</span> <span class="irc-black">&lt;IokeHurricane&gt; op me please!</span><br />
<span class="irc-date">[21:30]</span> <span class="irc-black">&lt;IokeHurricane&gt; op me please!</span><br />
<span class="irc-date">[21:31]</span> <span class="irc-black">&lt;IokeHurricane&gt; op me please!</span><br />
<span class="irc-date">[21:32]</span> <span class="irc-black">&lt;IokeHurricane&gt; op me please!</span><br />
<span class="irc-date">[21:33]</span> <span class="irc-black">&lt;IokeHurricane&gt; op me please!</span><br />
<span class="irc-date">[21:34]</span> <span class="irc-black">&lt;IokeHurricane&gt; op me please!</span><br />
<span class="irc-date">[21:35]</span> <span class="irc-black">&lt;IokeHurricane&gt; op me please!</span><br />
<span class="irc-date">[21:36]</span> <span class="irc-black">&lt;IokeHurricane&gt; op me please!</span><br />
<span class="irc-date">[21:37]</span> <span class="irc-black">&lt;IokeHurricane&gt; op me please!</span><br />
<span class="irc-date">[21:38]</span> <span class="irc-black">&lt;IokeHurricane&gt; op me please!</span><br />
<span class="irc-date">[21:39]</span> <span class="irc-black">&lt;IokeHurricane&gt; op me please!</span><br />
<span class="irc-date">[21:40]</span> <span class="irc-black">&lt;IokeHurricane&gt; op me please!</span><br />
<span class="irc-date">[21:41]</span> <span class="irc-black">&lt;IokeHurricane&gt; op me please!</span><br />
<span class="irc-date">[21:42]</span> <span class="irc-black">&lt;IokeHurricane&gt; op me please!</span><br />
<span class="irc-date">[21:43]</span> <span class="irc-black">&lt;IokeHurricane&gt; op me please!</span><br />
<span class="irc-date">[21:44]</span> <span class="irc-black">&lt;IokeHurricane&gt; op me please!</span><br />
<span class="irc-date">[21:45]</span> <span class="irc-black">&lt;IokeHurricane&gt; op me please!</span><br />
<span class="irc-date">[21:46]</span> <span class="irc-black">&lt;IokeHurricane&gt; op me please!</span><br />
<span class="irc-date">[21:47]</span> <span class="irc-black">&lt;IokeHurricane&gt; op me please!</span><br />
<span class="irc-date">[21:48]</span> <span class="irc-black">&lt;IokeHurricane&gt; op me please!</span><br />
<span class="irc-date">[21:49]</span> <span class="irc-black">&lt;IokeHurricane&gt; op me please!</span><br />
<span class="irc-date">[21:50]</span> <span class="irc-black">&lt;IokeHurricane&gt; op me please!</span><br />
<span class="irc-date">[21:51]</span> <span class="irc-black">&lt;IokeHurricane&gt; op me please!</span><br />
<span class="irc-date">[21:52]</span> <span class="irc-black">&lt;IokeHurricane&gt; op me please!</span><br />
<span class="irc-date">[21:53]</span> <span class="irc-black">&lt;IokeHurricane&gt; op me please!</span><br />
<span class="irc-date">[21:54]</span> <span class="irc-black">&lt;IokeHurricane&gt; op me please!</span><br />
<span class="irc-date">[21:55]</span> <span class="irc-black">&lt;IokeHurricane&gt; op me please!</span><br />
<span class="irc-date">[21:56]</span> <span class="irc-black">&lt;IokeHurricane&gt; op me please!</span><br />
<span class="irc-date">[21:57]</span> <span class="irc-black">&lt;IokeHurricane&gt; op me please!</span><br />
<span class="irc-date">[21:58]</span> <span class="irc-black">&lt;IokeHurricane&gt; op me please!</span><br />
<span class="irc-date">[21:59]</span> <span class="irc-black">&lt;IokeHurricane&gt; op me please!</span><br />
<span class="irc-date">[22:00]</span> <span class="irc-black">&lt;IokeHurricane&gt; op me please!</span><br />
<span class="irc-date">[22:01]</span> <span class="irc-black">&lt;IokeHurricane&gt; op me please!</span><br />
<span class="irc-date">[22:02]</span> <span class="irc-black">&lt;IokeHurricane&gt; op me please!</span><br />
<span class="irc-date">[22:03]</span> <span class="irc-black">&lt;IokeHurricane&gt; op me please!</span><br />
<span class="irc-date">[22:04]</span> <span class="irc-black">&lt;IokeHurricane&gt; op me please!</span><br />
<span class="irc-date">[22:05]</span> <span class="irc-black">&lt;IokeHurricane&gt; op me please!</span><br />
<span class="irc-date">[22:06]</span> <span class="irc-black">&lt;IokeHurricane&gt; op me please!</span><br />
<span class="irc-date">[22:07]</span> <span class="irc-black">&lt;IokeHurricane&gt; op me please!</span><br />
<span class="irc-date">[22:08]</span> <span class="irc-black">&lt;IokeHurricane&gt; op me please!</span><br />
<span class="irc-date">[22:09]</span> <span class="irc-black">&lt;IokeHurricane&gt; op me please!</span><br />
<span class="irc-date">[22:10]</span> <span class="irc-black">&lt;IokeHurricane&gt; op me please!</span><br />
<span class="irc-date">[22:11]</span> <span class="irc-black">&lt;IokeHurricane&gt; op me please!</span><br />
<span class="irc-date">[22:12]</span> <span class="irc-black">&lt;IokeHurricane&gt; op me please!</span><br />
<span class="irc-date">[22:13]</span> <span class="irc-black">&lt;IokeHurricane&gt; op me please!</span><br />
<span class="irc-date">[22:14]</span> <span class="irc-black">&lt;IokeHurricane&gt; op me please!</span><br />
<span class="irc-date">[22:15]</span> <span class="irc-black">&lt;IokeHurricane&gt; op me please!</span><br />
<span class="irc-date">[22:16]</span> <span class="irc-black">&lt;IokeHurricane&gt; op me please!</span><br />
<span class="irc-date">[22:17]</span> <span class="irc-black">&lt;IokeHurricane&gt; op me please!</span><br />
<span class="irc-date">[22:18]</span> <span class="irc-black">&lt;IokeHurricane&gt; op me please!</span><br />
<span class="irc-date">[22:19]</span> <span class="irc-black">&lt;IokeHurricane&gt; op me please!</span><br />
<span class="irc-date">[22:20]</span> <span class="irc-black">&lt;IokeHurricane&gt; op me please!</span><br />
<span class="irc-date">[22:21]</span> <span class="irc-black">&lt;IokeHurricane&gt; op me please!</span><br />
<span class="irc-date">[22:22]</span> <span class="irc-black">&lt;IokeHurricane&gt; op me please!</span><br />
<span class="irc-date">[22:23]</span> <span class="irc-black">&lt;IokeHurricane&gt; op me please!</span><br />
<span class="irc-date">[22:24]</span> <span class="irc-black">&lt;IokeHurricane&gt; op me please!</span><br />
<span class="irc-date">[22:25]</span> <span class="irc-black">&lt;IokeHurricane&gt; op me please!</span><br />
<span class="irc-date">[22:26]</span> <span class="irc-black">&lt;IokeHurricane&gt; op me please!</span><br />
<span class="irc-date">[22:27]</span> <span class="irc-black">&lt;IokeHurricane&gt; op me please!</span><br />
<span class="irc-date">[22:28]</span> <span class="irc-black">&lt;IokeHurricane&gt; op me please!</span><br />
<span class="irc-date">[22:29]</span> <span class="irc-black">&lt;IokeHurricane&gt; op me please!</span><br />
<span class="irc-date">[22:30]</span> <span class="irc-black">&lt;IokeHurricane&gt; op me please!</span><br />
<span class="irc-date">[22:31]</span> <span class="irc-black">&lt;IokeHurricane&gt; op me please!</span><br />
<span class="irc-date">[22:32]</span> <span class="irc-black">&lt;IokeHurricane&gt; op me please!</span><br />
<span class="irc-date">[22:33]</span> <span class="irc-black">&lt;IokeHurricane&gt; op me please!</span><br />
<span class="irc-date">[22:34]</span> <span class="irc-black">&lt;IokeHurricane&gt; op me please!</span><br />
<span class="irc-date">[22:35]</span> <span class="irc-black">&lt;IokeHurricane&gt; op me please!</span><br />
<span class="irc-date">[22:36]</span> <span class="irc-black">&lt;IokeHurricane&gt; op me please!</span><br />
<span class="irc-date">[22:37]</span> <span class="irc-black">&lt;IokeHurricane&gt; op me please!</span><br />
<span class="irc-date">[22:38]</span> <span class="irc-black">&lt;IokeHurricane&gt; op me please!</span><br />
<span class="irc-date">[22:39]</span> <span class="irc-black">&lt;IokeHurricane&gt; op me please!</span><br />
<span class="irc-date">[22:40]</span> <span class="irc-black">&lt;IokeHurricane&gt; op me please!</span><br />
<span class="irc-date">[22:41]</span> <span class="irc-black">&lt;IokeHurricane&gt; op me please!</span><br />
<span class="irc-date">[22:42]</span> <span class="irc-black">&lt;IokeHurricane&gt; op me please!</span><br />
<span class="irc-date">[22:43]</span> <span class="irc-black">&lt;IokeHurricane&gt; op me please!</span><br />
<span class="irc-date">[22:44]</span> <span class="irc-black">&lt;IokeHurricane&gt; op me please!</span><br />
<span class="irc-date">[22:45]</span> <span class="irc-black">&lt;IokeHurricane&gt; op me please!</span><br />
<span class="irc-date">[22:46]</span> <span class="irc-black">&lt;IokeHurricane&gt; op me please!</span><br />
<span class="irc-date">[22:47]</span> <span class="irc-black">&lt;IokeHurricane&gt; op me please!</span><br />
<span class="irc-date">[22:48]</span> <span class="irc-black">&lt;IokeHurricane&gt; op me please!</span><br />
<span class="irc-date">[22:49]</span> <span class="irc-black">&lt;IokeHurricane&gt; op me please!</span><br />
<span class="irc-date">[22:50]</span> <span class="irc-black">&lt;IokeHurricane&gt; op me please!</span><br />
<span class="irc-date">[22:51]</span> <span class="irc-black">&lt;IokeHurricane&gt; op me please!</span><br />
<span class="irc-date">[22:52]</span> <span class="irc-black">&lt;IokeHurricane&gt; op me please!</span><br />
<span class="irc-date">[22:53]</span> <span class="irc-black">&lt;IokeHurricane&gt; op me please!</span><br />
<span class="irc-date">[22:54]</span> <span class="irc-black">&lt;IokeHurricane&gt; op me please!</span><br />
<span class="irc-date">[22:55]</span> <span class="irc-black">&lt;IokeHurricane&gt; op me please!</span><br />
<span class="irc-date">[22:56]</span> <span class="irc-black">&lt;IokeHurricane&gt; op me please!</span><br />
<span class="irc-date">[22:57]</span> <span class="irc-black">&lt;IokeHurricane&gt; op me please!</span><br />
<span class="irc-date">[22:58]</span> <span class="irc-black">&lt;IokeHurricane&gt; op me please!</span><br />
<span class="irc-date">[22:59]</span> <span class="irc-black">&lt;IokeHurricane&gt; op me please!</span><br />
<span class="irc-date">[23:00]</span> <span class="irc-black">&lt;IokeHurricane&gt; op me please!</span><br />
<span class="irc-date">[23:01]</span> <span class="irc-black">&lt;IokeHurricane&gt; op me please!</span><br />
<span class="irc-date">[23:02]</span> <span class="irc-black">&lt;IokeHurricane&gt; op me please!</span><br />
<span class="irc-date">[23:03]</span> <span class="irc-black">&lt;IokeHurricane&gt; op me please!</span><br />
<span class="irc-date">[23:04]</span> <span class="irc-black">&lt;IokeHurricane&gt; op me please!</span><br />
<span class="irc-date">[23:05]</span> <span class="irc-black">&lt;IokeHurricane&gt; op me please!</span><br />
<span class="irc-date">[23:06]</span> <span class="irc-black">&lt;IokeHurricane&gt; op me please!</span><br />
<span class="irc-date">[23:07]</span> <span class="irc-black">&lt;IokeHurricane&gt; op me please!</span><br />
<span class="irc-date">[23:08]</span> <span class="irc-black">&lt;IokeHurricane&gt; op me please!</span><br />
<span class="irc-date">[23:09]</span> <span class="irc-black">&lt;IokeHurricane&gt; op me please!</span><br />
<span class="irc-date">[23:10]</span> <span class="irc-black">&lt;IokeHurricane&gt; op me please!</span><br />
<span class="irc-date">[23:11]</span> <span class="irc-black">&lt;IokeHurricane&gt; op me please!</span><br />
<span class="irc-date">[23:12]</span> <span class="irc-black">&lt;IokeHurricane&gt; op me please!</span><br />
<span class="irc-date">[23:13]</span> <span class="irc-black">&lt;IokeHurricane&gt; op me please!</span><br />
<span class="irc-date">[23:14]</span> <span class="irc-black">&lt;IokeHurricane&gt; op me please!</span><br />
<span class="irc-date">[23:15]</span> <span class="irc-black">&lt;IokeHurricane&gt; op me please!</span><br />
<span class="irc-date">[23:16]</span> <span class="irc-black">&lt;IokeHurricane&gt; op me please!</span><br />
<span class="irc-date">[23:17]</span> <span class="irc-black">&lt;IokeHurricane&gt; op me please!</span><br />
<span class="irc-date">[23:18]</span> <span class="irc-black">&lt;IokeHurricane&gt; op me please!</span><br />
<span class="irc-date">[23:19]</span> <span class="irc-black">&lt;IokeHurricane&gt; op me please!</span><br />
<span class="irc-date">[23:20]</span> <span class="irc-black">&lt;IokeHurricane&gt; op me please!</span><br />
<span class="irc-date">[23:21]</span> <span class="irc-black">&lt;IokeHurricane&gt; op me please!</span><br />
<span class="irc-date">[23:22]</span> <span class="irc-black">&lt;IokeHurricane&gt; op me please!</span><br />
<span class="irc-date">[23:23]</span> <span class="irc-black">&lt;IokeHurricane&gt; op me please!</span><br />
<span class="irc-date">[23:24]</span> <span class="irc-black">&lt;IokeHurricane&gt; op me please!</span><br />
<span class="irc-date">[23:25]</span> <span class="irc-black">&lt;IokeHurricane&gt; op me please!</span><br />
<span class="irc-date">[23:26]</span> <span class="irc-black">&lt;IokeHurricane&gt; op me please!</span><br />
<span class="irc-date">[23:27]</span> <span class="irc-black">&lt;IokeHurricane&gt; op me please!</span><br />
<span class="irc-date">[23:28]</span> <span class="irc-black">&lt;IokeHurricane&gt; op me please!</span><br />
<span class="irc-date">[23:29]</span> <span class="irc-black">&lt;IokeHurricane&gt; op me please!</span><br />
<span class="irc-date">[23:30]</span> <span class="irc-black">&lt;IokeHurricane&gt; op me please!</span><br />
<span class="irc-date">[23:31]</span> <span class="irc-black">&lt;IokeHurricane&gt; op me please!</span><br />
<span class="irc-date">[23:32]</span> <span class="irc-black">&lt;IokeHurricane&gt; op me please!</span><br />
<span class="irc-date">[23:33]</span> <span class="irc-black">&lt;IokeHurricane&gt; op me please!</span><br />
<span class="irc-date">[23:34]</span> <span class="irc-black">&lt;IokeHurricane&gt; op me please!</span><br />
<span class="irc-date">[23:35]</span> <span class="irc-black">&lt;IokeHurricane&gt; op me please!</span><br />
<span class="irc-date">[23:36]</span> <span class="irc-black">&lt;IokeHurricane&gt; op me please!</span><br />
<span class="irc-date">[23:37]</span> <span class="irc-black">&lt;IokeHurricane&gt; op me please!</span><br />
<span class="irc-date">[23:38]</span> <span class="irc-black">&lt;IokeHurricane&gt; op me please!</span><br />
<span class="irc-date">[23:39]</span> <span class="irc-black">&lt;IokeHurricane&gt; op me please!</span><br />
<span class="irc-date">[23:40]</span> <span class="irc-black">&lt;IokeHurricane&gt; op me please!</span><br />
<span class="irc-date">[23:41]</span> <span class="irc-black">&lt;IokeHurricane&gt; op me please!</span><br />
<span class="irc-date">[23:42]</span> <span class="irc-black">&lt;IokeHurricane&gt; op me please!</span><br />
<span class="irc-date">[23:43]</span> <span class="irc-black">&lt;IokeHurricane&gt; op me please!</span><br />
<span class="irc-date">[23:44]</span> <span class="irc-black">&lt;IokeHurricane&gt; op me please!</span><br />
<span class="irc-date">[23:45]</span> <span class="irc-black">&lt;IokeHurricane&gt; op me please!</span><br />
<span class="irc-date">[23:46]</span> <span class="irc-black">&lt;IokeHurricane&gt; op me please!</span><br />
<span class="irc-date">[23:47]</span> <span class="irc-black">&lt;IokeHurricane&gt; op me please!</span><br />
<span class="irc-date">[23:48]</span> <span class="irc-black">&lt;IokeHurricane&gt; op me please!</span><br />
<span class="irc-date">[23:49]</span> <span class="irc-black">&lt;IokeHurricane&gt; op me please!</span><br />
<span class="irc-date">[23:50]</span> <span class="irc-black">&lt;IokeHurricane&gt; op me please!</span><br />
<span class="irc-date">[23:51]</span> <span class="irc-black">&lt;IokeHurricane&gt; op me please!</span><br />
<span class="irc-date">[23:52]</span> <span class="irc-black">&lt;IokeHurricane&gt; op me please!</span><br />
<span class="irc-date">[23:53]</span> <span class="irc-black">&lt;IokeHurricane&gt; op me please!</span><br />
<span class="irc-date">[23:54]</span> <span class="irc-black">&lt;IokeHurricane&gt; op me please!</span><br />
<span class="irc-date">[23:55]</span> <span class="irc-black">&lt;IokeHurricane&gt; op me please!</span><br />
<span class="irc-date">[23:56]</span> <span class="irc-black">&lt;IokeHurricane&gt; op me please!</span><br />
<span class="irc-date">[23:57]</span> <span class="irc-black">&lt;IokeHurricane&gt; op me please!</span><br />
<span class="irc-date">[23:58]</span> <span class="irc-black">&lt;IokeHurricane&gt; op me please!</span><br />
<span class="irc-date">[23:59]</span> <span class="irc-black">&lt;IokeHurricane&gt; op me please!</span><br />
