<span class="irc-date">[0:18]</span> <span class="irc-navy">* Raynes (~Raynes@unaffiliated/raynes) Quit (Ping timeout: 276 seconds)</span><br />
<span class="irc-date">[0:33]</span> <span class="irc-green">* Raynes (~Raynes@unaffiliated/raynes) has joined #ioke</span><br />
<span class="irc-date">[4:07]</span> <span class="irc-green">* cilquirm (~none@user-12hdohl.cable.mindspring.com) has joined #ioke</span><br />
<span class="irc-date">[5:44]</span> <span class="irc-navy">* cilquirm (~none@user-12hdohl.cable.mindspring.com) Quit (Quit: cilquirm)</span><br />
<span class="irc-date">[8:36]</span> <span class="irc-navy">* Raynes (~Raynes@unaffiliated/raynes) Quit (Ping timeout: 240 seconds)</span><br />
<span class="irc-date">[11:57]</span> <span class="irc-navy">* lenbust (~lnx@c-3d54e555.023-3-67626717.cust.bredbandsbolaget.se) Quit (*.net *.split)</span><br />
<span class="irc-date">[12:03]</span> <span class="irc-green">* lenbust (~lnx@c-3d54e555.023-3-67626717.cust.bredbandsbolaget.se) has joined #ioke</span><br />
<span class="irc-date">[16:44]</span> <span class="irc-green">* Raynes (~Raynes@unaffiliated/raynes) has joined #ioke</span><br />
<span class="irc-date">[19:01]</span> <span class="irc-green">* TweeKane (~TweeKane@jabber.linuxlovers.at) has joined #ioke</span><br />
<span class="irc-date">[19:04]</span> <span class="irc-green">* bobry (~superbobr@195.9.45.104) has joined #ioke</span><br />
<span class="irc-date">[19:04]</span> <span class="irc-black">&lt;bobry&gt; TweeKane, .. and a bot</span><br />
<span class="irc-date">[19:04]</span> <span class="irc-black">&lt;TweeKane&gt; bobry: hey</span><br />
<span class="irc-date">[20:29]</span> <span class="irc-green">* naeu (~sam@dhcp-077-250-237-109.chello.nl) has joined #ioke</span><br />
<span class="irc-date">[20:51]</span> <span class="irc-green">* pdelgallego (~pdelgalle@1503031482.dhcp.dbnet.dk) has joined #ioke</span><br />
<span class="irc-date">[21:22]</span> <span class="irc-green">* bobry (~superbobr@195.9.45.104) has left #ioke</span><br />
<span class="irc-date">[22:00]</span> <span class="irc-green">* olabini (~ola@75.40.149.207) has joined #ioke</span><br />
<span class="irc-date">[22:00]</span> <span class="irc-green">* ChanServ sets mode +o olabini</span><br />
<span class="irc-date">[22:33]</span> <span class="irc-navy">* pdelgallego (~pdelgalle@1503031482.dhcp.dbnet.dk) Quit (Quit: Leaving)</span><br />
<span class="irc-date">[22:37]</span> <span class="irc-navy">* olabini (~ola@75.40.149.207) Quit (Ping timeout: 276 seconds)</span><br />
<span class="irc-date">[22:40]</span> <span class="irc-navy">* naeu (~sam@dhcp-077-250-237-109.chello.nl) Quit (Quit: naeu)</span><br />
<span class="irc-date">[23:22]</span> <span class="irc-green">* olabini (~ola@24-136-23-5.c3-0.mart-ubr1.chi-mart.il.cable.rcn.com) has joined #ioke</span><br />
<span class="irc-date">[23:22]</span> <span class="irc-green">* ChanServ sets mode +o olabini</span><br />
