<span class="irc-date">[7:35]</span> <span class="irc-navy">* Raynes (~Raynes@unaffiliated/raynes) Quit (Ping timeout: 258 seconds)</span><br />
<span class="irc-date">[7:42]</span> <span class="irc-green">* jdp (~gu@75.97.120.11.res-cmts.senj.ptd.net) has joined #ioke</span><br />
<span class="irc-date">[9:43]</span> <span class="irc-navy">* lenbust (~lnx@c-3d54e555.023-3-67626717.cust.bredbandsbolaget.se) Quit (Ping timeout: 260 seconds)</span><br />
<span class="irc-date">[9:52]</span> <span class="irc-green">* lenbust (~lnx@c-3d54e555.023-3-67626717.cust.bredbandsbolaget.se) has joined #ioke</span><br />
<span class="irc-date">[14:19]</span> <span class="irc-green">* lenbust_ (~lnx@c-3d54e555.023-3-67626717.cust.bredbandsbolaget.se) has joined #ioke</span><br />
<span class="irc-date">[14:24]</span> <span class="irc-navy">* lenbust (~lnx@c-3d54e555.023-3-67626717.cust.bredbandsbolaget.se) Quit (*.net *.split)</span><br />
<span class="irc-date">[14:51]</span> <span class="irc-green">* Raynes (~Raynes@unaffiliated/raynes) has joined #ioke</span><br />
<span class="irc-date">[16:44]</span> <span class="irc-green">* Qerub (~qerub@c-83-233-147-57.cust.bredband2.com) has joined #ioke</span><br />
<span class="irc-date">[16:48]</span> <span class="irc-black">&lt;Qerub&gt; I have a problem with syntax and/or splatting. I'm trying to define a def method that works like this:</span><br />
<span class="irc-date">[16:48]</span> <span class="irc-black">&lt;Qerub&gt; def(f, x, x + 1) =&gt; f = method(x, x + 1)</span><br />
<span class="irc-date">[16:49]</span> <span class="irc-black">&lt;Qerub&gt; My last attempt looks like this:</span><br />
<span class="irc-date">[16:49]</span> <span class="irc-black">&lt;Qerub&gt; def = dsyntax([name, +rest] . ''(`(call ground) `name = method(nil, *rest)))</span><br />
<span class="irc-date">[16:49]</span> <span class="irc-black">&lt;Qerub&gt; ???which gives me *** - couldn't find cell '*' on 'Ground' (Condition Error NoSuchCell). What am I doing wrong?</span><br />
<span class="irc-date">[17:48]</span> <span class="irc-green">* pdelgallego (~pdelgalle@1503031482.dhcp.dbnet.dk) has joined #ioke</span><br />
<span class="irc-date">[20:09]</span> <span class="irc-green">* Qerub (~qerub@c-83-233-147-57.cust.bredband2.com) has left #ioke</span><br />
<span class="irc-date">[20:32]</span> <span class="irc-navy">* jdp (~gu@75.97.120.11.res-cmts.senj.ptd.net) Quit ()</span><br />
<span class="irc-date">[20:40]</span> <span class="irc-green">* jdp (~justin@75.97.120.11.res-cmts.senj.ptd.net) has joined #ioke</span><br />
<span class="irc-date">[22:55]</span> <span class="irc-navy">* Raynes (~Raynes@unaffiliated/raynes) Quit (Ping timeout: 245 seconds)</span><br />
<span class="irc-date">[22:59]</span> <span class="irc-green">* Raynes (~Raynes@unaffiliated/raynes) has joined #ioke</span><br />
<span class="irc-date">[23:49]</span> <span class="irc-navy">* pdelgallego (~pdelgalle@1503031482.dhcp.dbnet.dk) Quit (Ping timeout: 246 seconds)</span><br />
