<span class="irc-date">[0:12]</span> <span class="irc-green">* richcollins (n=richcoll@70-36-196-192.dsl.static.sonic.net) has joined #ioke</span><br />
<span class="irc-date">[0:18]</span> <span class="irc-navy">* richcollins (n=richcoll@70-36-196-192.dsl.static.sonic.net) Quit ()</span><br />
<span class="irc-date">[0:53]</span> <span class="irc-navy">* kar8nga (n=kar8nga@jol13-1-82-66-176-74.fbx.proxad.net) Quit (Remote closed the connection)</span><br />
<span class="irc-date">[0:53]</span> <span class="irc-green">* richcollins (n=richcoll@70-36-196-192.dsl.static.sonic.net) has joined #ioke</span><br />
<span class="irc-date">[1:09]</span> <span class="irc-navy">* richcollins (n=richcoll@70-36-196-192.dsl.static.sonic.net) Quit ()</span><br />
<span class="irc-date">[1:38]</span> <span class="irc-green">* richcollins (n=richcoll@70-36-196-192.dsl.static.sonic.net) has joined #ioke</span><br />
<span class="irc-date">[2:11]</span> <span class="irc-navy">* richcollins (n=richcoll@70-36-196-192.dsl.static.sonic.net) Quit ()</span><br />
<span class="irc-date">[2:16]</span> <span class="irc-green">* richcollins (n=richcoll@70-36-196-192.dsl.static.sonic.net) has joined #ioke</span><br />
<span class="irc-date">[2:18]</span> <span class="irc-navy">* richcollins (n=richcoll@70-36-196-192.dsl.static.sonic.net) Quit (Client Quit)</span><br />
<span class="irc-date">[2:19]</span> <span class="irc-green">* richcollins (n=richcoll@70-36-196-192.dsl.static.sonic.net) has joined #ioke</span><br />
<span class="irc-date">[2:38]</span> <span class="irc-navy">* richcollins (n=richcoll@70-36-196-192.dsl.static.sonic.net) Quit ()</span><br />
<span class="irc-date">[5:29]</span> <span class="irc-green">* richcollins (n=richcoll@70-36-196-192.dsl.static.sonic.net) has joined #ioke</span><br />
<span class="irc-date">[8:28]</span> <span class="irc-navy">* richcollins (n=richcoll@70-36-196-192.dsl.static.sonic.net) Quit ()</span><br />
<span class="irc-date">[10:00]</span> <span class="irc-green">* kar8nga (n=kar8nga@jol13-1-82-66-176-74.fbx.proxad.net) has joined #ioke</span><br />
<span class="irc-date">[13:29]</span> <span class="irc-green">* k (n=kar8nga@jol13-1-82-66-176-74.fbx.proxad.net) has joined #ioke</span><br />
<span class="irc-date">[13:29]</span> <span class="irc-navy">* kar8nga (n=kar8nga@jol13-1-82-66-176-74.fbx.proxad.net) Quit (Nick collision from services.)</span><br />
<span class="irc-date">[13:29]</span> <span class="irc-green">* k is now known as kar8nga</span><br />
<span class="irc-date">[13:41]</span> <span class="irc-navy">* kar8nga (n=kar8nga@jol13-1-82-66-176-74.fbx.proxad.net) Quit (Remote closed the connection)</span><br />
<span class="irc-date">[14:22]</span> <span class="irc-green">* kar8nga (n=kar8nga@jol13-1-82-66-176-74.fbx.proxad.net) has joined #ioke</span><br />
<span class="irc-date">[16:18]</span> <span class="irc-navy">* kar8nga (n=kar8nga@jol13-1-82-66-176-74.fbx.proxad.net) Quit (Read error: 110 (Connection timed out))</span><br />
<span class="irc-date">[16:38]</span> <span class="irc-green">* kar8nga (n=kar8nga@jol13-1-82-66-176-74.fbx.proxad.net) has joined #ioke</span><br />
<span class="irc-date">[16:57]</span> <span class="irc-navy">* kar8nga (n=kar8nga@jol13-1-82-66-176-74.fbx.proxad.net) Quit ()</span><br />
<span class="irc-date">[16:57]</span> <span class="irc-green">* kar8nga (n=kar8nga@jol13-1-82-66-176-74.fbx.proxad.net) has joined #ioke</span><br />
<span class="irc-date">[16:58]</span> <span class="irc-navy">* kar8nga (n=kar8nga@jol13-1-82-66-176-74.fbx.proxad.net) Quit (Remote closed the connection)</span><br />
<span class="irc-date">[16:58]</span> <span class="irc-green">* kar8nga (n=kar8nga@jol13-1-82-66-176-74.fbx.proxad.net) has joined #ioke</span><br />
<span class="irc-date">[17:53]</span> <span class="irc-green">* richcollins (n=richcoll@70-36-196-192.dsl.static.sonic.net) has joined #ioke</span><br />
<span class="irc-date">[18:21]</span> <span class="irc-navy">* kar8nga (n=kar8nga@jol13-1-82-66-176-74.fbx.proxad.net) Quit (Remote closed the connection)</span><br />
<span class="irc-date">[18:29]</span> <span class="irc-navy">* richcollins (n=richcoll@70-36-196-192.dsl.static.sonic.net) Quit ()</span><br />
<span class="irc-date">[18:52]</span> <span class="irc-green">* kar8nga (n=kar8nga@jol13-1-82-66-176-74.fbx.proxad.net) has joined #ioke</span><br />
<span class="irc-date">[19:40]</span> <span class="irc-green">* richcollins (n=richcoll@70-36-196-192.dsl.static.sonic.net) has joined #ioke</span><br />
<span class="irc-date">[21:12]</span> <span class="irc-navy">* richcollins (n=richcoll@70-36-196-192.dsl.static.sonic.net) Quit ()</span><br />
<span class="irc-date">[21:49]</span> <span class="irc-green">* richcollins (n=richcoll@70-36-196-192.dsl.static.sonic.net) has joined #ioke</span><br />
<span class="irc-date">[21:50]</span> <span class="irc-navy">* richcollins (n=richcoll@70-36-196-192.dsl.static.sonic.net) Quit (Client Quit)</span><br />
<span class="irc-date">[22:03]</span> <span class="irc-navy">* kar8nga (n=kar8nga@jol13-1-82-66-176-74.fbx.proxad.net) Quit (Read error: 104 (Connection reset by peer))</span><br />
<span class="irc-date">[22:39]</span> <span class="irc-green">* richcollins (n=richcoll@70-36-196-192.dsl.static.sonic.net) has joined #ioke</span><br />
<span class="irc-date">[23:49]</span> <span class="irc-navy">* richcollins (n=richcoll@70-36-196-192.dsl.static.sonic.net) Quit ()</span><br />
